[ 2017-06-26T15:47:20+08:00 ] ::1 /qiyun/
INFO: [ app_init ] --START--
INFO: Run Behavior\BuildLiteBehavior [ RunTime:0.000012s ]
INFO: Run Common\Behavior\InitHookBehavior [ RunTime:0.002779s ]
INFO: [ app_init ] --END-- [ RunTime:0.003369s ]
INFO: [ app_begin ] --START--
INFO: Run Behavior\ReadHtmlCacheBehavior [ RunTime:0.000909s ]
INFO: [ app_begin ] --END-- [ RunTime:0.000976s ]
SQL: SHOW COLUMNS FROM `qy_config` [ RunTime:0.0124s ]
SQL: SELECT `type`,`name`,`value` FROM `qy_config` WHERE `status` = 1  [ RunTime:0.0005s ]
SQL: SHOW COLUMNS FROM `qy_question` [ RunTime:0.0040s ]
SQL: SELECT COUNT(*) AS tp_count FROM `qy_question` WHERE qy_question.is_tj = 1 LIMIT 1   [ RunTime:0.0004s ]
SQL: SELECT qy_question.id,qy_question.title,qy_question.content,qy_user.nickname,qy_user.company,qy_user.area,qy_user.position FROM `qy_question` JOIN qy_user ON qy_user.id = qy_question.uid  WHERE qy_question.is_tj = 1 ORDER BY id DESC LIMIT 0,10   [ RunTime:0.0288s ]
SQL: SHOW COLUMNS FROM `qy_question_answer` [ RunTime:0.0407s ]
SQL: SELECT qy_user.uid,qy_user.face,qy_question_answer.id,qy_question_answer.money,qy_question_answer.num,qy_question_answer.content FROM `qy_question_answer` JOIN qy_user ON qy_user.id = qy_question_answer.uid  WHERE ( pid=31 )  [ RunTime:0.0009s ]
SQL: SELECT qy_user.uid,qy_user.face,qy_question_answer.id,qy_question_answer.money,qy_question_answer.num,qy_question_answer.content FROM `qy_question_answer` JOIN qy_user ON qy_user.id = qy_question_answer.uid  WHERE ( pid=30 )  [ RunTime:0.0004s ]
INFO: [ view_parse ] --START--
INFO: [ template_filter ] --START--
INFO: Run Behavior\ContentReplaceBehavior [ RunTime:0.000109s ]
INFO: [ template_filter ] --END-- [ RunTime:0.000158s ]
NOTIC: [8] Undefined variable: a F:\xampp\htdocs\qiyun\Runtime\Cache\Home\769e70f2e46f34ceb60619bbda5e4691.php 第 58 行.
NOTIC: [8] Undefined index: id F:\xampp\htdocs\qiyun\Runtime\Cache\Home\769e70f2e46f34ceb60619bbda5e4691.php 第 67 行.
NOTIC: [8] Undefined offset: 2 F:\xampp\htdocs\qiyun\Runtime\Cache\Home\769e70f2e46f34ceb60619bbda5e4691.php 第 206 行.
INFO: Run Behavior\ParseTemplateBehavior [ RunTime:0.046573s ]
INFO: [ view_parse ] --END-- [ RunTime:0.046641s ]
INFO: [ view_filter ] --START--
INFO: Run Behavior\WriteHtmlCacheBehavior [ RunTime:0.000803s ]
INFO: [ view_filter ] --END-- [ RunTime:0.000849s ]
INFO: [ app_end ] --START--
INFO: Run Behavior\ShowPageTraceBehavior [ RunTime:0.001251s ]
INFO: [ app_end ] --END-- [ RunTime:0.001337s ]

[ 2017-06-26T15:59:30+08:00 ] ::1 /qiyun/
INFO: [ app_init ] --START--
INFO: Run Behavior\BuildLiteBehavior [ RunTime:0.000015s ]
INFO: Run Common\Behavior\InitHookBehavior [ RunTime:0.003046s ]
INFO: [ app_init ] --END-- [ RunTime:0.003809s ]
INFO: [ app_begin ] --START--
INFO: Run Behavior\ReadHtmlCacheBehavior [ RunTime:0.001295s ]
INFO: [ app_begin ] --END-- [ RunTime:0.001397s ]
SQL: SHOW COLUMNS FROM `qy_config` [ RunTime:0.0042s ]
SQL: SELECT `type`,`name`,`value` FROM `qy_config` WHERE `status` = 1  [ RunTime:0.0005s ]
SQL: SHOW COLUMNS FROM `qy_question` [ RunTime:0.0044s ]
SQL: SELECT COUNT(*) AS tp_count FROM `qy_question` WHERE qy_question.is_tj = 1 LIMIT 1   [ RunTime:0.0382s ]
SQL: SELECT qy_question.id,qy_question.title,qy_question.content,qy_user.nickname,qy_user.company,qy_user.area,qy_user.position FROM `qy_question` JOIN qy_user ON qy_user.id = qy_question.uid  WHERE qy_question.is_tj = 1 ORDER BY id DESC LIMIT 0,10   [ RunTime:0.0004s ]
SQL: SHOW COLUMNS FROM `qy_question_answer` [ RunTime:0.0038s ]
SQL: SELECT qy_user.uid,qy_user.face,qy_question_answer.id,qy_question_answer.money,qy_question_answer.num,qy_question_answer.content FROM `qy_question_answer` JOIN qy_user ON qy_user.id = qy_question_answer.uid  WHERE ( pid=31 )  [ RunTime:0.0005s ]
SQL: SELECT qy_user.uid,qy_user.face,qy_question_answer.id,qy_question_answer.money,qy_question_answer.num,qy_question_answer.content FROM `qy_question_answer` JOIN qy_user ON qy_user.id = qy_question_answer.uid  WHERE ( pid=30 )  [ RunTime:0.0003s ]
INFO: [ view_parse ] --START--
INFO: [ template_filter ] --START--
INFO: Run Behavior\ContentReplaceBehavior [ RunTime:0.000111s ]
INFO: [ template_filter ] --END-- [ RunTime:0.000156s ]
NOTIC: [8] Undefined variable: a F:\xampp\htdocs\qiyun\Runtime\Cache\Home\769e70f2e46f34ceb60619bbda5e4691.php 第 58 行.
NOTIC: [8] Undefined index: id F:\xampp\htdocs\qiyun\Runtime\Cache\Home\769e70f2e46f34ceb60619bbda5e4691.php 第 67 行.
NOTIC: [8] Undefined offset: 2 F:\xampp\htdocs\qiyun\Runtime\Cache\Home\769e70f2e46f34ceb60619bbda5e4691.php 第 206 行.
INFO: Run Behavior\ParseTemplateBehavior [ RunTime:0.015172s ]
INFO: [ view_parse ] --END-- [ RunTime:0.015220s ]
INFO: [ view_filter ] --START--
INFO: Run Behavior\WriteHtmlCacheBehavior [ RunTime:0.000599s ]
INFO: [ view_filter ] --END-- [ RunTime:0.000636s ]
INFO: [ app_end ] --START--
INFO: Run Behavior\ShowPageTraceBehavior [ RunTime:0.000983s ]
INFO: [ app_end ] --END-- [ RunTime:0.001040s ]

[ 2017-06-26T15:59:37+08:00 ] ::1 /qiyun/
INFO: [ app_init ] --START--
INFO: Run Behavior\BuildLiteBehavior [ RunTime:0.000012s ]
INFO: Run Common\Behavior\InitHookBehavior [ RunTime:0.002569s ]
INFO: [ app_init ] --END-- [ RunTime:0.003106s ]
INFO: [ app_begin ] --START--
INFO: Run Behavior\ReadHtmlCacheBehavior [ RunTime:0.000884s ]
INFO: [ app_begin ] --END-- [ RunTime:0.000968s ]
SQL: SHOW COLUMNS FROM `qy_config` [ RunTime:0.0048s ]
SQL: SELECT `type`,`name`,`value` FROM `qy_config` WHERE `status` = 1  [ RunTime:0.0005s ]
SQL: SHOW COLUMNS FROM `qy_question` [ RunTime:0.0039s ]
SQL: SELECT COUNT(*) AS tp_count FROM `qy_question` WHERE qy_question.is_tj = 1 LIMIT 1   [ RunTime:0.0004s ]
SQL: SELECT qy_question.id,qy_question.title,qy_question.content,qy_user.nickname,qy_user.company,qy_user.area,qy_user.position FROM `qy_question` JOIN qy_user ON qy_user.id = qy_question.uid  WHERE qy_question.is_tj = 1 ORDER BY id DESC LIMIT 0,10   [ RunTime:0.0006s ]
SQL: SHOW COLUMNS FROM `qy_question_answer` [ RunTime:0.0040s ]
SQL: SELECT qy_user.uid,qy_user.face,qy_question_answer.id,qy_question_answer.money,qy_question_answer.num,qy_question_answer.content FROM `qy_question_answer` JOIN qy_user ON qy_user.id = qy_question_answer.uid  WHERE ( pid=31 )  [ RunTime:0.0004s ]
SQL: SELECT qy_user.uid,qy_user.face,qy_question_answer.id,qy_question_answer.money,qy_question_answer.num,qy_question_answer.content FROM `qy_question_answer` JOIN qy_user ON qy_user.id = qy_question_answer.uid  WHERE ( pid=30 )  [ RunTime:0.0003s ]
INFO: [ view_parse ] --START--
INFO: [ template_filter ] --START--
INFO: Run Behavior\ContentReplaceBehavior [ RunTime:0.000113s ]
INFO: [ template_filter ] --END-- [ RunTime:0.000162s ]
NOTIC: [8] Undefined variable: a F:\xampp\htdocs\qiyun\Runtime\Cache\Home\769e70f2e46f34ceb60619bbda5e4691.php 第 58 行.
NOTIC: [8] Undefined index: id F:\xampp\htdocs\qiyun\Runtime\Cache\Home\769e70f2e46f34ceb60619bbda5e4691.php 第 67 行.
NOTIC: [8] Undefined offset: 2 F:\xampp\htdocs\qiyun\Runtime\Cache\Home\769e70f2e46f34ceb60619bbda5e4691.php 第 206 行.
INFO: Run Behavior\ParseTemplateBehavior [ RunTime:0.015280s ]
INFO: [ view_parse ] --END-- [ RunTime:0.015327s ]
INFO: [ view_filter ] --START--
INFO: Run Behavior\WriteHtmlCacheBehavior [ RunTime:0.000633s ]
INFO: [ view_filter ] --END-- [ RunTime:0.000669s ]
INFO: [ app_end ] --START--
INFO: Run Behavior\ShowPageTraceBehavior [ RunTime:0.001246s ]
INFO: [ app_end ] --END-- [ RunTime:0.001314s ]

