[ 2017-06-11T19:43:49+08:00 ] 127.0.0.1 /qiyun/
INFO: [ app_init ] --START--
INFO: Run Behavior\BuildLiteBehavior [ RunTime:0.000021s ]
INFO: Run Common\Behavior\InitHookBehavior [ RunTime:0.070764s ]
INFO: [ app_init ] --END-- [ RunTime:0.095103s ]
INFO: [ app_begin ] --START--
INFO: Run Behavior\ReadHtmlCacheBehavior [ RunTime:0.006327s ]
INFO: [ app_begin ] --END-- [ RunTime:0.006408s ]
SQL: SHOW COLUMNS FROM `qy_config` [ RunTime:0.1285s ]
SQL: SELECT `type`,`name`,`value` FROM `qy_config` WHERE `status` = 1  [ RunTime:0.0134s ]
SQL: SHOW COLUMNS FROM `qy_question` [ RunTime:0.0280s ]
SQL: SELECT COUNT(*) AS tp_count FROM `qy_question` WHERE qy_question.is_tj = 1 LIMIT 1   [ RunTime:0.0366s ]
SQL: SELECT qy_question.id,qy_question.title,qy_question.content,qy_user.nickname,qy_user.company,qy_user.area,qy_user.position FROM `qy_question` JOIN qy_user ON qy_user.id = qy_question.uid  WHERE qy_question.is_tj = 1 ORDER BY id DESC LIMIT 0,10   [ RunTime:0.0142s ]
INFO: [ view_parse ] --START--
INFO: [ template_filter ] --START--
INFO: Run Behavior\ContentReplaceBehavior [ RunTime:0.000128s ]
INFO: [ template_filter ] --END-- [ RunTime:0.000213s ]
NOTIC: [8] Undefined variable: a F:\xampp\htdocs\qiyun\Runtime\Cache\Home\769e70f2e46f34ceb60619bbda5e4691.php 第 58 行.
NOTIC: [8] Undefined index: id F:\xampp\htdocs\qiyun\Runtime\Cache\Home\769e70f2e46f34ceb60619bbda5e4691.php 第 67 行.
NOTIC: [8] Undefined offset: 2 F:\xampp\htdocs\qiyun\Runtime\Cache\Home\769e70f2e46f34ceb60619bbda5e4691.php 第 103 行.
INFO: Run Behavior\ParseTemplateBehavior [ RunTime:0.221545s ]
INFO: [ view_parse ] --END-- [ RunTime:0.221605s ]
INFO: [ view_filter ] --START--
INFO: Run Behavior\WriteHtmlCacheBehavior [ RunTime:0.016739s ]
INFO: [ view_filter ] --END-- [ RunTime:0.016791s ]
INFO: [ app_end ] --START--
INFO: Run Behavior\ShowPageTraceBehavior [ RunTime:0.001235s ]
INFO: [ app_end ] --END-- [ RunTime:0.001281s ]

[ 2017-06-11T19:43:51+08:00 ] 127.0.0.1 /qiyun/index.php?s=/Home/index/index/getcode/1/type/1.html&code=061z1yJg1CWRew0Fg7Ig1gOGJg1z1yJQ&state=1
INFO: [ app_init ] --START--
INFO: Run Behavior\BuildLiteBehavior [ RunTime:0.000012s ]
INFO: Run Common\Behavior\InitHookBehavior [ RunTime:0.002140s ]
INFO: [ app_init ] --END-- [ RunTime:0.002685s ]
INFO: [ app_begin ] --START--
INFO: Run Behavior\ReadHtmlCacheBehavior [ RunTime:0.000631s ]
INFO: [ app_begin ] --END-- [ RunTime:0.000686s ]
SQL: SHOW COLUMNS FROM `qy_config` [ RunTime:0.0050s ]
SQL: SELECT `type`,`name`,`value` FROM `qy_config` WHERE `status` = 1  [ RunTime:0.0007s ]
SQL: SHOW COLUMNS FROM `qy_user` [ RunTime:0.0040s ]
SQL: SHOW COLUMNS FROM `qy_wx_userinfo` [ RunTime:0.0423s ]
NOTIC: [8] Use of undefined constant openid - assumed 'openid' F:\xampp\htdocs\qiyun\Application\Home\Controller\HomeController.class.php 第 98 行.
SQL: SELECT `id` FROM `qy_user` WHERE `OpenID` = 'omOM8wyi-hzvp2n3EKzd3e5KNa1E'  [ RunTime:0.0131s ]
NOTIC: [8] Use of undefined constant id - assumed 'id' F:\xampp\htdocs\qiyun\Application\Home\Controller\HomeController.class.php 第 124 行.
NOTIC: [8] Use of undefined constant id - assumed 'id' F:\xampp\htdocs\qiyun\Application\Home\Controller\HomeController.class.php 第 126 行.
SQL: SHOW COLUMNS FROM `qy_question` [ RunTime:0.0038s ]
SQL: SELECT COUNT(*) AS tp_count FROM `qy_question` WHERE qy_question.is_tj = 1 LIMIT 1   [ RunTime:0.0004s ]
SQL: SELECT qy_question.id,qy_question.title,qy_question.content,qy_user.nickname,qy_user.company,qy_user.area,qy_user.position FROM `qy_question` JOIN qy_user ON qy_user.id = qy_question.uid  WHERE qy_question.is_tj = 1 ORDER BY id DESC LIMIT 0,10   [ RunTime:0.0005s ]
INFO: [ view_parse ] --START--
INFO: [ template_filter ] --START--
INFO: Run Behavior\ContentReplaceBehavior [ RunTime:0.000089s ]
INFO: [ template_filter ] --END-- [ RunTime:0.000135s ]
NOTIC: [8] Undefined variable: a F:\xampp\htdocs\qiyun\Runtime\Cache\Home\769e70f2e46f34ceb60619bbda5e4691.php 第 58 行.
NOTIC: [8] Undefined index: id F:\xampp\htdocs\qiyun\Runtime\Cache\Home\769e70f2e46f34ceb60619bbda5e4691.php 第 67 行.
INFO: Run Behavior\ParseTemplateBehavior [ RunTime:0.013046s ]
INFO: [ view_parse ] --END-- [ RunTime:0.013098s ]
INFO: [ view_filter ] --START--
INFO: Run Behavior\WriteHtmlCacheBehavior [ RunTime:0.000557s ]
INFO: [ view_filter ] --END-- [ RunTime:0.000593s ]
INFO: [ app_end ] --START--
INFO: Run Behavior\ShowPageTraceBehavior [ RunTime:0.000733s ]
INFO: [ app_end ] --END-- [ RunTime:0.000770s ]

[ 2017-06-11T19:44:50+08:00 ] 127.0.0.1 /qiyun/index.php?s=/Home/User/index/type/5.html
INFO: [ app_init ] --START--
INFO: Run Behavior\BuildLiteBehavior [ RunTime:0.000012s ]
INFO: Run Common\Behavior\InitHookBehavior [ RunTime:0.002524s ]
INFO: [ app_init ] --END-- [ RunTime:0.003102s ]
INFO: [ app_begin ] --START--
INFO: Run Behavior\ReadHtmlCacheBehavior [ RunTime:0.000675s ]
INFO: [ app_begin ] --END-- [ RunTime:0.000723s ]
SQL: SHOW COLUMNS FROM `qy_config` [ RunTime:0.0045s ]
SQL: SELECT `type`,`name`,`value` FROM `qy_config` WHERE `status` = 1  [ RunTime:0.0005s ]
SQL: SHOW COLUMNS FROM `qy_user` [ RunTime:0.0054s ]
SQL: SELECT `id`,`uid`,`OpenID`,`nickname`,`face`,`username`,`company`,`position`,`phone`,`area`,`excelled`,`content`,`level`,`addtime`,`is_apply`,`is_zs`,`total_money`,`user_money`,`status` FROM `qy_user` WHERE `id` = 13  [ RunTime:0.0008s ]
INFO: [ view_parse ] --START--
INFO: [ template_filter ] --START--
INFO: Run Behavior\ContentReplaceBehavior [ RunTime:0.000139s ]
INFO: [ template_filter ] --END-- [ RunTime:0.000216s ]
INFO: Run Behavior\ParseTemplateBehavior [ RunTime:0.029116s ]
INFO: [ view_parse ] --END-- [ RunTime:0.029245s ]
INFO: [ view_filter ] --START--
INFO: Run Behavior\WriteHtmlCacheBehavior [ RunTime:0.000498s ]
INFO: [ view_filter ] --END-- [ RunTime:0.000538s ]
INFO: [ app_end ] --START--
INFO: Run Behavior\ShowPageTraceBehavior [ RunTime:0.000693s ]
INFO: [ app_end ] --END-- [ RunTime:0.000734s ]

[ 2017-06-11T19:44:53+08:00 ] 127.0.0.1 /qiyun/index.php?s=/Home/User/myinfo.html
INFO: [ app_init ] --START--
INFO: Run Behavior\BuildLiteBehavior [ RunTime:0.000014s ]
INFO: Run Common\Behavior\InitHookBehavior [ RunTime:0.002093s ]
INFO: [ app_init ] --END-- [ RunTime:0.002670s ]
INFO: [ app_begin ] --START--
INFO: Run Behavior\ReadHtmlCacheBehavior [ RunTime:0.000645s ]
INFO: [ app_begin ] --END-- [ RunTime:0.000764s ]
SQL: SHOW COLUMNS FROM `qy_config` [ RunTime:0.0045s ]
SQL: SELECT `type`,`name`,`value` FROM `qy_config` WHERE `status` = 1  [ RunTime:0.0007s ]
NOTIC: [8] Undefined index: qiyun_user F:\xampp\htdocs\qiyun\Application\Home\Controller\UserController.class.php 第 274 行.
SQL: SHOW COLUMNS FROM `qy_user` [ RunTime:0.0048s ]
SQL: SELECT * FROM `qy_user` WHERE `id` = null LIMIT 1   [ RunTime:0.0413s ]
INFO: [ view_parse ] --START--
INFO: [ template_filter ] --START--
INFO: Run Behavior\ContentReplaceBehavior [ RunTime:0.000069s ]
INFO: [ template_filter ] --END-- [ RunTime:0.000113s ]
INFO: Run Behavior\ParseTemplateBehavior [ RunTime:0.019406s ]
INFO: [ view_parse ] --END-- [ RunTime:0.019478s ]
INFO: [ view_filter ] --START--
INFO: Run Behavior\WriteHtmlCacheBehavior [ RunTime:0.000586s ]
INFO: [ view_filter ] --END-- [ RunTime:0.000621s ]
INFO: [ app_end ] --START--
INFO: Run Behavior\ShowPageTraceBehavior [ RunTime:0.000742s ]
INFO: [ app_end ] --END-- [ RunTime:0.000779s ]

[ 2017-06-11T19:44:56+08:00 ] 127.0.0.1 /qiyun/index.php?s=/Home/index/index/getcode/1/type/1.html&code=011fzyag2fryVC0siibg2AkUag2fzya8&state=1
INFO: [ app_init ] --START--
INFO: Run Behavior\BuildLiteBehavior [ RunTime:0.000012s ]
INFO: Run Common\Behavior\InitHookBehavior [ RunTime:0.002652s ]
INFO: [ app_init ] --END-- [ RunTime:0.003202s ]
INFO: [ app_begin ] --START--
INFO: Run Behavior\ReadHtmlCacheBehavior [ RunTime:0.000669s ]
INFO: [ app_begin ] --END-- [ RunTime:0.000743s ]
SQL: SHOW COLUMNS FROM `qy_config` [ RunTime:0.0045s ]
SQL: SELECT `type`,`name`,`value` FROM `qy_config` WHERE `status` = 1  [ RunTime:0.0005s ]
SQL: SHOW COLUMNS FROM `qy_user` [ RunTime:0.0050s ]
SQL: SHOW COLUMNS FROM `qy_wx_userinfo` [ RunTime:0.0049s ]
NOTIC: [8] Use of undefined constant openid - assumed 'openid' F:\xampp\htdocs\qiyun\Application\Home\Controller\HomeController.class.php 第 98 行.
SQL: SELECT `id` FROM `qy_user` WHERE `OpenID` = 'omOM8wyi-hzvp2n3EKzd3e5KNa1E'  [ RunTime:0.0006s ]
NOTIC: [8] Use of undefined constant id - assumed 'id' F:\xampp\htdocs\qiyun\Application\Home\Controller\HomeController.class.php 第 124 行.
NOTIC: [8] Use of undefined constant id - assumed 'id' F:\xampp\htdocs\qiyun\Application\Home\Controller\HomeController.class.php 第 126 行.
SQL: SHOW COLUMNS FROM `qy_question` [ RunTime:0.0051s ]
SQL: SELECT COUNT(*) AS tp_count FROM `qy_question` WHERE qy_question.is_tj = 1 LIMIT 1   [ RunTime:0.0004s ]
SQL: SELECT qy_question.id,qy_question.title,qy_question.content,qy_user.nickname,qy_user.company,qy_user.area,qy_user.position FROM `qy_question` JOIN qy_user ON qy_user.id = qy_question.uid  WHERE qy_question.is_tj = 1 ORDER BY id DESC LIMIT 0,10   [ RunTime:0.0004s ]
INFO: [ view_parse ] --START--
INFO: [ template_filter ] --START--
INFO: Run Behavior\ContentReplaceBehavior [ RunTime:0.000102s ]
INFO: [ template_filter ] --END-- [ RunTime:0.000151s ]
NOTIC: [8] Undefined variable: a F:\xampp\htdocs\qiyun\Runtime\Cache\Home\769e70f2e46f34ceb60619bbda5e4691.php 第 58 行.
NOTIC: [8] Undefined index: id F:\xampp\htdocs\qiyun\Runtime\Cache\Home\769e70f2e46f34ceb60619bbda5e4691.php 第 67 行.
INFO: Run Behavior\ParseTemplateBehavior [ RunTime:0.014783s ]
INFO: [ view_parse ] --END-- [ RunTime:0.014851s ]
INFO: [ view_filter ] --START--
INFO: Run Behavior\WriteHtmlCacheBehavior [ RunTime:0.000824s ]
INFO: [ view_filter ] --END-- [ RunTime:0.000879s ]
INFO: [ app_end ] --START--
INFO: Run Behavior\ShowPageTraceBehavior [ RunTime:0.000916s ]
INFO: [ app_end ] --END-- [ RunTime:0.000972s ]

[ 2017-06-11T19:45:06+08:00 ] 127.0.0.1 /qiyun/index.php?s=/Home/User/index/type/5.html
INFO: [ app_init ] --START--
INFO: Run Behavior\BuildLiteBehavior [ RunTime:0.000013s ]
INFO: Run Common\Behavior\InitHookBehavior [ RunTime:0.002392s ]
INFO: [ app_init ] --END-- [ RunTime:0.002921s ]
INFO: [ app_begin ] --START--
INFO: Run Behavior\ReadHtmlCacheBehavior [ RunTime:0.000965s ]
INFO: [ app_begin ] --END-- [ RunTime:0.001065s ]
SQL: SHOW COLUMNS FROM `qy_config` [ RunTime:0.0057s ]
SQL: SELECT `type`,`name`,`value` FROM `qy_config` WHERE `status` = 1  [ RunTime:0.0007s ]
SQL: SHOW COLUMNS FROM `qy_user` [ RunTime:0.0041s ]
SQL: SELECT `id`,`uid`,`OpenID`,`nickname`,`face`,`username`,`company`,`position`,`phone`,`area`,`excelled`,`content`,`level`,`addtime`,`is_apply`,`is_zs`,`total_money`,`user_money`,`status` FROM `qy_user` WHERE `id` = 13  [ RunTime:0.0004s ]
INFO: [ view_parse ] --START--
INFO: [ template_filter ] --START--
INFO: Run Behavior\ContentReplaceBehavior [ RunTime:0.000089s ]
INFO: [ template_filter ] --END-- [ RunTime:0.000139s ]
INFO: Run Behavior\ParseTemplateBehavior [ RunTime:0.012767s ]
INFO: [ view_parse ] --END-- [ RunTime:0.012830s ]
INFO: [ view_filter ] --START--
INFO: Run Behavior\WriteHtmlCacheBehavior [ RunTime:0.000548s ]
INFO: [ view_filter ] --END-- [ RunTime:0.000603s ]
INFO: [ app_end ] --START--
INFO: Run Behavior\ShowPageTraceBehavior [ RunTime:0.000686s ]
INFO: [ app_end ] --END-- [ RunTime:0.000726s ]

[ 2017-06-11T19:45:35+08:00 ] 127.0.0.1 /qiyun/index.php?s=/Home/User/index/type/5.html
INFO: [ app_init ] --START--
INFO: Run Behavior\BuildLiteBehavior [ RunTime:0.000015s ]
INFO: Run Common\Behavior\InitHookBehavior [ RunTime:0.002654s ]
INFO: [ app_init ] --END-- [ RunTime:0.003516s ]
INFO: [ app_begin ] --START--
INFO: Run Behavior\ReadHtmlCacheBehavior [ RunTime:0.000847s ]
INFO: [ app_begin ] --END-- [ RunTime:0.000912s ]
SQL: SHOW COLUMNS FROM `qy_config` [ RunTime:0.0041s ]
SQL: SELECT `type`,`name`,`value` FROM `qy_config` WHERE `status` = 1  [ RunTime:0.0005s ]
SQL: SHOW COLUMNS FROM `qy_user` [ RunTime:0.0041s ]
SQL: SELECT `id`,`uid`,`OpenID`,`nickname`,`face`,`username`,`company`,`position`,`phone`,`area`,`excelled`,`content`,`level`,`addtime`,`is_apply`,`is_zs`,`total_money`,`user_money`,`status` FROM `qy_user` WHERE `id` = 13  [ RunTime:0.0005s ]
INFO: [ view_parse ] --START--
INFO: [ template_filter ] --START--
INFO: Run Behavior\ContentReplaceBehavior [ RunTime:0.000127s ]
INFO: [ template_filter ] --END-- [ RunTime:0.000179s ]
INFO: Run Behavior\ParseTemplateBehavior [ RunTime:0.015295s ]
INFO: [ view_parse ] --END-- [ RunTime:0.015361s ]
INFO: [ view_filter ] --START--
INFO: Run Behavior\WriteHtmlCacheBehavior [ RunTime:0.000592s ]
INFO: [ view_filter ] --END-- [ RunTime:0.000644s ]
INFO: [ app_end ] --START--
INFO: Run Behavior\ShowPageTraceBehavior [ RunTime:0.000798s ]
INFO: [ app_end ] --END-- [ RunTime:0.000844s ]

[ 2017-06-11T19:45:37+08:00 ] 127.0.0.1 /qiyun/index.php?s=/Home/user/phpinfo.html
INFO: [ app_init ] --START--
INFO: Run Behavior\BuildLiteBehavior [ RunTime:0.000011s ]
INFO: Run Common\Behavior\InitHookBehavior [ RunTime:0.002577s ]
INFO: [ app_init ] --END-- [ RunTime:0.003117s ]
INFO: [ app_begin ] --START--
INFO: Run Behavior\ReadHtmlCacheBehavior [ RunTime:0.000679s ]
INFO: [ app_begin ] --END-- [ RunTime:0.000736s ]
SQL: SHOW COLUMNS FROM `qy_config` [ RunTime:0.0039s ]
SQL: SELECT `type`,`name`,`value` FROM `qy_config` WHERE `status` = 1  [ RunTime:0.0006s ]
INFO: [ view_parse ] --START--
INFO: [ template_filter ] --START--
INFO: Run Behavior\ContentReplaceBehavior [ RunTime:0.000042s ]
INFO: [ template_filter ] --END-- [ RunTime:0.000098s ]
INFO: Run Behavior\ParseTemplateBehavior [ RunTime:0.009108s ]
INFO: [ view_parse ] --END-- [ RunTime:0.009189s ]
INFO: [ view_filter ] --START--
INFO: Run Behavior\WriteHtmlCacheBehavior [ RunTime:0.000512s ]
INFO: [ view_filter ] --END-- [ RunTime:0.000556s ]
INFO: [ app_end ] --START--
INFO: Run Behavior\ShowPageTraceBehavior [ RunTime:0.000733s ]
INFO: [ app_end ] --END-- [ RunTime:0.000778s ]

[ 2017-06-11T19:45:59+08:00 ] 127.0.0.1 /qiyun/index.php?s=/Home/user/phpinfo.html
INFO: [ app_init ] --START--
INFO: Run Behavior\BuildLiteBehavior [ RunTime:0.000021s ]
INFO: Run Common\Behavior\InitHookBehavior [ RunTime:0.002842s ]
INFO: [ app_init ] --END-- [ RunTime:0.003568s ]
INFO: [ app_begin ] --START--
INFO: Run Behavior\ReadHtmlCacheBehavior [ RunTime:0.000928s ]
INFO: [ app_begin ] --END-- [ RunTime:0.001072s ]
SQL: SHOW COLUMNS FROM `qy_config` [ RunTime:0.0068s ]
SQL: SELECT `type`,`name`,`value` FROM `qy_config` WHERE `status` = 1  [ RunTime:0.0006s ]
INFO: [ view_parse ] --START--
INFO: [ template_filter ] --START--
INFO: Run Behavior\ContentReplaceBehavior [ RunTime:0.000043s ]
INFO: [ template_filter ] --END-- [ RunTime:0.000103s ]
INFO: Run Behavior\ParseTemplateBehavior [ RunTime:0.007389s ]
INFO: [ view_parse ] --END-- [ RunTime:0.007448s ]
INFO: [ view_filter ] --START--
INFO: Run Behavior\WriteHtmlCacheBehavior [ RunTime:0.000466s ]
INFO: [ view_filter ] --END-- [ RunTime:0.000508s ]
INFO: [ app_end ] --START--
INFO: Run Behavior\ShowPageTraceBehavior [ RunTime:0.000699s ]
INFO: [ app_end ] --END-- [ RunTime:0.000741s ]

[ 2017-06-11T19:46:01+08:00 ] 127.0.0.1 /qiyun/index.php?s=/Home/index/index/getcode/1/type/1.html&code=0114C54h2Bqv1G0mUl1h2Vrp4h24C54m&state=1
INFO: [ app_init ] --START--
INFO: Run Behavior\BuildLiteBehavior [ RunTime:0.000019s ]
INFO: Run Common\Behavior\InitHookBehavior [ RunTime:0.002716s ]
INFO: [ app_init ] --END-- [ RunTime:0.003358s ]
INFO: [ app_begin ] --START--
INFO: Run Behavior\ReadHtmlCacheBehavior [ RunTime:0.000656s ]
INFO: [ app_begin ] --END-- [ RunTime:0.000720s ]
SQL: SHOW COLUMNS FROM `qy_config` [ RunTime:0.0045s ]
SQL: SELECT `type`,`name`,`value` FROM `qy_config` WHERE `status` = 1  [ RunTime:0.0005s ]
SQL: SHOW COLUMNS FROM `qy_user` [ RunTime:0.0042s ]
SQL: SHOW COLUMNS FROM `qy_wx_userinfo` [ RunTime:0.0047s ]
NOTIC: [8] Use of undefined constant openid - assumed 'openid' F:\xampp\htdocs\qiyun\Application\Home\Controller\HomeController.class.php 第 98 行.
SQL: SELECT `id` FROM `qy_user` WHERE `OpenID` = 'omOM8wyi-hzvp2n3EKzd3e5KNa1E'  [ RunTime:0.0005s ]
NOTIC: [8] Use of undefined constant id - assumed 'id' F:\xampp\htdocs\qiyun\Application\Home\Controller\HomeController.class.php 第 124 行.
NOTIC: [8] Use of undefined constant id - assumed 'id' F:\xampp\htdocs\qiyun\Application\Home\Controller\HomeController.class.php 第 126 行.
SQL: SHOW COLUMNS FROM `qy_question` [ RunTime:0.0041s ]
SQL: SELECT COUNT(*) AS tp_count FROM `qy_question` WHERE qy_question.is_tj = 1 LIMIT 1   [ RunTime:0.0004s ]
SQL: SELECT qy_question.id,qy_question.title,qy_question.content,qy_user.nickname,qy_user.company,qy_user.area,qy_user.position FROM `qy_question` JOIN qy_user ON qy_user.id = qy_question.uid  WHERE qy_question.is_tj = 1 ORDER BY id DESC LIMIT 0,10   [ RunTime:0.0004s ]
INFO: [ view_parse ] --START--
INFO: [ template_filter ] --START--
INFO: Run Behavior\ContentReplaceBehavior [ RunTime:0.000125s ]
INFO: [ template_filter ] --END-- [ RunTime:0.000172s ]
NOTIC: [8] Undefined variable: a F:\xampp\htdocs\qiyun\Runtime\Cache\Home\769e70f2e46f34ceb60619bbda5e4691.php 第 58 行.
NOTIC: [8] Undefined index: id F:\xampp\htdocs\qiyun\Runtime\Cache\Home\769e70f2e46f34ceb60619bbda5e4691.php 第 67 行.
INFO: Run Behavior\ParseTemplateBehavior [ RunTime:0.014086s ]
INFO: [ view_parse ] --END-- [ RunTime:0.014174s ]
INFO: [ view_filter ] --START--
INFO: Run Behavior\WriteHtmlCacheBehavior [ RunTime:0.000523s ]
INFO: [ view_filter ] --END-- [ RunTime:0.000569s ]
INFO: [ app_end ] --START--
INFO: Run Behavior\ShowPageTraceBehavior [ RunTime:0.000704s ]
INFO: [ app_end ] --END-- [ RunTime:0.000741s ]

[ 2017-06-11T19:46:02+08:00 ] 127.0.0.1 /qiyun/index.php?s=/Home/index/index/getcode/1/type/1.html&code=061TiuCe2GLPVD049CDe2d2uCe2TiuCu&state=1
INFO: [ app_init ] --START--
INFO: Run Behavior\BuildLiteBehavior [ RunTime:0.000013s ]
INFO: Run Common\Behavior\InitHookBehavior [ RunTime:0.002438s ]
INFO: [ app_init ] --END-- [ RunTime:0.002973s ]
INFO: [ app_begin ] --START--
INFO: Run Behavior\ReadHtmlCacheBehavior [ RunTime:0.000853s ]
INFO: [ app_begin ] --END-- [ RunTime:0.000925s ]
SQL: SHOW COLUMNS FROM `qy_config` [ RunTime:0.0044s ]
SQL: SELECT `type`,`name`,`value` FROM `qy_config` WHERE `status` = 1  [ RunTime:0.0005s ]
SQL: SHOW COLUMNS FROM `qy_question` [ RunTime:0.0044s ]
SQL: SELECT COUNT(*) AS tp_count FROM `qy_question` WHERE qy_question.is_tj = 1 LIMIT 1   [ RunTime:0.0004s ]
SQL: SELECT qy_question.id,qy_question.title,qy_question.content,qy_user.nickname,qy_user.company,qy_user.area,qy_user.position FROM `qy_question` JOIN qy_user ON qy_user.id = qy_question.uid  WHERE qy_question.is_tj = 1 ORDER BY id DESC LIMIT 0,10   [ RunTime:0.0007s ]
INFO: [ view_parse ] --START--
INFO: [ template_filter ] --START--
INFO: Run Behavior\ContentReplaceBehavior [ RunTime:0.000118s ]
INFO: [ template_filter ] --END-- [ RunTime:0.000192s ]
NOTIC: [8] Undefined variable: a F:\xampp\htdocs\qiyun\Runtime\Cache\Home\769e70f2e46f34ceb60619bbda5e4691.php 第 58 行.
NOTIC: [8] Undefined index: id F:\xampp\htdocs\qiyun\Runtime\Cache\Home\769e70f2e46f34ceb60619bbda5e4691.php 第 67 行.
INFO: Run Behavior\ParseTemplateBehavior [ RunTime:0.017285s ]
INFO: [ view_parse ] --END-- [ RunTime:0.017342s ]
INFO: [ view_filter ] --START--
INFO: Run Behavior\WriteHtmlCacheBehavior [ RunTime:0.000694s ]
INFO: [ view_filter ] --END-- [ RunTime:0.000754s ]
INFO: [ app_end ] --START--
INFO: Run Behavior\ShowPageTraceBehavior [ RunTime:0.000999s ]
INFO: [ app_end ] --END-- [ RunTime:0.001068s ]

[ 2017-06-11T19:46:03+08:00 ] 127.0.0.1 /qiyun/index.php?s=/Home/User/index/type/5.html
INFO: [ app_init ] --START--
INFO: Run Behavior\BuildLiteBehavior [ RunTime:0.000013s ]
INFO: Run Common\Behavior\InitHookBehavior [ RunTime:0.002108s ]
INFO: [ app_init ] --END-- [ RunTime:0.002719s ]
INFO: [ app_begin ] --START--
INFO: Run Behavior\ReadHtmlCacheBehavior [ RunTime:0.000590s ]
INFO: [ app_begin ] --END-- [ RunTime:0.000664s ]
SQL: SHOW COLUMNS FROM `qy_config` [ RunTime:0.0046s ]
SQL: SELECT `type`,`name`,`value` FROM `qy_config` WHERE `status` = 1  [ RunTime:0.0006s ]
SQL: SHOW COLUMNS FROM `qy_user` [ RunTime:0.0043s ]
SQL: SELECT `id`,`uid`,`OpenID`,`nickname`,`face`,`username`,`company`,`position`,`phone`,`area`,`excelled`,`content`,`level`,`addtime`,`is_apply`,`is_zs`,`total_money`,`user_money`,`status` FROM `qy_user` WHERE `id` = 13  [ RunTime:0.0004s ]
INFO: [ view_parse ] --START--
INFO: [ template_filter ] --START--
INFO: Run Behavior\ContentReplaceBehavior [ RunTime:0.000086s ]
INFO: [ template_filter ] --END-- [ RunTime:0.000133s ]
INFO: Run Behavior\ParseTemplateBehavior [ RunTime:0.014211s ]
INFO: [ view_parse ] --END-- [ RunTime:0.014274s ]
INFO: [ view_filter ] --START--
INFO: Run Behavior\WriteHtmlCacheBehavior [ RunTime:0.000516s ]
INFO: [ view_filter ] --END-- [ RunTime:0.000552s ]
INFO: [ app_end ] --START--
INFO: Run Behavior\ShowPageTraceBehavior [ RunTime:0.000753s ]
INFO: [ app_end ] --END-- [ RunTime:0.000790s ]

[ 2017-06-11T19:46:05+08:00 ] 127.0.0.1 /qiyun/index.php?s=/Home/user/phpinfo.html
INFO: [ app_init ] --START--
INFO: Run Behavior\BuildLiteBehavior [ RunTime:0.000015s ]
INFO: Run Common\Behavior\InitHookBehavior [ RunTime:0.002289s ]
INFO: [ app_init ] --END-- [ RunTime:0.002834s ]
INFO: [ app_begin ] --START--
INFO: Run Behavior\ReadHtmlCacheBehavior [ RunTime:0.000604s ]
INFO: [ app_begin ] --END-- [ RunTime:0.000669s ]
SQL: SHOW COLUMNS FROM `qy_config` [ RunTime:0.0437s ]
SQL: SELECT `type`,`name`,`value` FROM `qy_config` WHERE `status` = 1  [ RunTime:0.0005s ]
INFO: [ view_parse ] --START--
INFO: [ template_filter ] --START--
INFO: Run Behavior\ContentReplaceBehavior [ RunTime:0.000041s ]
INFO: [ template_filter ] --END-- [ RunTime:0.000097s ]
INFO: Run Behavior\ParseTemplateBehavior [ RunTime:0.008044s ]
INFO: [ view_parse ] --END-- [ RunTime:0.008099s ]
INFO: [ view_filter ] --START--
INFO: Run Behavior\WriteHtmlCacheBehavior [ RunTime:0.000508s ]
INFO: [ view_filter ] --END-- [ RunTime:0.000609s ]
INFO: [ app_end ] --START--
INFO: Run Behavior\ShowPageTraceBehavior [ RunTime:0.000823s ]
INFO: [ app_end ] --END-- [ RunTime:0.000889s ]

[ 2017-06-11T19:48:11+08:00 ] 127.0.0.1 /qiyun/index.php?s=/Home/user/phpinfo.html
INFO: [ app_init ] --START--
INFO: Run Behavior\BuildLiteBehavior [ RunTime:0.000014s ]
INFO: Run Common\Behavior\InitHookBehavior [ RunTime:0.002714s ]
INFO: [ app_init ] --END-- [ RunTime:0.003248s ]
INFO: [ app_begin ] --START--
INFO: Run Behavior\ReadHtmlCacheBehavior [ RunTime:0.000682s ]
INFO: [ app_begin ] --END-- [ RunTime:0.000732s ]
SQL: SHOW COLUMNS FROM `qy_config` [ RunTime:0.0065s ]
SQL: SELECT `type`,`name`,`value` FROM `qy_config` WHERE `status` = 1  [ RunTime:0.0007s ]
INFO: [ view_parse ] --START--
INFO: [ template_filter ] --START--
INFO: Run Behavior\ContentReplaceBehavior [ RunTime:0.000039s ]
INFO: [ template_filter ] --END-- [ RunTime:0.000090s ]
INFO: Run Behavior\ParseTemplateBehavior [ RunTime:0.008824s ]
INFO: [ view_parse ] --END-- [ RunTime:0.008893s ]
INFO: [ view_filter ] --START--
INFO: Run Behavior\WriteHtmlCacheBehavior [ RunTime:0.000556s ]
INFO: [ view_filter ] --END-- [ RunTime:0.000599s ]
INFO: [ app_end ] --START--
INFO: Run Behavior\ShowPageTraceBehavior [ RunTime:0.000782s ]
INFO: [ app_end ] --END-- [ RunTime:0.000821s ]

[ 2017-06-11T19:48:12+08:00 ] 127.0.0.1 /qiyun/index.php?s=/Home/index/index/getcode/1/type/1.html&code=041RIClc0V0Idx1t8opc0xxKlc0RICl-&state=1
INFO: [ app_init ] --START--
INFO: Run Behavior\BuildLiteBehavior [ RunTime:0.000012s ]
INFO: Run Common\Behavior\InitHookBehavior [ RunTime:0.002450s ]
INFO: [ app_init ] --END-- [ RunTime:0.003003s ]
INFO: [ app_begin ] --START--
INFO: Run Behavior\ReadHtmlCacheBehavior [ RunTime:0.000765s ]
INFO: [ app_begin ] --END-- [ RunTime:0.000823s ]
SQL: SHOW COLUMNS FROM `qy_config` [ RunTime:0.0052s ]
SQL: SELECT `type`,`name`,`value` FROM `qy_config` WHERE `status` = 1  [ RunTime:0.0006s ]
SQL: SHOW COLUMNS FROM `qy_user` [ RunTime:0.0055s ]
SQL: SHOW COLUMNS FROM `qy_wx_userinfo` [ RunTime:0.0068s ]
NOTIC: [8] Use of undefined constant openid - assumed 'openid' F:\xampp\htdocs\qiyun\Application\Home\Controller\HomeController.class.php 第 98 行.
SQL: SELECT `id` FROM `qy_user` WHERE `OpenID` = 'omOM8wyi-hzvp2n3EKzd3e5KNa1E'  [ RunTime:0.0004s ]
NOTIC: [8] Use of undefined constant id - assumed 'id' F:\xampp\htdocs\qiyun\Application\Home\Controller\HomeController.class.php 第 124 行.
NOTIC: [8] Use of undefined constant id - assumed 'id' F:\xampp\htdocs\qiyun\Application\Home\Controller\HomeController.class.php 第 126 行.
SQL: SHOW COLUMNS FROM `qy_question` [ RunTime:0.0050s ]
SQL: SELECT COUNT(*) AS tp_count FROM `qy_question` WHERE qy_question.is_tj = 1 LIMIT 1   [ RunTime:0.0004s ]
SQL: SELECT qy_question.id,qy_question.title,qy_question.content,qy_user.nickname,qy_user.company,qy_user.area,qy_user.position FROM `qy_question` JOIN qy_user ON qy_user.id = qy_question.uid  WHERE qy_question.is_tj = 1 ORDER BY id DESC LIMIT 0,10   [ RunTime:0.0005s ]
INFO: [ view_parse ] --START--
INFO: [ template_filter ] --START--
INFO: Run Behavior\ContentReplaceBehavior [ RunTime:0.000091s ]
INFO: [ template_filter ] --END-- [ RunTime:0.000137s ]
NOTIC: [8] Undefined variable: a F:\xampp\htdocs\qiyun\Runtime\Cache\Home\769e70f2e46f34ceb60619bbda5e4691.php 第 58 行.
NOTIC: [8] Undefined index: id F:\xampp\htdocs\qiyun\Runtime\Cache\Home\769e70f2e46f34ceb60619bbda5e4691.php 第 67 行.
INFO: Run Behavior\ParseTemplateBehavior [ RunTime:0.014429s ]
INFO: [ view_parse ] --END-- [ RunTime:0.014493s ]
INFO: [ view_filter ] --START--
INFO: Run Behavior\WriteHtmlCacheBehavior [ RunTime:0.000523s ]
INFO: [ view_filter ] --END-- [ RunTime:0.000619s ]
INFO: [ app_end ] --START--
INFO: Run Behavior\ShowPageTraceBehavior [ RunTime:0.001069s ]
INFO: [ app_end ] --END-- [ RunTime:0.001127s ]

[ 2017-06-11T19:48:14+08:00 ] 127.0.0.1 /qiyun/index.php?s=/Home/User/index/type/5.html
INFO: [ app_init ] --START--
INFO: Run Behavior\BuildLiteBehavior [ RunTime:0.000014s ]
INFO: Run Common\Behavior\InitHookBehavior [ RunTime:0.002113s ]
INFO: [ app_init ] --END-- [ RunTime:0.002674s ]
INFO: [ app_begin ] --START--
INFO: Run Behavior\ReadHtmlCacheBehavior [ RunTime:0.000587s ]
INFO: [ app_begin ] --END-- [ RunTime:0.000660s ]
SQL: SHOW COLUMNS FROM `qy_config` [ RunTime:0.0065s ]
SQL: SELECT `type`,`name`,`value` FROM `qy_config` WHERE `status` = 1  [ RunTime:0.0005s ]
SQL: SHOW COLUMNS FROM `qy_user` [ RunTime:0.0054s ]
SQL: SELECT `id`,`uid`,`OpenID`,`nickname`,`face`,`username`,`company`,`position`,`phone`,`area`,`excelled`,`content`,`level`,`addtime`,`is_apply`,`is_zs`,`total_money`,`user_money`,`status` FROM `qy_user` WHERE `id` = 13  [ RunTime:0.0004s ]
INFO: [ view_parse ] --START--
INFO: [ template_filter ] --START--
INFO: Run Behavior\ContentReplaceBehavior [ RunTime:0.000087s ]
INFO: [ template_filter ] --END-- [ RunTime:0.000146s ]
INFO: Run Behavior\ParseTemplateBehavior [ RunTime:0.011955s ]
INFO: [ view_parse ] --END-- [ RunTime:0.012010s ]
INFO: [ view_filter ] --START--
INFO: Run Behavior\WriteHtmlCacheBehavior [ RunTime:0.000515s ]
INFO: [ view_filter ] --END-- [ RunTime:0.000563s ]
INFO: [ app_end ] --START--
INFO: Run Behavior\ShowPageTraceBehavior [ RunTime:0.000783s ]
INFO: [ app_end ] --END-- [ RunTime:0.000821s ]

[ 2017-06-11T19:48:16+08:00 ] 127.0.0.1 /qiyun/index.php?s=/Home/user/phpinfo.html
INFO: [ app_init ] --START--
INFO: Run Behavior\BuildLiteBehavior [ RunTime:0.000012s ]
INFO: Run Common\Behavior\InitHookBehavior [ RunTime:0.001916s ]
INFO: [ app_init ] --END-- [ RunTime:0.002386s ]
INFO: [ app_begin ] --START--
INFO: Run Behavior\ReadHtmlCacheBehavior [ RunTime:0.000533s ]
INFO: [ app_begin ] --END-- [ RunTime:0.000599s ]
SQL: SHOW COLUMNS FROM `qy_config` [ RunTime:0.0376s ]
SQL: SELECT `type`,`name`,`value` FROM `qy_config` WHERE `status` = 1  [ RunTime:0.0005s ]
INFO: [ view_parse ] --START--
INFO: [ template_filter ] --START--
INFO: Run Behavior\ContentReplaceBehavior [ RunTime:0.000063s ]
INFO: [ template_filter ] --END-- [ RunTime:0.000145s ]
INFO: Run Behavior\ParseTemplateBehavior [ RunTime:0.009064s ]
INFO: [ view_parse ] --END-- [ RunTime:0.009155s ]
INFO: [ view_filter ] --START--
INFO: Run Behavior\WriteHtmlCacheBehavior [ RunTime:0.000497s ]
INFO: [ view_filter ] --END-- [ RunTime:0.000542s ]
INFO: [ app_end ] --START--
INFO: Run Behavior\ShowPageTraceBehavior [ RunTime:0.000750s ]
INFO: [ app_end ] --END-- [ RunTime:0.000796s ]

[ 2017-06-11T20:26:15+08:00 ] 127.0.0.1 /qiyun/index.php?s=/Home/user/phpinfo.html
INFO: [ app_init ] --START--
INFO: Run Behavior\BuildLiteBehavior [ RunTime:0.000013s ]
INFO: Run Common\Behavior\InitHookBehavior [ RunTime:0.002635s ]
INFO: [ app_init ] --END-- [ RunTime:0.003296s ]
INFO: [ app_begin ] --START--
INFO: Run Behavior\ReadHtmlCacheBehavior [ RunTime:0.000975s ]
INFO: [ app_begin ] --END-- [ RunTime:0.001059s ]
SQL: SHOW COLUMNS FROM `qy_config` [ RunTime:0.0053s ]
SQL: SELECT `type`,`name`,`value` FROM `qy_config` WHERE `status` = 1  [ RunTime:0.0005s ]
INFO: [ view_parse ] --START--
INFO: [ template_filter ] --START--
INFO: Run Behavior\ContentReplaceBehavior [ RunTime:0.000049s ]
INFO: [ template_filter ] --END-- [ RunTime:0.000129s ]
INFO: Run Behavior\ParseTemplateBehavior [ RunTime:0.010775s ]
INFO: [ view_parse ] --END-- [ RunTime:0.010868s ]
INFO: [ view_filter ] --START--
INFO: Run Behavior\WriteHtmlCacheBehavior [ RunTime:0.000662s ]
INFO: [ view_filter ] --END-- [ RunTime:0.000727s ]
INFO: [ app_end ] --START--
INFO: Run Behavior\ShowPageTraceBehavior [ RunTime:0.000862s ]
INFO: [ app_end ] --END-- [ RunTime:0.000930s ]

[ 2017-06-11T20:26:17+08:00 ] 127.0.0.1 /qiyun/index.php?s=/Home/index/index/getcode/1/type/1.html&code=021e6CJh0Br5nA1m0VJh0OmsJh0e6CJK&state=1
INFO: [ app_init ] --START--
INFO: Run Behavior\BuildLiteBehavior [ RunTime:0.000013s ]
INFO: Run Common\Behavior\InitHookBehavior [ RunTime:0.002103s ]
INFO: [ app_init ] --END-- [ RunTime:0.002664s ]
INFO: [ app_begin ] --START--
INFO: Run Behavior\ReadHtmlCacheBehavior [ RunTime:0.000735s ]
INFO: [ app_begin ] --END-- [ RunTime:0.000793s ]
SQL: SHOW COLUMNS FROM `qy_config` [ RunTime:0.0055s ]
SQL: SELECT `type`,`name`,`value` FROM `qy_config` WHERE `status` = 1  [ RunTime:0.0007s ]
SQL: SHOW COLUMNS FROM `qy_user` [ RunTime:0.0054s ]
SQL: SHOW COLUMNS FROM `qy_wx_userinfo` [ RunTime:0.0055s ]
NOTIC: [8] Use of undefined constant openid - assumed 'openid' F:\xampp\htdocs\qiyun\Application\Home\Controller\HomeController.class.php 第 98 行.
SQL: SELECT `id` FROM `qy_user` WHERE `OpenID` = 'omOM8wyi-hzvp2n3EKzd3e5KNa1E'  [ RunTime:0.0004s ]
NOTIC: [8] Use of undefined constant id - assumed 'id' F:\xampp\htdocs\qiyun\Application\Home\Controller\HomeController.class.php 第 124 行.
NOTIC: [8] Use of undefined constant id - assumed 'id' F:\xampp\htdocs\qiyun\Application\Home\Controller\HomeController.class.php 第 126 行.
SQL: SHOW COLUMNS FROM `qy_question` [ RunTime:0.0054s ]
SQL: SELECT COUNT(*) AS tp_count FROM `qy_question` WHERE qy_question.is_tj = 1 LIMIT 1   [ RunTime:0.0004s ]
SQL: SELECT qy_question.id,qy_question.title,qy_question.content,qy_user.nickname,qy_user.company,qy_user.area,qy_user.position FROM `qy_question` JOIN qy_user ON qy_user.id = qy_question.uid  WHERE qy_question.is_tj = 1 ORDER BY id DESC LIMIT 0,10   [ RunTime:0.0005s ]
INFO: [ view_parse ] --START--
INFO: [ template_filter ] --START--
INFO: Run Behavior\ContentReplaceBehavior [ RunTime:0.000177s ]
INFO: [ template_filter ] --END-- [ RunTime:0.000251s ]
NOTIC: [8] Undefined variable: a F:\xampp\htdocs\qiyun\Runtime\Cache\Home\769e70f2e46f34ceb60619bbda5e4691.php 第 58 行.
NOTIC: [8] Undefined index: id F:\xampp\htdocs\qiyun\Runtime\Cache\Home\769e70f2e46f34ceb60619bbda5e4691.php 第 67 行.
INFO: Run Behavior\ParseTemplateBehavior [ RunTime:0.016729s ]
INFO: [ view_parse ] --END-- [ RunTime:0.016808s ]
INFO: [ view_filter ] --START--
INFO: Run Behavior\WriteHtmlCacheBehavior [ RunTime:0.000770s ]
INFO: [ view_filter ] --END-- [ RunTime:0.000845s ]
INFO: [ app_end ] --START--
INFO: Run Behavior\ShowPageTraceBehavior [ RunTime:0.001126s ]
INFO: [ app_end ] --END-- [ RunTime:0.001203s ]

[ 2017-06-11T20:26:18+08:00 ] 127.0.0.1 /qiyun/index.php?s=/Home/User/index/type/5.html
INFO: [ app_init ] --START--
INFO: Run Behavior\BuildLiteBehavior [ RunTime:0.000012s ]
INFO: Run Common\Behavior\InitHookBehavior [ RunTime:0.002146s ]
INFO: [ app_init ] --END-- [ RunTime:0.002747s ]
INFO: [ app_begin ] --START--
INFO: Run Behavior\ReadHtmlCacheBehavior [ RunTime:0.000578s ]
INFO: [ app_begin ] --END-- [ RunTime:0.000641s ]
SQL: SHOW COLUMNS FROM `qy_config` [ RunTime:0.0053s ]
SQL: SELECT `type`,`name`,`value` FROM `qy_config` WHERE `status` = 1  [ RunTime:0.0006s ]
SQL: SHOW COLUMNS FROM `qy_user` [ RunTime:0.0065s ]
SQL: SELECT `id`,`uid`,`OpenID`,`nickname`,`face`,`username`,`company`,`position`,`phone`,`area`,`excelled`,`content`,`level`,`addtime`,`is_apply`,`is_zs`,`total_money`,`user_money`,`status` FROM `qy_user` WHERE `id` = 13  [ RunTime:0.0005s ]
INFO: [ view_parse ] --START--
INFO: [ template_filter ] --START--
INFO: Run Behavior\ContentReplaceBehavior [ RunTime:0.000113s ]
INFO: [ template_filter ] --END-- [ RunTime:0.000198s ]
INFO: Run Behavior\ParseTemplateBehavior [ RunTime:0.013370s ]
INFO: [ view_parse ] --END-- [ RunTime:0.013460s ]
INFO: [ view_filter ] --START--
INFO: Run Behavior\WriteHtmlCacheBehavior [ RunTime:0.001152s ]
INFO: [ view_filter ] --END-- [ RunTime:0.001234s ]
INFO: [ app_end ] --START--
INFO: Run Behavior\ShowPageTraceBehavior [ RunTime:0.001428s ]
INFO: [ app_end ] --END-- [ RunTime:0.001528s ]

[ 2017-06-11T20:26:20+08:00 ] 127.0.0.1 /qiyun/index.php?s=/Home/user/phpinfo.html
INFO: [ app_init ] --START--
INFO: Run Behavior\BuildLiteBehavior [ RunTime:0.000012s ]
INFO: Run Common\Behavior\InitHookBehavior [ RunTime:0.002259s ]
INFO: [ app_init ] --END-- [ RunTime:0.002817s ]
INFO: [ app_begin ] --START--
INFO: Run Behavior\ReadHtmlCacheBehavior [ RunTime:0.000642s ]
INFO: [ app_begin ] --END-- [ RunTime:0.000710s ]
SQL: SHOW COLUMNS FROM `qy_config` [ RunTime:0.0063s ]
SQL: SELECT `type`,`name`,`value` FROM `qy_config` WHERE `status` = 1  [ RunTime:0.0005s ]
INFO: [ view_parse ] --START--
INFO: [ template_filter ] --START--
INFO: Run Behavior\ContentReplaceBehavior [ RunTime:0.000041s ]
INFO: [ template_filter ] --END-- [ RunTime:0.000096s ]
INFO: Run Behavior\ParseTemplateBehavior [ RunTime:0.008162s ]
INFO: [ view_parse ] --END-- [ RunTime:0.008243s ]
INFO: [ view_filter ] --START--
INFO: Run Behavior\WriteHtmlCacheBehavior [ RunTime:0.000696s ]
INFO: [ view_filter ] --END-- [ RunTime:0.000748s ]
INFO: [ app_end ] --START--
INFO: Run Behavior\ShowPageTraceBehavior [ RunTime:0.000925s ]
INFO: [ app_end ] --END-- [ RunTime:0.000980s ]

[ 2017-06-11T20:26:22+08:00 ] 127.0.0.1 /qiyun/index.php?s=/Home/user/phpinfo.html
INFO: [ app_init ] --START--
INFO: Run Behavior\BuildLiteBehavior [ RunTime:0.000022s ]
INFO: Run Common\Behavior\InitHookBehavior [ RunTime:0.001952s ]
INFO: [ app_init ] --END-- [ RunTime:0.002494s ]
INFO: [ app_begin ] --START--
INFO: Run Behavior\ReadHtmlCacheBehavior [ RunTime:0.000570s ]
INFO: [ app_begin ] --END-- [ RunTime:0.000621s ]
SQL: SHOW COLUMNS FROM `qy_config` [ RunTime:0.0057s ]
SQL: SELECT `type`,`name`,`value` FROM `qy_config` WHERE `status` = 1  [ RunTime:0.0010s ]
INFO: [ view_parse ] --START--
INFO: [ template_filter ] --START--
INFO: Run Behavior\ContentReplaceBehavior [ RunTime:0.000058s ]
INFO: [ template_filter ] --END-- [ RunTime:0.000147s ]
INFO: Run Behavior\ParseTemplateBehavior [ RunTime:0.008175s ]
INFO: [ view_parse ] --END-- [ RunTime:0.008247s ]
INFO: [ view_filter ] --START--
INFO: Run Behavior\WriteHtmlCacheBehavior [ RunTime:0.000455s ]
INFO: [ view_filter ] --END-- [ RunTime:0.000495s ]
INFO: [ app_end ] --START--
INFO: Run Behavior\ShowPageTraceBehavior [ RunTime:0.000691s ]
INFO: [ app_end ] --END-- [ RunTime:0.000733s ]

[ 2017-06-11T20:27:32+08:00 ] 127.0.0.1 /qiyun/index.php?s=/Home/user/phpinfo.html
INFO: [ app_init ] --START--
INFO: Run Behavior\BuildLiteBehavior [ RunTime:0.000013s ]
INFO: Run Common\Behavior\InitHookBehavior [ RunTime:0.002140s ]
INFO: [ app_init ] --END-- [ RunTime:0.002674s ]
INFO: [ app_begin ] --START--
INFO: Run Behavior\ReadHtmlCacheBehavior [ RunTime:0.000666s ]
INFO: [ app_begin ] --END-- [ RunTime:0.000744s ]
SQL: SHOW COLUMNS FROM `qy_config` [ RunTime:0.0061s ]
SQL: SELECT `type`,`name`,`value` FROM `qy_config` WHERE `status` = 1  [ RunTime:0.0008s ]
INFO: [ view_parse ] --START--
INFO: [ template_filter ] --START--
INFO: Run Behavior\ContentReplaceBehavior [ RunTime:0.000053s ]
INFO: [ template_filter ] --END-- [ RunTime:0.000119s ]
INFO: Run Behavior\ParseTemplateBehavior [ RunTime:0.007126s ]
INFO: [ view_parse ] --END-- [ RunTime:0.007197s ]
INFO: [ view_filter ] --START--
INFO: Run Behavior\WriteHtmlCacheBehavior [ RunTime:0.000492s ]
INFO: [ view_filter ] --END-- [ RunTime:0.000562s ]
INFO: [ app_end ] --START--
INFO: Run Behavior\ShowPageTraceBehavior [ RunTime:0.000724s ]
INFO: [ app_end ] --END-- [ RunTime:0.000767s ]

[ 2017-06-11T20:27:33+08:00 ] 127.0.0.1 /qiyun/index.php?s=/Home/index/index/getcode/1/type/1.html&code=0613O8Cg2S0xCD0NyjBg2CMqCg23O8C3&state=1
INFO: [ app_init ] --START--
INFO: Run Behavior\BuildLiteBehavior [ RunTime:0.000014s ]
INFO: Run Common\Behavior\InitHookBehavior [ RunTime:0.002595s ]
INFO: [ app_init ] --END-- [ RunTime:0.003192s ]
INFO: [ app_begin ] --START--
INFO: Run Behavior\ReadHtmlCacheBehavior [ RunTime:0.000693s ]
INFO: [ app_begin ] --END-- [ RunTime:0.000785s ]
SQL: SHOW COLUMNS FROM `qy_config` [ RunTime:0.0059s ]
SQL: SELECT `type`,`name`,`value` FROM `qy_config` WHERE `status` = 1  [ RunTime:0.0005s ]
SQL: SHOW COLUMNS FROM `qy_user` [ RunTime:0.0058s ]
SQL: SHOW COLUMNS FROM `qy_wx_userinfo` [ RunTime:0.0060s ]
NOTIC: [8] Use of undefined constant openid - assumed 'openid' F:\xampp\htdocs\qiyun\Application\Home\Controller\HomeController.class.php 第 98 行.
SQL: SELECT `id` FROM `qy_user` WHERE `OpenID` = 'omOM8wyi-hzvp2n3EKzd3e5KNa1E'  [ RunTime:0.0004s ]
NOTIC: [8] Use of undefined constant id - assumed 'id' F:\xampp\htdocs\qiyun\Application\Home\Controller\HomeController.class.php 第 124 行.
NOTIC: [8] Use of undefined constant id - assumed 'id' F:\xampp\htdocs\qiyun\Application\Home\Controller\HomeController.class.php 第 126 行.
SQL: SHOW COLUMNS FROM `qy_question` [ RunTime:0.0054s ]
SQL: SELECT COUNT(*) AS tp_count FROM `qy_question` WHERE qy_question.is_tj = 1 LIMIT 1   [ RunTime:0.0005s ]
SQL: SELECT qy_question.id,qy_question.title,qy_question.content,qy_user.nickname,qy_user.company,qy_user.area,qy_user.position FROM `qy_question` JOIN qy_user ON qy_user.id = qy_question.uid  WHERE qy_question.is_tj = 1 ORDER BY id DESC LIMIT 0,10   [ RunTime:0.0006s ]
INFO: [ view_parse ] --START--
INFO: [ template_filter ] --START--
INFO: Run Behavior\ContentReplaceBehavior [ RunTime:0.000090s ]
INFO: [ template_filter ] --END-- [ RunTime:0.000137s ]
NOTIC: [8] Undefined variable: a F:\xampp\htdocs\qiyun\Runtime\Cache\Home\769e70f2e46f34ceb60619bbda5e4691.php 第 58 行.
NOTIC: [8] Undefined index: id F:\xampp\htdocs\qiyun\Runtime\Cache\Home\769e70f2e46f34ceb60619bbda5e4691.php 第 67 行.
INFO: Run Behavior\ParseTemplateBehavior [ RunTime:0.016135s ]
INFO: [ view_parse ] --END-- [ RunTime:0.016196s ]
INFO: [ view_filter ] --START--
INFO: Run Behavior\WriteHtmlCacheBehavior [ RunTime:0.000530s ]
INFO: [ view_filter ] --END-- [ RunTime:0.000572s ]
INFO: [ app_end ] --START--
INFO: Run Behavior\ShowPageTraceBehavior [ RunTime:0.000717s ]
INFO: [ app_end ] --END-- [ RunTime:0.000755s ]

[ 2017-06-11T20:27:34+08:00 ] 127.0.0.1 /qiyun/index.php?s=/Home/User/index/type/5.html
INFO: [ app_init ] --START--
INFO: Run Behavior\BuildLiteBehavior [ RunTime:0.000014s ]
INFO: Run Common\Behavior\InitHookBehavior [ RunTime:0.001879s ]
INFO: [ app_init ] --END-- [ RunTime:0.002349s ]
INFO: [ app_begin ] --START--
INFO: Run Behavior\ReadHtmlCacheBehavior [ RunTime:0.000627s ]
INFO: [ app_begin ] --END-- [ RunTime:0.000693s ]
SQL: SHOW COLUMNS FROM `qy_config` [ RunTime:0.0056s ]
SQL: SELECT `type`,`name`,`value` FROM `qy_config` WHERE `status` = 1  [ RunTime:0.0005s ]
SQL: SHOW COLUMNS FROM `qy_user` [ RunTime:0.0071s ]
SQL: SELECT `id`,`uid`,`OpenID`,`nickname`,`face`,`username`,`company`,`position`,`phone`,`area`,`excelled`,`content`,`level`,`addtime`,`is_apply`,`is_zs`,`total_money`,`user_money`,`status` FROM `qy_user` WHERE `id` = 13  [ RunTime:0.0004s ]
INFO: [ view_parse ] --START--
INFO: [ template_filter ] --START--
INFO: Run Behavior\ContentReplaceBehavior [ RunTime:0.000136s ]
INFO: [ template_filter ] --END-- [ RunTime:0.000213s ]
INFO: Run Behavior\ParseTemplateBehavior [ RunTime:0.014367s ]
INFO: [ view_parse ] --END-- [ RunTime:0.014448s ]
INFO: [ view_filter ] --START--
INFO: Run Behavior\WriteHtmlCacheBehavior [ RunTime:0.001164s ]
INFO: [ view_filter ] --END-- [ RunTime:0.001247s ]
INFO: [ app_end ] --START--
INFO: Run Behavior\ShowPageTraceBehavior [ RunTime:0.000866s ]
INFO: [ app_end ] --END-- [ RunTime:0.000925s ]

[ 2017-06-11T20:27:36+08:00 ] 127.0.0.1 /qiyun/index.php?s=/Home/user/phpinfo.html
INFO: [ app_init ] --START--
INFO: Run Behavior\BuildLiteBehavior [ RunTime:0.000022s ]
INFO: Run Common\Behavior\InitHookBehavior [ RunTime:0.002938s ]
INFO: [ app_init ] --END-- [ RunTime:0.003691s ]
INFO: [ app_begin ] --START--
INFO: Run Behavior\ReadHtmlCacheBehavior [ RunTime:0.001131s ]
INFO: [ app_begin ] --END-- [ RunTime:0.001530s ]
SQL: SHOW COLUMNS FROM `qy_config` [ RunTime:0.0070s ]
SQL: SELECT `type`,`name`,`value` FROM `qy_config` WHERE `status` = 1  [ RunTime:0.0005s ]
INFO: [ view_parse ] --START--
INFO: [ template_filter ] --START--
INFO: Run Behavior\ContentReplaceBehavior [ RunTime:0.000041s ]
INFO: [ template_filter ] --END-- [ RunTime:0.000096s ]
INFO: Run Behavior\ParseTemplateBehavior [ RunTime:0.007683s ]
INFO: [ view_parse ] --END-- [ RunTime:0.007770s ]
INFO: [ view_filter ] --START--
INFO: Run Behavior\WriteHtmlCacheBehavior [ RunTime:0.000433s ]
INFO: [ view_filter ] --END-- [ RunTime:0.000473s ]
INFO: [ app_end ] --START--
INFO: Run Behavior\ShowPageTraceBehavior [ RunTime:0.000680s ]
INFO: [ app_end ] --END-- [ RunTime:0.000723s ]

[ 2017-06-11T20:29:05+08:00 ] 127.0.0.1 /qiyun/index.php?s=/Home/User/index/type/5.html
INFO: [ app_init ] --START--
INFO: Run Behavior\BuildLiteBehavior [ RunTime:0.000013s ]
INFO: Run Common\Behavior\InitHookBehavior [ RunTime:0.002964s ]
INFO: [ app_init ] --END-- [ RunTime:0.003604s ]
INFO: [ app_begin ] --START--
INFO: Run Behavior\ReadHtmlCacheBehavior [ RunTime:0.000847s ]
INFO: [ app_begin ] --END-- [ RunTime:0.000928s ]
SQL: SHOW COLUMNS FROM `qy_config` [ RunTime:0.0054s ]
SQL: SELECT `type`,`name`,`value` FROM `qy_config` WHERE `status` = 1  [ RunTime:0.0005s ]
SQL: SHOW COLUMNS FROM `qy_user` [ RunTime:0.0057s ]
NOTIC: [8] Undefined index: qiyun_user F:\xampp\htdocs\qiyun\Application\Home\Controller\UserController.class.php 第 24 行.
SQL: SELECT `id`,`uid`,`OpenID`,`nickname`,`face`,`username`,`company`,`position`,`phone`,`area`,`excelled`,`content`,`level`,`addtime`,`is_apply`,`is_zs`,`total_money`,`user_money`,`status` FROM `qy_user` WHERE `id` = null  [ RunTime:0.0004s ]
INFO: [ view_parse ] --START--
INFO: [ template_filter ] --START--
INFO: Run Behavior\ContentReplaceBehavior [ RunTime:0.000089s ]
INFO: [ template_filter ] --END-- [ RunTime:0.000142s ]
INFO: Run Behavior\ParseTemplateBehavior [ RunTime:0.013988s ]
INFO: [ view_parse ] --END-- [ RunTime:0.014065s ]
INFO: [ view_filter ] --START--
INFO: Run Behavior\WriteHtmlCacheBehavior [ RunTime:0.000688s ]
INFO: [ view_filter ] --END-- [ RunTime:0.000730s ]
INFO: [ app_end ] --START--
INFO: Run Behavior\ShowPageTraceBehavior [ RunTime:0.000870s ]
INFO: [ app_end ] --END-- [ RunTime:0.000924s ]

[ 2017-06-11T20:29:07+08:00 ] 127.0.0.1 /qiyun/index.php?s=/Home/User/index/getcode/1/type/5.html&code=021C38U022ccJ014vMX020ymU02C38UT&state=1
INFO: [ app_init ] --START--
INFO: Run Behavior\BuildLiteBehavior [ RunTime:0.000016s ]
INFO: Run Common\Behavior\InitHookBehavior [ RunTime:0.002374s ]
INFO: [ app_init ] --END-- [ RunTime:0.002982s ]
INFO: [ app_begin ] --START--
INFO: Run Behavior\ReadHtmlCacheBehavior [ RunTime:0.000547s ]
INFO: [ app_begin ] --END-- [ RunTime:0.000608s ]
SQL: SHOW COLUMNS FROM `qy_config` [ RunTime:0.0465s ]
SQL: SELECT `type`,`name`,`value` FROM `qy_config` WHERE `status` = 1  [ RunTime:0.0006s ]
SQL: SHOW COLUMNS FROM `qy_user` [ RunTime:0.0055s ]
SQL: SHOW COLUMNS FROM `qy_wx_userinfo` [ RunTime:0.0063s ]
NOTIC: [8] Use of undefined constant openid - assumed 'openid' F:\xampp\htdocs\qiyun\Application\Home\Controller\HomeController.class.php 第 98 行.
SQL: SELECT `id` FROM `qy_user` WHERE `OpenID` = 'omOM8wyi-hzvp2n3EKzd3e5KNa1E'  [ RunTime:0.0007s ]
NOTIC: [8] Use of undefined constant id - assumed 'id' F:\xampp\htdocs\qiyun\Application\Home\Controller\HomeController.class.php 第 124 行.
NOTIC: [8] Use of undefined constant id - assumed 'id' F:\xampp\htdocs\qiyun\Application\Home\Controller\HomeController.class.php 第 126 行.
SQL: SELECT `id`,`uid`,`OpenID`,`nickname`,`face`,`username`,`company`,`position`,`phone`,`area`,`excelled`,`content`,`level`,`addtime`,`is_apply`,`is_zs`,`total_money`,`user_money`,`status` FROM `qy_user` WHERE `id` = 13  [ RunTime:0.0005s ]
INFO: [ view_parse ] --START--
INFO: [ template_filter ] --START--
INFO: Run Behavior\ContentReplaceBehavior [ RunTime:0.000084s ]
INFO: [ template_filter ] --END-- [ RunTime:0.000131s ]
INFO: Run Behavior\ParseTemplateBehavior [ RunTime:0.013409s ]
INFO: [ view_parse ] --END-- [ RunTime:0.013474s ]
INFO: [ view_filter ] --START--
INFO: Run Behavior\WriteHtmlCacheBehavior [ RunTime:0.000562s ]
INFO: [ view_filter ] --END-- [ RunTime:0.000600s ]
INFO: [ app_end ] --START--
INFO: Run Behavior\ShowPageTraceBehavior [ RunTime:0.000751s ]
INFO: [ app_end ] --END-- [ RunTime:0.000788s ]

[ 2017-06-11T20:29:08+08:00 ] 127.0.0.1 /qiyun/index.php?s=/Home/user/phpinfo.html
INFO: [ app_init ] --START--
INFO: Run Behavior\BuildLiteBehavior [ RunTime:0.000042s ]
INFO: Run Common\Behavior\InitHookBehavior [ RunTime:0.002142s ]
INFO: [ app_init ] --END-- [ RunTime:0.002820s ]
INFO: [ app_begin ] --START--
INFO: Run Behavior\ReadHtmlCacheBehavior [ RunTime:0.000667s ]
INFO: [ app_begin ] --END-- [ RunTime:0.000734s ]
SQL: SHOW COLUMNS FROM `qy_config` [ RunTime:0.0060s ]
SQL: SELECT `type`,`name`,`value` FROM `qy_config` WHERE `status` = 1  [ RunTime:0.0006s ]
INFO: [ view_parse ] --START--
INFO: [ template_filter ] --START--
INFO: Run Behavior\ContentReplaceBehavior [ RunTime:0.000059s ]
INFO: [ template_filter ] --END-- [ RunTime:0.000142s ]
INFO: Run Behavior\ParseTemplateBehavior [ RunTime:0.008730s ]
INFO: [ view_parse ] --END-- [ RunTime:0.008936s ]
INFO: [ view_filter ] --START--
INFO: Run Behavior\WriteHtmlCacheBehavior [ RunTime:0.001034s ]
INFO: [ view_filter ] --END-- [ RunTime:0.001115s ]
INFO: [ app_end ] --START--
INFO: Run Behavior\ShowPageTraceBehavior [ RunTime:0.000847s ]
INFO: [ app_end ] --END-- [ RunTime:0.000901s ]

[ 2017-06-11T20:29:55+08:00 ] 127.0.0.1 /qiyun/index.php?s=/Home/User/index/getcode/1/type/5.html&code=021C38U022ccJ014vMX020ymU02C38UT&state=1
INFO: [ app_init ] --START--
INFO: Run Behavior\BuildLiteBehavior [ RunTime:0.000013s ]
INFO: Run Common\Behavior\InitHookBehavior [ RunTime:0.002143s ]
INFO: [ app_init ] --END-- [ RunTime:0.002703s ]
INFO: [ app_begin ] --START--
INFO: Run Behavior\ReadHtmlCacheBehavior [ RunTime:0.000593s ]
INFO: [ app_begin ] --END-- [ RunTime:0.000642s ]
SQL: SHOW COLUMNS FROM `qy_config` [ RunTime:0.0065s ]
SQL: SELECT `type`,`name`,`value` FROM `qy_config` WHERE `status` = 1  [ RunTime:0.0005s ]
SQL: SHOW COLUMNS FROM `qy_user` [ RunTime:0.0055s ]
SQL: SELECT `id`,`uid`,`OpenID`,`nickname`,`face`,`username`,`company`,`position`,`phone`,`area`,`excelled`,`content`,`level`,`addtime`,`is_apply`,`is_zs`,`total_money`,`user_money`,`status` FROM `qy_user` WHERE `id` = 13  [ RunTime:0.0004s ]
INFO: [ view_parse ] --START--
INFO: [ template_filter ] --START--
INFO: Run Behavior\ContentReplaceBehavior [ RunTime:0.000086s ]
INFO: [ template_filter ] --END-- [ RunTime:0.000130s ]
INFO: Run Behavior\ParseTemplateBehavior [ RunTime:0.011523s ]
INFO: [ view_parse ] --END-- [ RunTime:0.011587s ]
INFO: [ view_filter ] --START--
INFO: Run Behavior\WriteHtmlCacheBehavior [ RunTime:0.000549s ]
INFO: [ view_filter ] --END-- [ RunTime:0.000585s ]
INFO: [ app_end ] --START--
INFO: Run Behavior\ShowPageTraceBehavior [ RunTime:0.000772s ]
INFO: [ app_end ] --END-- [ RunTime:0.000808s ]

[ 2017-06-11T20:29:58+08:00 ] 127.0.0.1 /qiyun/index.php?s=/Home/user/phpinfo.html
INFO: [ app_init ] --START--
INFO: Run Behavior\BuildLiteBehavior [ RunTime:0.000012s ]
INFO: Run Common\Behavior\InitHookBehavior [ RunTime:0.002602s ]
INFO: [ app_init ] --END-- [ RunTime:0.003172s ]
INFO: [ app_begin ] --START--
INFO: Run Behavior\ReadHtmlCacheBehavior [ RunTime:0.001015s ]
INFO: [ app_begin ] --END-- [ RunTime:0.001144s ]
SQL: SHOW COLUMNS FROM `qy_config` [ RunTime:0.0068s ]
SQL: SELECT `type`,`name`,`value` FROM `qy_config` WHERE `status` = 1  [ RunTime:0.0006s ]
INFO: [ view_parse ] --START--
INFO: [ template_filter ] --START--
INFO: Run Behavior\ContentReplaceBehavior [ RunTime:0.000072s ]
INFO: [ template_filter ] --END-- [ RunTime:0.000182s ]
INFO: Run Behavior\ParseTemplateBehavior [ RunTime:0.012407s ]
INFO: [ view_parse ] --END-- [ RunTime:0.012532s ]
INFO: [ view_filter ] --START--
INFO: Run Behavior\WriteHtmlCacheBehavior [ RunTime:0.000696s ]
INFO: [ view_filter ] --END-- [ RunTime:0.000762s ]
INFO: [ app_end ] --START--
INFO: Run Behavior\ShowPageTraceBehavior [ RunTime:0.001133s ]
INFO: [ app_end ] --END-- [ RunTime:0.001219s ]

[ 2017-06-11T20:31:53+08:00 ] 127.0.0.1 /qiyun/index.php?s=/Home/user/phpinfo.html
INFO: [ app_init ] --START--
INFO: Run Behavior\BuildLiteBehavior [ RunTime:0.000013s ]
INFO: Run Common\Behavior\InitHookBehavior [ RunTime:0.002024s ]
INFO: [ app_init ] --END-- [ RunTime:0.002510s ]
INFO: [ app_begin ] --START--
INFO: Run Behavior\ReadHtmlCacheBehavior [ RunTime:0.000597s ]
INFO: [ app_begin ] --END-- [ RunTime:0.000673s ]
SQL: SHOW COLUMNS FROM `qy_config` [ RunTime:0.0457s ]
SQL: SELECT `type`,`name`,`value` FROM `qy_config` WHERE `status` = 1  [ RunTime:0.0005s ]
INFO: [ view_parse ] --START--
INFO: [ template_filter ] --START--
INFO: Run Behavior\ContentReplaceBehavior [ RunTime:0.000036s ]
INFO: [ template_filter ] --END-- [ RunTime:0.000087s ]
INFO: Run Behavior\ParseTemplateBehavior [ RunTime:0.008867s ]
INFO: [ view_parse ] --END-- [ RunTime:0.008926s ]
INFO: [ view_filter ] --START--
INFO: Run Behavior\WriteHtmlCacheBehavior [ RunTime:0.000561s ]
INFO: [ view_filter ] --END-- [ RunTime:0.000598s ]
INFO: [ app_end ] --START--
INFO: Run Behavior\ShowPageTraceBehavior [ RunTime:0.000718s ]
INFO: [ app_end ] --END-- [ RunTime:0.000755s ]

[ 2017-06-11T20:31:55+08:00 ] 127.0.0.1 /qiyun/index.php?s=/Home/index/index/getcode/1/type/1.html&code=021eUUEe2dwoTD0cowDe2Q8TEe2eUUEv&state=1
INFO: [ app_init ] --START--
INFO: Run Behavior\BuildLiteBehavior [ RunTime:0.000016s ]
INFO: Run Common\Behavior\InitHookBehavior [ RunTime:0.001878s ]
INFO: [ app_init ] --END-- [ RunTime:0.002554s ]
INFO: [ app_begin ] --START--
INFO: Run Behavior\ReadHtmlCacheBehavior [ RunTime:0.000590s ]
INFO: [ app_begin ] --END-- [ RunTime:0.000640s ]
SQL: SHOW COLUMNS FROM `qy_config` [ RunTime:0.0053s ]
SQL: SELECT `type`,`name`,`value` FROM `qy_config` WHERE `status` = 1  [ RunTime:0.0005s ]
SQL: SHOW COLUMNS FROM `qy_user` [ RunTime:0.0067s ]
SQL: SHOW COLUMNS FROM `qy_wx_userinfo` [ RunTime:0.0057s ]
NOTIC: [8] Use of undefined constant openid - assumed 'openid' F:\xampp\htdocs\qiyun\Application\Home\Controller\HomeController.class.php 第 98 行.
SQL: SELECT `id` FROM `qy_user` WHERE `OpenID` = 'omOM8wyi-hzvp2n3EKzd3e5KNa1E'  [ RunTime:0.0004s ]
NOTIC: [8] Use of undefined constant id - assumed 'id' F:\xampp\htdocs\qiyun\Application\Home\Controller\HomeController.class.php 第 124 行.
NOTIC: [8] Use of undefined constant id - assumed 'id' F:\xampp\htdocs\qiyun\Application\Home\Controller\HomeController.class.php 第 126 行.
SQL: SHOW COLUMNS FROM `qy_question` [ RunTime:0.0055s ]
SQL: SELECT COUNT(*) AS tp_count FROM `qy_question` WHERE qy_question.is_tj = 1 LIMIT 1   [ RunTime:0.0004s ]
SQL: SELECT qy_question.id,qy_question.title,qy_question.content,qy_user.nickname,qy_user.company,qy_user.area,qy_user.position FROM `qy_question` JOIN qy_user ON qy_user.id = qy_question.uid  WHERE qy_question.is_tj = 1 ORDER BY id DESC LIMIT 0,10   [ RunTime:0.0005s ]
INFO: [ view_parse ] --START--
INFO: [ template_filter ] --START--
INFO: Run Behavior\ContentReplaceBehavior [ RunTime:0.000141s ]
INFO: [ template_filter ] --END-- [ RunTime:0.000219s ]
NOTIC: [8] Undefined variable: a F:\xampp\htdocs\qiyun\Runtime\Cache\Home\769e70f2e46f34ceb60619bbda5e4691.php 第 58 行.
NOTIC: [8] Undefined index: id F:\xampp\htdocs\qiyun\Runtime\Cache\Home\769e70f2e46f34ceb60619bbda5e4691.php 第 67 行.
INFO: Run Behavior\ParseTemplateBehavior [ RunTime:0.018126s ]
INFO: [ view_parse ] --END-- [ RunTime:0.018182s ]
INFO: [ view_filter ] --START--
INFO: Run Behavior\WriteHtmlCacheBehavior [ RunTime:0.000584s ]
INFO: [ view_filter ] --END-- [ RunTime:0.000632s ]
INFO: [ app_end ] --START--
INFO: Run Behavior\ShowPageTraceBehavior [ RunTime:0.001005s ]
INFO: [ app_end ] --END-- [ RunTime:0.001064s ]

[ 2017-06-11T20:31:56+08:00 ] 127.0.0.1 /qiyun/index.php?s=/Home/User/index/type/5.html
INFO: [ app_init ] --START--
INFO: Run Behavior\BuildLiteBehavior [ RunTime:0.000012s ]
INFO: Run Common\Behavior\InitHookBehavior [ RunTime:0.002267s ]
INFO: [ app_init ] --END-- [ RunTime:0.002982s ]
INFO: [ app_begin ] --START--
INFO: Run Behavior\ReadHtmlCacheBehavior [ RunTime:0.000557s ]
INFO: [ app_begin ] --END-- [ RunTime:0.000628s ]
SQL: SHOW COLUMNS FROM `qy_config` [ RunTime:0.0056s ]
SQL: SELECT `type`,`name`,`value` FROM `qy_config` WHERE `status` = 1  [ RunTime:0.0007s ]
SQL: SHOW COLUMNS FROM `qy_user` [ RunTime:0.0067s ]
SQL: SELECT `id`,`uid`,`OpenID`,`nickname`,`face`,`username`,`company`,`position`,`phone`,`area`,`excelled`,`content`,`level`,`addtime`,`is_apply`,`is_zs`,`total_money`,`user_money`,`status` FROM `qy_user` WHERE `id` = 13  [ RunTime:0.0005s ]
INFO: [ view_parse ] --START--
INFO: [ template_filter ] --START--
INFO: Run Behavior\ContentReplaceBehavior [ RunTime:0.000087s ]
INFO: [ template_filter ] --END-- [ RunTime:0.000137s ]
INFO: Run Behavior\ParseTemplateBehavior [ RunTime:0.014501s ]
INFO: [ view_parse ] --END-- [ RunTime:0.014582s ]
INFO: [ view_filter ] --START--
INFO: Run Behavior\WriteHtmlCacheBehavior [ RunTime:0.000632s ]
INFO: [ view_filter ] --END-- [ RunTime:0.000669s ]
INFO: [ app_end ] --START--
INFO: Run Behavior\ShowPageTraceBehavior [ RunTime:0.000748s ]
INFO: [ app_end ] --END-- [ RunTime:0.000784s ]

[ 2017-06-11T20:31:59+08:00 ] 127.0.0.1 /qiyun/index.php?s=/Home/user/phpinfo.html
INFO: [ app_init ] --START--
INFO: Run Behavior\BuildLiteBehavior [ RunTime:0.000022s ]
INFO: Run Common\Behavior\InitHookBehavior [ RunTime:0.003471s ]
INFO: [ app_init ] --END-- [ RunTime:0.004244s ]
INFO: [ app_begin ] --START--
INFO: Run Behavior\ReadHtmlCacheBehavior [ RunTime:0.001041s ]
INFO: [ app_begin ] --END-- [ RunTime:0.001161s ]
SQL: SHOW COLUMNS FROM `qy_config` [ RunTime:0.0066s ]
SQL: SELECT `type`,`name`,`value` FROM `qy_config` WHERE `status` = 1  [ RunTime:0.0005s ]
INFO: [ view_parse ] --START--
INFO: [ template_filter ] --START--
INFO: Run Behavior\ContentReplaceBehavior [ RunTime:0.000041s ]
INFO: [ template_filter ] --END-- [ RunTime:0.000095s ]
INFO: Run Behavior\ParseTemplateBehavior [ RunTime:0.010124s ]
INFO: [ view_parse ] --END-- [ RunTime:0.010245s ]
INFO: [ view_filter ] --START--
INFO: Run Behavior\WriteHtmlCacheBehavior [ RunTime:0.000719s ]
INFO: [ view_filter ] --END-- [ RunTime:0.000781s ]
INFO: [ app_end ] --START--
INFO: Run Behavior\ShowPageTraceBehavior [ RunTime:0.000905s ]
INFO: [ app_end ] --END-- [ RunTime:0.000964s ]

[ 2017-06-11T20:32:31+08:00 ] 127.0.0.1 /qiyun/index.php?s=/Home/User/index/type/5.html
INFO: [ app_init ] --START--
INFO: Run Behavior\BuildLiteBehavior [ RunTime:0.000014s ]
INFO: Run Common\Behavior\InitHookBehavior [ RunTime:0.002228s ]
INFO: [ app_init ] --END-- [ RunTime:0.003277s ]
INFO: [ app_begin ] --START--
INFO: Run Behavior\ReadHtmlCacheBehavior [ RunTime:0.000604s ]
INFO: [ app_begin ] --END-- [ RunTime:0.000654s ]
SQL: SHOW COLUMNS FROM `qy_config` [ RunTime:0.0053s ]
SQL: SELECT `type`,`name`,`value` FROM `qy_config` WHERE `status` = 1  [ RunTime:0.0005s ]
SQL: SHOW COLUMNS FROM `qy_user` [ RunTime:0.0058s ]
SQL: SELECT `id`,`uid`,`OpenID`,`nickname`,`face`,`username`,`company`,`position`,`phone`,`area`,`excelled`,`content`,`level`,`addtime`,`is_apply`,`is_zs`,`total_money`,`user_money`,`status` FROM `qy_user` WHERE `id` = 13  [ RunTime:0.0005s ]
INFO: [ view_parse ] --START--
INFO: [ template_filter ] --START--
INFO: Run Behavior\ContentReplaceBehavior [ RunTime:0.000099s ]
INFO: [ template_filter ] --END-- [ RunTime:0.000166s ]
INFO: Run Behavior\ParseTemplateBehavior [ RunTime:0.012630s ]
INFO: [ view_parse ] --END-- [ RunTime:0.012706s ]
INFO: [ view_filter ] --START--
INFO: Run Behavior\WriteHtmlCacheBehavior [ RunTime:0.000533s ]
INFO: [ view_filter ] --END-- [ RunTime:0.000570s ]
INFO: [ app_end ] --START--
INFO: Run Behavior\ShowPageTraceBehavior [ RunTime:0.000755s ]
INFO: [ app_end ] --END-- [ RunTime:0.000793s ]

[ 2017-06-11T20:32:34+08:00 ] 127.0.0.1 /qiyun/index.php?s=/Home/user/phpinfo.html
INFO: [ app_init ] --START--
INFO: Run Behavior\BuildLiteBehavior [ RunTime:0.000020s ]
INFO: Run Common\Behavior\InitHookBehavior [ RunTime:0.002595s ]
INFO: [ app_init ] --END-- [ RunTime:0.003192s ]
INFO: [ app_begin ] --START--
INFO: Run Behavior\ReadHtmlCacheBehavior [ RunTime:0.000651s ]
INFO: [ app_begin ] --END-- [ RunTime:0.000718s ]
SQL: SHOW COLUMNS FROM `qy_config` [ RunTime:0.0060s ]
SQL: SELECT `type`,`name`,`value` FROM `qy_config` WHERE `status` = 1  [ RunTime:0.0006s ]
INFO: [ view_parse ] --START--
INFO: [ template_filter ] --START--
INFO: Run Behavior\ContentReplaceBehavior [ RunTime:0.000037s ]
INFO: [ template_filter ] --END-- [ RunTime:0.000086s ]
INFO: Run Behavior\ParseTemplateBehavior [ RunTime:0.008481s ]
INFO: [ view_parse ] --END-- [ RunTime:0.008539s ]
INFO: [ view_filter ] --START--
INFO: Run Behavior\WriteHtmlCacheBehavior [ RunTime:0.000505s ]
INFO: [ view_filter ] --END-- [ RunTime:0.000542s ]
INFO: [ app_end ] --START--
INFO: Run Behavior\ShowPageTraceBehavior [ RunTime:0.000750s ]
INFO: [ app_end ] --END-- [ RunTime:0.000788s ]

