[ 2017-06-07T09:15:53+08:00 ] 127.0.0.1 /qiyun/
INFO: [ app_init ] --START--
INFO: Run Behavior\BuildLiteBehavior [ RunTime:0.000015s ]
INFO: Run Common\Behavior\InitHookBehavior [ RunTime:0.058179s ]
INFO: [ app_init ] --END-- [ RunTime:0.082282s ]
INFO: [ app_begin ] --START--
INFO: Run Behavior\ReadHtmlCacheBehavior [ RunTime:0.006367s ]
INFO: [ app_begin ] --END-- [ RunTime:0.006457s ]
SQL: SHOW COLUMNS FROM `qy_config` [ RunTime:0.0062s ]
SQL: SELECT `type`,`name`,`value` FROM `qy_config` WHERE `status` = 1  [ RunTime:0.0035s ]
SQL: SHOW COLUMNS FROM `qy_question` [ RunTime:0.0041s ]
SQL: SELECT COUNT(*) AS tp_count FROM `qy_question` WHERE qy_question.is_tj = 1 LIMIT 1   [ RunTime:0.0026s ]
SQL: SELECT qy_question.id,qy_question.title,qy_question.content,qy_user.nickname,qy_user.company,qy_user.area,qy_user.position FROM `qy_question` JOIN qy_user ON qy_user.id = qy_question.uid  WHERE qy_question.is_tj = 1 ORDER BY id DESC LIMIT 0,10   [ RunTime:0.0060s ]
SQL: SHOW COLUMNS FROM `qy_question_answer` [ RunTime:0.0056s ]
SQL: SELECT qy_user.uid,qy_user.face,qy_question_answer.money,qy_question_answer.num,qy_question_answer.content FROM `qy_question_answer` JOIN qy_user ON qy_user.id = qy_question_answer.uid  WHERE ( pid=11 )  [ RunTime:0.0047s ]
SQL: SELECT qy_user.uid,qy_user.face,qy_question_answer.money,qy_question_answer.num,qy_question_answer.content FROM `qy_question_answer` JOIN qy_user ON qy_user.id = qy_question_answer.uid  WHERE ( pid=10 )  [ RunTime:0.0032s ]
SQL: SELECT qy_user.uid,qy_user.face,qy_question_answer.money,qy_question_answer.num,qy_question_answer.content FROM `qy_question_answer` JOIN qy_user ON qy_user.id = qy_question_answer.uid  WHERE ( pid=9 )  [ RunTime:0.0023s ]
SQL: SELECT qy_user.uid,qy_user.face,qy_question_answer.money,qy_question_answer.num,qy_question_answer.content FROM `qy_question_answer` JOIN qy_user ON qy_user.id = qy_question_answer.uid  WHERE ( pid=8 )  [ RunTime:0.0028s ]
SQL: SELECT qy_user.uid,qy_user.face,qy_question_answer.money,qy_question_answer.num,qy_question_answer.content FROM `qy_question_answer` JOIN qy_user ON qy_user.id = qy_question_answer.uid  WHERE ( pid=7 )  [ RunTime:0.0024s ]
SQL: SELECT qy_user.uid,qy_user.face,qy_question_answer.money,qy_question_answer.num,qy_question_answer.content FROM `qy_question_answer` JOIN qy_user ON qy_user.id = qy_question_answer.uid  WHERE ( pid=1 )  [ RunTime:0.0030s ]
INFO: [ view_parse ] --START--
INFO: [ template_filter ] --START--
INFO: Run Behavior\ContentReplaceBehavior [ RunTime:0.000090s ]
INFO: [ template_filter ] --END-- [ RunTime:0.000135s ]
NOTIC: [8] Undefined variable: a F:\xampp\htdocs\qiyun\Runtime\Cache\Home\769e70f2e46f34ceb60619bbda5e4691.php 第 58 行.
NOTIC: [8] Undefined index: id F:\xampp\htdocs\qiyun\Runtime\Cache\Home\769e70f2e46f34ceb60619bbda5e4691.php 第 67 行.
NOTIC: [8] Undefined offset: 2 F:\xampp\htdocs\qiyun\Runtime\Cache\Home\769e70f2e46f34ceb60619bbda5e4691.php 第 103 行.
INFO: Run Behavior\ParseTemplateBehavior [ RunTime:0.102899s ]
INFO: [ view_parse ] --END-- [ RunTime:0.102957s ]
INFO: [ view_filter ] --START--
INFO: Run Behavior\WriteHtmlCacheBehavior [ RunTime:0.013402s ]
INFO: [ view_filter ] --END-- [ RunTime:0.013452s ]
INFO: [ app_end ] --START--
INFO: Run Behavior\ShowPageTraceBehavior [ RunTime:0.001263s ]
INFO: [ app_end ] --END-- [ RunTime:0.001326s ]

[ 2017-06-07T09:15:54+08:00 ] 127.0.0.1 /qiyun/index.php?s=/Home/index/index/getcode/1/type/1.html&code=001R150j0rFcvl1iiIYi0cbn0j0R150R&state=1
INFO: [ app_init ] --START--
INFO: Run Behavior\BuildLiteBehavior [ RunTime:0.000014s ]
INFO: Run Common\Behavior\InitHookBehavior [ RunTime:0.002090s ]
INFO: [ app_init ] --END-- [ RunTime:0.002697s ]
INFO: [ app_begin ] --START--
INFO: Run Behavior\ReadHtmlCacheBehavior [ RunTime:0.000530s ]
INFO: [ app_begin ] --END-- [ RunTime:0.000580s ]
SQL: SHOW COLUMNS FROM `qy_config` [ RunTime:0.0040s ]
SQL: SELECT `type`,`name`,`value` FROM `qy_config` WHERE `status` = 1  [ RunTime:0.0039s ]
SQL: SHOW COLUMNS FROM `qy_user` [ RunTime:0.0066s ]
SQL: SHOW COLUMNS FROM `qy_wx_userinfo` [ RunTime:0.0071s ]
NOTIC: [8] Use of undefined constant openid - assumed 'openid' F:\xampp\htdocs\qiyun\Application\Home\Controller\HomeController.class.php 第 98 行.
SQL: SELECT `id` FROM `qy_user` WHERE `OpenID` = 'omOM8wyi-hzvp2n3EKzd3e5KNa1E'  [ RunTime:0.0028s ]
NOTIC: [8] Use of undefined constant id - assumed 'id' F:\xampp\htdocs\qiyun\Application\Home\Controller\HomeController.class.php 第 121 行.
NOTIC: [8] Use of undefined constant id - assumed 'id' F:\xampp\htdocs\qiyun\Application\Home\Controller\HomeController.class.php 第 123 行.
SQL: SHOW COLUMNS FROM `qy_question` [ RunTime:0.0073s ]
SQL: SELECT COUNT(*) AS tp_count FROM `qy_question` WHERE qy_question.is_tj = 1 LIMIT 1   [ RunTime:0.0159s ]
SQL: SELECT qy_question.id,qy_question.title,qy_question.content,qy_user.nickname,qy_user.company,qy_user.area,qy_user.position FROM `qy_question` JOIN qy_user ON qy_user.id = qy_question.uid  WHERE qy_question.is_tj = 1 ORDER BY id DESC LIMIT 0,10   [ RunTime:0.0089s ]
SQL: SHOW COLUMNS FROM `qy_question_answer` [ RunTime:0.0056s ]
SQL: SELECT qy_user.uid,qy_user.face,qy_question_answer.money,qy_question_answer.num,qy_question_answer.content FROM `qy_question_answer` JOIN qy_user ON qy_user.id = qy_question_answer.uid  WHERE ( pid=11 )  [ RunTime:0.0065s ]
SQL: SELECT qy_user.uid,qy_user.face,qy_question_answer.money,qy_question_answer.num,qy_question_answer.content FROM `qy_question_answer` JOIN qy_user ON qy_user.id = qy_question_answer.uid  WHERE ( pid=10 )  [ RunTime:0.0018s ]
SQL: SELECT qy_user.uid,qy_user.face,qy_question_answer.money,qy_question_answer.num,qy_question_answer.content FROM `qy_question_answer` JOIN qy_user ON qy_user.id = qy_question_answer.uid  WHERE ( pid=9 )  [ RunTime:0.0017s ]
SQL: SELECT qy_user.uid,qy_user.face,qy_question_answer.money,qy_question_answer.num,qy_question_answer.content FROM `qy_question_answer` JOIN qy_user ON qy_user.id = qy_question_answer.uid  WHERE ( pid=8 )  [ RunTime:0.0018s ]
SQL: SELECT qy_user.uid,qy_user.face,qy_question_answer.money,qy_question_answer.num,qy_question_answer.content FROM `qy_question_answer` JOIN qy_user ON qy_user.id = qy_question_answer.uid  WHERE ( pid=7 )  [ RunTime:0.0027s ]
SQL: SELECT qy_user.uid,qy_user.face,qy_question_answer.money,qy_question_answer.num,qy_question_answer.content FROM `qy_question_answer` JOIN qy_user ON qy_user.id = qy_question_answer.uid  WHERE ( pid=1 )  [ RunTime:0.0032s ]
INFO: [ view_parse ] --START--
INFO: [ template_filter ] --START--
INFO: Run Behavior\ContentReplaceBehavior [ RunTime:0.000098s ]
INFO: [ template_filter ] --END-- [ RunTime:0.000142s ]
NOTIC: [8] Undefined variable: a F:\xampp\htdocs\qiyun\Runtime\Cache\Home\769e70f2e46f34ceb60619bbda5e4691.php 第 58 行.
NOTIC: [8] Undefined index: id F:\xampp\htdocs\qiyun\Runtime\Cache\Home\769e70f2e46f34ceb60619bbda5e4691.php 第 67 行.
INFO: Run Behavior\ParseTemplateBehavior [ RunTime:0.013074s ]
INFO: [ view_parse ] --END-- [ RunTime:0.013136s ]
INFO: [ view_filter ] --START--
INFO: Run Behavior\WriteHtmlCacheBehavior [ RunTime:0.000560s ]
INFO: [ view_filter ] --END-- [ RunTime:0.000599s ]
INFO: [ app_end ] --START--
INFO: Run Behavior\ShowPageTraceBehavior [ RunTime:0.000799s ]
INFO: [ app_end ] --END-- [ RunTime:0.000851s ]

[ 2017-06-07T09:16:07+08:00 ] 127.0.0.1 /qiyun/
INFO: [ app_init ] --START--
INFO: Run Behavior\BuildLiteBehavior [ RunTime:0.000011s ]
INFO: Run Common\Behavior\InitHookBehavior [ RunTime:0.002648s ]
INFO: [ app_init ] --END-- [ RunTime:0.003258s ]
INFO: [ app_begin ] --START--
INFO: Run Behavior\ReadHtmlCacheBehavior [ RunTime:0.000672s ]
INFO: [ app_begin ] --END-- [ RunTime:0.000746s ]
SQL: SHOW COLUMNS FROM `qy_config` [ RunTime:0.0078s ]
SQL: SELECT `type`,`name`,`value` FROM `qy_config` WHERE `status` = 1  [ RunTime:0.0054s ]
SQL: SHOW COLUMNS FROM `qy_question` [ RunTime:0.0071s ]
SQL: SELECT COUNT(*) AS tp_count FROM `qy_question` WHERE qy_question.is_tj = 1 LIMIT 1   [ RunTime:0.0041s ]
SQL: SELECT qy_question.id,qy_question.title,qy_question.content,qy_user.nickname,qy_user.company,qy_user.area,qy_user.position FROM `qy_question` JOIN qy_user ON qy_user.id = qy_question.uid  WHERE qy_question.is_tj = 1 ORDER BY id DESC LIMIT 0,10   [ RunTime:0.0060s ]
SQL: SHOW COLUMNS FROM `qy_question_answer` [ RunTime:0.0066s ]
SQL: SELECT qy_user.uid,qy_user.face,qy_question_answer.money,qy_question_answer.num,qy_question_answer.content FROM `qy_question_answer` JOIN qy_user ON qy_user.id = qy_question_answer.uid  WHERE ( pid=11 )  [ RunTime:0.0046s ]
SQL: SELECT qy_user.uid,qy_user.face,qy_question_answer.money,qy_question_answer.num,qy_question_answer.content FROM `qy_question_answer` JOIN qy_user ON qy_user.id = qy_question_answer.uid  WHERE ( pid=10 )  [ RunTime:0.0043s ]
SQL: SELECT qy_user.uid,qy_user.face,qy_question_answer.money,qy_question_answer.num,qy_question_answer.content FROM `qy_question_answer` JOIN qy_user ON qy_user.id = qy_question_answer.uid  WHERE ( pid=9 )  [ RunTime:0.0062s ]
SQL: SELECT qy_user.uid,qy_user.face,qy_question_answer.money,qy_question_answer.num,qy_question_answer.content FROM `qy_question_answer` JOIN qy_user ON qy_user.id = qy_question_answer.uid  WHERE ( pid=8 )  [ RunTime:0.0071s ]
SQL: SELECT qy_user.uid,qy_user.face,qy_question_answer.money,qy_question_answer.num,qy_question_answer.content FROM `qy_question_answer` JOIN qy_user ON qy_user.id = qy_question_answer.uid  WHERE ( pid=7 )  [ RunTime:0.0047s ]
SQL: SELECT qy_user.uid,qy_user.face,qy_question_answer.money,qy_question_answer.num,qy_question_answer.content FROM `qy_question_answer` JOIN qy_user ON qy_user.id = qy_question_answer.uid  WHERE ( pid=1 )  [ RunTime:0.0048s ]
INFO: [ view_parse ] --START--
INFO: [ template_filter ] --START--
INFO: Run Behavior\ContentReplaceBehavior [ RunTime:0.000094s ]
INFO: [ template_filter ] --END-- [ RunTime:0.000137s ]
NOTIC: [8] Undefined variable: a F:\xampp\htdocs\qiyun\Runtime\Cache\Home\769e70f2e46f34ceb60619bbda5e4691.php 第 58 行.
NOTIC: [8] Undefined index: id F:\xampp\htdocs\qiyun\Runtime\Cache\Home\769e70f2e46f34ceb60619bbda5e4691.php 第 67 行.
NOTIC: [8] Undefined offset: 2 F:\xampp\htdocs\qiyun\Runtime\Cache\Home\769e70f2e46f34ceb60619bbda5e4691.php 第 103 行.
INFO: Run Behavior\ParseTemplateBehavior [ RunTime:0.013836s ]
INFO: [ view_parse ] --END-- [ RunTime:0.013911s ]
INFO: [ view_filter ] --START--
INFO: Run Behavior\WriteHtmlCacheBehavior [ RunTime:0.000585s ]
INFO: [ view_filter ] --END-- [ RunTime:0.000630s ]
INFO: [ app_end ] --START--
INFO: Run Behavior\ShowPageTraceBehavior [ RunTime:0.001196s ]
INFO: [ app_end ] --END-- [ RunTime:0.001255s ]

[ 2017-06-07T09:17:38+08:00 ] 127.0.0.1 /qiyun/index.php?s=/Home/User/index/type/5.html
INFO: [ app_init ] --START--
INFO: Run Behavior\BuildLiteBehavior [ RunTime:0.000012s ]
INFO: Run Common\Behavior\InitHookBehavior [ RunTime:0.002024s ]
INFO: [ app_init ] --END-- [ RunTime:0.002549s ]
INFO: [ app_begin ] --START--
INFO: Run Behavior\ReadHtmlCacheBehavior [ RunTime:0.000582s ]
INFO: [ app_begin ] --END-- [ RunTime:0.000637s ]
SQL: SHOW COLUMNS FROM `qy_config` [ RunTime:0.0081s ]
SQL: SELECT `type`,`name`,`value` FROM `qy_config` WHERE `status` = 1  [ RunTime:0.0047s ]
SQL: SHOW COLUMNS FROM `qy_user` [ RunTime:0.0083s ]
SQL: SELECT `id`,`uid`,`OpenID`,`nickname`,`face`,`username`,`company`,`position`,`phone`,`area`,`excelled`,`content`,`level`,`addtime`,`is_apply`,`is_zs`,`total_money`,`user_money`,`status` FROM `qy_user` WHERE `id` = 3  [ RunTime:0.0036s ]
INFO: [ view_parse ] --START--
INFO: [ template_filter ] --START--
INFO: Run Behavior\ContentReplaceBehavior [ RunTime:0.000096s ]
INFO: [ template_filter ] --END-- [ RunTime:0.000151s ]
INFO: Run Behavior\ParseTemplateBehavior [ RunTime:0.042951s ]
INFO: [ view_parse ] --END-- [ RunTime:0.043017s ]
INFO: [ view_filter ] --START--
INFO: Run Behavior\WriteHtmlCacheBehavior [ RunTime:0.000560s ]
INFO: [ view_filter ] --END-- [ RunTime:0.000597s ]
INFO: [ app_end ] --START--
INFO: Run Behavior\ShowPageTraceBehavior [ RunTime:0.000729s ]
INFO: [ app_end ] --END-- [ RunTime:0.000764s ]

[ 2017-06-07T09:17:42+08:00 ] 127.0.0.1 /qiyun/index.php?s=/Home/User/myQuestion.html
INFO: [ app_init ] --START--
INFO: Run Behavior\BuildLiteBehavior [ RunTime:0.000013s ]
INFO: Run Common\Behavior\InitHookBehavior [ RunTime:0.002757s ]
INFO: [ app_init ] --END-- [ RunTime:0.003353s ]
INFO: [ app_begin ] --START--
INFO: Run Behavior\ReadHtmlCacheBehavior [ RunTime:0.000631s ]
INFO: [ app_begin ] --END-- [ RunTime:0.000690s ]
SQL: SHOW COLUMNS FROM `qy_config` [ RunTime:0.0116s ]
SQL: SELECT `type`,`name`,`value` FROM `qy_config` WHERE `status` = 1  [ RunTime:0.0044s ]
SQL: SHOW COLUMNS FROM `qy_question` [ RunTime:0.0081s ]
SQL: SELECT COUNT(*) AS tp_count FROM `qy_question` WHERE ( uid=3 ) LIMIT 1   [ RunTime:0.0061s ]
SQL: SELECT `id`,`title`,`content`,`addtime` FROM `qy_question` WHERE ( uid=3 ) ORDER BY id DESC LIMIT 0,10   [ RunTime:0.0045s ]
SQL: SHOW COLUMNS FROM `qy_question_answer` [ RunTime:0.0054s ]
SQL: SELECT COUNT(*) AS answer_num,SUM('num') AS number FROM `qy_question_answer` WHERE ( pid=21 ) LIMIT 1   [ RunTime:0.0032s ]
SQL: SELECT COUNT(*) AS answer_num,SUM('num') AS number FROM `qy_question_answer` WHERE ( pid=20 ) LIMIT 1   [ RunTime:0.0072s ]
SQL: SELECT COUNT(*) AS answer_num,SUM('num') AS number FROM `qy_question_answer` WHERE ( pid=19 ) LIMIT 1   [ RunTime:0.0046s ]
SQL: SELECT COUNT(*) AS answer_num,SUM('num') AS number FROM `qy_question_answer` WHERE ( pid=18 ) LIMIT 1   [ RunTime:0.0045s ]
INFO: [ view_parse ] --START--
INFO: [ template_filter ] --START--
INFO: Run Behavior\ContentReplaceBehavior [ RunTime:0.000073s ]
INFO: [ template_filter ] --END-- [ RunTime:0.000117s ]
INFO: Run Behavior\ParseTemplateBehavior [ RunTime:0.062607s ]
INFO: [ view_parse ] --END-- [ RunTime:0.062673s ]
INFO: [ view_filter ] --START--
INFO: Run Behavior\WriteHtmlCacheBehavior [ RunTime:0.000469s ]
INFO: [ view_filter ] --END-- [ RunTime:0.000504s ]
INFO: [ app_end ] --START--
INFO: Run Behavior\ShowPageTraceBehavior [ RunTime:0.000709s ]
INFO: [ app_end ] --END-- [ RunTime:0.000749s ]

[ 2017-06-07T09:17:48+08:00 ] 127.0.0.1 /qiyun/index.php?s=/Home/Index/index/type/1.html
INFO: [ app_init ] --START--
INFO: Run Behavior\BuildLiteBehavior [ RunTime:0.000013s ]
INFO: Run Common\Behavior\InitHookBehavior [ RunTime:0.002547s ]
INFO: [ app_init ] --END-- [ RunTime:0.003109s ]
INFO: [ app_begin ] --START--
INFO: Run Behavior\ReadHtmlCacheBehavior [ RunTime:0.000731s ]
INFO: [ app_begin ] --END-- [ RunTime:0.000801s ]
SQL: SHOW COLUMNS FROM `qy_config` [ RunTime:0.0060s ]
SQL: SELECT `type`,`name`,`value` FROM `qy_config` WHERE `status` = 1  [ RunTime:0.0042s ]
SQL: SHOW COLUMNS FROM `qy_question` [ RunTime:0.0059s ]
SQL: SELECT COUNT(*) AS tp_count FROM `qy_question` WHERE qy_question.is_tj = 1 LIMIT 1   [ RunTime:0.0032s ]
SQL: SELECT qy_question.id,qy_question.title,qy_question.content,qy_user.nickname,qy_user.company,qy_user.area,qy_user.position FROM `qy_question` JOIN qy_user ON qy_user.id = qy_question.uid  WHERE qy_question.is_tj = 1 ORDER BY id DESC LIMIT 0,10   [ RunTime:0.0042s ]
SQL: SHOW COLUMNS FROM `qy_question_answer` [ RunTime:0.0050s ]
SQL: SELECT qy_user.uid,qy_user.face,qy_question_answer.money,qy_question_answer.num,qy_question_answer.content FROM `qy_question_answer` JOIN qy_user ON qy_user.id = qy_question_answer.uid  WHERE ( pid=11 )  [ RunTime:0.0039s ]
SQL: SELECT qy_user.uid,qy_user.face,qy_question_answer.money,qy_question_answer.num,qy_question_answer.content FROM `qy_question_answer` JOIN qy_user ON qy_user.id = qy_question_answer.uid  WHERE ( pid=10 )  [ RunTime:0.0034s ]
SQL: SELECT qy_user.uid,qy_user.face,qy_question_answer.money,qy_question_answer.num,qy_question_answer.content FROM `qy_question_answer` JOIN qy_user ON qy_user.id = qy_question_answer.uid  WHERE ( pid=9 )  [ RunTime:0.0034s ]
SQL: SELECT qy_user.uid,qy_user.face,qy_question_answer.money,qy_question_answer.num,qy_question_answer.content FROM `qy_question_answer` JOIN qy_user ON qy_user.id = qy_question_answer.uid  WHERE ( pid=8 )  [ RunTime:0.0033s ]
SQL: SELECT qy_user.uid,qy_user.face,qy_question_answer.money,qy_question_answer.num,qy_question_answer.content FROM `qy_question_answer` JOIN qy_user ON qy_user.id = qy_question_answer.uid  WHERE ( pid=7 )  [ RunTime:0.0036s ]
SQL: SELECT qy_user.uid,qy_user.face,qy_question_answer.money,qy_question_answer.num,qy_question_answer.content FROM `qy_question_answer` JOIN qy_user ON qy_user.id = qy_question_answer.uid  WHERE ( pid=1 )  [ RunTime:0.0038s ]
INFO: [ view_parse ] --START--
INFO: [ template_filter ] --START--
INFO: Run Behavior\ContentReplaceBehavior [ RunTime:0.000107s ]
INFO: [ template_filter ] --END-- [ RunTime:0.000173s ]
NOTIC: [8] Undefined variable: a F:\xampp\htdocs\qiyun\Runtime\Cache\Home\769e70f2e46f34ceb60619bbda5e4691.php 第 58 行.
NOTIC: [8] Undefined index: id F:\xampp\htdocs\qiyun\Runtime\Cache\Home\769e70f2e46f34ceb60619bbda5e4691.php 第 67 行.
INFO: Run Behavior\ParseTemplateBehavior [ RunTime:0.015142s ]
INFO: [ view_parse ] --END-- [ RunTime:0.015189s ]
INFO: [ view_filter ] --START--
INFO: Run Behavior\WriteHtmlCacheBehavior [ RunTime:0.000537s ]
INFO: [ view_filter ] --END-- [ RunTime:0.000573s ]
INFO: [ app_end ] --START--
INFO: Run Behavior\ShowPageTraceBehavior [ RunTime:0.000858s ]
INFO: [ app_end ] --END-- [ RunTime:0.000928s ]

[ 2017-06-07T09:17:49+08:00 ] 127.0.0.1 /qiyun/index.php?s=/Home/Index/question_release.html
INFO: [ app_init ] --START--
INFO: Run Behavior\BuildLiteBehavior [ RunTime:0.000014s ]
INFO: Run Common\Behavior\InitHookBehavior [ RunTime:0.002143s ]
INFO: [ app_init ] --END-- [ RunTime:0.002712s ]
INFO: [ app_begin ] --START--
INFO: Run Behavior\ReadHtmlCacheBehavior [ RunTime:0.000570s ]
INFO: [ app_begin ] --END-- [ RunTime:0.000628s ]
SQL: SHOW COLUMNS FROM `qy_config` [ RunTime:0.0058s ]
SQL: SELECT `type`,`name`,`value` FROM `qy_config` WHERE `status` = 1  [ RunTime:0.0046s ]
INFO: [ view_parse ] --START--
INFO: [ template_filter ] --START--
INFO: Run Behavior\ContentReplaceBehavior [ RunTime:0.000077s ]
INFO: [ template_filter ] --END-- [ RunTime:0.000135s ]
INFO: Run Behavior\ParseTemplateBehavior [ RunTime:0.010946s ]
INFO: [ view_parse ] --END-- [ RunTime:0.010996s ]
INFO: [ view_filter ] --START--
INFO: Run Behavior\WriteHtmlCacheBehavior [ RunTime:0.000549s ]
INFO: [ view_filter ] --END-- [ RunTime:0.000586s ]
INFO: [ app_end ] --START--
INFO: Run Behavior\ShowPageTraceBehavior [ RunTime:0.000986s ]
INFO: [ app_end ] --END-- [ RunTime:0.001057s ]

[ 2017-06-07T09:17:55+08:00 ] 127.0.0.1 /qiyun/index.php?s=/Home/Index/question_release.html
INFO: [ app_init ] --START--
INFO: Run Behavior\BuildLiteBehavior [ RunTime:0.000012s ]
INFO: Run Common\Behavior\InitHookBehavior [ RunTime:0.002003s ]
INFO: [ app_init ] --END-- [ RunTime:0.002527s ]
INFO: [ app_begin ] --START--
INFO: Run Behavior\ReadHtmlCacheBehavior [ RunTime:0.000615s ]
INFO: [ app_begin ] --END-- [ RunTime:0.000672s ]
SQL: SHOW COLUMNS FROM `qy_config` [ RunTime:0.0065s ]
SQL: SELECT `type`,`name`,`value` FROM `qy_config` WHERE `status` = 1  [ RunTime:0.0038s ]
SQL: SHOW COLUMNS FROM `qy_question` [ RunTime:0.0051s ]
SQL: INSERT INTO `qy_question` (`title`,`content`,`type`,`uid`,`addtime`) VALUES ('123阿德','13331','0002','3','1496798275') [ RunTime:0.0085s ]
INFO: [ view_parse ] --START--
INFO: [ template_filter ] --START--
INFO: Run Behavior\ContentReplaceBehavior [ RunTime:0.000057s ]
INFO: [ template_filter ] --END-- [ RunTime:0.000118s ]
INFO: Run Behavior\ParseTemplateBehavior [ RunTime:0.054027s ]
INFO: [ view_parse ] --END-- [ RunTime:0.054102s ]
INFO: [ view_filter ] --START--
INFO: Run Behavior\WriteHtmlCacheBehavior [ RunTime:0.000894s ]
INFO: [ view_filter ] --END-- [ RunTime:0.000940s ]

[ 2017-06-07T09:17:56+08:00 ] 127.0.0.1 /qiyun/index.php?s=/Home/Index/index.html
INFO: [ app_init ] --START--
INFO: Run Behavior\BuildLiteBehavior [ RunTime:0.000011s ]
INFO: Run Common\Behavior\InitHookBehavior [ RunTime:0.002075s ]
INFO: [ app_init ] --END-- [ RunTime:0.002590s ]
INFO: [ app_begin ] --START--
INFO: Run Behavior\ReadHtmlCacheBehavior [ RunTime:0.000606s ]
INFO: [ app_begin ] --END-- [ RunTime:0.000670s ]
SQL: SHOW COLUMNS FROM `qy_config` [ RunTime:0.0059s ]
SQL: SELECT `type`,`name`,`value` FROM `qy_config` WHERE `status` = 1  [ RunTime:0.0138s ]
SQL: SHOW COLUMNS FROM `qy_question` [ RunTime:0.0058s ]
SQL: SELECT COUNT(*) AS tp_count FROM `qy_question` WHERE qy_question.is_tj = 1 LIMIT 1   [ RunTime:0.0045s ]
SQL: SELECT qy_question.id,qy_question.title,qy_question.content,qy_user.nickname,qy_user.company,qy_user.area,qy_user.position FROM `qy_question` JOIN qy_user ON qy_user.id = qy_question.uid  WHERE qy_question.is_tj = 1 ORDER BY id DESC LIMIT 0,10   [ RunTime:0.0086s ]
SQL: SHOW COLUMNS FROM `qy_question_answer` [ RunTime:0.0055s ]
SQL: SELECT qy_user.uid,qy_user.face,qy_question_answer.money,qy_question_answer.num,qy_question_answer.content FROM `qy_question_answer` JOIN qy_user ON qy_user.id = qy_question_answer.uid  WHERE ( pid=11 )  [ RunTime:0.0083s ]
SQL: SELECT qy_user.uid,qy_user.face,qy_question_answer.money,qy_question_answer.num,qy_question_answer.content FROM `qy_question_answer` JOIN qy_user ON qy_user.id = qy_question_answer.uid  WHERE ( pid=10 )  [ RunTime:0.0232s ]
SQL: SELECT qy_user.uid,qy_user.face,qy_question_answer.money,qy_question_answer.num,qy_question_answer.content FROM `qy_question_answer` JOIN qy_user ON qy_user.id = qy_question_answer.uid  WHERE ( pid=9 )  [ RunTime:0.0204s ]
SQL: SELECT qy_user.uid,qy_user.face,qy_question_answer.money,qy_question_answer.num,qy_question_answer.content FROM `qy_question_answer` JOIN qy_user ON qy_user.id = qy_question_answer.uid  WHERE ( pid=8 )  [ RunTime:0.0040s ]
SQL: SELECT qy_user.uid,qy_user.face,qy_question_answer.money,qy_question_answer.num,qy_question_answer.content FROM `qy_question_answer` JOIN qy_user ON qy_user.id = qy_question_answer.uid  WHERE ( pid=7 )  [ RunTime:0.0086s ]
SQL: SELECT qy_user.uid,qy_user.face,qy_question_answer.money,qy_question_answer.num,qy_question_answer.content FROM `qy_question_answer` JOIN qy_user ON qy_user.id = qy_question_answer.uid  WHERE ( pid=1 )  [ RunTime:0.0034s ]
INFO: [ view_parse ] --START--
INFO: [ template_filter ] --START--
INFO: Run Behavior\ContentReplaceBehavior [ RunTime:0.000088s ]
INFO: [ template_filter ] --END-- [ RunTime:0.000134s ]
NOTIC: [8] Undefined variable: a F:\xampp\htdocs\qiyun\Runtime\Cache\Home\769e70f2e46f34ceb60619bbda5e4691.php 第 58 行.
NOTIC: [8] Undefined index: id F:\xampp\htdocs\qiyun\Runtime\Cache\Home\769e70f2e46f34ceb60619bbda5e4691.php 第 67 行.
INFO: Run Behavior\ParseTemplateBehavior [ RunTime:0.014263s ]
INFO: [ view_parse ] --END-- [ RunTime:0.014313s ]
INFO: [ view_filter ] --START--
INFO: Run Behavior\WriteHtmlCacheBehavior [ RunTime:0.000535s ]
INFO: [ view_filter ] --END-- [ RunTime:0.000570s ]
INFO: [ app_end ] --START--
INFO: Run Behavior\ShowPageTraceBehavior [ RunTime:0.000900s ]
INFO: [ app_end ] --END-- [ RunTime:0.000994s ]

[ 2017-06-07T09:17:58+08:00 ] 127.0.0.1 /qiyun/index.php?s=/Home/User/index/type/5.html
INFO: [ app_init ] --START--
INFO: Run Behavior\BuildLiteBehavior [ RunTime:0.000014s ]
INFO: Run Common\Behavior\InitHookBehavior [ RunTime:0.002092s ]
INFO: [ app_init ] --END-- [ RunTime:0.002660s ]
INFO: [ app_begin ] --START--
INFO: Run Behavior\ReadHtmlCacheBehavior [ RunTime:0.000608s ]
INFO: [ app_begin ] --END-- [ RunTime:0.000690s ]
SQL: SHOW COLUMNS FROM `qy_config` [ RunTime:0.0068s ]
SQL: SELECT `type`,`name`,`value` FROM `qy_config` WHERE `status` = 1  [ RunTime:0.0166s ]
SQL: SHOW COLUMNS FROM `qy_user` [ RunTime:0.0131s ]
SQL: SELECT `id`,`uid`,`OpenID`,`nickname`,`face`,`username`,`company`,`position`,`phone`,`area`,`excelled`,`content`,`level`,`addtime`,`is_apply`,`is_zs`,`total_money`,`user_money`,`status` FROM `qy_user` WHERE `id` = 3  [ RunTime:0.0051s ]
INFO: [ view_parse ] --START--
INFO: [ template_filter ] --START--
INFO: Run Behavior\ContentReplaceBehavior [ RunTime:0.000081s ]
INFO: [ template_filter ] --END-- [ RunTime:0.000125s ]
INFO: Run Behavior\ParseTemplateBehavior [ RunTime:0.012001s ]
INFO: [ view_parse ] --END-- [ RunTime:0.012065s ]
INFO: [ view_filter ] --START--
INFO: Run Behavior\WriteHtmlCacheBehavior [ RunTime:0.000640s ]
INFO: [ view_filter ] --END-- [ RunTime:0.000676s ]
INFO: [ app_end ] --START--
INFO: Run Behavior\ShowPageTraceBehavior [ RunTime:0.000715s ]
INFO: [ app_end ] --END-- [ RunTime:0.000752s ]

[ 2017-06-07T09:17:59+08:00 ] 127.0.0.1 /qiyun/index.php?s=/Home/User/myQuestion.html
INFO: [ app_init ] --START--
INFO: Run Behavior\BuildLiteBehavior [ RunTime:0.000013s ]
INFO: Run Common\Behavior\InitHookBehavior [ RunTime:0.001780s ]
INFO: [ app_init ] --END-- [ RunTime:0.002251s ]
INFO: [ app_begin ] --START--
INFO: Run Behavior\ReadHtmlCacheBehavior [ RunTime:0.000526s ]
INFO: [ app_begin ] --END-- [ RunTime:0.000590s ]
SQL: SHOW COLUMNS FROM `qy_config` [ RunTime:0.0057s ]
SQL: SELECT `type`,`name`,`value` FROM `qy_config` WHERE `status` = 1  [ RunTime:0.0041s ]
SQL: SHOW COLUMNS FROM `qy_question` [ RunTime:0.0059s ]
SQL: SELECT COUNT(*) AS tp_count FROM `qy_question` WHERE ( uid=3 ) LIMIT 1   [ RunTime:0.0056s ]
SQL: SELECT `id`,`title`,`content`,`addtime` FROM `qy_question` WHERE ( uid=3 ) ORDER BY id DESC LIMIT 0,10   [ RunTime:0.0034s ]
SQL: SHOW COLUMNS FROM `qy_question_answer` [ RunTime:0.0056s ]
SQL: SELECT COUNT(*) AS answer_num,SUM('num') AS number FROM `qy_question_answer` WHERE ( pid=31 ) LIMIT 1   [ RunTime:0.0050s ]
SQL: SELECT COUNT(*) AS answer_num,SUM('num') AS number FROM `qy_question_answer` WHERE ( pid=21 ) LIMIT 1   [ RunTime:0.0054s ]
SQL: SELECT COUNT(*) AS answer_num,SUM('num') AS number FROM `qy_question_answer` WHERE ( pid=20 ) LIMIT 1   [ RunTime:0.0041s ]
SQL: SELECT COUNT(*) AS answer_num,SUM('num') AS number FROM `qy_question_answer` WHERE ( pid=19 ) LIMIT 1   [ RunTime:0.0039s ]
SQL: SELECT COUNT(*) AS answer_num,SUM('num') AS number FROM `qy_question_answer` WHERE ( pid=18 ) LIMIT 1   [ RunTime:0.0120s ]
INFO: [ view_parse ] --START--
INFO: [ template_filter ] --START--
INFO: Run Behavior\ContentReplaceBehavior [ RunTime:0.000077s ]
INFO: [ template_filter ] --END-- [ RunTime:0.000124s ]
INFO: Run Behavior\ParseTemplateBehavior [ RunTime:0.011680s ]
INFO: [ view_parse ] --END-- [ RunTime:0.011759s ]
INFO: [ view_filter ] --START--
INFO: Run Behavior\WriteHtmlCacheBehavior [ RunTime:0.000564s ]
INFO: [ view_filter ] --END-- [ RunTime:0.000602s ]
INFO: [ app_end ] --START--
INFO: Run Behavior\ShowPageTraceBehavior [ RunTime:0.000680s ]
INFO: [ app_end ] --END-- [ RunTime:0.000718s ]

[ 2017-06-07T09:18:20+08:00 ] 127.0.0.1 /qiyun/index.php?s=/Home/Index/index/type/1.html
INFO: [ app_init ] --START--
INFO: Run Behavior\BuildLiteBehavior [ RunTime:0.000022s ]
INFO: Run Common\Behavior\InitHookBehavior [ RunTime:0.002281s ]
INFO: [ app_init ] --END-- [ RunTime:0.003008s ]
INFO: [ app_begin ] --START--
INFO: Run Behavior\ReadHtmlCacheBehavior [ RunTime:0.000623s ]
INFO: [ app_begin ] --END-- [ RunTime:0.000670s ]
SQL: SHOW COLUMNS FROM `qy_config` [ RunTime:0.0083s ]
SQL: SELECT `type`,`name`,`value` FROM `qy_config` WHERE `status` = 1  [ RunTime:0.0065s ]
SQL: SHOW COLUMNS FROM `qy_question` [ RunTime:0.0103s ]
SQL: SELECT COUNT(*) AS tp_count FROM `qy_question` WHERE qy_question.is_tj = 1 LIMIT 1   [ RunTime:0.0199s ]
SQL: SELECT qy_question.id,qy_question.title,qy_question.content,qy_user.nickname,qy_user.company,qy_user.area,qy_user.position FROM `qy_question` JOIN qy_user ON qy_user.id = qy_question.uid  WHERE qy_question.is_tj = 1 ORDER BY id DESC LIMIT 0,10   [ RunTime:0.0081s ]
SQL: SHOW COLUMNS FROM `qy_question_answer` [ RunTime:0.0060s ]
SQL: SELECT qy_user.uid,qy_user.face,qy_question_answer.money,qy_question_answer.num,qy_question_answer.content FROM `qy_question_answer` JOIN qy_user ON qy_user.id = qy_question_answer.uid  WHERE ( pid=11 )  [ RunTime:0.0047s ]
SQL: SELECT qy_user.uid,qy_user.face,qy_question_answer.money,qy_question_answer.num,qy_question_answer.content FROM `qy_question_answer` JOIN qy_user ON qy_user.id = qy_question_answer.uid  WHERE ( pid=10 )  [ RunTime:0.0039s ]
SQL: SELECT qy_user.uid,qy_user.face,qy_question_answer.money,qy_question_answer.num,qy_question_answer.content FROM `qy_question_answer` JOIN qy_user ON qy_user.id = qy_question_answer.uid  WHERE ( pid=9 )  [ RunTime:0.0052s ]
SQL: SELECT qy_user.uid,qy_user.face,qy_question_answer.money,qy_question_answer.num,qy_question_answer.content FROM `qy_question_answer` JOIN qy_user ON qy_user.id = qy_question_answer.uid  WHERE ( pid=8 )  [ RunTime:0.0040s ]
SQL: SELECT qy_user.uid,qy_user.face,qy_question_answer.money,qy_question_answer.num,qy_question_answer.content FROM `qy_question_answer` JOIN qy_user ON qy_user.id = qy_question_answer.uid  WHERE ( pid=7 )  [ RunTime:0.0048s ]
SQL: SELECT qy_user.uid,qy_user.face,qy_question_answer.money,qy_question_answer.num,qy_question_answer.content FROM `qy_question_answer` JOIN qy_user ON qy_user.id = qy_question_answer.uid  WHERE ( pid=1 )  [ RunTime:0.0041s ]
INFO: [ view_parse ] --START--
INFO: [ template_filter ] --START--
INFO: Run Behavior\ContentReplaceBehavior [ RunTime:0.000086s ]
INFO: [ template_filter ] --END-- [ RunTime:0.000133s ]
NOTIC: [8] Undefined variable: a F:\xampp\htdocs\qiyun\Runtime\Cache\Home\769e70f2e46f34ceb60619bbda5e4691.php 第 58 行.
NOTIC: [8] Undefined index: id F:\xampp\htdocs\qiyun\Runtime\Cache\Home\769e70f2e46f34ceb60619bbda5e4691.php 第 67 行.
INFO: Run Behavior\ParseTemplateBehavior [ RunTime:0.013838s ]
INFO: [ view_parse ] --END-- [ RunTime:0.013887s ]
INFO: [ view_filter ] --START--
INFO: Run Behavior\WriteHtmlCacheBehavior [ RunTime:0.000617s ]
INFO: [ view_filter ] --END-- [ RunTime:0.000662s ]
INFO: [ app_end ] --START--
INFO: Run Behavior\ShowPageTraceBehavior [ RunTime:0.001174s ]
INFO: [ app_end ] --END-- [ RunTime:0.001252s ]

[ 2017-06-07T09:18:21+08:00 ] 127.0.0.1 /qiyun/index.php?s=/Home/Index/question_release.html
INFO: [ app_init ] --START--
INFO: Run Behavior\BuildLiteBehavior [ RunTime:0.000012s ]
INFO: Run Common\Behavior\InitHookBehavior [ RunTime:0.002079s ]
INFO: [ app_init ] --END-- [ RunTime:0.002599s ]
INFO: [ app_begin ] --START--
INFO: Run Behavior\ReadHtmlCacheBehavior [ RunTime:0.000562s ]
INFO: [ app_begin ] --END-- [ RunTime:0.000621s ]
SQL: SHOW COLUMNS FROM `qy_config` [ RunTime:0.0114s ]
SQL: SELECT `type`,`name`,`value` FROM `qy_config` WHERE `status` = 1  [ RunTime:0.0084s ]
INFO: [ view_parse ] --START--
INFO: [ template_filter ] --START--
INFO: Run Behavior\ContentReplaceBehavior [ RunTime:0.000070s ]
INFO: [ template_filter ] --END-- [ RunTime:0.000120s ]
INFO: Run Behavior\ParseTemplateBehavior [ RunTime:0.011363s ]
INFO: [ view_parse ] --END-- [ RunTime:0.011425s ]
INFO: [ view_filter ] --START--
INFO: Run Behavior\WriteHtmlCacheBehavior [ RunTime:0.000551s ]
INFO: [ view_filter ] --END-- [ RunTime:0.000588s ]
INFO: [ app_end ] --START--
INFO: Run Behavior\ShowPageTraceBehavior [ RunTime:0.000679s ]
INFO: [ app_end ] --END-- [ RunTime:0.000716s ]

[ 2017-06-07T09:20:27+08:00 ] 127.0.0.1 /qiyun/index.php?s=/Home/Index/question_release.html
INFO: [ app_init ] --START--
INFO: Run Behavior\BuildLiteBehavior [ RunTime:0.000011s ]
INFO: Run Common\Behavior\InitHookBehavior [ RunTime:0.002519s ]
INFO: [ app_init ] --END-- [ RunTime:0.003116s ]
INFO: [ app_begin ] --START--
INFO: Run Behavior\ReadHtmlCacheBehavior [ RunTime:0.000637s ]
INFO: [ app_begin ] --END-- [ RunTime:0.000684s ]
SQL: SHOW COLUMNS FROM `qy_config` [ RunTime:0.0110s ]
SQL: SELECT `type`,`name`,`value` FROM `qy_config` WHERE `status` = 1  [ RunTime:0.0047s ]
INFO: [ view_parse ] --START--
INFO: [ template_filter ] --START--
INFO: Run Behavior\ContentReplaceBehavior [ RunTime:0.000065s ]
INFO: [ template_filter ] --END-- [ RunTime:0.000107s ]
INFO: Run Behavior\ParseTemplateBehavior [ RunTime:0.010797s ]
INFO: [ view_parse ] --END-- [ RunTime:0.010858s ]
INFO: [ view_filter ] --START--
INFO: Run Behavior\WriteHtmlCacheBehavior [ RunTime:0.000605s ]
INFO: [ view_filter ] --END-- [ RunTime:0.000656s ]
INFO: [ app_end ] --START--
INFO: Run Behavior\ShowPageTraceBehavior [ RunTime:0.000717s ]
INFO: [ app_end ] --END-- [ RunTime:0.000752s ]

[ 2017-06-07T09:20:38+08:00 ] 127.0.0.1 /qiyun/index.php?s=/Home/Index/question_release.html
INFO: [ app_init ] --START--
INFO: Run Behavior\BuildLiteBehavior [ RunTime:0.000012s ]
INFO: Run Common\Behavior\InitHookBehavior [ RunTime:0.002649s ]
INFO: [ app_init ] --END-- [ RunTime:0.003216s ]
INFO: [ app_begin ] --START--
INFO: Run Behavior\ReadHtmlCacheBehavior [ RunTime:0.000688s ]
INFO: [ app_begin ] --END-- [ RunTime:0.000737s ]
SQL: SHOW COLUMNS FROM `qy_config` [ RunTime:0.0142s ]
SQL: SELECT `type`,`name`,`value` FROM `qy_config` WHERE `status` = 1  [ RunTime:0.0058s ]
INFO: [ view_parse ] --START--
INFO: [ template_filter ] --START--
INFO: Run Behavior\ContentReplaceBehavior [ RunTime:0.000068s ]
INFO: [ template_filter ] --END-- [ RunTime:0.000116s ]
INFO: Run Behavior\ParseTemplateBehavior [ RunTime:0.012230s ]
INFO: [ view_parse ] --END-- [ RunTime:0.012278s ]
INFO: [ view_filter ] --START--
INFO: Run Behavior\WriteHtmlCacheBehavior [ RunTime:0.000549s ]
INFO: [ view_filter ] --END-- [ RunTime:0.000600s ]
INFO: [ app_end ] --START--
INFO: Run Behavior\ShowPageTraceBehavior [ RunTime:0.000693s ]
INFO: [ app_end ] --END-- [ RunTime:0.000729s ]

[ 2017-06-07T09:23:13+08:00 ] 127.0.0.1 /qiyun/index.php?s=/Home/Index/question_release.html
INFO: [ app_init ] --START--
INFO: Run Behavior\BuildLiteBehavior [ RunTime:0.000012s ]
INFO: Run Common\Behavior\InitHookBehavior [ RunTime:0.002499s ]
INFO: [ app_init ] --END-- [ RunTime:0.003087s ]
INFO: [ app_begin ] --START--
INFO: Run Behavior\ReadHtmlCacheBehavior [ RunTime:0.000655s ]
INFO: [ app_begin ] --END-- [ RunTime:0.000721s ]
SQL: SHOW COLUMNS FROM `qy_config` [ RunTime:0.0102s ]
SQL: SELECT `type`,`name`,`value` FROM `qy_config` WHERE `status` = 1  [ RunTime:0.0103s ]
SQL: SHOW COLUMNS FROM `qy_question` [ RunTime:0.0128s ]
SQL: INSERT INTO `qy_question` (`title`,`content`,`type`,`uid`,`addtime`) VALUES ('112','223','0002,0039','3','1496798592') [ RunTime:0.7190s ]
INFO: [ view_parse ] --START--
INFO: [ template_filter ] --START--
INFO: Run Behavior\ContentReplaceBehavior [ RunTime:0.000045s ]
INFO: [ template_filter ] --END-- [ RunTime:0.000097s ]
INFO: Run Behavior\ParseTemplateBehavior [ RunTime:0.010543s ]
INFO: [ view_parse ] --END-- [ RunTime:0.010593s ]
INFO: [ view_filter ] --START--
INFO: Run Behavior\WriteHtmlCacheBehavior [ RunTime:0.000521s ]
INFO: [ view_filter ] --END-- [ RunTime:0.000556s ]

[ 2017-06-07T09:23:13+08:00 ] 127.0.0.1 /qiyun/index.php?s=/Home/Index/question_release.html
INFO: [ app_init ] --START--
INFO: Run Behavior\BuildLiteBehavior [ RunTime:0.000012s ]
INFO: Run Common\Behavior\InitHookBehavior [ RunTime:0.002550s ]
INFO: [ app_init ] --END-- [ RunTime:0.003130s ]
INFO: [ app_begin ] --START--
INFO: Run Behavior\ReadHtmlCacheBehavior [ RunTime:0.000661s ]
INFO: [ app_begin ] --END-- [ RunTime:0.000713s ]
SQL: SHOW COLUMNS FROM `qy_config` [ RunTime:0.0079s ]
SQL: SELECT `type`,`name`,`value` FROM `qy_config` WHERE `status` = 1  [ RunTime:0.0060s ]
INFO: [ view_parse ] --START--
INFO: [ template_filter ] --START--
INFO: Run Behavior\ContentReplaceBehavior [ RunTime:0.000068s ]
INFO: [ template_filter ] --END-- [ RunTime:0.000119s ]
INFO: Run Behavior\ParseTemplateBehavior [ RunTime:0.012203s ]
INFO: [ view_parse ] --END-- [ RunTime:0.012286s ]
INFO: [ view_filter ] --START--
INFO: Run Behavior\WriteHtmlCacheBehavior [ RunTime:0.000678s ]
INFO: [ view_filter ] --END-- [ RunTime:0.000744s ]
INFO: [ app_end ] --START--
INFO: Run Behavior\ShowPageTraceBehavior [ RunTime:0.001140s ]
INFO: [ app_end ] --END-- [ RunTime:0.001223s ]

[ 2017-06-07T09:23:59+08:00 ] 127.0.0.1 /qiyun/index.php?s=/Home/Index/question_release.html
INFO: [ app_init ] --START--
INFO: Run Behavior\BuildLiteBehavior [ RunTime:0.000013s ]
INFO: Run Common\Behavior\InitHookBehavior [ RunTime:0.002531s ]
INFO: [ app_init ] --END-- [ RunTime:0.003101s ]
INFO: [ app_begin ] --START--
INFO: Run Behavior\ReadHtmlCacheBehavior [ RunTime:0.000647s ]
INFO: [ app_begin ] --END-- [ RunTime:0.000712s ]
SQL: SHOW COLUMNS FROM `qy_config` [ RunTime:0.0950s ]
SQL: SELECT `type`,`name`,`value` FROM `qy_config` WHERE `status` = 1  [ RunTime:0.0406s ]
INFO: [ view_parse ] --START--
INFO: [ template_filter ] --START--
INFO: Run Behavior\ContentReplaceBehavior [ RunTime:0.000069s ]
INFO: [ template_filter ] --END-- [ RunTime:0.000133s ]
INFO: Run Behavior\ParseTemplateBehavior [ RunTime:0.011005s ]
INFO: [ view_parse ] --END-- [ RunTime:0.011055s ]
INFO: [ view_filter ] --START--
INFO: Run Behavior\WriteHtmlCacheBehavior [ RunTime:0.000534s ]
INFO: [ view_filter ] --END-- [ RunTime:0.000587s ]
INFO: [ app_end ] --START--
INFO: Run Behavior\ShowPageTraceBehavior [ RunTime:0.000697s ]
INFO: [ app_end ] --END-- [ RunTime:0.000733s ]

[ 2017-06-07T09:24:00+08:00 ] 127.0.0.1 /qiyun/index.php?s=/Home/Index/question_release.html
INFO: [ app_init ] --START--
INFO: Run Behavior\BuildLiteBehavior [ RunTime:0.000014s ]
INFO: Run Common\Behavior\InitHookBehavior [ RunTime:0.002158s ]
INFO: [ app_init ] --END-- [ RunTime:0.002662s ]
INFO: [ app_begin ] --START--
INFO: Run Behavior\ReadHtmlCacheBehavior [ RunTime:0.000615s ]
INFO: [ app_begin ] --END-- [ RunTime:0.000679s ]
SQL: SHOW COLUMNS FROM `qy_config` [ RunTime:0.0045s ]
SQL: SELECT `type`,`name`,`value` FROM `qy_config` WHERE `status` = 1  [ RunTime:0.0005s ]
INFO: [ view_parse ] --START--
INFO: [ template_filter ] --START--
INFO: Run Behavior\ContentReplaceBehavior [ RunTime:0.000071s ]
INFO: [ template_filter ] --END-- [ RunTime:0.000118s ]
INFO: Run Behavior\ParseTemplateBehavior [ RunTime:0.010698s ]
INFO: [ view_parse ] --END-- [ RunTime:0.010746s ]
INFO: [ view_filter ] --START--
INFO: Run Behavior\WriteHtmlCacheBehavior [ RunTime:0.000569s ]
INFO: [ view_filter ] --END-- [ RunTime:0.000604s ]
INFO: [ app_end ] --START--
INFO: Run Behavior\ShowPageTraceBehavior [ RunTime:0.000692s ]
INFO: [ app_end ] --END-- [ RunTime:0.000729s ]

[ 2017-06-07T09:24:00+08:00 ] 127.0.0.1 /qiyun/index.php?s=/Home/Index/question_release.html
INFO: [ app_init ] --START--
INFO: Run Behavior\BuildLiteBehavior [ RunTime:0.000013s ]
INFO: Run Common\Behavior\InitHookBehavior [ RunTime:0.002000s ]
INFO: [ app_init ] --END-- [ RunTime:0.002510s ]
INFO: [ app_begin ] --START--
INFO: Run Behavior\ReadHtmlCacheBehavior [ RunTime:0.000597s ]
INFO: [ app_begin ] --END-- [ RunTime:0.000673s ]
SQL: SHOW COLUMNS FROM `qy_config` [ RunTime:0.0052s ]
SQL: SELECT `type`,`name`,`value` FROM `qy_config` WHERE `status` = 1  [ RunTime:0.0007s ]
INFO: [ view_parse ] --START--
INFO: [ template_filter ] --START--
INFO: Run Behavior\ContentReplaceBehavior [ RunTime:0.000081s ]
INFO: [ template_filter ] --END-- [ RunTime:0.000139s ]
INFO: Run Behavior\ParseTemplateBehavior [ RunTime:0.011613s ]
INFO: [ view_parse ] --END-- [ RunTime:0.011669s ]
INFO: [ view_filter ] --START--
INFO: Run Behavior\WriteHtmlCacheBehavior [ RunTime:0.000551s ]
INFO: [ view_filter ] --END-- [ RunTime:0.000593s ]
INFO: [ app_end ] --START--
INFO: Run Behavior\ShowPageTraceBehavior [ RunTime:0.000739s ]
INFO: [ app_end ] --END-- [ RunTime:0.000783s ]

[ 2017-06-07T09:24:13+08:00 ] 127.0.0.1 /qiyun/index.php?s=/Home/Index/question_release.html
INFO: [ app_init ] --START--
INFO: Run Behavior\BuildLiteBehavior [ RunTime:0.000014s ]
INFO: Run Common\Behavior\InitHookBehavior [ RunTime:0.002044s ]
INFO: [ app_init ] --END-- [ RunTime:0.002602s ]
INFO: [ app_begin ] --START--
INFO: Run Behavior\ReadHtmlCacheBehavior [ RunTime:0.000588s ]
INFO: [ app_begin ] --END-- [ RunTime:0.000644s ]
SQL: SHOW COLUMNS FROM `qy_config` [ RunTime:0.0040s ]
SQL: SELECT `type`,`name`,`value` FROM `qy_config` WHERE `status` = 1  [ RunTime:0.0005s ]
INFO: [ view_parse ] --START--
INFO: [ template_filter ] --START--
INFO: Run Behavior\ContentReplaceBehavior [ RunTime:0.000084s ]
INFO: [ template_filter ] --END-- [ RunTime:0.000146s ]
INFO: Run Behavior\ParseTemplateBehavior [ RunTime:0.014166s ]
INFO: [ view_parse ] --END-- [ RunTime:0.014291s ]
INFO: [ view_filter ] --START--
INFO: Run Behavior\WriteHtmlCacheBehavior [ RunTime:0.001042s ]
INFO: [ view_filter ] --END-- [ RunTime:0.001130s ]
INFO: [ app_end ] --START--
INFO: Run Behavior\ShowPageTraceBehavior [ RunTime:0.001199s ]
INFO: [ app_end ] --END-- [ RunTime:0.001280s ]

[ 2017-06-07T09:59:57+08:00 ] 127.0.0.1 /qiyun/index.php?s=/Home/Index/question_release.html
INFO: [ app_init ] --START--
INFO: Run Behavior\BuildLiteBehavior [ RunTime:0.000012s ]
INFO: Run Common\Behavior\InitHookBehavior [ RunTime:0.003321s ]
INFO: [ app_init ] --END-- [ RunTime:0.003900s ]
INFO: [ app_begin ] --START--
INFO: Run Behavior\ReadHtmlCacheBehavior [ RunTime:0.000852s ]
INFO: [ app_begin ] --END-- [ RunTime:0.000910s ]
SQL: SHOW COLUMNS FROM `qy_config` [ RunTime:0.0061s ]
SQL: SELECT `type`,`name`,`value` FROM `qy_config` WHERE `status` = 1  [ RunTime:0.0006s ]
INFO: [ view_parse ] --START--
INFO: [ template_filter ] --START--
INFO: Run Behavior\ContentReplaceBehavior [ RunTime:0.000068s ]
INFO: [ template_filter ] --END-- [ RunTime:0.000117s ]
INFO: Run Behavior\ParseTemplateBehavior [ RunTime:0.012596s ]
INFO: [ view_parse ] --END-- [ RunTime:0.012655s ]
INFO: [ view_filter ] --START--
INFO: Run Behavior\WriteHtmlCacheBehavior [ RunTime:0.000551s ]
INFO: [ view_filter ] --END-- [ RunTime:0.000587s ]
INFO: [ app_end ] --START--
INFO: Run Behavior\ShowPageTraceBehavior [ RunTime:0.000733s ]
INFO: [ app_end ] --END-- [ RunTime:0.000769s ]

[ 2017-06-07T10:00:17+08:00 ] 127.0.0.1 /qiyun/index.php?s=/Home/Index/question_release.html
INFO: [ app_init ] --START--
INFO: Run Behavior\BuildLiteBehavior [ RunTime:0.000012s ]
INFO: Run Common\Behavior\InitHookBehavior [ RunTime:0.002695s ]
INFO: [ app_init ] --END-- [ RunTime:0.003285s ]
INFO: [ app_begin ] --START--
INFO: Run Behavior\ReadHtmlCacheBehavior [ RunTime:0.000707s ]
INFO: [ app_begin ] --END-- [ RunTime:0.000766s ]
SQL: SHOW COLUMNS FROM `qy_config` [ RunTime:0.0041s ]
SQL: SELECT `type`,`name`,`value` FROM `qy_config` WHERE `status` = 1  [ RunTime:0.0005s ]
INFO: [ view_parse ] --START--
INFO: [ template_filter ] --START--
INFO: Run Behavior\ContentReplaceBehavior [ RunTime:0.000089s ]
INFO: [ template_filter ] --END-- [ RunTime:0.000168s ]
INFO: Run Behavior\ParseTemplateBehavior [ RunTime:0.011743s ]
INFO: [ view_parse ] --END-- [ RunTime:0.011798s ]
INFO: [ view_filter ] --START--
INFO: Run Behavior\WriteHtmlCacheBehavior [ RunTime:0.000552s ]
INFO: [ view_filter ] --END-- [ RunTime:0.000603s ]
INFO: [ app_end ] --START--
INFO: Run Behavior\ShowPageTraceBehavior [ RunTime:0.000706s ]
INFO: [ app_end ] --END-- [ RunTime:0.000742s ]

[ 2017-06-07T10:00:24+08:00 ] 127.0.0.1 /qiyun/index.php?s=/Home/Index/question_release.html
INFO: [ app_init ] --START--
INFO: Run Behavior\BuildLiteBehavior [ RunTime:0.000014s ]
INFO: Run Common\Behavior\InitHookBehavior [ RunTime:0.002747s ]
INFO: [ app_init ] --END-- [ RunTime:0.003336s ]
INFO: [ app_begin ] --START--
INFO: Run Behavior\ReadHtmlCacheBehavior [ RunTime:0.000806s ]
INFO: [ app_begin ] --END-- [ RunTime:0.000896s ]
SQL: SHOW COLUMNS FROM `qy_config` [ RunTime:0.0041s ]
SQL: SELECT `type`,`name`,`value` FROM `qy_config` WHERE `status` = 1  [ RunTime:0.0005s ]
INFO: [ view_parse ] --START--
INFO: [ template_filter ] --START--
INFO: Run Behavior\ContentReplaceBehavior [ RunTime:0.000068s ]
INFO: [ template_filter ] --END-- [ RunTime:0.000118s ]
INFO: Run Behavior\ParseTemplateBehavior [ RunTime:0.011756s ]
INFO: [ view_parse ] --END-- [ RunTime:0.011811s ]
INFO: [ view_filter ] --START--
INFO: Run Behavior\WriteHtmlCacheBehavior [ RunTime:0.000546s ]
INFO: [ view_filter ] --END-- [ RunTime:0.000581s ]
INFO: [ app_end ] --START--
INFO: Run Behavior\ShowPageTraceBehavior [ RunTime:0.000677s ]
INFO: [ app_end ] --END-- [ RunTime:0.000714s ]

[ 2017-06-07T10:00:29+08:00 ] 127.0.0.1 /qiyun/index.php?s=/Home/Lecture/index/type/2.html
INFO: [ app_init ] --START--
INFO: Run Behavior\BuildLiteBehavior [ RunTime:0.000012s ]
INFO: Run Common\Behavior\InitHookBehavior [ RunTime:0.003043s ]
INFO: [ app_init ] --END-- [ RunTime:0.003633s ]
INFO: [ app_begin ] --START--
INFO: Run Behavior\ReadHtmlCacheBehavior [ RunTime:0.000848s ]
INFO: [ app_begin ] --END-- [ RunTime:0.000940s ]
SQL: SHOW COLUMNS FROM `qy_config` [ RunTime:0.0044s ]
SQL: SELECT `type`,`name`,`value` FROM `qy_config` WHERE `status` = 1  [ RunTime:0.0006s ]
SQL: SHOW COLUMNS FROM `qy_lecture` [ RunTime:0.0483s ]
SQL: SELECT COUNT(*) AS tp_count FROM `qy_lecture` WHERE `is_tj` = 1 LIMIT 1   [ RunTime:0.0223s ]
SQL: SELECT `id`,`title`,`content`,`money`,`icon`,`number` FROM `qy_lecture` WHERE `is_tj` = 1 ORDER BY id DESC LIMIT 0,5   [ RunTime:0.0007s ]
INFO: [ view_parse ] --START--
INFO: [ template_filter ] --START--
INFO: Run Behavior\ContentReplaceBehavior [ RunTime:0.000083s ]
INFO: [ template_filter ] --END-- [ RunTime:0.000128s ]
SQL: SHOW COLUMNS FROM `qy_user` [ RunTime:0.0412s ]
SQL: SELECT `level` FROM `qy_user` WHERE `id` = 3  [ RunTime:0.0004s ]
NOTIC: [8] Use of undefined constant level - assumed 'level' F:\xampp\htdocs\qiyun\Application\Common\Common\function.php 第 38 行.
NOTIC: [8] Undefined index: id F:\xampp\htdocs\qiyun\Runtime\Cache\Home\50acc410d0121b9327781c5b8e03d91c.php 第 65 行.
INFO: Run Behavior\ParseTemplateBehavior [ RunTime:0.073524s ]
INFO: [ view_parse ] --END-- [ RunTime:0.073584s ]
INFO: [ view_filter ] --START--
INFO: Run Behavior\WriteHtmlCacheBehavior [ RunTime:0.000768s ]
INFO: [ view_filter ] --END-- [ RunTime:0.000820s ]
INFO: [ app_end ] --START--
INFO: Run Behavior\ShowPageTraceBehavior [ RunTime:0.001090s ]
INFO: [ app_end ] --END-- [ RunTime:0.001163s ]

[ 2017-06-07T10:00:30+08:00 ] 127.0.0.1 /qiyun/index.php?s=/Home/Index/index/type/1.html
INFO: [ app_init ] --START--
INFO: Run Behavior\BuildLiteBehavior [ RunTime:0.000012s ]
INFO: Run Common\Behavior\InitHookBehavior [ RunTime:0.001930s ]
INFO: [ app_init ] --END-- [ RunTime:0.002484s ]
INFO: [ app_begin ] --START--
INFO: Run Behavior\ReadHtmlCacheBehavior [ RunTime:0.000628s ]
INFO: [ app_begin ] --END-- [ RunTime:0.000693s ]
SQL: SHOW COLUMNS FROM `qy_config` [ RunTime:0.0043s ]
SQL: SELECT `type`,`name`,`value` FROM `qy_config` WHERE `status` = 1  [ RunTime:0.0005s ]
SQL: SHOW COLUMNS FROM `qy_question` [ RunTime:0.0334s ]
SQL: SELECT COUNT(*) AS tp_count FROM `qy_question` WHERE qy_question.is_tj = 1 LIMIT 1   [ RunTime:0.0004s ]
SQL: SELECT qy_question.id,qy_question.title,qy_question.content,qy_user.nickname,qy_user.company,qy_user.area,qy_user.position FROM `qy_question` JOIN qy_user ON qy_user.id = qy_question.uid  WHERE qy_question.is_tj = 1 ORDER BY id DESC LIMIT 0,10   [ RunTime:0.0195s ]
SQL: SHOW COLUMNS FROM `qy_question_answer` [ RunTime:0.0144s ]
SQL: SELECT qy_user.uid,qy_user.face,qy_question_answer.money,qy_question_answer.num,qy_question_answer.content FROM `qy_question_answer` JOIN qy_user ON qy_user.id = qy_question_answer.uid  WHERE ( pid=11 )  [ RunTime:0.0005s ]
SQL: SELECT qy_user.uid,qy_user.face,qy_question_answer.money,qy_question_answer.num,qy_question_answer.content FROM `qy_question_answer` JOIN qy_user ON qy_user.id = qy_question_answer.uid  WHERE ( pid=10 )  [ RunTime:0.0004s ]
SQL: SELECT qy_user.uid,qy_user.face,qy_question_answer.money,qy_question_answer.num,qy_question_answer.content FROM `qy_question_answer` JOIN qy_user ON qy_user.id = qy_question_answer.uid  WHERE ( pid=9 )  [ RunTime:0.0004s ]
SQL: SELECT qy_user.uid,qy_user.face,qy_question_answer.money,qy_question_answer.num,qy_question_answer.content FROM `qy_question_answer` JOIN qy_user ON qy_user.id = qy_question_answer.uid  WHERE ( pid=8 )  [ RunTime:0.0004s ]
SQL: SELECT qy_user.uid,qy_user.face,qy_question_answer.money,qy_question_answer.num,qy_question_answer.content FROM `qy_question_answer` JOIN qy_user ON qy_user.id = qy_question_answer.uid  WHERE ( pid=7 )  [ RunTime:0.0003s ]
SQL: SELECT qy_user.uid,qy_user.face,qy_question_answer.money,qy_question_answer.num,qy_question_answer.content FROM `qy_question_answer` JOIN qy_user ON qy_user.id = qy_question_answer.uid  WHERE ( pid=1 )  [ RunTime:0.0004s ]
INFO: [ view_parse ] --START--
INFO: [ template_filter ] --START--
INFO: Run Behavior\ContentReplaceBehavior [ RunTime:0.000087s ]
INFO: [ template_filter ] --END-- [ RunTime:0.000133s ]
NOTIC: [8] Undefined variable: a F:\xampp\htdocs\qiyun\Runtime\Cache\Home\769e70f2e46f34ceb60619bbda5e4691.php 第 58 行.
NOTIC: [8] Undefined index: id F:\xampp\htdocs\qiyun\Runtime\Cache\Home\769e70f2e46f34ceb60619bbda5e4691.php 第 67 行.
INFO: Run Behavior\ParseTemplateBehavior [ RunTime:0.013980s ]
INFO: [ view_parse ] --END-- [ RunTime:0.014028s ]
INFO: [ view_filter ] --START--
INFO: Run Behavior\WriteHtmlCacheBehavior [ RunTime:0.000552s ]
INFO: [ view_filter ] --END-- [ RunTime:0.000588s ]
INFO: [ app_end ] --START--
INFO: Run Behavior\ShowPageTraceBehavior [ RunTime:0.000762s ]
INFO: [ app_end ] --END-- [ RunTime:0.000813s ]

[ 2017-06-07T10:00:31+08:00 ] 127.0.0.1 /qiyun/index.php?s=/Home/Index/question_release.html
INFO: [ app_init ] --START--
INFO: Run Behavior\BuildLiteBehavior [ RunTime:0.000013s ]
INFO: Run Common\Behavior\InitHookBehavior [ RunTime:0.002109s ]
INFO: [ app_init ] --END-- [ RunTime:0.002637s ]
INFO: [ app_begin ] --START--
INFO: Run Behavior\ReadHtmlCacheBehavior [ RunTime:0.000608s ]
INFO: [ app_begin ] --END-- [ RunTime:0.000677s ]
SQL: SHOW COLUMNS FROM `qy_config` [ RunTime:0.0039s ]
SQL: SELECT `type`,`name`,`value` FROM `qy_config` WHERE `status` = 1  [ RunTime:0.0005s ]
INFO: [ view_parse ] --START--
INFO: [ template_filter ] --START--
INFO: Run Behavior\ContentReplaceBehavior [ RunTime:0.000068s ]
INFO: [ template_filter ] --END-- [ RunTime:0.000115s ]
INFO: Run Behavior\ParseTemplateBehavior [ RunTime:0.011515s ]
INFO: [ view_parse ] --END-- [ RunTime:0.011564s ]
INFO: [ view_filter ] --START--
INFO: Run Behavior\WriteHtmlCacheBehavior [ RunTime:0.000533s ]
INFO: [ view_filter ] --END-- [ RunTime:0.000568s ]
INFO: [ app_end ] --START--
INFO: Run Behavior\ShowPageTraceBehavior [ RunTime:0.000697s ]
INFO: [ app_end ] --END-- [ RunTime:0.000735s ]

[ 2017-06-07T10:00:42+08:00 ] 127.0.0.1 /qiyun/index.php?s=/Home/Index/question_release.html
INFO: [ app_init ] --START--
INFO: Run Behavior\BuildLiteBehavior [ RunTime:0.000012s ]
INFO: Run Common\Behavior\InitHookBehavior [ RunTime:0.002105s ]
INFO: [ app_init ] --END-- [ RunTime:0.002593s ]
INFO: [ app_begin ] --START--
INFO: Run Behavior\ReadHtmlCacheBehavior [ RunTime:0.000598s ]
INFO: [ app_begin ] --END-- [ RunTime:0.000646s ]
SQL: SHOW COLUMNS FROM `qy_config` [ RunTime:0.0049s ]
SQL: SELECT `type`,`name`,`value` FROM `qy_config` WHERE `status` = 1  [ RunTime:0.0005s ]
INFO: [ view_parse ] --START--
INFO: [ template_filter ] --START--
INFO: Run Behavior\ContentReplaceBehavior [ RunTime:0.000071s ]
INFO: [ template_filter ] --END-- [ RunTime:0.000131s ]
INFO: Run Behavior\ParseTemplateBehavior [ RunTime:0.010527s ]
INFO: [ view_parse ] --END-- [ RunTime:0.010577s ]
INFO: [ view_filter ] --START--
INFO: Run Behavior\WriteHtmlCacheBehavior [ RunTime:0.000560s ]
INFO: [ view_filter ] --END-- [ RunTime:0.000595s ]
INFO: [ app_end ] --START--
INFO: Run Behavior\ShowPageTraceBehavior [ RunTime:0.000763s ]
INFO: [ app_end ] --END-- [ RunTime:0.000800s ]

[ 2017-06-07T10:00:46+08:00 ] 127.0.0.1 /qiyun/index.php?s=/Home/Index/question_release.html
INFO: [ app_init ] --START--
INFO: Run Behavior\BuildLiteBehavior [ RunTime:0.000013s ]
INFO: Run Common\Behavior\InitHookBehavior [ RunTime:0.002509s ]
INFO: [ app_init ] --END-- [ RunTime:0.003087s ]
INFO: [ app_begin ] --START--
INFO: Run Behavior\ReadHtmlCacheBehavior [ RunTime:0.000691s ]
INFO: [ app_begin ] --END-- [ RunTime:0.000753s ]
SQL: SHOW COLUMNS FROM `qy_config` [ RunTime:0.0042s ]
SQL: SELECT `type`,`name`,`value` FROM `qy_config` WHERE `status` = 1  [ RunTime:0.0006s ]
INFO: [ view_parse ] --START--
INFO: [ template_filter ] --START--
INFO: Run Behavior\ContentReplaceBehavior [ RunTime:0.000067s ]
INFO: [ template_filter ] --END-- [ RunTime:0.000113s ]
INFO: Run Behavior\ParseTemplateBehavior [ RunTime:0.011842s ]
INFO: [ view_parse ] --END-- [ RunTime:0.011903s ]
INFO: [ view_filter ] --START--
INFO: Run Behavior\WriteHtmlCacheBehavior [ RunTime:0.000557s ]
INFO: [ view_filter ] --END-- [ RunTime:0.000593s ]
INFO: [ app_end ] --START--
INFO: Run Behavior\ShowPageTraceBehavior [ RunTime:0.000762s ]
INFO: [ app_end ] --END-- [ RunTime:0.000800s ]

[ 2017-06-07T10:00:52+08:00 ] 127.0.0.1 /qiyun/index.php?s=/Home/Index/question_release.html
INFO: [ app_init ] --START--
INFO: Run Behavior\BuildLiteBehavior [ RunTime:0.000015s ]
INFO: Run Common\Behavior\InitHookBehavior [ RunTime:0.004125s ]
INFO: [ app_init ] --END-- [ RunTime:0.004732s ]
INFO: [ app_begin ] --START--
INFO: Run Behavior\ReadHtmlCacheBehavior [ RunTime:0.001163s ]
INFO: [ app_begin ] --END-- [ RunTime:0.001277s ]
SQL: SHOW COLUMNS FROM `qy_config` [ RunTime:0.0044s ]
SQL: SELECT `type`,`name`,`value` FROM `qy_config` WHERE `status` = 1  [ RunTime:0.0006s ]
INFO: [ view_parse ] --START--
INFO: [ template_filter ] --START--
INFO: Run Behavior\ContentReplaceBehavior [ RunTime:0.000114s ]
INFO: [ template_filter ] --END-- [ RunTime:0.000199s ]
INFO: Run Behavior\ParseTemplateBehavior [ RunTime:0.014625s ]
INFO: [ view_parse ] --END-- [ RunTime:0.014682s ]
INFO: [ view_filter ] --START--
INFO: Run Behavior\WriteHtmlCacheBehavior [ RunTime:0.000557s ]
INFO: [ view_filter ] --END-- [ RunTime:0.000598s ]
INFO: [ app_end ] --START--
INFO: Run Behavior\ShowPageTraceBehavior [ RunTime:0.000787s ]
INFO: [ app_end ] --END-- [ RunTime:0.000831s ]

[ 2017-06-07T10:01:12+08:00 ] 127.0.0.1 /qiyun/index.php?s=/Home/Index/question_release.html
INFO: [ app_init ] --START--
INFO: Run Behavior\BuildLiteBehavior [ RunTime:0.000014s ]
INFO: Run Common\Behavior\InitHookBehavior [ RunTime:0.001945s ]
INFO: [ app_init ] --END-- [ RunTime:0.002447s ]
INFO: [ app_begin ] --START--
INFO: Run Behavior\ReadHtmlCacheBehavior [ RunTime:0.000627s ]
INFO: [ app_begin ] --END-- [ RunTime:0.000689s ]
SQL: SHOW COLUMNS FROM `qy_config` [ RunTime:0.0041s ]
SQL: SELECT `type`,`name`,`value` FROM `qy_config` WHERE `status` = 1  [ RunTime:0.0005s ]
INFO: [ view_parse ] --START--
INFO: [ template_filter ] --START--
INFO: Run Behavior\ContentReplaceBehavior [ RunTime:0.000069s ]
INFO: [ template_filter ] --END-- [ RunTime:0.000118s ]
INFO: Run Behavior\ParseTemplateBehavior [ RunTime:0.010577s ]
INFO: [ view_parse ] --END-- [ RunTime:0.010628s ]
INFO: [ view_filter ] --START--
INFO: Run Behavior\WriteHtmlCacheBehavior [ RunTime:0.000562s ]
INFO: [ view_filter ] --END-- [ RunTime:0.000611s ]
INFO: [ app_end ] --START--
INFO: Run Behavior\ShowPageTraceBehavior [ RunTime:0.000711s ]
INFO: [ app_end ] --END-- [ RunTime:0.000746s ]

[ 2017-06-07T10:22:15+08:00 ] 127.0.0.1 /qiyun/index.php?s=/Home/Index/question_release.html
INFO: [ app_init ] --START--
INFO: Run Behavior\BuildLiteBehavior [ RunTime:0.000023s ]
INFO: Run Common\Behavior\InitHookBehavior [ RunTime:0.004337s ]
INFO: [ app_init ] --END-- [ RunTime:0.005190s ]
INFO: [ app_begin ] --START--
INFO: Run Behavior\ReadHtmlCacheBehavior [ RunTime:0.001344s ]
INFO: [ app_begin ] --END-- [ RunTime:0.001448s ]
SQL: SHOW COLUMNS FROM `qy_config` [ RunTime:0.0123s ]
SQL: SELECT `type`,`name`,`value` FROM `qy_config` WHERE `status` = 1  [ RunTime:0.0008s ]
INFO: [ view_parse ] --START--
INFO: [ template_filter ] --START--
INFO: Run Behavior\ContentReplaceBehavior [ RunTime:0.000140s ]
INFO: [ template_filter ] --END-- [ RunTime:0.000239s ]
INFO: Run Behavior\ParseTemplateBehavior [ RunTime:0.019624s ]
INFO: [ view_parse ] --END-- [ RunTime:0.019713s ]
INFO: [ view_filter ] --START--
INFO: Run Behavior\WriteHtmlCacheBehavior [ RunTime:0.000896s ]
INFO: [ view_filter ] --END-- [ RunTime:0.000959s ]
INFO: [ app_end ] --START--
INFO: Run Behavior\ShowPageTraceBehavior [ RunTime:0.001097s ]
INFO: [ app_end ] --END-- [ RunTime:0.001158s ]

[ 2017-06-07T10:22:21+08:00 ] 127.0.0.1 /qiyun/index.php?s=/Home/Index/question_release.html
INFO: [ app_init ] --START--
INFO: Run Behavior\BuildLiteBehavior [ RunTime:0.000012s ]
INFO: Run Common\Behavior\InitHookBehavior [ RunTime:0.002564s ]
INFO: [ app_init ] --END-- [ RunTime:0.003120s ]
INFO: [ app_begin ] --START--
INFO: Run Behavior\ReadHtmlCacheBehavior [ RunTime:0.000787s ]
INFO: [ app_begin ] --END-- [ RunTime:0.000861s ]
SQL: SHOW COLUMNS FROM `qy_config` [ RunTime:0.0059s ]
SQL: SELECT `type`,`name`,`value` FROM `qy_config` WHERE `status` = 1  [ RunTime:0.0005s ]
INFO: [ view_parse ] --START--
INFO: [ template_filter ] --START--
INFO: Run Behavior\ContentReplaceBehavior [ RunTime:0.000069s ]
INFO: [ template_filter ] --END-- [ RunTime:0.000127s ]
INFO: Run Behavior\ParseTemplateBehavior [ RunTime:0.011385s ]
INFO: [ view_parse ] --END-- [ RunTime:0.011433s ]
INFO: [ view_filter ] --START--
INFO: Run Behavior\WriteHtmlCacheBehavior [ RunTime:0.000535s ]
INFO: [ view_filter ] --END-- [ RunTime:0.000574s ]
INFO: [ app_end ] --START--
INFO: Run Behavior\ShowPageTraceBehavior [ RunTime:0.000695s ]
INFO: [ app_end ] --END-- [ RunTime:0.000733s ]

[ 2017-06-07T10:22:36+08:00 ] 127.0.0.1 /qiyun/index.php?s=/Home/Index/question_release.html
INFO: [ app_init ] --START--
INFO: Run Behavior\BuildLiteBehavior [ RunTime:0.000013s ]
INFO: Run Common\Behavior\InitHookBehavior [ RunTime:0.002693s ]
INFO: [ app_init ] --END-- [ RunTime:0.003297s ]
INFO: [ app_begin ] --START--
INFO: Run Behavior\ReadHtmlCacheBehavior [ RunTime:0.000680s ]
INFO: [ app_begin ] --END-- [ RunTime:0.000732s ]
SQL: SHOW COLUMNS FROM `qy_config` [ RunTime:0.0063s ]
SQL: SELECT `type`,`name`,`value` FROM `qy_config` WHERE `status` = 1  [ RunTime:0.0007s ]
INFO: [ view_parse ] --START--
INFO: [ template_filter ] --START--
INFO: Run Behavior\ContentReplaceBehavior [ RunTime:0.000069s ]
INFO: [ template_filter ] --END-- [ RunTime:0.000116s ]
INFO: Run Behavior\ParseTemplateBehavior [ RunTime:0.012569s ]
INFO: [ view_parse ] --END-- [ RunTime:0.012647s ]
INFO: [ view_filter ] --START--
INFO: Run Behavior\WriteHtmlCacheBehavior [ RunTime:0.000572s ]
INFO: [ view_filter ] --END-- [ RunTime:0.000608s ]
INFO: [ app_end ] --START--
INFO: Run Behavior\ShowPageTraceBehavior [ RunTime:0.000837s ]
INFO: [ app_end ] --END-- [ RunTime:0.000889s ]

[ 2017-06-07T10:22:53+08:00 ] 127.0.0.1 /qiyun/index.php?s=/Home/Index/question_release.html
INFO: [ app_init ] --START--
INFO: Run Behavior\BuildLiteBehavior [ RunTime:0.000013s ]
INFO: Run Common\Behavior\InitHookBehavior [ RunTime:0.001983s ]
INFO: [ app_init ] --END-- [ RunTime:0.002630s ]
INFO: [ app_begin ] --START--
INFO: Run Behavior\ReadHtmlCacheBehavior [ RunTime:0.000807s ]
INFO: [ app_begin ] --END-- [ RunTime:0.000889s ]
SQL: SHOW COLUMNS FROM `qy_config` [ RunTime:0.0042s ]
SQL: SELECT `type`,`name`,`value` FROM `qy_config` WHERE `status` = 1  [ RunTime:0.0005s ]
INFO: [ view_parse ] --START--
INFO: [ template_filter ] --START--
INFO: Run Behavior\ContentReplaceBehavior [ RunTime:0.000081s ]
INFO: [ template_filter ] --END-- [ RunTime:0.000136s ]
INFO: Run Behavior\ParseTemplateBehavior [ RunTime:0.011247s ]
INFO: [ view_parse ] --END-- [ RunTime:0.011308s ]
INFO: [ view_filter ] --START--
INFO: Run Behavior\WriteHtmlCacheBehavior [ RunTime:0.000580s ]
INFO: [ view_filter ] --END-- [ RunTime:0.000625s ]
INFO: [ app_end ] --START--
INFO: Run Behavior\ShowPageTraceBehavior [ RunTime:0.000727s ]
INFO: [ app_end ] --END-- [ RunTime:0.000769s ]

[ 2017-06-07T10:24:57+08:00 ] 127.0.0.1 /qiyun/index.php?s=/Home/Index/question_release.html
INFO: [ app_init ] --START--
INFO: Run Behavior\BuildLiteBehavior [ RunTime:0.000022s ]
INFO: Run Common\Behavior\InitHookBehavior [ RunTime:0.003236s ]
INFO: [ app_init ] --END-- [ RunTime:0.004112s ]
INFO: [ app_begin ] --START--
INFO: Run Behavior\ReadHtmlCacheBehavior [ RunTime:0.000986s ]
INFO: [ app_begin ] --END-- [ RunTime:0.001085s ]
SQL: SHOW COLUMNS FROM `qy_config` [ RunTime:0.0054s ]
SQL: SELECT `type`,`name`,`value` FROM `qy_config` WHERE `status` = 1  [ RunTime:0.0006s ]
INFO: [ view_parse ] --START--
INFO: [ template_filter ] --START--
INFO: Run Behavior\ContentReplaceBehavior [ RunTime:0.000127s ]
INFO: [ template_filter ] --END-- [ RunTime:0.000231s ]
INFO: Run Behavior\ParseTemplateBehavior [ RunTime:0.017260s ]
INFO: [ view_parse ] --END-- [ RunTime:0.017354s ]
INFO: [ view_filter ] --START--
INFO: Run Behavior\WriteHtmlCacheBehavior [ RunTime:0.000781s ]
INFO: [ view_filter ] --END-- [ RunTime:0.000854s ]
INFO: [ app_end ] --START--
INFO: Run Behavior\ShowPageTraceBehavior [ RunTime:0.001036s ]
INFO: [ app_end ] --END-- [ RunTime:0.001111s ]

[ 2017-06-07T10:25:27+08:00 ] 127.0.0.1 /qiyun/index.php?s=/Home/Index/question_release.html
INFO: [ app_init ] --START--
INFO: Run Behavior\BuildLiteBehavior [ RunTime:0.000011s ]
INFO: Run Common\Behavior\InitHookBehavior [ RunTime:0.002683s ]
INFO: [ app_init ] --END-- [ RunTime:0.003267s ]
INFO: [ app_begin ] --START--
INFO: Run Behavior\ReadHtmlCacheBehavior [ RunTime:0.000680s ]
INFO: [ app_begin ] --END-- [ RunTime:0.000732s ]
SQL: SHOW COLUMNS FROM `qy_config` [ RunTime:0.0042s ]
SQL: SELECT `type`,`name`,`value` FROM `qy_config` WHERE `status` = 1  [ RunTime:0.0005s ]
INFO: [ view_parse ] --START--
INFO: [ template_filter ] --START--
INFO: Run Behavior\ContentReplaceBehavior [ RunTime:0.000084s ]
INFO: [ template_filter ] --END-- [ RunTime:0.000136s ]
INFO: Run Behavior\ParseTemplateBehavior [ RunTime:0.011941s ]
INFO: [ view_parse ] --END-- [ RunTime:0.012010s ]
INFO: [ view_filter ] --START--
INFO: Run Behavior\WriteHtmlCacheBehavior [ RunTime:0.000633s ]
INFO: [ view_filter ] --END-- [ RunTime:0.000671s ]
INFO: [ app_end ] --START--
INFO: Run Behavior\ShowPageTraceBehavior [ RunTime:0.000799s ]
INFO: [ app_end ] --END-- [ RunTime:0.000837s ]

[ 2017-06-07T10:26:11+08:00 ] 127.0.0.1 /qiyun/index.php?s=/Home/Index/question_release.html
INFO: [ app_init ] --START--
INFO: Run Behavior\BuildLiteBehavior [ RunTime:0.000018s ]
INFO: Run Common\Behavior\InitHookBehavior [ RunTime:0.002847s ]
INFO: [ app_init ] --END-- [ RunTime:0.003464s ]
INFO: [ app_begin ] --START--
INFO: Run Behavior\ReadHtmlCacheBehavior [ RunTime:0.000788s ]
INFO: [ app_begin ] --END-- [ RunTime:0.000872s ]
SQL: SHOW COLUMNS FROM `qy_config` [ RunTime:0.0053s ]
SQL: SELECT `type`,`name`,`value` FROM `qy_config` WHERE `status` = 1  [ RunTime:0.0006s ]
INFO: [ view_parse ] --START--
INFO: [ template_filter ] --START--
INFO: Run Behavior\ContentReplaceBehavior [ RunTime:0.000147s ]
INFO: [ template_filter ] --END-- [ RunTime:0.000241s ]
INFO: Run Behavior\ParseTemplateBehavior [ RunTime:0.018201s ]
INFO: [ view_parse ] --END-- [ RunTime:0.018283s ]
INFO: [ view_filter ] --START--
INFO: Run Behavior\WriteHtmlCacheBehavior [ RunTime:0.000557s ]
INFO: [ view_filter ] --END-- [ RunTime:0.000608s ]
INFO: [ app_end ] --START--
INFO: Run Behavior\ShowPageTraceBehavior [ RunTime:0.000725s ]
INFO: [ app_end ] --END-- [ RunTime:0.000777s ]

[ 2017-06-07T10:26:25+08:00 ] 127.0.0.1 /qiyun/index.php?s=/Home/Index/question_release.html
INFO: [ app_init ] --START--
INFO: Run Behavior\BuildLiteBehavior [ RunTime:0.000023s ]
INFO: Run Common\Behavior\InitHookBehavior [ RunTime:0.004053s ]
INFO: [ app_init ] --END-- [ RunTime:0.004781s ]
INFO: [ app_begin ] --START--
INFO: Run Behavior\ReadHtmlCacheBehavior [ RunTime:0.001218s ]
INFO: [ app_begin ] --END-- [ RunTime:0.001295s ]
SQL: SHOW COLUMNS FROM `qy_config` [ RunTime:0.0053s ]
SQL: SELECT `type`,`name`,`value` FROM `qy_config` WHERE `status` = 1  [ RunTime:0.0005s ]
INFO: [ view_parse ] --START--
INFO: [ template_filter ] --START--
INFO: Run Behavior\ContentReplaceBehavior [ RunTime:0.000092s ]
INFO: [ template_filter ] --END-- [ RunTime:0.000149s ]
INFO: Run Behavior\ParseTemplateBehavior [ RunTime:0.013957s ]
INFO: [ view_parse ] --END-- [ RunTime:0.014027s ]
INFO: [ view_filter ] --START--
INFO: Run Behavior\WriteHtmlCacheBehavior [ RunTime:0.000606s ]
INFO: [ view_filter ] --END-- [ RunTime:0.000648s ]
INFO: [ app_end ] --START--
INFO: Run Behavior\ShowPageTraceBehavior [ RunTime:0.000834s ]
INFO: [ app_end ] --END-- [ RunTime:0.000881s ]

[ 2017-06-07T10:26:44+08:00 ] 127.0.0.1 /qiyun/index.php?s=/Home/Index/question_release.html
INFO: [ app_init ] --START--
INFO: Run Behavior\BuildLiteBehavior [ RunTime:0.000030s ]
INFO: Run Common\Behavior\InitHookBehavior [ RunTime:0.002817s ]
INFO: [ app_init ] --END-- [ RunTime:0.003670s ]
INFO: [ app_begin ] --START--
INFO: Run Behavior\ReadHtmlCacheBehavior [ RunTime:0.000756s ]
INFO: [ app_begin ] --END-- [ RunTime:0.000828s ]
SQL: SHOW COLUMNS FROM `qy_config` [ RunTime:0.0366s ]
SQL: SELECT `type`,`name`,`value` FROM `qy_config` WHERE `status` = 1  [ RunTime:0.0005s ]
INFO: [ view_parse ] --START--
INFO: [ template_filter ] --START--
INFO: Run Behavior\ContentReplaceBehavior [ RunTime:0.000138s ]
INFO: [ template_filter ] --END-- [ RunTime:0.000233s ]
INFO: Run Behavior\ParseTemplateBehavior [ RunTime:0.014486s ]
INFO: [ view_parse ] --END-- [ RunTime:0.014571s ]
INFO: [ view_filter ] --START--
INFO: Run Behavior\WriteHtmlCacheBehavior [ RunTime:0.000708s ]
INFO: [ view_filter ] --END-- [ RunTime:0.000766s ]
INFO: [ app_end ] --START--
INFO: Run Behavior\ShowPageTraceBehavior [ RunTime:0.001126s ]
INFO: [ app_end ] --END-- [ RunTime:0.001180s ]

[ 2017-06-07T10:26:48+08:00 ] 127.0.0.1 /qiyun/index.php?s=/Home/Index/question_release.html
INFO: [ app_init ] --START--
INFO: Run Behavior\BuildLiteBehavior [ RunTime:0.000016s ]
INFO: Run Common\Behavior\InitHookBehavior [ RunTime:0.002297s ]
INFO: [ app_init ] --END-- [ RunTime:0.002845s ]
INFO: [ app_begin ] --START--
INFO: Run Behavior\ReadHtmlCacheBehavior [ RunTime:0.000673s ]
INFO: [ app_begin ] --END-- [ RunTime:0.000748s ]
SQL: SHOW COLUMNS FROM `qy_config` [ RunTime:0.0042s ]
SQL: SELECT `type`,`name`,`value` FROM `qy_config` WHERE `status` = 1  [ RunTime:0.0005s ]
INFO: [ view_parse ] --START--
INFO: [ template_filter ] --START--
INFO: Run Behavior\ContentReplaceBehavior [ RunTime:0.000123s ]
INFO: [ template_filter ] --END-- [ RunTime:0.000173s ]
INFO: Run Behavior\ParseTemplateBehavior [ RunTime:0.012113s ]
INFO: [ view_parse ] --END-- [ RunTime:0.012176s ]
INFO: [ view_filter ] --START--
INFO: Run Behavior\WriteHtmlCacheBehavior [ RunTime:0.000576s ]
INFO: [ view_filter ] --END-- [ RunTime:0.000613s ]
INFO: [ app_end ] --START--
INFO: Run Behavior\ShowPageTraceBehavior [ RunTime:0.000705s ]
INFO: [ app_end ] --END-- [ RunTime:0.000743s ]

[ 2017-06-07T10:27:19+08:00 ] 127.0.0.1 /qiyun/index.php?s=/Home/Index/question_release.html
INFO: [ app_init ] --START--
INFO: Run Behavior\BuildLiteBehavior [ RunTime:0.000012s ]
INFO: Run Common\Behavior\InitHookBehavior [ RunTime:0.002579s ]
INFO: [ app_init ] --END-- [ RunTime:0.003143s ]
INFO: [ app_begin ] --START--
INFO: Run Behavior\ReadHtmlCacheBehavior [ RunTime:0.000719s ]
INFO: [ app_begin ] --END-- [ RunTime:0.000766s ]
SQL: SHOW COLUMNS FROM `qy_config` [ RunTime:0.0041s ]
SQL: SELECT `type`,`name`,`value` FROM `qy_config` WHERE `status` = 1  [ RunTime:0.0005s ]
INFO: [ view_parse ] --START--
INFO: [ template_filter ] --START--
INFO: Run Behavior\ContentReplaceBehavior [ RunTime:0.000094s ]
INFO: [ template_filter ] --END-- [ RunTime:0.000142s ]
INFO: Run Behavior\ParseTemplateBehavior [ RunTime:0.011529s ]
INFO: [ view_parse ] --END-- [ RunTime:0.011578s ]
INFO: [ view_filter ] --START--
INFO: Run Behavior\WriteHtmlCacheBehavior [ RunTime:0.000664s ]
INFO: [ view_filter ] --END-- [ RunTime:0.000701s ]
INFO: [ app_end ] --START--
INFO: Run Behavior\ShowPageTraceBehavior [ RunTime:0.000811s ]
INFO: [ app_end ] --END-- [ RunTime:0.000846s ]

[ 2017-06-07T10:28:57+08:00 ] 127.0.0.1 /qiyun/index.php?s=/Home/Index/question_release.html
INFO: [ app_init ] --START--
INFO: Run Behavior\BuildLiteBehavior [ RunTime:0.000013s ]
INFO: Run Common\Behavior\InitHookBehavior [ RunTime:0.003059s ]
INFO: [ app_init ] --END-- [ RunTime:0.003723s ]
INFO: [ app_begin ] --START--
INFO: Run Behavior\ReadHtmlCacheBehavior [ RunTime:0.000778s ]
INFO: [ app_begin ] --END-- [ RunTime:0.000846s ]
SQL: SHOW COLUMNS FROM `qy_config` [ RunTime:0.0048s ]
SQL: SELECT `type`,`name`,`value` FROM `qy_config` WHERE `status` = 1  [ RunTime:0.0005s ]
INFO: [ view_parse ] --START--
INFO: [ template_filter ] --START--
INFO: Run Behavior\ContentReplaceBehavior [ RunTime:0.000088s ]
INFO: [ template_filter ] --END-- [ RunTime:0.000135s ]
INFO: Run Behavior\ParseTemplateBehavior [ RunTime:0.012339s ]
INFO: [ view_parse ] --END-- [ RunTime:0.012417s ]
INFO: [ view_filter ] --START--
INFO: Run Behavior\WriteHtmlCacheBehavior [ RunTime:0.000601s ]
INFO: [ view_filter ] --END-- [ RunTime:0.000644s ]
INFO: [ app_end ] --START--
INFO: Run Behavior\ShowPageTraceBehavior [ RunTime:0.000897s ]
INFO: [ app_end ] --END-- [ RunTime:0.000963s ]

[ 2017-06-07T10:29:12+08:00 ] 127.0.0.1 /qiyun/index.php?s=/Home/Index/question_release.html
INFO: [ app_init ] --START--
INFO: Run Behavior\BuildLiteBehavior [ RunTime:0.000013s ]
INFO: Run Common\Behavior\InitHookBehavior [ RunTime:0.002775s ]
INFO: [ app_init ] --END-- [ RunTime:0.003370s ]
INFO: [ app_begin ] --START--
INFO: Run Behavior\ReadHtmlCacheBehavior [ RunTime:0.000816s ]
INFO: [ app_begin ] --END-- [ RunTime:0.000879s ]
SQL: SHOW COLUMNS FROM `qy_config` [ RunTime:0.0043s ]
SQL: SELECT `type`,`name`,`value` FROM `qy_config` WHERE `status` = 1  [ RunTime:0.0005s ]
INFO: [ view_parse ] --START--
INFO: [ template_filter ] --START--
INFO: Run Behavior\ContentReplaceBehavior [ RunTime:0.000111s ]
INFO: [ template_filter ] --END-- [ RunTime:0.000158s ]
INFO: Run Behavior\ParseTemplateBehavior [ RunTime:0.012340s ]
INFO: [ view_parse ] --END-- [ RunTime:0.012409s ]
INFO: [ view_filter ] --START--
INFO: Run Behavior\WriteHtmlCacheBehavior [ RunTime:0.000723s ]
INFO: [ view_filter ] --END-- [ RunTime:0.000773s ]
INFO: [ app_end ] --START--
INFO: Run Behavior\ShowPageTraceBehavior [ RunTime:0.000841s ]
INFO: [ app_end ] --END-- [ RunTime:0.000878s ]

[ 2017-06-07T10:30:48+08:00 ] 127.0.0.1 /qiyun/index.php?s=/Home/Index/question_release.html
INFO: [ app_init ] --START--
INFO: Run Behavior\BuildLiteBehavior [ RunTime:0.000012s ]
INFO: Run Common\Behavior\InitHookBehavior [ RunTime:0.002860s ]
INFO: [ app_init ] --END-- [ RunTime:0.003465s ]
INFO: [ app_begin ] --START--
INFO: Run Behavior\ReadHtmlCacheBehavior [ RunTime:0.000721s ]
INFO: [ app_begin ] --END-- [ RunTime:0.000778s ]
SQL: SHOW COLUMNS FROM `qy_config` [ RunTime:0.0042s ]
SQL: SELECT `type`,`name`,`value` FROM `qy_config` WHERE `status` = 1  [ RunTime:0.0006s ]
INFO: [ view_parse ] --START--
INFO: [ template_filter ] --START--
INFO: Run Behavior\ContentReplaceBehavior [ RunTime:0.000097s ]
INFO: [ template_filter ] --END-- [ RunTime:0.000171s ]
INFO: Run Behavior\ParseTemplateBehavior [ RunTime:0.012638s ]
INFO: [ view_parse ] --END-- [ RunTime:0.012701s ]
INFO: [ view_filter ] --START--
INFO: Run Behavior\WriteHtmlCacheBehavior [ RunTime:0.000599s ]
INFO: [ view_filter ] --END-- [ RunTime:0.000645s ]
INFO: [ app_end ] --START--
INFO: Run Behavior\ShowPageTraceBehavior [ RunTime:0.000836s ]
INFO: [ app_end ] --END-- [ RunTime:0.000878s ]

[ 2017-06-07T10:32:21+08:00 ] 127.0.0.1 /qiyun/index.php?s=/Home/Index/question_release.html
INFO: [ app_init ] --START--
INFO: Run Behavior\BuildLiteBehavior [ RunTime:0.000013s ]
INFO: Run Common\Behavior\InitHookBehavior [ RunTime:0.002764s ]
INFO: [ app_init ] --END-- [ RunTime:0.003338s ]
INFO: [ app_begin ] --START--
INFO: Run Behavior\ReadHtmlCacheBehavior [ RunTime:0.000766s ]
INFO: [ app_begin ] --END-- [ RunTime:0.000816s ]
SQL: SHOW COLUMNS FROM `qy_config` [ RunTime:0.0043s ]
SQL: SELECT `type`,`name`,`value` FROM `qy_config` WHERE `status` = 1  [ RunTime:0.0005s ]
INFO: [ view_parse ] --START--
INFO: [ template_filter ] --START--
INFO: Run Behavior\ContentReplaceBehavior [ RunTime:0.000093s ]
INFO: [ template_filter ] --END-- [ RunTime:0.000142s ]
INFO: Run Behavior\ParseTemplateBehavior [ RunTime:0.012679s ]
INFO: [ view_parse ] --END-- [ RunTime:0.012733s ]
INFO: [ view_filter ] --START--
INFO: Run Behavior\WriteHtmlCacheBehavior [ RunTime:0.000698s ]
INFO: [ view_filter ] --END-- [ RunTime:0.000751s ]
INFO: [ app_end ] --START--
INFO: Run Behavior\ShowPageTraceBehavior [ RunTime:0.000872s ]
INFO: [ app_end ] --END-- [ RunTime:0.000918s ]

[ 2017-06-07T10:32:21+08:00 ] 127.0.0.1 /qiyun/index.php?s=/Home/Index/question_release.html
INFO: [ app_init ] --START--
INFO: Run Behavior\BuildLiteBehavior [ RunTime:0.000024s ]
INFO: Run Common\Behavior\InitHookBehavior [ RunTime:0.003058s ]
INFO: [ app_init ] --END-- [ RunTime:0.003954s ]
INFO: [ app_begin ] --START--
INFO: Run Behavior\ReadHtmlCacheBehavior [ RunTime:0.000713s ]
INFO: [ app_begin ] --END-- [ RunTime:0.000772s ]
SQL: SHOW COLUMNS FROM `qy_config` [ RunTime:0.0043s ]
SQL: SELECT `type`,`name`,`value` FROM `qy_config` WHERE `status` = 1  [ RunTime:0.0005s ]
INFO: [ view_parse ] --START--
INFO: [ template_filter ] --START--
INFO: Run Behavior\ContentReplaceBehavior [ RunTime:0.000095s ]
INFO: [ template_filter ] --END-- [ RunTime:0.000158s ]
INFO: Run Behavior\ParseTemplateBehavior [ RunTime:0.013209s ]
INFO: [ view_parse ] --END-- [ RunTime:0.013266s ]
INFO: [ view_filter ] --START--
INFO: Run Behavior\WriteHtmlCacheBehavior [ RunTime:0.000701s ]
INFO: [ view_filter ] --END-- [ RunTime:0.000751s ]
INFO: [ app_end ] --START--
INFO: Run Behavior\ShowPageTraceBehavior [ RunTime:0.000716s ]
INFO: [ app_end ] --END-- [ RunTime:0.000762s ]

[ 2017-06-07T10:33:04+08:00 ] 127.0.0.1 /qiyun/index.php?s=/Home/Index/question_release.html
INFO: [ app_init ] --START--
INFO: Run Behavior\BuildLiteBehavior [ RunTime:0.000014s ]
INFO: Run Common\Behavior\InitHookBehavior [ RunTime:0.002705s ]
INFO: [ app_init ] --END-- [ RunTime:0.003353s ]
INFO: [ app_begin ] --START--
INFO: Run Behavior\ReadHtmlCacheBehavior [ RunTime:0.000688s ]
INFO: [ app_begin ] --END-- [ RunTime:0.000751s ]
SQL: SHOW COLUMNS FROM `qy_config` [ RunTime:0.0041s ]
SQL: SELECT `type`,`name`,`value` FROM `qy_config` WHERE `status` = 1  [ RunTime:0.0009s ]
INFO: [ view_parse ] --START--
INFO: [ template_filter ] --START--
INFO: Run Behavior\ContentReplaceBehavior [ RunTime:0.000164s ]
INFO: [ template_filter ] --END-- [ RunTime:0.000232s ]
INFO: Run Behavior\ParseTemplateBehavior [ RunTime:0.015079s ]
INFO: [ view_parse ] --END-- [ RunTime:0.015157s ]
INFO: [ view_filter ] --START--
INFO: Run Behavior\WriteHtmlCacheBehavior [ RunTime:0.000659s ]
INFO: [ view_filter ] --END-- [ RunTime:0.000708s ]
INFO: [ app_end ] --START--
INFO: Run Behavior\ShowPageTraceBehavior [ RunTime:0.000765s ]
INFO: [ app_end ] --END-- [ RunTime:0.000807s ]

[ 2017-06-07T10:33:16+08:00 ] 127.0.0.1 /qiyun/index.php?s=/Home/Index/question_release.html
INFO: [ app_init ] --START--
INFO: Run Behavior\BuildLiteBehavior [ RunTime:0.000013s ]
INFO: Run Common\Behavior\InitHookBehavior [ RunTime:0.004019s ]
INFO: [ app_init ] --END-- [ RunTime:0.004579s ]
INFO: [ app_begin ] --START--
INFO: Run Behavior\ReadHtmlCacheBehavior [ RunTime:0.000835s ]
INFO: [ app_begin ] --END-- [ RunTime:0.000905s ]
SQL: SHOW COLUMNS FROM `qy_config` [ RunTime:0.0166s ]
SQL: SELECT `type`,`name`,`value` FROM `qy_config` WHERE `status` = 1  [ RunTime:0.0005s ]
INFO: [ view_parse ] --START--
INFO: [ template_filter ] --START--
INFO: Run Behavior\ContentReplaceBehavior [ RunTime:0.000154s ]
INFO: [ template_filter ] --END-- [ RunTime:0.000240s ]
INFO: Run Behavior\ParseTemplateBehavior [ RunTime:0.015515s ]
INFO: [ view_parse ] --END-- [ RunTime:0.015578s ]
INFO: [ view_filter ] --START--
INFO: Run Behavior\WriteHtmlCacheBehavior [ RunTime:0.000609s ]
INFO: [ view_filter ] --END-- [ RunTime:0.000668s ]
INFO: [ app_end ] --START--
INFO: Run Behavior\ShowPageTraceBehavior [ RunTime:0.000835s ]
INFO: [ app_end ] --END-- [ RunTime:0.000894s ]

[ 2017-06-07T10:33:53+08:00 ] 127.0.0.1 /qiyun/index.php?s=/Home/Index/question_release.html
INFO: [ app_init ] --START--
INFO: Run Behavior\BuildLiteBehavior [ RunTime:0.000015s ]
INFO: Run Common\Behavior\InitHookBehavior [ RunTime:0.002572s ]
INFO: [ app_init ] --END-- [ RunTime:0.003180s ]
INFO: [ app_begin ] --START--
INFO: Run Behavior\ReadHtmlCacheBehavior [ RunTime:0.000867s ]
INFO: [ app_begin ] --END-- [ RunTime:0.000926s ]
SQL: SHOW COLUMNS FROM `qy_config` [ RunTime:0.0048s ]
SQL: SELECT `type`,`name`,`value` FROM `qy_config` WHERE `status` = 1  [ RunTime:0.0006s ]
INFO: [ view_parse ] --START--
INFO: [ template_filter ] --START--
INFO: Run Behavior\ContentReplaceBehavior [ RunTime:0.000109s ]
INFO: [ template_filter ] --END-- [ RunTime:0.000182s ]
INFO: Run Behavior\ParseTemplateBehavior [ RunTime:0.014684s ]
INFO: [ view_parse ] --END-- [ RunTime:0.014774s ]
INFO: [ view_filter ] --START--
INFO: Run Behavior\WriteHtmlCacheBehavior [ RunTime:0.000700s ]
INFO: [ view_filter ] --END-- [ RunTime:0.000744s ]
INFO: [ app_end ] --START--
INFO: Run Behavior\ShowPageTraceBehavior [ RunTime:0.000845s ]
INFO: [ app_end ] --END-- [ RunTime:0.000890s ]

[ 2017-06-07T10:34:26+08:00 ] 127.0.0.1 /qiyun/index.php?s=/Home/Index/question_release.html
INFO: [ app_init ] --START--
INFO: Run Behavior\BuildLiteBehavior [ RunTime:0.000012s ]
INFO: Run Common\Behavior\InitHookBehavior [ RunTime:0.002987s ]
INFO: [ app_init ] --END-- [ RunTime:0.003575s ]
INFO: [ app_begin ] --START--
INFO: Run Behavior\ReadHtmlCacheBehavior [ RunTime:0.000780s ]
INFO: [ app_begin ] --END-- [ RunTime:0.000836s ]
SQL: SHOW COLUMNS FROM `qy_config` [ RunTime:0.0044s ]
SQL: SELECT `type`,`name`,`value` FROM `qy_config` WHERE `status` = 1  [ RunTime:0.0005s ]
INFO: [ view_parse ] --START--
INFO: [ template_filter ] --START--
INFO: Run Behavior\ContentReplaceBehavior [ RunTime:0.000094s ]
INFO: [ template_filter ] --END-- [ RunTime:0.000141s ]
INFO: Run Behavior\ParseTemplateBehavior [ RunTime:0.012772s ]
INFO: [ view_parse ] --END-- [ RunTime:0.012826s ]
INFO: [ view_filter ] --START--
INFO: Run Behavior\WriteHtmlCacheBehavior [ RunTime:0.000611s ]
INFO: [ view_filter ] --END-- [ RunTime:0.000651s ]
INFO: [ app_end ] --START--
INFO: Run Behavior\ShowPageTraceBehavior [ RunTime:0.000752s ]
INFO: [ app_end ] --END-- [ RunTime:0.000803s ]

[ 2017-06-07T10:38:24+08:00 ] 127.0.0.1 /qiyun/index.php?s=/Home/Index/question_release.html
INFO: [ app_init ] --START--
INFO: Run Behavior\BuildLiteBehavior [ RunTime:0.000012s ]
INFO: Run Common\Behavior\InitHookBehavior [ RunTime:0.002554s ]
INFO: [ app_init ] --END-- [ RunTime:0.003091s ]
INFO: [ app_begin ] --START--
INFO: Run Behavior\ReadHtmlCacheBehavior [ RunTime:0.000697s ]
INFO: [ app_begin ] --END-- [ RunTime:0.000753s ]
SQL: SHOW COLUMNS FROM `qy_config` [ RunTime:0.0043s ]
SQL: SELECT `type`,`name`,`value` FROM `qy_config` WHERE `status` = 1  [ RunTime:0.0005s ]
INFO: [ view_parse ] --START--
INFO: [ template_filter ] --START--
INFO: Run Behavior\ContentReplaceBehavior [ RunTime:0.000068s ]
INFO: [ template_filter ] --END-- [ RunTime:0.000114s ]
INFO: Run Behavior\ParseTemplateBehavior [ RunTime:0.012514s ]
INFO: [ view_parse ] --END-- [ RunTime:0.012582s ]
INFO: [ view_filter ] --START--
INFO: Run Behavior\WriteHtmlCacheBehavior [ RunTime:0.000525s ]
INFO: [ view_filter ] --END-- [ RunTime:0.000561s ]
INFO: [ app_end ] --START--
INFO: Run Behavior\ShowPageTraceBehavior [ RunTime:0.000703s ]
INFO: [ app_end ] --END-- [ RunTime:0.000739s ]

[ 2017-06-07T10:38:54+08:00 ] 127.0.0.1 /qiyun/index.php?s=/Home/User/index/type/5.html
INFO: [ app_init ] --START--
INFO: Run Behavior\BuildLiteBehavior [ RunTime:0.000014s ]
INFO: Run Common\Behavior\InitHookBehavior [ RunTime:0.002896s ]
INFO: [ app_init ] --END-- [ RunTime:0.003525s ]
INFO: [ app_begin ] --START--
INFO: Run Behavior\ReadHtmlCacheBehavior [ RunTime:0.000858s ]
INFO: [ app_begin ] --END-- [ RunTime:0.000960s ]
SQL: SHOW COLUMNS FROM `qy_config` [ RunTime:0.0042s ]
SQL: SELECT `type`,`name`,`value` FROM `qy_config` WHERE `status` = 1  [ RunTime:0.0006s ]
SQL: SHOW COLUMNS FROM `qy_user` [ RunTime:0.0046s ]
SQL: SELECT `id`,`uid`,`OpenID`,`nickname`,`face`,`username`,`company`,`position`,`phone`,`area`,`excelled`,`content`,`level`,`addtime`,`is_apply`,`is_zs`,`total_money`,`user_money`,`status` FROM `qy_user` WHERE `id` = 3  [ RunTime:0.0006s ]
INFO: [ view_parse ] --START--
INFO: [ template_filter ] --START--
INFO: Run Behavior\ContentReplaceBehavior [ RunTime:0.000089s ]
INFO: [ template_filter ] --END-- [ RunTime:0.000137s ]
INFO: Run Behavior\ParseTemplateBehavior [ RunTime:0.013375s ]
INFO: [ view_parse ] --END-- [ RunTime:0.013453s ]
INFO: [ view_filter ] --START--
INFO: Run Behavior\WriteHtmlCacheBehavior [ RunTime:0.000658s ]
INFO: [ view_filter ] --END-- [ RunTime:0.000709s ]
INFO: [ app_end ] --START--
INFO: Run Behavior\ShowPageTraceBehavior [ RunTime:0.000801s ]
INFO: [ app_end ] --END-- [ RunTime:0.000836s ]

[ 2017-06-07T10:38:58+08:00 ] 127.0.0.1 /qiyun/index.php?s=/Home/User/myQuestion.html
INFO: [ app_init ] --START--
INFO: Run Behavior\BuildLiteBehavior [ RunTime:0.000017s ]
INFO: Run Common\Behavior\InitHookBehavior [ RunTime:0.003204s ]
INFO: [ app_init ] --END-- [ RunTime:0.003862s ]
INFO: [ app_begin ] --START--
INFO: Run Behavior\ReadHtmlCacheBehavior [ RunTime:0.000957s ]
INFO: [ app_begin ] --END-- [ RunTime:0.001017s ]
SQL: SHOW COLUMNS FROM `qy_config` [ RunTime:0.0049s ]
SQL: SELECT `type`,`name`,`value` FROM `qy_config` WHERE `status` = 1  [ RunTime:0.0005s ]
SQL: SHOW COLUMNS FROM `qy_question` [ RunTime:0.0043s ]
SQL: SELECT COUNT(*) AS tp_count FROM `qy_question` WHERE ( uid=3 ) LIMIT 1   [ RunTime:0.0004s ]
SQL: SELECT `id`,`title`,`content`,`addtime` FROM `qy_question` WHERE ( uid=3 ) ORDER BY id DESC LIMIT 0,10   [ RunTime:0.0004s ]
SQL: SHOW COLUMNS FROM `qy_question_answer` [ RunTime:0.0052s ]
SQL: SELECT COUNT(*) AS answer_num,SUM('num') AS number FROM `qy_question_answer` WHERE ( pid=21 ) LIMIT 1   [ RunTime:0.0004s ]
SQL: SELECT COUNT(*) AS answer_num,SUM('num') AS number FROM `qy_question_answer` WHERE ( pid=20 ) LIMIT 1   [ RunTime:0.0004s ]
SQL: SELECT COUNT(*) AS answer_num,SUM('num') AS number FROM `qy_question_answer` WHERE ( pid=19 ) LIMIT 1   [ RunTime:0.0003s ]
SQL: SELECT COUNT(*) AS answer_num,SUM('num') AS number FROM `qy_question_answer` WHERE ( pid=18 ) LIMIT 1   [ RunTime:0.0003s ]
INFO: [ view_parse ] --START--
INFO: [ template_filter ] --START--
INFO: Run Behavior\ContentReplaceBehavior [ RunTime:0.000088s ]
INFO: [ template_filter ] --END-- [ RunTime:0.000144s ]
INFO: Run Behavior\ParseTemplateBehavior [ RunTime:0.013123s ]
INFO: [ view_parse ] --END-- [ RunTime:0.013216s ]
INFO: [ view_filter ] --START--
INFO: Run Behavior\WriteHtmlCacheBehavior [ RunTime:0.000877s ]
INFO: [ view_filter ] --END-- [ RunTime:0.000928s ]
INFO: [ app_end ] --START--
INFO: Run Behavior\ShowPageTraceBehavior [ RunTime:0.000956s ]
INFO: [ app_end ] --END-- [ RunTime:0.000996s ]

[ 2017-06-07T10:39:00+08:00 ] 127.0.0.1 /qiyun/index.php?s=/Home/Index/questioninfo/id/21.html
INFO: [ app_init ] --START--
INFO: Run Behavior\BuildLiteBehavior [ RunTime:0.000012s ]
INFO: Run Common\Behavior\InitHookBehavior [ RunTime:0.003266s ]
INFO: [ app_init ] --END-- [ RunTime:0.003829s ]
INFO: [ app_begin ] --START--
INFO: Run Behavior\ReadHtmlCacheBehavior [ RunTime:0.000795s ]
INFO: [ app_begin ] --END-- [ RunTime:0.000862s ]
SQL: SHOW COLUMNS FROM `qy_config` [ RunTime:0.0049s ]
SQL: SELECT `type`,`name`,`value` FROM `qy_config` WHERE `status` = 1  [ RunTime:0.0005s ]
SQL: SHOW COLUMNS FROM `qy_question` [ RunTime:0.0042s ]
SQL: SHOW COLUMNS FROM `qy_question_answer` [ RunTime:0.0039s ]
SQL: SELECT `id`,`uid`,`title`,`content`,`type` FROM `qy_question` WHERE ( id=21 ) LIMIT 1   [ RunTime:0.0004s ]
SQL: SELECT qy_user.uid,qy_user.face,qy_question_answer.money,qy_question_answer.num,qy_question_answer.content FROM `qy_question_answer` JOIN qy_user ON qy_user.id = qy_question_answer.uid  WHERE ( pid=21 )  [ RunTime:0.0006s ]
NOTIC: [2] array_column() expects parameter 1 to be array, null given F:\xampp\htdocs\qiyun\Application\Home\Controller\IndexController.class.php 第 132 行.
NOTIC: [2] in_array() expects parameter 2 to be array, null given F:\xampp\htdocs\qiyun\Application\Home\Controller\IndexController.class.php 第 133 行.
SQL: SELECT * FROM `qy_question` INNER JOIN qy_question_answer on qy_question.id = qy_question_answer.pid  WHERE qy_question.type LIKE '%0002%' AND qy_question.id <> '21' AND qy_question.is_tj = 1  [ RunTime:0.0724s ]
NOTIC: [2] Invalid argument supplied for foreach() F:\xampp\htdocs\qiyun\Application\Home\Controller\IndexController.class.php 第 145 行.
INFO: [ view_parse ] --START--
INFO: [ template_filter ] --START--
INFO: Run Behavior\ContentReplaceBehavior [ RunTime:0.000157s ]
INFO: [ template_filter ] --END-- [ RunTime:0.000204s ]
NOTIC: [8] Undefined variable: jssdk F:\xampp\htdocs\qiyun\Runtime\Cache\Home\5b844bf65b82c7d0e8e474908be95906.php 第 288 行.
NOTIC: [8] Undefined variable: jssdk F:\xampp\htdocs\qiyun\Runtime\Cache\Home\5b844bf65b82c7d0e8e474908be95906.php 第 289 行.
NOTIC: [8] Undefined variable: jssdk F:\xampp\htdocs\qiyun\Runtime\Cache\Home\5b844bf65b82c7d0e8e474908be95906.php 第 290 行.
NOTIC: [8] Undefined variable: jssdk F:\xampp\htdocs\qiyun\Runtime\Cache\Home\5b844bf65b82c7d0e8e474908be95906.php 第 291 行.
INFO: Run Behavior\ParseTemplateBehavior [ RunTime:0.041256s ]
INFO: [ view_parse ] --END-- [ RunTime:0.041304s ]
INFO: [ view_filter ] --START--
INFO: Run Behavior\WriteHtmlCacheBehavior [ RunTime:0.000669s ]
INFO: [ view_filter ] --END-- [ RunTime:0.000706s ]
INFO: [ app_end ] --START--
INFO: Run Behavior\ShowPageTraceBehavior [ RunTime:0.001474s ]
INFO: [ app_end ] --END-- [ RunTime:0.001587s ]

