[ 2017-05-27T09:29:23+08:00 ] 127.0.0.1 /qiyun/
INFO: [ app_init ] --START--
INFO: Run Behavior\BuildLiteBehavior [ RunTime:0.000015s ]
INFO: Run Common\Behavior\InitHookBehavior [ RunTime:0.131167s ]
INFO: [ app_init ] --END-- [ RunTime:0.155355s ]
INFO: [ app_begin ] --START--
INFO: Run Behavior\ReadHtmlCacheBehavior [ RunTime:0.010413s ]
INFO: [ app_begin ] --END-- [ RunTime:0.010499s ]
SQL: SHOW COLUMNS FROM `qy_config` [ RunTime:0.1176s ]
SQL: SELECT `type`,`name`,`value` FROM `qy_config` WHERE `status` = 1  [ RunTime:0.0355s ]
SQL: SHOW COLUMNS FROM `qy_question` [ RunTime:0.0349s ]
SQL: SELECT COUNT(*) AS tp_count FROM `qy_question` WHERE qy_question.is_tj = 1 LIMIT 1   [ RunTime:0.0521s ]
SQL: SELECT qy_question.id,qy_question.title,qy_question.content,qy_user.nickname,qy_user.company,qy_user.area,qy_user.position FROM `qy_question` JOIN qy_user ON qy_user.uid = qy_question.uid  WHERE qy_question.is_tj = 1 ORDER BY id DESC LIMIT 0,10   [ RunTime:0.0024s ]
SQL: SHOW COLUMNS FROM `qy_question_answer` [ RunTime:0.0255s ]
SQL: SELECT qy_user.uid,qy_user.face,qy_question_answer.money,qy_question_answer.num,qy_question_answer.content FROM `qy_question_answer` JOIN qy_user ON qy_user.uid = qy_question_answer.uid  WHERE ( pid=11 )  [ RunTime:0.0113s ]
SQL: SELECT qy_user.uid,qy_user.face,qy_question_answer.money,qy_question_answer.num,qy_question_answer.content FROM `qy_question_answer` JOIN qy_user ON qy_user.uid = qy_question_answer.uid  WHERE ( pid=10 )  [ RunTime:0.0005s ]
SQL: SELECT qy_user.uid,qy_user.face,qy_question_answer.money,qy_question_answer.num,qy_question_answer.content FROM `qy_question_answer` JOIN qy_user ON qy_user.uid = qy_question_answer.uid  WHERE ( pid=9 )  [ RunTime:0.0004s ]
SQL: SELECT qy_user.uid,qy_user.face,qy_question_answer.money,qy_question_answer.num,qy_question_answer.content FROM `qy_question_answer` JOIN qy_user ON qy_user.uid = qy_question_answer.uid  WHERE ( pid=8 )  [ RunTime:0.0004s ]
SQL: SELECT qy_user.uid,qy_user.face,qy_question_answer.money,qy_question_answer.num,qy_question_answer.content FROM `qy_question_answer` JOIN qy_user ON qy_user.uid = qy_question_answer.uid  WHERE ( pid=7 )  [ RunTime:0.0003s ]
SQL: SELECT qy_user.uid,qy_user.face,qy_question_answer.money,qy_question_answer.num,qy_question_answer.content FROM `qy_question_answer` JOIN qy_user ON qy_user.uid = qy_question_answer.uid  WHERE ( pid=1 )  [ RunTime:0.0004s ]
INFO: [ view_parse ] --START--
INFO: [ template_filter ] --START--
INFO: Run Behavior\ContentReplaceBehavior [ RunTime:0.000104s ]
INFO: [ template_filter ] --END-- [ RunTime:0.000152s ]
NOTIC: [8] Undefined index: uid F:\xampp\htdocs\qiyun\Runtime\Cache\Home\769e70f2e46f34ceb60619bbda5e4691.php 第 32 行.
NOTIC: [8] Undefined index: uid F:\xampp\htdocs\qiyun\Runtime\Cache\Home\769e70f2e46f34ceb60619bbda5e4691.php 第 32 行.
NOTIC: [8] Undefined index: uid F:\xampp\htdocs\qiyun\Runtime\Cache\Home\769e70f2e46f34ceb60619bbda5e4691.php 第 32 行.
NOTIC: [8] Undefined index: uid F:\xampp\htdocs\qiyun\Runtime\Cache\Home\769e70f2e46f34ceb60619bbda5e4691.php 第 32 行.
NOTIC: [8] Undefined index: uid F:\xampp\htdocs\qiyun\Runtime\Cache\Home\769e70f2e46f34ceb60619bbda5e4691.php 第 32 行.
NOTIC: [8] Undefined variable: a F:\xampp\htdocs\qiyun\Runtime\Cache\Home\769e70f2e46f34ceb60619bbda5e4691.php 第 49 行.
NOTIC: [8] Undefined index: id F:\xampp\htdocs\qiyun\Runtime\Cache\Home\769e70f2e46f34ceb60619bbda5e4691.php 第 58 行.
NOTIC: [8] Undefined offset: 2 F:\xampp\htdocs\qiyun\Runtime\Cache\Home\769e70f2e46f34ceb60619bbda5e4691.php 第 92 行.
NOTIC: [8] Undefined variable: jssdk F:\xampp\htdocs\qiyun\Runtime\Cache\Home\769e70f2e46f34ceb60619bbda5e4691.php 第 153 行.
NOTIC: [8] Undefined variable: jssdk F:\xampp\htdocs\qiyun\Runtime\Cache\Home\769e70f2e46f34ceb60619bbda5e4691.php 第 154 行.
NOTIC: [8] Undefined variable: jssdk F:\xampp\htdocs\qiyun\Runtime\Cache\Home\769e70f2e46f34ceb60619bbda5e4691.php 第 155 行.
NOTIC: [8] Undefined variable: jssdk F:\xampp\htdocs\qiyun\Runtime\Cache\Home\769e70f2e46f34ceb60619bbda5e4691.php 第 156 行.
INFO: Run Behavior\ParseTemplateBehavior [ RunTime:0.136537s ]
INFO: [ view_parse ] --END-- [ RunTime:0.136586s ]
INFO: [ view_filter ] --START--
INFO: Run Behavior\WriteHtmlCacheBehavior [ RunTime:0.011004s ]
INFO: [ view_filter ] --END-- [ RunTime:0.011056s ]
INFO: [ app_end ] --START--
INFO: Run Behavior\ShowPageTraceBehavior [ RunTime:0.001203s ]
INFO: [ app_end ] --END-- [ RunTime:0.001277s ]

[ 2017-05-27T09:30:44+08:00 ] 127.0.0.1 /qiyun/
INFO: [ app_init ] --START--
INFO: Run Behavior\BuildLiteBehavior [ RunTime:0.000011s ]
INFO: Run Common\Behavior\InitHookBehavior [ RunTime:0.002016s ]
INFO: [ app_init ] --END-- [ RunTime:0.002513s ]
INFO: [ app_begin ] --START--
INFO: Run Behavior\ReadHtmlCacheBehavior [ RunTime:0.000565s ]
INFO: [ app_begin ] --END-- [ RunTime:0.000621s ]
SQL: SHOW COLUMNS FROM `qy_config` [ RunTime:0.0051s ]
SQL: SELECT `type`,`name`,`value` FROM `qy_config` WHERE `status` = 1  [ RunTime:0.0005s ]
SQL: SHOW COLUMNS FROM `qy_question` [ RunTime:0.0053s ]
SQL: SELECT COUNT(*) AS tp_count FROM `qy_question` WHERE qy_question.is_tj = 1 LIMIT 1   [ RunTime:0.0004s ]
SQL: SELECT qy_question.id,qy_question.title,qy_question.content,qy_user.nickname,qy_user.company,qy_user.area,qy_user.position FROM `qy_question` JOIN qy_user ON qy_user.uid = qy_question.uid  WHERE qy_question.is_tj = 1 ORDER BY id DESC LIMIT 0,10   [ RunTime:0.0005s ]
SQL: SHOW COLUMNS FROM `qy_question_answer` [ RunTime:0.0048s ]
SQL: SELECT qy_user.uid,qy_user.face,qy_question_answer.money,qy_question_answer.num,qy_question_answer.content FROM `qy_question_answer` JOIN qy_user ON qy_user.uid = qy_question_answer.uid  WHERE ( pid=11 )  [ RunTime:0.0005s ]
SQL: SELECT qy_user.uid,qy_user.face,qy_question_answer.money,qy_question_answer.num,qy_question_answer.content FROM `qy_question_answer` JOIN qy_user ON qy_user.uid = qy_question_answer.uid  WHERE ( pid=10 )  [ RunTime:0.0003s ]
SQL: SELECT qy_user.uid,qy_user.face,qy_question_answer.money,qy_question_answer.num,qy_question_answer.content FROM `qy_question_answer` JOIN qy_user ON qy_user.uid = qy_question_answer.uid  WHERE ( pid=9 )  [ RunTime:0.0003s ]
SQL: SELECT qy_user.uid,qy_user.face,qy_question_answer.money,qy_question_answer.num,qy_question_answer.content FROM `qy_question_answer` JOIN qy_user ON qy_user.uid = qy_question_answer.uid  WHERE ( pid=8 )  [ RunTime:0.0003s ]
SQL: SELECT qy_user.uid,qy_user.face,qy_question_answer.money,qy_question_answer.num,qy_question_answer.content FROM `qy_question_answer` JOIN qy_user ON qy_user.uid = qy_question_answer.uid  WHERE ( pid=7 )  [ RunTime:0.0003s ]
SQL: SELECT qy_user.uid,qy_user.face,qy_question_answer.money,qy_question_answer.num,qy_question_answer.content FROM `qy_question_answer` JOIN qy_user ON qy_user.uid = qy_question_answer.uid  WHERE ( pid=1 )  [ RunTime:0.0003s ]
INFO: [ view_parse ] --START--
INFO: [ template_filter ] --START--
INFO: Run Behavior\ContentReplaceBehavior [ RunTime:0.000102s ]
INFO: [ template_filter ] --END-- [ RunTime:0.000145s ]
NOTIC: [8] Undefined index: uid F:\xampp\htdocs\qiyun\Runtime\Cache\Home\769e70f2e46f34ceb60619bbda5e4691.php 第 32 行.
NOTIC: [8] Undefined index: uid F:\xampp\htdocs\qiyun\Runtime\Cache\Home\769e70f2e46f34ceb60619bbda5e4691.php 第 32 行.
NOTIC: [8] Undefined index: uid F:\xampp\htdocs\qiyun\Runtime\Cache\Home\769e70f2e46f34ceb60619bbda5e4691.php 第 32 行.
NOTIC: [8] Undefined index: uid F:\xampp\htdocs\qiyun\Runtime\Cache\Home\769e70f2e46f34ceb60619bbda5e4691.php 第 32 行.
NOTIC: [8] Undefined index: uid F:\xampp\htdocs\qiyun\Runtime\Cache\Home\769e70f2e46f34ceb60619bbda5e4691.php 第 32 行.
NOTIC: [8] Undefined variable: a F:\xampp\htdocs\qiyun\Runtime\Cache\Home\769e70f2e46f34ceb60619bbda5e4691.php 第 49 行.
NOTIC: [8] Undefined index: id F:\xampp\htdocs\qiyun\Runtime\Cache\Home\769e70f2e46f34ceb60619bbda5e4691.php 第 58 行.
NOTIC: [8] Undefined offset: 2 F:\xampp\htdocs\qiyun\Runtime\Cache\Home\769e70f2e46f34ceb60619bbda5e4691.php 第 92 行.
NOTIC: [8] Undefined variable: jssdk F:\xampp\htdocs\qiyun\Runtime\Cache\Home\769e70f2e46f34ceb60619bbda5e4691.php 第 153 行.
NOTIC: [8] Undefined variable: jssdk F:\xampp\htdocs\qiyun\Runtime\Cache\Home\769e70f2e46f34ceb60619bbda5e4691.php 第 154 行.
NOTIC: [8] Undefined variable: jssdk F:\xampp\htdocs\qiyun\Runtime\Cache\Home\769e70f2e46f34ceb60619bbda5e4691.php 第 155 行.
NOTIC: [8] Undefined variable: jssdk F:\xampp\htdocs\qiyun\Runtime\Cache\Home\769e70f2e46f34ceb60619bbda5e4691.php 第 156 行.
INFO: Run Behavior\ParseTemplateBehavior [ RunTime:0.013821s ]
INFO: [ view_parse ] --END-- [ RunTime:0.013863s ]
INFO: [ view_filter ] --START--
INFO: Run Behavior\WriteHtmlCacheBehavior [ RunTime:0.000512s ]
INFO: [ view_filter ] --END-- [ RunTime:0.000547s ]
INFO: [ app_end ] --START--
INFO: Run Behavior\ShowPageTraceBehavior [ RunTime:0.000776s ]
INFO: [ app_end ] --END-- [ RunTime:0.000829s ]

[ 2017-05-27T09:31:05+08:00 ] 127.0.0.1 /qiyun/index.php?s=/Home/index/index/getcode/1/type/1.html&code=081b4rcs1m9nnp0Y5Qfs1np9cs1b4rcC&state=1
INFO: [ app_init ] --START--
INFO: Run Behavior\BuildLiteBehavior [ RunTime:0.000012s ]
INFO: Run Common\Behavior\InitHookBehavior [ RunTime:0.001964s ]
INFO: [ app_init ] --END-- [ RunTime:0.002461s ]
INFO: [ app_begin ] --START--
INFO: Run Behavior\ReadHtmlCacheBehavior [ RunTime:0.000578s ]
INFO: [ app_begin ] --END-- [ RunTime:0.000636s ]
SQL: SHOW COLUMNS FROM `qy_config` [ RunTime:0.0049s ]
SQL: SELECT `type`,`name`,`value` FROM `qy_config` WHERE `status` = 1  [ RunTime:0.0005s ]
SQL: SHOW COLUMNS FROM `qy_user` [ RunTime:0.0051s ]
SQL: SHOW COLUMNS FROM `qy_wx_userinfo` [ RunTime:0.0658s ]
NOTIC: [8] Use of undefined constant openid - assumed 'openid' F:\xampp\htdocs\qiyun\Application\Home\Controller\HomeController.class.php 第 97 行.
SQL: SELECT `id` FROM `qy_user` WHERE `OpenID` = 'omOM8wyi-hzvp2n3EKzd3e5KNa1E'  [ RunTime:0.0130s ]
NOTIC: [8] Use of undefined constant id - assumed 'id' F:\xampp\htdocs\qiyun\Application\Home\Controller\HomeController.class.php 第 119 行.
NOTIC: [8] Use of undefined constant id - assumed 'id' F:\xampp\htdocs\qiyun\Application\Home\Controller\HomeController.class.php 第 121 行.
SQL: SHOW COLUMNS FROM `qy_question` [ RunTime:0.0053s ]
SQL: SELECT COUNT(*) AS tp_count FROM `qy_question` WHERE qy_question.is_tj = 1 LIMIT 1   [ RunTime:0.0004s ]
SQL: SELECT qy_question.id,qy_question.title,qy_question.content,qy_user.nickname,qy_user.company,qy_user.area,qy_user.position FROM `qy_question` JOIN qy_user ON qy_user.uid = qy_question.uid  WHERE qy_question.is_tj = 1 ORDER BY id DESC LIMIT 0,10   [ RunTime:0.0006s ]
SQL: SHOW COLUMNS FROM `qy_question_answer` [ RunTime:0.0051s ]
SQL: SELECT qy_user.uid,qy_user.face,qy_question_answer.money,qy_question_answer.num,qy_question_answer.content FROM `qy_question_answer` JOIN qy_user ON qy_user.uid = qy_question_answer.uid  WHERE ( pid=11 )  [ RunTime:0.0005s ]
SQL: SELECT qy_user.uid,qy_user.face,qy_question_answer.money,qy_question_answer.num,qy_question_answer.content FROM `qy_question_answer` JOIN qy_user ON qy_user.uid = qy_question_answer.uid  WHERE ( pid=10 )  [ RunTime:0.0004s ]
SQL: SELECT qy_user.uid,qy_user.face,qy_question_answer.money,qy_question_answer.num,qy_question_answer.content FROM `qy_question_answer` JOIN qy_user ON qy_user.uid = qy_question_answer.uid  WHERE ( pid=9 )  [ RunTime:0.0003s ]
SQL: SELECT qy_user.uid,qy_user.face,qy_question_answer.money,qy_question_answer.num,qy_question_answer.content FROM `qy_question_answer` JOIN qy_user ON qy_user.uid = qy_question_answer.uid  WHERE ( pid=8 )  [ RunTime:0.0003s ]
SQL: SELECT qy_user.uid,qy_user.face,qy_question_answer.money,qy_question_answer.num,qy_question_answer.content FROM `qy_question_answer` JOIN qy_user ON qy_user.uid = qy_question_answer.uid  WHERE ( pid=7 )  [ RunTime:0.0003s ]
SQL: SELECT qy_user.uid,qy_user.face,qy_question_answer.money,qy_question_answer.num,qy_question_answer.content FROM `qy_question_answer` JOIN qy_user ON qy_user.uid = qy_question_answer.uid  WHERE ( pid=1 )  [ RunTime:0.0003s ]
INFO: [ view_parse ] --START--
INFO: [ template_filter ] --START--
INFO: Run Behavior\ContentReplaceBehavior [ RunTime:0.000103s ]
INFO: [ template_filter ] --END-- [ RunTime:0.000148s ]
NOTIC: [8] Undefined index: uid F:\xampp\htdocs\qiyun\Runtime\Cache\Home\769e70f2e46f34ceb60619bbda5e4691.php 第 32 行.
NOTIC: [8] Undefined index: uid F:\xampp\htdocs\qiyun\Runtime\Cache\Home\769e70f2e46f34ceb60619bbda5e4691.php 第 32 行.
NOTIC: [8] Undefined index: uid F:\xampp\htdocs\qiyun\Runtime\Cache\Home\769e70f2e46f34ceb60619bbda5e4691.php 第 32 行.
NOTIC: [8] Undefined index: uid F:\xampp\htdocs\qiyun\Runtime\Cache\Home\769e70f2e46f34ceb60619bbda5e4691.php 第 32 行.
NOTIC: [8] Undefined index: uid F:\xampp\htdocs\qiyun\Runtime\Cache\Home\769e70f2e46f34ceb60619bbda5e4691.php 第 32 行.
NOTIC: [8] Undefined variable: a F:\xampp\htdocs\qiyun\Runtime\Cache\Home\769e70f2e46f34ceb60619bbda5e4691.php 第 49 行.
NOTIC: [8] Undefined index: id F:\xampp\htdocs\qiyun\Runtime\Cache\Home\769e70f2e46f34ceb60619bbda5e4691.php 第 58 行.
NOTIC: [8] Undefined variable: jssdk F:\xampp\htdocs\qiyun\Runtime\Cache\Home\769e70f2e46f34ceb60619bbda5e4691.php 第 153 行.
NOTIC: [8] Undefined variable: jssdk F:\xampp\htdocs\qiyun\Runtime\Cache\Home\769e70f2e46f34ceb60619bbda5e4691.php 第 154 行.
NOTIC: [8] Undefined variable: jssdk F:\xampp\htdocs\qiyun\Runtime\Cache\Home\769e70f2e46f34ceb60619bbda5e4691.php 第 155 行.
NOTIC: [8] Undefined variable: jssdk F:\xampp\htdocs\qiyun\Runtime\Cache\Home\769e70f2e46f34ceb60619bbda5e4691.php 第 156 行.
INFO: Run Behavior\ParseTemplateBehavior [ RunTime:0.013559s ]
INFO: [ view_parse ] --END-- [ RunTime:0.013613s ]
INFO: [ view_filter ] --START--
INFO: Run Behavior\WriteHtmlCacheBehavior [ RunTime:0.000561s ]
INFO: [ view_filter ] --END-- [ RunTime:0.000597s ]
INFO: [ app_end ] --START--
INFO: Run Behavior\ShowPageTraceBehavior [ RunTime:0.000796s ]
INFO: [ app_end ] --END-- [ RunTime:0.000847s ]

