[ 2017-06-04T20:48:03+08:00 ] 127.0.0.1 /qiyun/
INFO: [ app_init ] --START--
INFO: Run Behavior\BuildLiteBehavior [ RunTime:0.000015s ]
SQL: SHOW COLUMNS FROM `qy_hooks` [ RunTime:0.0211s ]
SQL: SELECT `name`,`addons` FROM `qy_hooks`  [ RunTime:0.0089s ]
SQL: SHOW COLUMNS FROM `qy_addons` [ RunTime:0.0074s ]
SQL: SELECT `id`,`name` FROM `qy_addons` WHERE `status` = 1 AND `name` IN ('ReturnTop')  [ RunTime:0.0009s ]
SQL: SELECT `id`,`name` FROM `qy_addons` WHERE `status` = 1 AND `name` IN ('Attachment')  [ RunTime:0.0003s ]
SQL: SELECT `id`,`name` FROM `qy_addons` WHERE `status` = 1 AND `name` IN ('Attachment','SocialComment')  [ RunTime:0.0003s ]
SQL: SELECT `id`,`name` FROM `qy_addons` WHERE `status` = 1 AND `name` IN ('Attachment')  [ RunTime:0.0003s ]
SQL: SELECT `id`,`name` FROM `qy_addons` WHERE `status` = 1 AND `name` IN ('Editor')  [ RunTime:0.0003s ]
SQL: SELECT `id`,`name` FROM `qy_addons` WHERE `status` = 1 AND `name` IN ('EditorForAdmin')  [ RunTime:0.0003s ]
SQL: SELECT `id`,`name` FROM `qy_addons` WHERE `status` = 1 AND `name` IN ('SiteStat','SystemInfo','DevTeam')  [ RunTime:0.0003s ]
SQL: SELECT `id`,`name` FROM `qy_addons` WHERE `status` = 1 AND `name` IN ('Editor')  [ RunTime:0.0003s ]
INFO: Run Common\Behavior\InitHookBehavior [ RunTime:0.055177s ]
INFO: [ app_init ] --END-- [ RunTime:0.056168s ]
INFO: [ app_begin ] --START--
INFO: Run Behavior\ReadHtmlCacheBehavior [ RunTime:0.000825s ]
INFO: [ app_begin ] --END-- [ RunTime:0.000881s ]
SQL: SHOW COLUMNS FROM `qy_config` [ RunTime:0.0053s ]
SQL: SELECT `type`,`name`,`value` FROM `qy_config` WHERE `status` = 1  [ RunTime:0.0005s ]
SQL: SHOW COLUMNS FROM `qy_category` [ RunTime:0.0062s ]
SQL: SELECT `id`,`title` FROM `qy_category` WHERE ( pid=1 )  [ RunTime:0.0005s ]
SQL: SHOW COLUMNS FROM `qy_question` [ RunTime:0.0049s ]
SQL: SELECT COUNT(*) AS tp_count FROM `qy_question` WHERE qy_question.is_tj = 1 LIMIT 1   [ RunTime:0.0005s ]
SQL: SELECT qy_question.id,qy_question.title,qy_question.content,qy_user.nickname,qy_user.company,qy_user.area,qy_user.position FROM `qy_question` JOIN qy_user ON qy_user.uid = qy_question.uid  WHERE qy_question.is_tj = 1 ORDER BY id DESC LIMIT 0,10   [ RunTime:0.0006s ]
SQL: SHOW COLUMNS FROM `qy_question_answer` [ RunTime:0.0061s ]
SQL: SELECT qy_user.uid,qy_user.face,qy_question_answer.money,qy_question_answer.num,qy_question_answer.content FROM `qy_question_answer` JOIN qy_user ON qy_user.id = qy_question_answer.uid  WHERE ( pid=11 )  [ RunTime:0.0004s ]
SQL: SELECT qy_user.uid,qy_user.face,qy_question_answer.money,qy_question_answer.num,qy_question_answer.content FROM `qy_question_answer` JOIN qy_user ON qy_user.id = qy_question_answer.uid  WHERE ( pid=10 )  [ RunTime:0.0003s ]
SQL: SELECT qy_user.uid,qy_user.face,qy_question_answer.money,qy_question_answer.num,qy_question_answer.content FROM `qy_question_answer` JOIN qy_user ON qy_user.id = qy_question_answer.uid  WHERE ( pid=9 )  [ RunTime:0.0003s ]
SQL: SELECT qy_user.uid,qy_user.face,qy_question_answer.money,qy_question_answer.num,qy_question_answer.content FROM `qy_question_answer` JOIN qy_user ON qy_user.id = qy_question_answer.uid  WHERE ( pid=8 )  [ RunTime:0.0003s ]
SQL: SELECT qy_user.uid,qy_user.face,qy_question_answer.money,qy_question_answer.num,qy_question_answer.content FROM `qy_question_answer` JOIN qy_user ON qy_user.id = qy_question_answer.uid  WHERE ( pid=7 )  [ RunTime:0.0003s ]
SQL: SELECT qy_user.uid,qy_user.face,qy_question_answer.money,qy_question_answer.num,qy_question_answer.content FROM `qy_question_answer` JOIN qy_user ON qy_user.id = qy_question_answer.uid  WHERE ( pid=1 )  [ RunTime:0.0003s ]
INFO: [ view_parse ] --START--
INFO: [ template_filter ] --START--
INFO: Run Behavior\ContentReplaceBehavior [ RunTime:0.000107s ]
INFO: [ template_filter ] --END-- [ RunTime:0.000155s ]
NOTIC: [8] Undefined index: uid F:\xampp\htdocs\qiyun\Runtime\Cache\Home\769e70f2e46f34ceb60619bbda5e4691.php 第 38 行.
NOTIC: [8] Undefined variable: a F:\xampp\htdocs\qiyun\Runtime\Cache\Home\769e70f2e46f34ceb60619bbda5e4691.php 第 58 行.
NOTIC: [8] Undefined index: id F:\xampp\htdocs\qiyun\Runtime\Cache\Home\769e70f2e46f34ceb60619bbda5e4691.php 第 67 行.
NOTIC: [8] Undefined offset: 2 F:\xampp\htdocs\qiyun\Runtime\Cache\Home\769e70f2e46f34ceb60619bbda5e4691.php 第 103 行.
INFO: Run Behavior\ParseTemplateBehavior [ RunTime:0.017560s ]
INFO: [ view_parse ] --END-- [ RunTime:0.017608s ]
INFO: [ view_filter ] --START--
INFO: Run Behavior\WriteHtmlCacheBehavior [ RunTime:0.000650s ]
INFO: [ view_filter ] --END-- [ RunTime:0.000686s ]
INFO: [ app_end ] --START--
INFO: Run Behavior\ShowPageTraceBehavior [ RunTime:0.001141s ]
INFO: [ app_end ] --END-- [ RunTime:0.001255s ]

[ 2017-06-04T20:48:07+08:00 ] 127.0.0.1 /qiyun/index.php?s=/Home/Index/questioninfo/id/10.html
INFO: [ app_init ] --START--
INFO: Run Behavior\BuildLiteBehavior [ RunTime:0.000012s ]
INFO: Run Common\Behavior\InitHookBehavior [ RunTime:0.002723s ]
INFO: [ app_init ] --END-- [ RunTime:0.003285s ]
INFO: [ app_begin ] --START--
INFO: Run Behavior\ReadHtmlCacheBehavior [ RunTime:0.000665s ]
INFO: [ app_begin ] --END-- [ RunTime:0.000714s ]
SQL: SHOW COLUMNS FROM `qy_config` [ RunTime:0.0213s ]
SQL: SELECT `type`,`name`,`value` FROM `qy_config` WHERE `status` = 1  [ RunTime:0.0005s ]
SQL: SHOW COLUMNS FROM `qy_question` [ RunTime:0.0051s ]
SQL: SHOW COLUMNS FROM `qy_question_answer` [ RunTime:0.0051s ]
SQL: SELECT `id`,`uid`,`title`,`content`,`type` FROM `qy_question` WHERE ( id=10 ) LIMIT 1   [ RunTime:0.0003s ]
SQL: SELECT qy_user.uid,qy_user.face,qy_question_answer.money,qy_question_answer.num,qy_question_answer.content FROM `qy_question_answer` JOIN qy_user ON qy_user.id = qy_question_answer.uid  WHERE ( pid=10 )  [ RunTime:0.0004s ]
SQL: SHOW COLUMNS FROM `qy_user` [ RunTime:0.0049s ]
SQL: SELECT `username`,`nickname`,`company`,`position`,`area`,`face` FROM `qy_user` WHERE ( uid=2 ) LIMIT 1   [ RunTime:0.0004s ]
NOTIC: [2] array_column() expects parameter 1 to be array, null given F:\xampp\htdocs\qiyun\Application\Home\Controller\IndexController.class.php 第 132 行.
NOTIC: [2] in_array() expects parameter 2 to be array, null given F:\xampp\htdocs\qiyun\Application\Home\Controller\IndexController.class.php 第 133 行.
SQL: SELECT * FROM `qy_question` INNER JOIN qy_question_answer on qy_question.id = qy_question_answer.pid  WHERE qy_question.type LIKE '%0039%' AND qy_question.id <> '10' AND qy_question.is_tj = 1  [ RunTime:0.0004s ]
SQL: SELECT qy_user.uid,qy_user.face,qy_question_answer.money,qy_question_answer.num,qy_question_answer.content FROM `qy_question_answer` JOIN qy_user ON qy_user.id = qy_question_answer.uid  WHERE ( pid=37 )  [ RunTime:0.0003s ]
SQL: SELECT `username`,`nickname`,`company`,`position`,`area`,`face` FROM `qy_user` WHERE ( uid=3 ) LIMIT 1   [ RunTime:0.0003s ]
INFO: [ view_parse ] --START--
INFO: [ template_filter ] --START--
INFO: Run Behavior\ContentReplaceBehavior [ RunTime:0.000156s ]
INFO: [ template_filter ] --END-- [ RunTime:0.000202s ]
NOTIC: [8] Undefined variable: jssdk F:\xampp\htdocs\qiyun\Runtime\Cache\Home\5b844bf65b82c7d0e8e474908be95906.php 第 288 行.
NOTIC: [8] Undefined variable: jssdk F:\xampp\htdocs\qiyun\Runtime\Cache\Home\5b844bf65b82c7d0e8e474908be95906.php 第 289 行.
NOTIC: [8] Undefined variable: jssdk F:\xampp\htdocs\qiyun\Runtime\Cache\Home\5b844bf65b82c7d0e8e474908be95906.php 第 290 行.
NOTIC: [8] Undefined variable: jssdk F:\xampp\htdocs\qiyun\Runtime\Cache\Home\5b844bf65b82c7d0e8e474908be95906.php 第 291 行.
INFO: Run Behavior\ParseTemplateBehavior [ RunTime:0.029450s ]
INFO: [ view_parse ] --END-- [ RunTime:0.029496s ]
INFO: [ view_filter ] --START--
INFO: Run Behavior\WriteHtmlCacheBehavior [ RunTime:0.000515s ]
INFO: [ view_filter ] --END-- [ RunTime:0.000549s ]
INFO: [ app_end ] --START--
INFO: Run Behavior\ShowPageTraceBehavior [ RunTime:0.000971s ]
INFO: [ app_end ] --END-- [ RunTime:0.001024s ]

[ 2017-06-04T20:48:08+08:00 ] 127.0.0.1 /qiyun/index.php?s=/Home/Index/answer/id/10.html
INFO: [ app_init ] --START--
INFO: Run Behavior\BuildLiteBehavior [ RunTime:0.000012s ]
INFO: Run Common\Behavior\InitHookBehavior [ RunTime:0.002071s ]
INFO: [ app_init ] --END-- [ RunTime:0.002617s ]
INFO: [ app_begin ] --START--
INFO: Run Behavior\ReadHtmlCacheBehavior [ RunTime:0.000602s ]
INFO: [ app_begin ] --END-- [ RunTime:0.000647s ]
SQL: SHOW COLUMNS FROM `qy_config` [ RunTime:0.0049s ]
SQL: SELECT `type`,`name`,`value` FROM `qy_config` WHERE `status` = 1  [ RunTime:0.0005s ]
SQL: SHOW COLUMNS FROM `qy_question` [ RunTime:0.0051s ]
SQL: SHOW COLUMNS FROM `qy_question_answer` [ RunTime:0.0048s ]
SQL: SELECT `id`,`uid`,`title`,`content` FROM `qy_question` WHERE ( id=10 ) LIMIT 1   [ RunTime:0.0003s ]
SQL: SHOW COLUMNS FROM `qy_user` [ RunTime:0.0048s ]
SQL: SELECT `username`,`nickname`,`company`,`position`,`area`,`face` FROM `qy_user` WHERE ( uid=2 ) LIMIT 1   [ RunTime:0.0004s ]
SQL: SELECT COUNT(*) AS tp_count FROM `qy_question_answer` WHERE ( pid=10 ) LIMIT 1   [ RunTime:0.0003s ]
SQL: SELECT * FROM `qy_question_answer` WHERE `uid` = 3 AND `pid` = 10 LIMIT 1   [ RunTime:0.0003s ]
SQL: SELECT qy_question_answer.*,qy_user.face,qy_user.nickname,qy_user.username FROM `qy_question_answer` INNER JOIN qy_user on qy_question_answer.uid = qy_user.id  WHERE ( pid=10 )  [ RunTime:0.0003s ]
NOTIC: [2] Invalid argument supplied for foreach() F:\xampp\htdocs\qiyun\Application\Home\Controller\IndexController.class.php 第 184 行.
INFO: [ view_parse ] --START--
INFO: [ template_filter ] --START--
INFO: Run Behavior\ContentReplaceBehavior [ RunTime:0.000178s ]
INFO: [ template_filter ] --END-- [ RunTime:0.000235s ]
NOTIC: [8] Undefined variable: time F:\xampp\htdocs\qiyun\Runtime\Cache\Home\64ad6f423f3009247642bb8a6be4228b.php 第 198 行.
INFO: Run Behavior\ParseTemplateBehavior [ RunTime:0.014856s ]
INFO: [ view_parse ] --END-- [ RunTime:0.014913s ]
INFO: [ view_filter ] --START--
INFO: Run Behavior\WriteHtmlCacheBehavior [ RunTime:0.000575s ]
INFO: [ view_filter ] --END-- [ RunTime:0.000610s ]
INFO: [ app_end ] --START--
INFO: Run Behavior\ShowPageTraceBehavior [ RunTime:0.001189s ]
INFO: [ app_end ] --END-- [ RunTime:0.001242s ]

[ 2017-06-04T20:48:17+08:00 ] 127.0.0.1 /qiyun/index.php?s=/Home/Index/uploadAnswer.html
INFO: [ app_init ] --START--
INFO: Run Behavior\BuildLiteBehavior [ RunTime:0.000013s ]
INFO: Run Common\Behavior\InitHookBehavior [ RunTime:0.002619s ]
INFO: [ app_init ] --END-- [ RunTime:0.003202s ]
INFO: [ app_begin ] --START--
INFO: Run Behavior\ReadHtmlCacheBehavior [ RunTime:0.000703s ]
INFO: [ app_begin ] --END-- [ RunTime:0.000750s ]
SQL: SHOW COLUMNS FROM `qy_config` [ RunTime:0.0055s ]
SQL: SELECT `type`,`name`,`value` FROM `qy_config` WHERE `status` = 1  [ RunTime:0.0006s ]
SQL: SHOW COLUMNS FROM `qy_question_answer` [ RunTime:0.0057s ]
SQL: SHOW COLUMNS FROM `qy_answer_file` [ RunTime:0.0052s ]
SQL: INSERT INTO `qy_question_answer` (`pid`,`uid`,`content`,`addtime`) VALUES ('10','3','/weixinrecord/20170604/wxupload_14965804967258.mp3','1496580497') [ RunTime:0.1035s ]
INFO: [ app_end ] --START--
INFO: Run Behavior\ShowPageTraceBehavior [ RunTime:0.001062s ]
INFO: [ app_end ] --END-- [ RunTime:0.001101s ]

[ 2017-06-04T20:48:19+08:00 ] 127.0.0.1 /qiyun/index.php?s=/Home/Index/answer/id/10.html
INFO: [ app_init ] --START--
INFO: Run Behavior\BuildLiteBehavior [ RunTime:0.000011s ]
INFO: Run Common\Behavior\InitHookBehavior [ RunTime:0.002628s ]
INFO: [ app_init ] --END-- [ RunTime:0.003169s ]
INFO: [ app_begin ] --START--
INFO: Run Behavior\ReadHtmlCacheBehavior [ RunTime:0.000709s ]
INFO: [ app_begin ] --END-- [ RunTime:0.000759s ]
SQL: SHOW COLUMNS FROM `qy_config` [ RunTime:0.0049s ]
SQL: SELECT `type`,`name`,`value` FROM `qy_config` WHERE `status` = 1  [ RunTime:0.0005s ]
SQL: SHOW COLUMNS FROM `qy_question` [ RunTime:0.0059s ]
SQL: SHOW COLUMNS FROM `qy_question_answer` [ RunTime:0.0047s ]
SQL: SELECT `id`,`uid`,`title`,`content` FROM `qy_question` WHERE ( id=10 ) LIMIT 1   [ RunTime:0.0003s ]
SQL: SHOW COLUMNS FROM `qy_user` [ RunTime:0.0052s ]
SQL: SELECT `username`,`nickname`,`company`,`position`,`area`,`face` FROM `qy_user` WHERE ( uid=2 ) LIMIT 1   [ RunTime:0.0004s ]
SQL: SELECT COUNT(*) AS tp_count FROM `qy_question_answer` WHERE ( pid=10 ) LIMIT 1   [ RunTime:0.0003s ]
SQL: SELECT * FROM `qy_question_answer` WHERE `uid` = 3 AND `pid` = 10 LIMIT 1   [ RunTime:0.0003s ]
SQL: SELECT qy_question_answer.*,qy_user.face,qy_user.nickname,qy_user.username FROM `qy_question_answer` INNER JOIN qy_user on qy_question_answer.uid = qy_user.id  WHERE ( pid=10 )  [ RunTime:0.0004s ]
SQL: SELECT `username`,`nickname`,`company`,`position`,`area`,`face` FROM `qy_user` WHERE ( uid=3 ) LIMIT 1   [ RunTime:0.0003s ]
INFO: [ view_parse ] --START--
INFO: [ template_filter ] --START--
INFO: Run Behavior\ContentReplaceBehavior [ RunTime:0.000156s ]
INFO: [ template_filter ] --END-- [ RunTime:0.000200s ]
NOTIC: [8] Undefined variable: time F:\xampp\htdocs\qiyun\Runtime\Cache\Home\64ad6f423f3009247642bb8a6be4228b.php 第 198 行.
INFO: Run Behavior\ParseTemplateBehavior [ RunTime:0.014522s ]
INFO: [ view_parse ] --END-- [ RunTime:0.014581s ]
INFO: [ view_filter ] --START--
INFO: Run Behavior\WriteHtmlCacheBehavior [ RunTime:0.000531s ]
INFO: [ view_filter ] --END-- [ RunTime:0.000571s ]
INFO: [ app_end ] --START--
INFO: Run Behavior\ShowPageTraceBehavior [ RunTime:0.000634s ]
INFO: [ app_end ] --END-- [ RunTime:0.000686s ]

[ 2017-06-04T20:50:41+08:00 ] 127.0.0.1 /qiyun/index.php?s=/Home/Index/answer/id/17.html
INFO: [ app_init ] --START--
INFO: Run Behavior\BuildLiteBehavior [ RunTime:0.000012s ]
INFO: Run Common\Behavior\InitHookBehavior [ RunTime:0.003151s ]
INFO: [ app_init ] --END-- [ RunTime:0.003742s ]
INFO: [ app_begin ] --START--
INFO: Run Behavior\ReadHtmlCacheBehavior [ RunTime:0.001018s ]
INFO: [ app_begin ] --END-- [ RunTime:0.001110s ]
SQL: SHOW COLUMNS FROM `qy_config` [ RunTime:0.0055s ]
SQL: SELECT `type`,`name`,`value` FROM `qy_config` WHERE `status` = 1  [ RunTime:0.0005s ]
SQL: SHOW COLUMNS FROM `qy_question` [ RunTime:0.0057s ]
SQL: SHOW COLUMNS FROM `qy_question_answer` [ RunTime:0.0049s ]
SQL: SELECT `id`,`uid`,`title`,`content` FROM `qy_question` WHERE ( id=17 ) LIMIT 1   [ RunTime:0.0004s ]
SQL: SELECT COUNT(*) AS tp_count FROM `qy_question_answer` WHERE ( pid=17 ) LIMIT 1   [ RunTime:0.0004s ]
SQL: SELECT * FROM `qy_question_answer` WHERE `uid` = 3 AND `pid` = 17 LIMIT 1   [ RunTime:0.0004s ]
SQL: SELECT qy_question_answer.*,qy_user.face,qy_user.nickname,qy_user.username FROM `qy_question_answer` INNER JOIN qy_user on qy_question_answer.uid = qy_user.id  WHERE ( pid=17 )  [ RunTime:0.0004s ]
SQL: SHOW COLUMNS FROM `qy_user` [ RunTime:0.0052s ]
SQL: SELECT `username`,`nickname`,`company`,`position`,`area`,`face` FROM `qy_user` WHERE ( uid=3 ) LIMIT 1   [ RunTime:0.0004s ]
INFO: [ view_parse ] --START--
INFO: [ template_filter ] --START--
INFO: Run Behavior\ContentReplaceBehavior [ RunTime:0.000160s ]
INFO: [ template_filter ] --END-- [ RunTime:0.000205s ]
NOTIC: [8] Undefined variable: time F:\xampp\htdocs\qiyun\Runtime\Cache\Home\64ad6f423f3009247642bb8a6be4228b.php 第 198 行.
NOTIC: [2] Illegal string offset 'face' F:\xampp\htdocs\qiyun\Runtime\Cache\Home\64ad6f423f3009247642bb8a6be4228b.php 第 201 行.
NOTIC: [8] Uninitialized string offset: 0 F:\xampp\htdocs\qiyun\Runtime\Cache\Home\64ad6f423f3009247642bb8a6be4228b.php 第 201 行.
INFO: Run Behavior\ParseTemplateBehavior [ RunTime:0.015507s ]
INFO: [ view_parse ] --END-- [ RunTime:0.015570s ]
INFO: [ view_filter ] --START--
INFO: Run Behavior\WriteHtmlCacheBehavior [ RunTime:0.000616s ]
INFO: [ view_filter ] --END-- [ RunTime:0.000652s ]
INFO: [ app_end ] --START--
INFO: Run Behavior\ShowPageTraceBehavior [ RunTime:0.000755s ]
INFO: [ app_end ] --END-- [ RunTime:0.000806s ]

[ 2017-06-04T20:54:42+08:00 ] 127.0.0.1 /qiyun/
INFO: [ app_init ] --START--
INFO: Run Behavior\BuildLiteBehavior [ RunTime:0.000014s ]
INFO: Run Common\Behavior\InitHookBehavior [ RunTime:0.002520s ]
INFO: [ app_init ] --END-- [ RunTime:0.003109s ]
INFO: [ app_begin ] --START--
INFO: Run Behavior\ReadHtmlCacheBehavior [ RunTime:0.000678s ]
INFO: [ app_begin ] --END-- [ RunTime:0.000736s ]
SQL: SHOW COLUMNS FROM `qy_config` [ RunTime:0.0051s ]
SQL: SELECT `type`,`name`,`value` FROM `qy_config` WHERE `status` = 1  [ RunTime:0.0005s ]
SQL: SHOW COLUMNS FROM `qy_question` [ RunTime:0.0050s ]
SQL: SELECT COUNT(*) AS tp_count FROM `qy_question` WHERE qy_question.is_tj = 1 LIMIT 1   [ RunTime:0.0004s ]
SQL: SELECT qy_question.id,qy_question.title,qy_question.content,qy_user.nickname,qy_user.company,qy_user.area,qy_user.position FROM `qy_question` JOIN qy_user ON qy_user.uid = qy_question.uid  WHERE qy_question.is_tj = 1 ORDER BY id DESC LIMIT 0,10   [ RunTime:0.0006s ]
SQL: SHOW COLUMNS FROM `qy_question_answer` [ RunTime:0.0050s ]
SQL: SELECT qy_user.uid,qy_user.face,qy_question_answer.money,qy_question_answer.num,qy_question_answer.content FROM `qy_question_answer` JOIN qy_user ON qy_user.id = qy_question_answer.uid  WHERE ( pid=11 )  [ RunTime:0.0005s ]
SQL: SELECT qy_user.uid,qy_user.face,qy_question_answer.money,qy_question_answer.num,qy_question_answer.content FROM `qy_question_answer` JOIN qy_user ON qy_user.id = qy_question_answer.uid  WHERE ( pid=10 )  [ RunTime:0.0003s ]
SQL: SELECT qy_user.uid,qy_user.face,qy_question_answer.money,qy_question_answer.num,qy_question_answer.content FROM `qy_question_answer` JOIN qy_user ON qy_user.id = qy_question_answer.uid  WHERE ( pid=9 )  [ RunTime:0.0003s ]
SQL: SELECT qy_user.uid,qy_user.face,qy_question_answer.money,qy_question_answer.num,qy_question_answer.content FROM `qy_question_answer` JOIN qy_user ON qy_user.id = qy_question_answer.uid  WHERE ( pid=8 )  [ RunTime:0.0003s ]
SQL: SELECT qy_user.uid,qy_user.face,qy_question_answer.money,qy_question_answer.num,qy_question_answer.content FROM `qy_question_answer` JOIN qy_user ON qy_user.id = qy_question_answer.uid  WHERE ( pid=7 )  [ RunTime:0.0003s ]
SQL: SELECT qy_user.uid,qy_user.face,qy_question_answer.money,qy_question_answer.num,qy_question_answer.content FROM `qy_question_answer` JOIN qy_user ON qy_user.id = qy_question_answer.uid  WHERE ( pid=1 )  [ RunTime:0.0003s ]
INFO: [ view_parse ] --START--
INFO: [ template_filter ] --START--
INFO: Run Behavior\ContentReplaceBehavior [ RunTime:0.000086s ]
INFO: [ template_filter ] --END-- [ RunTime:0.000129s ]
NOTIC: [8] Undefined index: uid F:\xampp\htdocs\qiyun\Runtime\Cache\Home\769e70f2e46f34ceb60619bbda5e4691.php 第 38 行.
NOTIC: [8] Undefined index: uid F:\xampp\htdocs\qiyun\Runtime\Cache\Home\769e70f2e46f34ceb60619bbda5e4691.php 第 38 行.
NOTIC: [8] Undefined variable: a F:\xampp\htdocs\qiyun\Runtime\Cache\Home\769e70f2e46f34ceb60619bbda5e4691.php 第 58 行.
NOTIC: [8] Undefined index: id F:\xampp\htdocs\qiyun\Runtime\Cache\Home\769e70f2e46f34ceb60619bbda5e4691.php 第 67 行.
NOTIC: [8] Undefined offset: 2 F:\xampp\htdocs\qiyun\Runtime\Cache\Home\769e70f2e46f34ceb60619bbda5e4691.php 第 103 行.
INFO: Run Behavior\ParseTemplateBehavior [ RunTime:0.014096s ]
INFO: [ view_parse ] --END-- [ RunTime:0.014141s ]
INFO: [ view_filter ] --START--
INFO: Run Behavior\WriteHtmlCacheBehavior [ RunTime:0.000535s ]
INFO: [ view_filter ] --END-- [ RunTime:0.000570s ]
INFO: [ app_end ] --START--
INFO: Run Behavior\ShowPageTraceBehavior [ RunTime:0.000720s ]
INFO: [ app_end ] --END-- [ RunTime:0.000772s ]

[ 2017-06-04T20:54:45+08:00 ] 127.0.0.1 /qiyun/index.php?s=/Home/Index/index/id/39.html
INFO: [ app_init ] --START--
INFO: Run Behavior\BuildLiteBehavior [ RunTime:0.000011s ]
INFO: Run Common\Behavior\InitHookBehavior [ RunTime:0.002004s ]
INFO: [ app_init ] --END-- [ RunTime:0.002523s ]
INFO: [ app_begin ] --START--
INFO: Run Behavior\ReadHtmlCacheBehavior [ RunTime:0.000558s ]
INFO: [ app_begin ] --END-- [ RunTime:0.000604s ]
SQL: SHOW COLUMNS FROM `qy_config` [ RunTime:0.0049s ]
SQL: SELECT `type`,`name`,`value` FROM `qy_config` WHERE `status` = 1  [ RunTime:0.0005s ]
SQL: SHOW COLUMNS FROM `qy_question` [ RunTime:0.0049s ]
SQL: SELECT COUNT(*) AS tp_count FROM `qy_question` WHERE qy_question.type LIKE '%0039%' LIMIT 1   [ RunTime:0.0004s ]
SQL: SELECT qy_question.id,qy_question.title,qy_question.content,qy_user.nickname,qy_user.company,qy_user.area,qy_user.position FROM `qy_question` JOIN qy_user ON qy_user.uid = qy_question.uid  WHERE qy_question.type LIKE '%0039%' ORDER BY id DESC LIMIT 0,10   [ RunTime:0.0008s ]
SQL: SHOW COLUMNS FROM `qy_question_answer` [ RunTime:0.0048s ]
SQL: SELECT qy_user.uid,qy_user.face,qy_question_answer.money,qy_question_answer.num,qy_question_answer.content FROM `qy_question_answer` JOIN qy_user ON qy_user.id = qy_question_answer.uid  WHERE ( pid=16 )  [ RunTime:0.0005s ]
SQL: SELECT qy_user.uid,qy_user.face,qy_question_answer.money,qy_question_answer.num,qy_question_answer.content FROM `qy_question_answer` JOIN qy_user ON qy_user.id = qy_question_answer.uid  WHERE ( pid=15 )  [ RunTime:0.0004s ]
SQL: SELECT qy_user.uid,qy_user.face,qy_question_answer.money,qy_question_answer.num,qy_question_answer.content FROM `qy_question_answer` JOIN qy_user ON qy_user.id = qy_question_answer.uid  WHERE ( pid=12 )  [ RunTime:0.0003s ]
SQL: SELECT qy_user.uid,qy_user.face,qy_question_answer.money,qy_question_answer.num,qy_question_answer.content FROM `qy_question_answer` JOIN qy_user ON qy_user.id = qy_question_answer.uid  WHERE ( pid=11 )  [ RunTime:0.0003s ]
SQL: SELECT qy_user.uid,qy_user.face,qy_question_answer.money,qy_question_answer.num,qy_question_answer.content FROM `qy_question_answer` JOIN qy_user ON qy_user.id = qy_question_answer.uid  WHERE ( pid=10 )  [ RunTime:0.0004s ]
SQL: SELECT qy_user.uid,qy_user.face,qy_question_answer.money,qy_question_answer.num,qy_question_answer.content FROM `qy_question_answer` JOIN qy_user ON qy_user.id = qy_question_answer.uid  WHERE ( pid=8 )  [ RunTime:0.0004s ]
SQL: SELECT qy_user.uid,qy_user.face,qy_question_answer.money,qy_question_answer.num,qy_question_answer.content FROM `qy_question_answer` JOIN qy_user ON qy_user.id = qy_question_answer.uid  WHERE ( pid=7 )  [ RunTime:0.0004s ]
INFO: [ view_parse ] --START--
INFO: [ template_filter ] --START--
INFO: Run Behavior\ContentReplaceBehavior [ RunTime:0.000098s ]
INFO: [ template_filter ] --END-- [ RunTime:0.000152s ]
NOTIC: [8] Undefined index: uid F:\xampp\htdocs\qiyun\Runtime\Cache\Home\769e70f2e46f34ceb60619bbda5e4691.php 第 38 行.
NOTIC: [8] Undefined index: uid F:\xampp\htdocs\qiyun\Runtime\Cache\Home\769e70f2e46f34ceb60619bbda5e4691.php 第 38 行.
NOTIC: [8] Undefined index: uid F:\xampp\htdocs\qiyun\Runtime\Cache\Home\769e70f2e46f34ceb60619bbda5e4691.php 第 38 行.
NOTIC: [8] Undefined index: uid F:\xampp\htdocs\qiyun\Runtime\Cache\Home\769e70f2e46f34ceb60619bbda5e4691.php 第 38 行.
NOTIC: [8] Undefined index: uid F:\xampp\htdocs\qiyun\Runtime\Cache\Home\769e70f2e46f34ceb60619bbda5e4691.php 第 38 行.
NOTIC: [8] Undefined variable: a F:\xampp\htdocs\qiyun\Runtime\Cache\Home\769e70f2e46f34ceb60619bbda5e4691.php 第 58 行.
INFO: Run Behavior\ParseTemplateBehavior [ RunTime:0.015128s ]
INFO: [ view_parse ] --END-- [ RunTime:0.015172s ]
INFO: [ view_filter ] --START--
INFO: Run Behavior\WriteHtmlCacheBehavior [ RunTime:0.000550s ]
INFO: [ view_filter ] --END-- [ RunTime:0.000587s ]
INFO: [ app_end ] --START--
INFO: Run Behavior\ShowPageTraceBehavior [ RunTime:0.000686s ]
INFO: [ app_end ] --END-- [ RunTime:0.000738s ]

[ 2017-06-04T20:54:48+08:00 ] 127.0.0.1 /qiyun/index.php?s=/Home/Index/questioninfo/id/8.html
INFO: [ app_init ] --START--
INFO: Run Behavior\BuildLiteBehavior [ RunTime:0.000011s ]
INFO: Run Common\Behavior\InitHookBehavior [ RunTime:0.002095s ]
INFO: [ app_init ] --END-- [ RunTime:0.002649s ]
INFO: [ app_begin ] --START--
INFO: Run Behavior\ReadHtmlCacheBehavior [ RunTime:0.000599s ]
INFO: [ app_begin ] --END-- [ RunTime:0.000646s ]
SQL: SHOW COLUMNS FROM `qy_config` [ RunTime:0.0047s ]
SQL: SELECT `type`,`name`,`value` FROM `qy_config` WHERE `status` = 1  [ RunTime:0.0005s ]
SQL: SHOW COLUMNS FROM `qy_question` [ RunTime:0.0048s ]
SQL: SHOW COLUMNS FROM `qy_question_answer` [ RunTime:0.0062s ]
SQL: SELECT `id`,`uid`,`title`,`content`,`type` FROM `qy_question` WHERE ( id=8 ) LIMIT 1   [ RunTime:0.0004s ]
SQL: SELECT qy_user.uid,qy_user.face,qy_question_answer.money,qy_question_answer.num,qy_question_answer.content FROM `qy_question_answer` JOIN qy_user ON qy_user.id = qy_question_answer.uid  WHERE ( pid=8 )  [ RunTime:0.0004s ]
SQL: SHOW COLUMNS FROM `qy_user` [ RunTime:0.0049s ]
SQL: SELECT `username`,`nickname`,`company`,`position`,`area`,`face` FROM `qy_user` WHERE ( uid=2 ) LIMIT 1   [ RunTime:0.0003s ]
NOTIC: [2] array_column() expects parameter 1 to be array, null given F:\xampp\htdocs\qiyun\Application\Home\Controller\IndexController.class.php 第 132 行.
NOTIC: [2] in_array() expects parameter 2 to be array, null given F:\xampp\htdocs\qiyun\Application\Home\Controller\IndexController.class.php 第 133 行.
SQL: SELECT * FROM `qy_question` INNER JOIN qy_question_answer on qy_question.id = qy_question_answer.pid  WHERE qy_question.type LIKE '%0002%' AND qy_question.id <> '8' AND qy_question.is_tj = 1  [ RunTime:0.0004s ]
NOTIC: [2] Invalid argument supplied for foreach() F:\xampp\htdocs\qiyun\Application\Home\Controller\IndexController.class.php 第 145 行.
INFO: [ view_parse ] --START--
INFO: [ template_filter ] --START--
INFO: Run Behavior\ContentReplaceBehavior [ RunTime:0.000157s ]
INFO: [ template_filter ] --END-- [ RunTime:0.000201s ]
NOTIC: [8] Undefined variable: jssdk F:\xampp\htdocs\qiyun\Runtime\Cache\Home\5b844bf65b82c7d0e8e474908be95906.php 第 288 行.
NOTIC: [8] Undefined variable: jssdk F:\xampp\htdocs\qiyun\Runtime\Cache\Home\5b844bf65b82c7d0e8e474908be95906.php 第 289 行.
NOTIC: [8] Undefined variable: jssdk F:\xampp\htdocs\qiyun\Runtime\Cache\Home\5b844bf65b82c7d0e8e474908be95906.php 第 290 行.
NOTIC: [8] Undefined variable: jssdk F:\xampp\htdocs\qiyun\Runtime\Cache\Home\5b844bf65b82c7d0e8e474908be95906.php 第 291 行.
INFO: Run Behavior\ParseTemplateBehavior [ RunTime:0.015479s ]
INFO: [ view_parse ] --END-- [ RunTime:0.015522s ]
INFO: [ view_filter ] --START--
INFO: Run Behavior\WriteHtmlCacheBehavior [ RunTime:0.000522s ]
INFO: [ view_filter ] --END-- [ RunTime:0.000559s ]
INFO: [ app_end ] --START--
INFO: Run Behavior\ShowPageTraceBehavior [ RunTime:0.000747s ]
INFO: [ app_end ] --END-- [ RunTime:0.000804s ]

[ 2017-06-04T20:54:50+08:00 ] 127.0.0.1 /qiyun/index.php?s=/Home/Index/answer/id/8.html
INFO: [ app_init ] --START--
INFO: Run Behavior\BuildLiteBehavior [ RunTime:0.000011s ]
INFO: Run Common\Behavior\InitHookBehavior [ RunTime:0.002066s ]
INFO: [ app_init ] --END-- [ RunTime:0.002597s ]
INFO: [ app_begin ] --START--
INFO: Run Behavior\ReadHtmlCacheBehavior [ RunTime:0.000554s ]
INFO: [ app_begin ] --END-- [ RunTime:0.000600s ]
SQL: SHOW COLUMNS FROM `qy_config` [ RunTime:0.0458s ]
SQL: SELECT `type`,`name`,`value` FROM `qy_config` WHERE `status` = 1  [ RunTime:0.0005s ]
SQL: SHOW COLUMNS FROM `qy_question` [ RunTime:0.0047s ]
SQL: SHOW COLUMNS FROM `qy_question_answer` [ RunTime:0.0049s ]
SQL: SELECT `id`,`uid`,`title`,`content` FROM `qy_question` WHERE ( id=8 ) LIMIT 1   [ RunTime:0.0004s ]
SQL: SHOW COLUMNS FROM `qy_user` [ RunTime:0.0062s ]
SQL: SELECT `username`,`nickname`,`company`,`position`,`area`,`face` FROM `qy_user` WHERE ( uid=2 ) LIMIT 1   [ RunTime:0.0004s ]
SQL: SELECT COUNT(*) AS tp_count FROM `qy_question_answer` WHERE ( pid=8 ) LIMIT 1   [ RunTime:0.0003s ]
SQL: SELECT * FROM `qy_question_answer` WHERE `uid` = 3 AND `pid` = 8 LIMIT 1   [ RunTime:0.0003s ]
SQL: SELECT qy_question_answer.*,qy_user.face,qy_user.nickname,qy_user.username FROM `qy_question_answer` INNER JOIN qy_user on qy_question_answer.uid = qy_user.id  WHERE ( pid=8 )  [ RunTime:0.0003s ]
NOTIC: [2] Invalid argument supplied for foreach() F:\xampp\htdocs\qiyun\Application\Home\Controller\IndexController.class.php 第 184 行.
INFO: [ view_parse ] --START--
INFO: [ template_filter ] --START--
INFO: Run Behavior\ContentReplaceBehavior [ RunTime:0.000172s ]
INFO: [ template_filter ] --END-- [ RunTime:0.000225s ]
NOTIC: [8] Undefined variable: time F:\xampp\htdocs\qiyun\Runtime\Cache\Home\64ad6f423f3009247642bb8a6be4228b.php 第 198 行.
INFO: Run Behavior\ParseTemplateBehavior [ RunTime:0.014118s ]
INFO: [ view_parse ] --END-- [ RunTime:0.014174s ]
INFO: [ view_filter ] --START--
INFO: Run Behavior\WriteHtmlCacheBehavior [ RunTime:0.000564s ]
INFO: [ view_filter ] --END-- [ RunTime:0.000599s ]
INFO: [ app_end ] --START--
INFO: Run Behavior\ShowPageTraceBehavior [ RunTime:0.000924s ]
INFO: [ app_end ] --END-- [ RunTime:0.001007s ]

[ 2017-06-04T20:54:51+08:00 ] 127.0.0.1 /qiyun/
INFO: [ app_init ] --START--
INFO: Run Behavior\BuildLiteBehavior [ RunTime:0.000010s ]
INFO: Run Common\Behavior\InitHookBehavior [ RunTime:0.002008s ]
INFO: [ app_init ] --END-- [ RunTime:0.002509s ]
INFO: [ app_begin ] --START--
INFO: Run Behavior\ReadHtmlCacheBehavior [ RunTime:0.000599s ]
INFO: [ app_begin ] --END-- [ RunTime:0.000657s ]
SQL: SHOW COLUMNS FROM `qy_config` [ RunTime:0.0472s ]
SQL: SELECT `type`,`name`,`value` FROM `qy_config` WHERE `status` = 1  [ RunTime:0.0005s ]
SQL: SHOW COLUMNS FROM `qy_question` [ RunTime:0.0050s ]
SQL: SELECT COUNT(*) AS tp_count FROM `qy_question` WHERE qy_question.is_tj = 1 LIMIT 1   [ RunTime:0.0004s ]
SQL: SELECT qy_question.id,qy_question.title,qy_question.content,qy_user.nickname,qy_user.company,qy_user.area,qy_user.position FROM `qy_question` JOIN qy_user ON qy_user.uid = qy_question.uid  WHERE qy_question.is_tj = 1 ORDER BY id DESC LIMIT 0,10   [ RunTime:0.0006s ]
SQL: SHOW COLUMNS FROM `qy_question_answer` [ RunTime:0.0050s ]
SQL: SELECT qy_user.uid,qy_user.face,qy_question_answer.money,qy_question_answer.num,qy_question_answer.content FROM `qy_question_answer` JOIN qy_user ON qy_user.id = qy_question_answer.uid  WHERE ( pid=11 )  [ RunTime:0.0004s ]
SQL: SELECT qy_user.uid,qy_user.face,qy_question_answer.money,qy_question_answer.num,qy_question_answer.content FROM `qy_question_answer` JOIN qy_user ON qy_user.id = qy_question_answer.uid  WHERE ( pid=10 )  [ RunTime:0.0004s ]
SQL: SELECT qy_user.uid,qy_user.face,qy_question_answer.money,qy_question_answer.num,qy_question_answer.content FROM `qy_question_answer` JOIN qy_user ON qy_user.id = qy_question_answer.uid  WHERE ( pid=9 )  [ RunTime:0.0003s ]
SQL: SELECT qy_user.uid,qy_user.face,qy_question_answer.money,qy_question_answer.num,qy_question_answer.content FROM `qy_question_answer` JOIN qy_user ON qy_user.id = qy_question_answer.uid  WHERE ( pid=8 )  [ RunTime:0.0003s ]
SQL: SELECT qy_user.uid,qy_user.face,qy_question_answer.money,qy_question_answer.num,qy_question_answer.content FROM `qy_question_answer` JOIN qy_user ON qy_user.id = qy_question_answer.uid  WHERE ( pid=7 )  [ RunTime:0.0003s ]
SQL: SELECT qy_user.uid,qy_user.face,qy_question_answer.money,qy_question_answer.num,qy_question_answer.content FROM `qy_question_answer` JOIN qy_user ON qy_user.id = qy_question_answer.uid  WHERE ( pid=1 )  [ RunTime:0.0003s ]
INFO: [ view_parse ] --START--
INFO: [ template_filter ] --START--
INFO: Run Behavior\ContentReplaceBehavior [ RunTime:0.000120s ]
INFO: [ template_filter ] --END-- [ RunTime:0.000167s ]
NOTIC: [8] Undefined index: uid F:\xampp\htdocs\qiyun\Runtime\Cache\Home\769e70f2e46f34ceb60619bbda5e4691.php 第 38 行.
NOTIC: [8] Undefined index: uid F:\xampp\htdocs\qiyun\Runtime\Cache\Home\769e70f2e46f34ceb60619bbda5e4691.php 第 38 行.
NOTIC: [8] Undefined variable: a F:\xampp\htdocs\qiyun\Runtime\Cache\Home\769e70f2e46f34ceb60619bbda5e4691.php 第 58 行.
NOTIC: [8] Undefined index: id F:\xampp\htdocs\qiyun\Runtime\Cache\Home\769e70f2e46f34ceb60619bbda5e4691.php 第 67 行.
NOTIC: [8] Undefined offset: 2 F:\xampp\htdocs\qiyun\Runtime\Cache\Home\769e70f2e46f34ceb60619bbda5e4691.php 第 103 行.
INFO: Run Behavior\ParseTemplateBehavior [ RunTime:0.014012s ]
INFO: [ view_parse ] --END-- [ RunTime:0.014059s ]
INFO: [ view_filter ] --START--
INFO: Run Behavior\WriteHtmlCacheBehavior [ RunTime:0.000607s ]
INFO: [ view_filter ] --END-- [ RunTime:0.000651s ]
INFO: [ app_end ] --START--
INFO: Run Behavior\ShowPageTraceBehavior [ RunTime:0.000935s ]
INFO: [ app_end ] --END-- [ RunTime:0.001018s ]

[ 2017-06-04T20:54:51+08:00 ] 127.0.0.1 /qiyun/
INFO: [ app_init ] --START--
INFO: Run Behavior\BuildLiteBehavior [ RunTime:0.000013s ]
INFO: Run Common\Behavior\InitHookBehavior [ RunTime:0.002683s ]
INFO: [ app_init ] --END-- [ RunTime:0.003191s ]
INFO: [ app_begin ] --START--
INFO: Run Behavior\ReadHtmlCacheBehavior [ RunTime:0.000698s ]
INFO: [ app_begin ] --END-- [ RunTime:0.000758s ]
SQL: SHOW COLUMNS FROM `qy_config` [ RunTime:0.0051s ]
SQL: SELECT `type`,`name`,`value` FROM `qy_config` WHERE `status` = 1  [ RunTime:0.0005s ]
SQL: SHOW COLUMNS FROM `qy_question` [ RunTime:0.0049s ]
SQL: SELECT COUNT(*) AS tp_count FROM `qy_question` WHERE qy_question.is_tj = 1 LIMIT 1   [ RunTime:0.0004s ]
SQL: SELECT qy_question.id,qy_question.title,qy_question.content,qy_user.nickname,qy_user.company,qy_user.area,qy_user.position FROM `qy_question` JOIN qy_user ON qy_user.uid = qy_question.uid  WHERE qy_question.is_tj = 1 ORDER BY id DESC LIMIT 0,10   [ RunTime:0.0006s ]
SQL: SHOW COLUMNS FROM `qy_question_answer` [ RunTime:0.0053s ]
SQL: SELECT qy_user.uid,qy_user.face,qy_question_answer.money,qy_question_answer.num,qy_question_answer.content FROM `qy_question_answer` JOIN qy_user ON qy_user.id = qy_question_answer.uid  WHERE ( pid=11 )  [ RunTime:0.0004s ]
SQL: SELECT qy_user.uid,qy_user.face,qy_question_answer.money,qy_question_answer.num,qy_question_answer.content FROM `qy_question_answer` JOIN qy_user ON qy_user.id = qy_question_answer.uid  WHERE ( pid=10 )  [ RunTime:0.0003s ]
SQL: SELECT qy_user.uid,qy_user.face,qy_question_answer.money,qy_question_answer.num,qy_question_answer.content FROM `qy_question_answer` JOIN qy_user ON qy_user.id = qy_question_answer.uid  WHERE ( pid=9 )  [ RunTime:0.0003s ]
SQL: SELECT qy_user.uid,qy_user.face,qy_question_answer.money,qy_question_answer.num,qy_question_answer.content FROM `qy_question_answer` JOIN qy_user ON qy_user.id = qy_question_answer.uid  WHERE ( pid=8 )  [ RunTime:0.0003s ]
SQL: SELECT qy_user.uid,qy_user.face,qy_question_answer.money,qy_question_answer.num,qy_question_answer.content FROM `qy_question_answer` JOIN qy_user ON qy_user.id = qy_question_answer.uid  WHERE ( pid=7 )  [ RunTime:0.0003s ]
SQL: SELECT qy_user.uid,qy_user.face,qy_question_answer.money,qy_question_answer.num,qy_question_answer.content FROM `qy_question_answer` JOIN qy_user ON qy_user.id = qy_question_answer.uid  WHERE ( pid=1 )  [ RunTime:0.0003s ]
INFO: [ view_parse ] --START--
INFO: [ template_filter ] --START--
INFO: Run Behavior\ContentReplaceBehavior [ RunTime:0.000087s ]
INFO: [ template_filter ] --END-- [ RunTime:0.000133s ]
NOTIC: [8] Undefined index: uid F:\xampp\htdocs\qiyun\Runtime\Cache\Home\769e70f2e46f34ceb60619bbda5e4691.php 第 38 行.
NOTIC: [8] Undefined index: uid F:\xampp\htdocs\qiyun\Runtime\Cache\Home\769e70f2e46f34ceb60619bbda5e4691.php 第 38 行.
NOTIC: [8] Undefined variable: a F:\xampp\htdocs\qiyun\Runtime\Cache\Home\769e70f2e46f34ceb60619bbda5e4691.php 第 58 行.
NOTIC: [8] Undefined index: id F:\xampp\htdocs\qiyun\Runtime\Cache\Home\769e70f2e46f34ceb60619bbda5e4691.php 第 67 行.
NOTIC: [8] Undefined offset: 2 F:\xampp\htdocs\qiyun\Runtime\Cache\Home\769e70f2e46f34ceb60619bbda5e4691.php 第 103 行.
INFO: Run Behavior\ParseTemplateBehavior [ RunTime:0.015544s ]
INFO: [ view_parse ] --END-- [ RunTime:0.015590s ]
INFO: [ view_filter ] --START--
INFO: Run Behavior\WriteHtmlCacheBehavior [ RunTime:0.000623s ]
INFO: [ view_filter ] --END-- [ RunTime:0.000660s ]
INFO: [ app_end ] --START--
INFO: Run Behavior\ShowPageTraceBehavior [ RunTime:0.000975s ]
INFO: [ app_end ] --END-- [ RunTime:0.001059s ]

[ 2017-06-04T20:54:51+08:00 ] 127.0.0.1 /qiyun/
INFO: [ app_init ] --START--
INFO: Run Behavior\BuildLiteBehavior [ RunTime:0.000011s ]
INFO: Run Common\Behavior\InitHookBehavior [ RunTime:0.002424s ]
INFO: [ app_init ] --END-- [ RunTime:0.002998s ]
INFO: [ app_begin ] --START--
INFO: Run Behavior\ReadHtmlCacheBehavior [ RunTime:0.000654s ]
INFO: [ app_begin ] --END-- [ RunTime:0.000719s ]
SQL: SHOW COLUMNS FROM `qy_config` [ RunTime:0.0134s ]
SQL: SELECT `type`,`name`,`value` FROM `qy_config` WHERE `status` = 1  [ RunTime:0.0005s ]
SQL: SHOW COLUMNS FROM `qy_question` [ RunTime:0.0341s ]
SQL: SELECT COUNT(*) AS tp_count FROM `qy_question` WHERE qy_question.is_tj = 1 LIMIT 1   [ RunTime:0.0004s ]
SQL: SELECT qy_question.id,qy_question.title,qy_question.content,qy_user.nickname,qy_user.company,qy_user.area,qy_user.position FROM `qy_question` JOIN qy_user ON qy_user.uid = qy_question.uid  WHERE qy_question.is_tj = 1 ORDER BY id DESC LIMIT 0,10   [ RunTime:0.0006s ]
SQL: SHOW COLUMNS FROM `qy_question_answer` [ RunTime:0.0057s ]
SQL: SELECT qy_user.uid,qy_user.face,qy_question_answer.money,qy_question_answer.num,qy_question_answer.content FROM `qy_question_answer` JOIN qy_user ON qy_user.id = qy_question_answer.uid  WHERE ( pid=11 )  [ RunTime:0.0005s ]
SQL: SELECT qy_user.uid,qy_user.face,qy_question_answer.money,qy_question_answer.num,qy_question_answer.content FROM `qy_question_answer` JOIN qy_user ON qy_user.id = qy_question_answer.uid  WHERE ( pid=10 )  [ RunTime:0.0004s ]
SQL: SELECT qy_user.uid,qy_user.face,qy_question_answer.money,qy_question_answer.num,qy_question_answer.content FROM `qy_question_answer` JOIN qy_user ON qy_user.id = qy_question_answer.uid  WHERE ( pid=9 )  [ RunTime:0.0004s ]
SQL: SELECT qy_user.uid,qy_user.face,qy_question_answer.money,qy_question_answer.num,qy_question_answer.content FROM `qy_question_answer` JOIN qy_user ON qy_user.id = qy_question_answer.uid  WHERE ( pid=8 )  [ RunTime:0.0004s ]
SQL: SELECT qy_user.uid,qy_user.face,qy_question_answer.money,qy_question_answer.num,qy_question_answer.content FROM `qy_question_answer` JOIN qy_user ON qy_user.id = qy_question_answer.uid  WHERE ( pid=7 )  [ RunTime:0.0004s ]
SQL: SELECT qy_user.uid,qy_user.face,qy_question_answer.money,qy_question_answer.num,qy_question_answer.content FROM `qy_question_answer` JOIN qy_user ON qy_user.id = qy_question_answer.uid  WHERE ( pid=1 )  [ RunTime:0.0004s ]
INFO: [ view_parse ] --START--
INFO: [ template_filter ] --START--
INFO: Run Behavior\ContentReplaceBehavior [ RunTime:0.000103s ]
INFO: [ template_filter ] --END-- [ RunTime:0.000154s ]
NOTIC: [8] Undefined index: uid F:\xampp\htdocs\qiyun\Runtime\Cache\Home\769e70f2e46f34ceb60619bbda5e4691.php 第 38 行.
NOTIC: [8] Undefined index: uid F:\xampp\htdocs\qiyun\Runtime\Cache\Home\769e70f2e46f34ceb60619bbda5e4691.php 第 38 行.
NOTIC: [8] Undefined variable: a F:\xampp\htdocs\qiyun\Runtime\Cache\Home\769e70f2e46f34ceb60619bbda5e4691.php 第 58 行.
NOTIC: [8] Undefined index: id F:\xampp\htdocs\qiyun\Runtime\Cache\Home\769e70f2e46f34ceb60619bbda5e4691.php 第 67 行.
NOTIC: [8] Undefined offset: 2 F:\xampp\htdocs\qiyun\Runtime\Cache\Home\769e70f2e46f34ceb60619bbda5e4691.php 第 103 行.
INFO: Run Behavior\ParseTemplateBehavior [ RunTime:0.014796s ]
INFO: [ view_parse ] --END-- [ RunTime:0.014846s ]
INFO: [ view_filter ] --START--
INFO: Run Behavior\WriteHtmlCacheBehavior [ RunTime:0.000532s ]
INFO: [ view_filter ] --END-- [ RunTime:0.000568s ]
INFO: [ app_end ] --START--
INFO: Run Behavior\ShowPageTraceBehavior [ RunTime:0.000788s ]
INFO: [ app_end ] --END-- [ RunTime:0.000854s ]

[ 2017-06-04T20:54:52+08:00 ] 127.0.0.1 /qiyun/index.php?s=/Home/Index/answer/id/8.html
INFO: [ app_init ] --START--
INFO: Run Behavior\BuildLiteBehavior [ RunTime:0.000013s ]
INFO: Run Common\Behavior\InitHookBehavior [ RunTime:0.002732s ]
INFO: [ app_init ] --END-- [ RunTime:0.003325s ]
INFO: [ app_begin ] --START--
INFO: Run Behavior\ReadHtmlCacheBehavior [ RunTime:0.000715s ]
INFO: [ app_begin ] --END-- [ RunTime:0.000763s ]
SQL: SHOW COLUMNS FROM `qy_config` [ RunTime:0.0048s ]
SQL: SELECT `type`,`name`,`value` FROM `qy_config` WHERE `status` = 1  [ RunTime:0.0005s ]
SQL: SHOW COLUMNS FROM `qy_question` [ RunTime:0.0050s ]
SQL: SHOW COLUMNS FROM `qy_question_answer` [ RunTime:0.0047s ]
SQL: SELECT `id`,`uid`,`title`,`content` FROM `qy_question` WHERE ( id=8 ) LIMIT 1   [ RunTime:0.0004s ]
SQL: SHOW COLUMNS FROM `qy_user` [ RunTime:0.0049s ]
SQL: SELECT `username`,`nickname`,`company`,`position`,`area`,`face` FROM `qy_user` WHERE ( uid=2 ) LIMIT 1   [ RunTime:0.0004s ]
SQL: SELECT COUNT(*) AS tp_count FROM `qy_question_answer` WHERE ( pid=8 ) LIMIT 1   [ RunTime:0.0003s ]
SQL: SELECT * FROM `qy_question_answer` WHERE `uid` = 3 AND `pid` = 8 LIMIT 1   [ RunTime:0.0003s ]
SQL: SELECT qy_question_answer.*,qy_user.face,qy_user.nickname,qy_user.username FROM `qy_question_answer` INNER JOIN qy_user on qy_question_answer.uid = qy_user.id  WHERE ( pid=8 )  [ RunTime:0.0003s ]
NOTIC: [2] Invalid argument supplied for foreach() F:\xampp\htdocs\qiyun\Application\Home\Controller\IndexController.class.php 第 184 行.
INFO: [ view_parse ] --START--
INFO: [ template_filter ] --START--
INFO: Run Behavior\ContentReplaceBehavior [ RunTime:0.000159s ]
INFO: [ template_filter ] --END-- [ RunTime:0.000204s ]
NOTIC: [8] Undefined variable: time F:\xampp\htdocs\qiyun\Runtime\Cache\Home\64ad6f423f3009247642bb8a6be4228b.php 第 198 行.
INFO: Run Behavior\ParseTemplateBehavior [ RunTime:0.015031s ]
INFO: [ view_parse ] --END-- [ RunTime:0.015089s ]
INFO: [ view_filter ] --START--
INFO: Run Behavior\WriteHtmlCacheBehavior [ RunTime:0.000550s ]
INFO: [ view_filter ] --END-- [ RunTime:0.000584s ]
INFO: [ app_end ] --START--
INFO: Run Behavior\ShowPageTraceBehavior [ RunTime:0.001085s ]
INFO: [ app_end ] --END-- [ RunTime:0.001176s ]

[ 2017-06-04T20:54:57+08:00 ] 127.0.0.1 /qiyun/index.php?s=/Home/Index/questioninfo/id/8.html
INFO: [ app_init ] --START--
INFO: Run Behavior\BuildLiteBehavior [ RunTime:0.000012s ]
INFO: Run Common\Behavior\InitHookBehavior [ RunTime:0.002026s ]
INFO: [ app_init ] --END-- [ RunTime:0.002537s ]
INFO: [ app_begin ] --START--
INFO: Run Behavior\ReadHtmlCacheBehavior [ RunTime:0.000607s ]
INFO: [ app_begin ] --END-- [ RunTime:0.000664s ]
SQL: SHOW COLUMNS FROM `qy_config` [ RunTime:0.0051s ]
SQL: SELECT `type`,`name`,`value` FROM `qy_config` WHERE `status` = 1  [ RunTime:0.0005s ]
SQL: SHOW COLUMNS FROM `qy_question` [ RunTime:0.0049s ]
SQL: SHOW COLUMNS FROM `qy_question_answer` [ RunTime:0.0048s ]
SQL: SELECT `id`,`uid`,`title`,`content`,`type` FROM `qy_question` WHERE ( id=8 ) LIMIT 1   [ RunTime:0.0003s ]
SQL: SELECT qy_user.uid,qy_user.face,qy_question_answer.money,qy_question_answer.num,qy_question_answer.content FROM `qy_question_answer` JOIN qy_user ON qy_user.id = qy_question_answer.uid  WHERE ( pid=8 )  [ RunTime:0.0004s ]
SQL: SHOW COLUMNS FROM `qy_user` [ RunTime:0.0048s ]
SQL: SELECT `username`,`nickname`,`company`,`position`,`area`,`face` FROM `qy_user` WHERE ( uid=2 ) LIMIT 1   [ RunTime:0.0003s ]
NOTIC: [2] array_column() expects parameter 1 to be array, null given F:\xampp\htdocs\qiyun\Application\Home\Controller\IndexController.class.php 第 132 行.
NOTIC: [2] in_array() expects parameter 2 to be array, null given F:\xampp\htdocs\qiyun\Application\Home\Controller\IndexController.class.php 第 133 行.
SQL: SELECT * FROM `qy_question` INNER JOIN qy_question_answer on qy_question.id = qy_question_answer.pid  WHERE qy_question.type LIKE '%0002%' AND qy_question.id <> '8' AND qy_question.is_tj = 1  [ RunTime:0.0004s ]
NOTIC: [2] Invalid argument supplied for foreach() F:\xampp\htdocs\qiyun\Application\Home\Controller\IndexController.class.php 第 145 行.
INFO: [ view_parse ] --START--
INFO: [ template_filter ] --START--
INFO: Run Behavior\ContentReplaceBehavior [ RunTime:0.000176s ]
INFO: [ template_filter ] --END-- [ RunTime:0.000228s ]
NOTIC: [8] Undefined variable: jssdk F:\xampp\htdocs\qiyun\Runtime\Cache\Home\5b844bf65b82c7d0e8e474908be95906.php 第 288 行.
NOTIC: [8] Undefined variable: jssdk F:\xampp\htdocs\qiyun\Runtime\Cache\Home\5b844bf65b82c7d0e8e474908be95906.php 第 289 行.
NOTIC: [8] Undefined variable: jssdk F:\xampp\htdocs\qiyun\Runtime\Cache\Home\5b844bf65b82c7d0e8e474908be95906.php 第 290 行.
NOTIC: [8] Undefined variable: jssdk F:\xampp\htdocs\qiyun\Runtime\Cache\Home\5b844bf65b82c7d0e8e474908be95906.php 第 291 行.
INFO: Run Behavior\ParseTemplateBehavior [ RunTime:0.018300s ]
INFO: [ view_parse ] --END-- [ RunTime:0.018346s ]
INFO: [ view_filter ] --START--
INFO: Run Behavior\WriteHtmlCacheBehavior [ RunTime:0.000574s ]
INFO: [ view_filter ] --END-- [ RunTime:0.000618s ]
INFO: [ app_end ] --START--
INFO: Run Behavior\ShowPageTraceBehavior [ RunTime:0.000894s ]
INFO: [ app_end ] --END-- [ RunTime:0.000955s ]

[ 2017-06-04T20:54:57+08:00 ] 127.0.0.1 /qiyun/index.php?s=/Home/Index/uploadAnswer.html
INFO: [ app_init ] --START--
INFO: Run Behavior\BuildLiteBehavior [ RunTime:0.000012s ]
INFO: Run Common\Behavior\InitHookBehavior [ RunTime:0.002074s ]
INFO: [ app_init ] --END-- [ RunTime:0.002631s ]
INFO: [ app_begin ] --START--
INFO: Run Behavior\ReadHtmlCacheBehavior [ RunTime:0.000588s ]
INFO: [ app_begin ] --END-- [ RunTime:0.000650s ]
SQL: SHOW COLUMNS FROM `qy_config` [ RunTime:0.0055s ]
SQL: SELECT `type`,`name`,`value` FROM `qy_config` WHERE `status` = 1  [ RunTime:0.0006s ]

[ 2017-06-04T20:54:59+08:00 ] 127.0.0.1 /qiyun/index.php?s=/Home/Index/answer/id/8.html
INFO: [ app_init ] --START--
INFO: Run Behavior\BuildLiteBehavior [ RunTime:0.000011s ]
INFO: Run Common\Behavior\InitHookBehavior [ RunTime:0.002049s ]
INFO: [ app_init ] --END-- [ RunTime:0.002564s ]
INFO: [ app_begin ] --START--
INFO: Run Behavior\ReadHtmlCacheBehavior [ RunTime:0.000572s ]
INFO: [ app_begin ] --END-- [ RunTime:0.000651s ]
SQL: SHOW COLUMNS FROM `qy_config` [ RunTime:0.0058s ]
SQL: SELECT `type`,`name`,`value` FROM `qy_config` WHERE `status` = 1  [ RunTime:0.0005s ]
SQL: SHOW COLUMNS FROM `qy_question` [ RunTime:0.0054s ]
SQL: SHOW COLUMNS FROM `qy_question_answer` [ RunTime:0.0125s ]
SQL: SELECT `id`,`uid`,`title`,`content` FROM `qy_question` WHERE ( id=8 ) LIMIT 1   [ RunTime:0.0005s ]
SQL: SHOW COLUMNS FROM `qy_user` [ RunTime:0.0048s ]
SQL: SELECT `username`,`nickname`,`company`,`position`,`area`,`face` FROM `qy_user` WHERE ( uid=2 ) LIMIT 1   [ RunTime:0.0004s ]
SQL: SELECT COUNT(*) AS tp_count FROM `qy_question_answer` WHERE ( pid=8 ) LIMIT 1   [ RunTime:0.0003s ]
NOTIC: [8] Undefined index: qiyun_user F:\xampp\htdocs\qiyun\Application\Home\Controller\IndexController.class.php 第 168 行.
SQL: SELECT * FROM `qy_question_answer` WHERE `uid` = null AND `pid` = 8 LIMIT 1   [ RunTime:0.0003s ]
SQL: SELECT qy_question_answer.*,qy_user.face,qy_user.nickname,qy_user.username FROM `qy_question_answer` INNER JOIN qy_user on qy_question_answer.uid = qy_user.id  WHERE ( pid=8 )  [ RunTime:0.0004s ]
NOTIC: [2] Invalid argument supplied for foreach() F:\xampp\htdocs\qiyun\Application\Home\Controller\IndexController.class.php 第 184 行.
INFO: [ view_parse ] --START--
INFO: [ template_filter ] --START--
INFO: Run Behavior\ContentReplaceBehavior [ RunTime:0.000163s ]
INFO: [ template_filter ] --END-- [ RunTime:0.000209s ]
NOTIC: [8] Undefined variable: time F:\xampp\htdocs\qiyun\Runtime\Cache\Home\64ad6f423f3009247642bb8a6be4228b.php 第 198 行.
INFO: Run Behavior\ParseTemplateBehavior [ RunTime:0.014835s ]
INFO: [ view_parse ] --END-- [ RunTime:0.014881s ]
INFO: [ view_filter ] --START--
INFO: Run Behavior\WriteHtmlCacheBehavior [ RunTime:0.000583s ]
INFO: [ view_filter ] --END-- [ RunTime:0.000623s ]
INFO: [ app_end ] --START--
INFO: Run Behavior\ShowPageTraceBehavior [ RunTime:0.000699s ]
INFO: [ app_end ] --END-- [ RunTime:0.000750s ]

[ 2017-06-04T20:55:56+08:00 ] 127.0.0.1 /qiyun/index.php?s=/Home/Index/answer/id/17.html
INFO: [ app_init ] --START--
INFO: Run Behavior\BuildLiteBehavior [ RunTime:0.000015s ]
INFO: Run Common\Behavior\InitHookBehavior [ RunTime:0.002111s ]
INFO: [ app_init ] --END-- [ RunTime:0.002648s ]
INFO: [ app_begin ] --START--
INFO: Run Behavior\ReadHtmlCacheBehavior [ RunTime:0.000554s ]
INFO: [ app_begin ] --END-- [ RunTime:0.000613s ]
SQL: SHOW COLUMNS FROM `qy_config` [ RunTime:0.0055s ]
SQL: SELECT `type`,`name`,`value` FROM `qy_config` WHERE `status` = 1  [ RunTime:0.0005s ]
SQL: SHOW COLUMNS FROM `qy_question` [ RunTime:0.0052s ]
SQL: SHOW COLUMNS FROM `qy_question_answer` [ RunTime:0.0051s ]
SQL: SELECT `id`,`uid`,`title`,`content` FROM `qy_question` WHERE ( id=17 ) LIMIT 1   [ RunTime:0.0004s ]
SQL: SELECT COUNT(*) AS tp_count FROM `qy_question_answer` WHERE ( pid=17 ) LIMIT 1   [ RunTime:0.0004s ]
SQL: SELECT * FROM `qy_question_answer` WHERE `uid` = 3 AND `pid` = 17 LIMIT 1   [ RunTime:0.0003s ]
SQL: SELECT qy_question_answer.*,qy_user.face,qy_user.nickname,qy_user.username FROM `qy_question_answer` INNER JOIN qy_user on qy_question_answer.uid = qy_user.id  WHERE ( pid=17 )  [ RunTime:0.0005s ]
SQL: SHOW COLUMNS FROM `qy_user` [ RunTime:0.0050s ]
SQL: SELECT `username`,`nickname`,`company`,`position`,`area`,`face` FROM `qy_user` WHERE ( uid=3 ) LIMIT 1   [ RunTime:0.0004s ]
INFO: [ view_parse ] --START--
INFO: [ template_filter ] --START--
INFO: Run Behavior\ContentReplaceBehavior [ RunTime:0.000196s ]
INFO: [ template_filter ] --END-- [ RunTime:0.000243s ]
NOTIC: [8] Undefined variable: time F:\xampp\htdocs\qiyun\Runtime\Cache\Home\64ad6f423f3009247642bb8a6be4228b.php 第 198 行.
NOTIC: [2] Illegal string offset 'face' F:\xampp\htdocs\qiyun\Runtime\Cache\Home\64ad6f423f3009247642bb8a6be4228b.php 第 201 行.
NOTIC: [8] Uninitialized string offset: 0 F:\xampp\htdocs\qiyun\Runtime\Cache\Home\64ad6f423f3009247642bb8a6be4228b.php 第 201 行.
INFO: Run Behavior\ParseTemplateBehavior [ RunTime:0.014490s ]
INFO: [ view_parse ] --END-- [ RunTime:0.014551s ]
INFO: [ view_filter ] --START--
INFO: Run Behavior\WriteHtmlCacheBehavior [ RunTime:0.000572s ]
INFO: [ view_filter ] --END-- [ RunTime:0.000608s ]
INFO: [ app_end ] --START--
INFO: Run Behavior\ShowPageTraceBehavior [ RunTime:0.000700s ]
INFO: [ app_end ] --END-- [ RunTime:0.000751s ]

[ 2017-06-04T20:56:00+08:00 ] 127.0.0.1 /qiyun/index.php?s=/Home/Index/index/type/1.html
INFO: [ app_init ] --START--
INFO: Run Behavior\BuildLiteBehavior [ RunTime:0.000012s ]
INFO: Run Common\Behavior\InitHookBehavior [ RunTime:0.002153s ]
INFO: [ app_init ] --END-- [ RunTime:0.002663s ]
INFO: [ app_begin ] --START--
INFO: Run Behavior\ReadHtmlCacheBehavior [ RunTime:0.000548s ]
INFO: [ app_begin ] --END-- [ RunTime:0.000612s ]
SQL: SHOW COLUMNS FROM `qy_config` [ RunTime:0.0049s ]
SQL: SELECT `type`,`name`,`value` FROM `qy_config` WHERE `status` = 1  [ RunTime:0.0005s ]
SQL: SHOW COLUMNS FROM `qy_question` [ RunTime:0.0049s ]
SQL: SELECT COUNT(*) AS tp_count FROM `qy_question` WHERE qy_question.is_tj = 1 LIMIT 1   [ RunTime:0.0003s ]
SQL: SELECT qy_question.id,qy_question.title,qy_question.content,qy_user.nickname,qy_user.company,qy_user.area,qy_user.position FROM `qy_question` JOIN qy_user ON qy_user.uid = qy_question.uid  WHERE qy_question.is_tj = 1 ORDER BY id DESC LIMIT 0,10   [ RunTime:0.0007s ]
SQL: SHOW COLUMNS FROM `qy_question_answer` [ RunTime:0.0048s ]
SQL: SELECT qy_user.uid,qy_user.face,qy_question_answer.money,qy_question_answer.num,qy_question_answer.content FROM `qy_question_answer` JOIN qy_user ON qy_user.id = qy_question_answer.uid  WHERE ( pid=11 )  [ RunTime:0.0004s ]
SQL: SELECT qy_user.uid,qy_user.face,qy_question_answer.money,qy_question_answer.num,qy_question_answer.content FROM `qy_question_answer` JOIN qy_user ON qy_user.id = qy_question_answer.uid  WHERE ( pid=10 )  [ RunTime:0.0004s ]
SQL: SELECT qy_user.uid,qy_user.face,qy_question_answer.money,qy_question_answer.num,qy_question_answer.content FROM `qy_question_answer` JOIN qy_user ON qy_user.id = qy_question_answer.uid  WHERE ( pid=9 )  [ RunTime:0.0003s ]
SQL: SELECT qy_user.uid,qy_user.face,qy_question_answer.money,qy_question_answer.num,qy_question_answer.content FROM `qy_question_answer` JOIN qy_user ON qy_user.id = qy_question_answer.uid  WHERE ( pid=8 )  [ RunTime:0.0003s ]
SQL: SELECT qy_user.uid,qy_user.face,qy_question_answer.money,qy_question_answer.num,qy_question_answer.content FROM `qy_question_answer` JOIN qy_user ON qy_user.id = qy_question_answer.uid  WHERE ( pid=7 )  [ RunTime:0.0003s ]
SQL: SELECT qy_user.uid,qy_user.face,qy_question_answer.money,qy_question_answer.num,qy_question_answer.content FROM `qy_question_answer` JOIN qy_user ON qy_user.id = qy_question_answer.uid  WHERE ( pid=1 )  [ RunTime:0.0003s ]
INFO: [ view_parse ] --START--
INFO: [ template_filter ] --START--
INFO: Run Behavior\ContentReplaceBehavior [ RunTime:0.000088s ]
INFO: [ template_filter ] --END-- [ RunTime:0.000134s ]
NOTIC: [8] Undefined index: uid F:\xampp\htdocs\qiyun\Runtime\Cache\Home\769e70f2e46f34ceb60619bbda5e4691.php 第 38 行.
NOTIC: [8] Undefined index: uid F:\xampp\htdocs\qiyun\Runtime\Cache\Home\769e70f2e46f34ceb60619bbda5e4691.php 第 38 行.
NOTIC: [8] Undefined variable: a F:\xampp\htdocs\qiyun\Runtime\Cache\Home\769e70f2e46f34ceb60619bbda5e4691.php 第 58 行.
NOTIC: [8] Undefined index: id F:\xampp\htdocs\qiyun\Runtime\Cache\Home\769e70f2e46f34ceb60619bbda5e4691.php 第 67 行.
INFO: Run Behavior\ParseTemplateBehavior [ RunTime:0.014130s ]
INFO: [ view_parse ] --END-- [ RunTime:0.014178s ]
INFO: [ view_filter ] --START--
INFO: Run Behavior\WriteHtmlCacheBehavior [ RunTime:0.000521s ]
INFO: [ view_filter ] --END-- [ RunTime:0.000566s ]
INFO: [ app_end ] --START--
INFO: Run Behavior\ShowPageTraceBehavior [ RunTime:0.000764s ]
INFO: [ app_end ] --END-- [ RunTime:0.000826s ]

[ 2017-06-04T20:56:02+08:00 ] 127.0.0.1 /qiyun/index.php?s=/Home/Index/index/id/40.html
INFO: [ app_init ] --START--
INFO: Run Behavior\BuildLiteBehavior [ RunTime:0.000011s ]
INFO: Run Common\Behavior\InitHookBehavior [ RunTime:0.002005s ]
INFO: [ app_init ] --END-- [ RunTime:0.002482s ]
INFO: [ app_begin ] --START--
INFO: Run Behavior\ReadHtmlCacheBehavior [ RunTime:0.000583s ]
INFO: [ app_begin ] --END-- [ RunTime:0.000628s ]
SQL: SHOW COLUMNS FROM `qy_config` [ RunTime:0.0053s ]
SQL: SELECT `type`,`name`,`value` FROM `qy_config` WHERE `status` = 1  [ RunTime:0.0005s ]
SQL: SHOW COLUMNS FROM `qy_question` [ RunTime:0.0063s ]
SQL: SELECT COUNT(*) AS tp_count FROM `qy_question` WHERE qy_question.type LIKE '%0040%' LIMIT 1   [ RunTime:0.0004s ]
SQL: SELECT qy_question.id,qy_question.title,qy_question.content,qy_user.nickname,qy_user.company,qy_user.area,qy_user.position FROM `qy_question` JOIN qy_user ON qy_user.uid = qy_question.uid  WHERE qy_question.type LIKE '%0040%' ORDER BY id DESC LIMIT 0,10   [ RunTime:0.0005s ]
SQL: SHOW COLUMNS FROM `qy_question_answer` [ RunTime:0.0050s ]
SQL: SELECT qy_user.uid,qy_user.face,qy_question_answer.money,qy_question_answer.num,qy_question_answer.content FROM `qy_question_answer` JOIN qy_user ON qy_user.id = qy_question_answer.uid  WHERE ( pid=16 )  [ RunTime:0.0004s ]
INFO: [ view_parse ] --START--
INFO: [ template_filter ] --START--
INFO: Run Behavior\ContentReplaceBehavior [ RunTime:0.000087s ]
INFO: [ template_filter ] --END-- [ RunTime:0.000134s ]
NOTIC: [8] Undefined index: uid F:\xampp\htdocs\qiyun\Runtime\Cache\Home\769e70f2e46f34ceb60619bbda5e4691.php 第 38 行.
NOTIC: [8] Undefined variable: a F:\xampp\htdocs\qiyun\Runtime\Cache\Home\769e70f2e46f34ceb60619bbda5e4691.php 第 58 行.
INFO: Run Behavior\ParseTemplateBehavior [ RunTime:0.014596s ]
INFO: [ view_parse ] --END-- [ RunTime:0.014641s ]
INFO: [ view_filter ] --START--
INFO: Run Behavior\WriteHtmlCacheBehavior [ RunTime:0.000531s ]
INFO: [ view_filter ] --END-- [ RunTime:0.000566s ]
INFO: [ app_end ] --START--
INFO: Run Behavior\ShowPageTraceBehavior [ RunTime:0.000635s ]
INFO: [ app_end ] --END-- [ RunTime:0.000671s ]

[ 2017-06-04T20:56:03+08:00 ] 127.0.0.1 /qiyun/index.php?s=/Home/Index/index/id/41.html
INFO: [ app_init ] --START--
INFO: Run Behavior\BuildLiteBehavior [ RunTime:0.000011s ]
INFO: Run Common\Behavior\InitHookBehavior [ RunTime:0.001948s ]
INFO: [ app_init ] --END-- [ RunTime:0.002440s ]
INFO: [ app_begin ] --START--
INFO: Run Behavior\ReadHtmlCacheBehavior [ RunTime:0.000566s ]
INFO: [ app_begin ] --END-- [ RunTime:0.000618s ]
SQL: SHOW COLUMNS FROM `qy_config` [ RunTime:0.0052s ]
SQL: SELECT `type`,`name`,`value` FROM `qy_config` WHERE `status` = 1  [ RunTime:0.0005s ]
SQL: SHOW COLUMNS FROM `qy_question` [ RunTime:0.0060s ]
SQL: SELECT COUNT(*) AS tp_count FROM `qy_question` WHERE qy_question.type LIKE '%0041%' LIMIT 1   [ RunTime:0.0004s ]
SQL: SELECT qy_question.id,qy_question.title,qy_question.content,qy_user.nickname,qy_user.company,qy_user.area,qy_user.position FROM `qy_question` JOIN qy_user ON qy_user.uid = qy_question.uid  WHERE qy_question.type LIKE '%0041%' ORDER BY id DESC LIMIT 0,10   [ RunTime:0.0007s ]
SQL: SHOW COLUMNS FROM `qy_question_answer` [ RunTime:0.0054s ]
SQL: SELECT qy_user.uid,qy_user.face,qy_question_answer.money,qy_question_answer.num,qy_question_answer.content FROM `qy_question_answer` JOIN qy_user ON qy_user.id = qy_question_answer.uid  WHERE ( pid=11 )  [ RunTime:0.0005s ]
SQL: SELECT qy_user.uid,qy_user.face,qy_question_answer.money,qy_question_answer.num,qy_question_answer.content FROM `qy_question_answer` JOIN qy_user ON qy_user.id = qy_question_answer.uid  WHERE ( pid=10 )  [ RunTime:0.0004s ]
SQL: SELECT qy_user.uid,qy_user.face,qy_question_answer.money,qy_question_answer.num,qy_question_answer.content FROM `qy_question_answer` JOIN qy_user ON qy_user.id = qy_question_answer.uid  WHERE ( pid=9 )  [ RunTime:0.0003s ]
SQL: SELECT qy_user.uid,qy_user.face,qy_question_answer.money,qy_question_answer.num,qy_question_answer.content FROM `qy_question_answer` JOIN qy_user ON qy_user.id = qy_question_answer.uid  WHERE ( pid=1 )  [ RunTime:0.0003s ]
INFO: [ view_parse ] --START--
INFO: [ template_filter ] --START--
INFO: Run Behavior\ContentReplaceBehavior [ RunTime:0.000097s ]
INFO: [ template_filter ] --END-- [ RunTime:0.000155s ]
NOTIC: [8] Undefined index: uid F:\xampp\htdocs\qiyun\Runtime\Cache\Home\769e70f2e46f34ceb60619bbda5e4691.php 第 38 行.
NOTIC: [8] Undefined index: uid F:\xampp\htdocs\qiyun\Runtime\Cache\Home\769e70f2e46f34ceb60619bbda5e4691.php 第 38 行.
NOTIC: [8] Undefined variable: a F:\xampp\htdocs\qiyun\Runtime\Cache\Home\769e70f2e46f34ceb60619bbda5e4691.php 第 58 行.
INFO: Run Behavior\ParseTemplateBehavior [ RunTime:0.015240s ]
INFO: [ view_parse ] --END-- [ RunTime:0.015285s ]
INFO: [ view_filter ] --START--
INFO: Run Behavior\WriteHtmlCacheBehavior [ RunTime:0.000573s ]
INFO: [ view_filter ] --END-- [ RunTime:0.000608s ]
INFO: [ app_end ] --START--
INFO: Run Behavior\ShowPageTraceBehavior [ RunTime:0.000705s ]
INFO: [ app_end ] --END-- [ RunTime:0.000763s ]

[ 2017-06-04T20:56:09+08:00 ] 127.0.0.1 /qiyun/index.php?s=/Home/Index/questioninfo/id/9.html
INFO: [ app_init ] --START--
INFO: Run Behavior\BuildLiteBehavior [ RunTime:0.000017s ]
INFO: Run Common\Behavior\InitHookBehavior [ RunTime:0.001790s ]
INFO: [ app_init ] --END-- [ RunTime:0.002289s ]
INFO: [ app_begin ] --START--
INFO: Run Behavior\ReadHtmlCacheBehavior [ RunTime:0.000556s ]
INFO: [ app_begin ] --END-- [ RunTime:0.000617s ]
SQL: SHOW COLUMNS FROM `qy_config` [ RunTime:0.0061s ]
SQL: SELECT `type`,`name`,`value` FROM `qy_config` WHERE `status` = 1  [ RunTime:0.0007s ]
SQL: SHOW COLUMNS FROM `qy_question` [ RunTime:0.0052s ]
SQL: SHOW COLUMNS FROM `qy_question_answer` [ RunTime:0.0067s ]
SQL: SELECT `id`,`uid`,`title`,`content`,`type` FROM `qy_question` WHERE ( id=9 ) LIMIT 1   [ RunTime:0.0004s ]
SQL: SELECT qy_user.uid,qy_user.face,qy_question_answer.money,qy_question_answer.num,qy_question_answer.content FROM `qy_question_answer` JOIN qy_user ON qy_user.id = qy_question_answer.uid  WHERE ( pid=9 )  [ RunTime:0.0003s ]
SQL: SHOW COLUMNS FROM `qy_user` [ RunTime:0.0063s ]
SQL: SELECT `username`,`nickname`,`company`,`position`,`area`,`face` FROM `qy_user` WHERE ( uid=2 ) LIMIT 1   [ RunTime:0.0003s ]
NOTIC: [2] array_column() expects parameter 1 to be array, null given F:\xampp\htdocs\qiyun\Application\Home\Controller\IndexController.class.php 第 132 行.
NOTIC: [2] in_array() expects parameter 2 to be array, null given F:\xampp\htdocs\qiyun\Application\Home\Controller\IndexController.class.php 第 133 行.
SQL: SELECT * FROM `qy_question` INNER JOIN qy_question_answer on qy_question.id = qy_question_answer.pid  WHERE qy_question.type LIKE '%0041%' AND qy_question.id <> '9' AND qy_question.is_tj = 1  [ RunTime:0.0006s ]
SQL: SELECT qy_user.uid,qy_user.face,qy_question_answer.money,qy_question_answer.num,qy_question_answer.content FROM `qy_question_answer` JOIN qy_user ON qy_user.id = qy_question_answer.uid  WHERE ( pid=37 )  [ RunTime:0.0004s ]
SQL: SELECT `username`,`nickname`,`company`,`position`,`area`,`face` FROM `qy_user` WHERE ( uid=3 ) LIMIT 1   [ RunTime:0.0003s ]
SQL: SELECT qy_user.uid,qy_user.face,qy_question_answer.money,qy_question_answer.num,qy_question_answer.content FROM `qy_question_answer` JOIN qy_user ON qy_user.id = qy_question_answer.uid  WHERE ( pid=41 )  [ RunTime:0.0006s ]
SQL: SELECT `username`,`nickname`,`company`,`position`,`area`,`face` FROM `qy_user` WHERE ( uid=3 ) LIMIT 1   [ RunTime:0.0006s ]
INFO: [ view_parse ] --START--
INFO: [ template_filter ] --START--
INFO: Run Behavior\ContentReplaceBehavior [ RunTime:0.000180s ]
INFO: [ template_filter ] --END-- [ RunTime:0.000235s ]
NOTIC: [8] Undefined variable: jssdk F:\xampp\htdocs\qiyun\Runtime\Cache\Home\5b844bf65b82c7d0e8e474908be95906.php 第 288 行.
NOTIC: [8] Undefined variable: jssdk F:\xampp\htdocs\qiyun\Runtime\Cache\Home\5b844bf65b82c7d0e8e474908be95906.php 第 289 行.
NOTIC: [8] Undefined variable: jssdk F:\xampp\htdocs\qiyun\Runtime\Cache\Home\5b844bf65b82c7d0e8e474908be95906.php 第 290 行.
NOTIC: [8] Undefined variable: jssdk F:\xampp\htdocs\qiyun\Runtime\Cache\Home\5b844bf65b82c7d0e8e474908be95906.php 第 291 行.
INFO: Run Behavior\ParseTemplateBehavior [ RunTime:0.018807s ]
INFO: [ view_parse ] --END-- [ RunTime:0.018885s ]
INFO: [ view_filter ] --START--
INFO: Run Behavior\WriteHtmlCacheBehavior [ RunTime:0.000599s ]
INFO: [ view_filter ] --END-- [ RunTime:0.000648s ]
INFO: [ app_end ] --START--
INFO: Run Behavior\ShowPageTraceBehavior [ RunTime:0.000970s ]
INFO: [ app_end ] --END-- [ RunTime:0.001059s ]

[ 2017-06-04T20:56:11+08:00 ] 127.0.0.1 /qiyun/index.php?s=/Home/Index/answer/id/9.html
INFO: [ app_init ] --START--
INFO: Run Behavior\BuildLiteBehavior [ RunTime:0.000013s ]
INFO: Run Common\Behavior\InitHookBehavior [ RunTime:0.001972s ]
INFO: [ app_init ] --END-- [ RunTime:0.002470s ]
INFO: [ app_begin ] --START--
INFO: Run Behavior\ReadHtmlCacheBehavior [ RunTime:0.000598s ]
INFO: [ app_begin ] --END-- [ RunTime:0.000671s ]
SQL: SHOW COLUMNS FROM `qy_config` [ RunTime:0.0051s ]
SQL: SELECT `type`,`name`,`value` FROM `qy_config` WHERE `status` = 1  [ RunTime:0.0006s ]
SQL: SHOW COLUMNS FROM `qy_question` [ RunTime:0.0052s ]
SQL: SHOW COLUMNS FROM `qy_question_answer` [ RunTime:0.0051s ]
SQL: SELECT `id`,`uid`,`title`,`content` FROM `qy_question` WHERE ( id=9 ) LIMIT 1   [ RunTime:0.0004s ]
SQL: SHOW COLUMNS FROM `qy_user` [ RunTime:0.0051s ]
SQL: SELECT `username`,`nickname`,`company`,`position`,`area`,`face` FROM `qy_user` WHERE ( uid=2 ) LIMIT 1   [ RunTime:0.0004s ]
SQL: SELECT COUNT(*) AS tp_count FROM `qy_question_answer` WHERE ( pid=9 ) LIMIT 1   [ RunTime:0.0003s ]
SQL: SELECT * FROM `qy_question_answer` WHERE `uid` = 3 AND `pid` = 9 LIMIT 1   [ RunTime:0.0003s ]
SQL: SELECT qy_question_answer.*,qy_user.face,qy_user.nickname,qy_user.username FROM `qy_question_answer` INNER JOIN qy_user on qy_question_answer.uid = qy_user.id  WHERE ( pid=9 )  [ RunTime:0.0003s ]
NOTIC: [2] Invalid argument supplied for foreach() F:\xampp\htdocs\qiyun\Application\Home\Controller\IndexController.class.php 第 184 行.
INFO: [ view_parse ] --START--
INFO: [ template_filter ] --START--
INFO: Run Behavior\ContentReplaceBehavior [ RunTime:0.000160s ]
INFO: [ template_filter ] --END-- [ RunTime:0.000206s ]
NOTIC: [8] Undefined variable: time F:\xampp\htdocs\qiyun\Runtime\Cache\Home\64ad6f423f3009247642bb8a6be4228b.php 第 198 行.
INFO: Run Behavior\ParseTemplateBehavior [ RunTime:0.014375s ]
INFO: [ view_parse ] --END-- [ RunTime:0.014433s ]
INFO: [ view_filter ] --START--
INFO: Run Behavior\WriteHtmlCacheBehavior [ RunTime:0.000564s ]
INFO: [ view_filter ] --END-- [ RunTime:0.000599s ]
INFO: [ app_end ] --START--
INFO: Run Behavior\ShowPageTraceBehavior [ RunTime:0.000906s ]
INFO: [ app_end ] --END-- [ RunTime:0.000997s ]

[ 2017-06-04T20:56:18+08:00 ] 127.0.0.1 /qiyun/index.php?s=/Home/Index/uploadAnswer.html
INFO: [ app_init ] --START--
INFO: Run Behavior\BuildLiteBehavior [ RunTime:0.000013s ]
INFO: Run Common\Behavior\InitHookBehavior [ RunTime:0.001737s ]
INFO: [ app_init ] --END-- [ RunTime:0.002225s ]
INFO: [ app_begin ] --START--
INFO: Run Behavior\ReadHtmlCacheBehavior [ RunTime:0.000565s ]
INFO: [ app_begin ] --END-- [ RunTime:0.000610s ]
SQL: SHOW COLUMNS FROM `qy_config` [ RunTime:0.0051s ]
SQL: SELECT `type`,`name`,`value` FROM `qy_config` WHERE `status` = 1  [ RunTime:0.0005s ]

[ 2017-06-04T21:01:27+08:00 ] 127.0.0.1 /qiyun/index.php?s=/Home/Index/answer/id/9.html
INFO: [ app_init ] --START--
INFO: Run Behavior\BuildLiteBehavior [ RunTime:0.000012s ]
INFO: Run Common\Behavior\InitHookBehavior [ RunTime:0.002373s ]
INFO: [ app_init ] --END-- [ RunTime:0.002916s ]
INFO: [ app_begin ] --START--
INFO: Run Behavior\ReadHtmlCacheBehavior [ RunTime:0.000626s ]
INFO: [ app_begin ] --END-- [ RunTime:0.000677s ]
SQL: SHOW COLUMNS FROM `qy_config` [ RunTime:0.0049s ]
SQL: SELECT `type`,`name`,`value` FROM `qy_config` WHERE `status` = 1  [ RunTime:0.0005s ]
SQL: SHOW COLUMNS FROM `qy_question` [ RunTime:0.0047s ]
SQL: SHOW COLUMNS FROM `qy_question_answer` [ RunTime:0.0049s ]
SQL: SELECT `id`,`uid`,`title`,`content` FROM `qy_question` WHERE ( id=9 ) LIMIT 1   [ RunTime:0.0003s ]
SQL: SHOW COLUMNS FROM `qy_user` [ RunTime:0.0049s ]
SQL: SELECT `username`,`nickname`,`company`,`position`,`area`,`face` FROM `qy_user` WHERE ( uid=2 ) LIMIT 1   [ RunTime:0.0004s ]
SQL: SELECT COUNT(*) AS tp_count FROM `qy_question_answer` WHERE ( pid=9 ) LIMIT 1   [ RunTime:0.0003s ]
SQL: SELECT * FROM `qy_question_answer` WHERE `uid` = 3 AND `pid` = 9 LIMIT 1   [ RunTime:0.0003s ]
SQL: SELECT qy_question_answer.*,qy_user.face,qy_user.nickname,qy_user.username FROM `qy_question_answer` INNER JOIN qy_user on qy_question_answer.uid = qy_user.id  WHERE ( pid=9 )  [ RunTime:0.0004s ]
NOTIC: [2] Invalid argument supplied for foreach() F:\xampp\htdocs\qiyun\Application\Home\Controller\IndexController.class.php 第 184 行.
INFO: [ view_parse ] --START--
INFO: [ template_filter ] --START--
INFO: Run Behavior\ContentReplaceBehavior [ RunTime:0.000160s ]
INFO: [ template_filter ] --END-- [ RunTime:0.000205s ]
NOTIC: [8] Undefined variable: time F:\xampp\htdocs\qiyun\Runtime\Cache\Home\64ad6f423f3009247642bb8a6be4228b.php 第 198 行.
INFO: Run Behavior\ParseTemplateBehavior [ RunTime:0.014391s ]
INFO: [ view_parse ] --END-- [ RunTime:0.014453s ]
INFO: [ view_filter ] --START--
INFO: Run Behavior\WriteHtmlCacheBehavior [ RunTime:0.000590s ]
INFO: [ view_filter ] --END-- [ RunTime:0.000627s ]
INFO: [ app_end ] --START--
INFO: Run Behavior\ShowPageTraceBehavior [ RunTime:0.000706s ]
INFO: [ app_end ] --END-- [ RunTime:0.000760s ]

[ 2017-06-04T21:01:36+08:00 ] 127.0.0.1 /qiyun/index.php?s=/Home/Index/uploadAnswer.html
INFO: [ app_init ] --START--
INFO: Run Behavior\BuildLiteBehavior [ RunTime:0.000011s ]
INFO: Run Common\Behavior\InitHookBehavior [ RunTime:0.002635s ]
INFO: [ app_init ] --END-- [ RunTime:0.003213s ]
INFO: [ app_begin ] --START--
INFO: Run Behavior\ReadHtmlCacheBehavior [ RunTime:0.000845s ]
INFO: [ app_begin ] --END-- [ RunTime:0.000912s ]
SQL: SHOW COLUMNS FROM `qy_config` [ RunTime:0.0053s ]
SQL: SELECT `type`,`name`,`value` FROM `qy_config` WHERE `status` = 1  [ RunTime:0.0005s ]

[ 2017-06-04T21:07:00+08:00 ] 127.0.0.1 /qiyun/index.php?s=/Home/Index/answer/id/9.html
INFO: [ app_init ] --START--
INFO: Run Behavior\BuildLiteBehavior [ RunTime:0.000012s ]
INFO: Run Common\Behavior\InitHookBehavior [ RunTime:0.002590s ]
INFO: [ app_init ] --END-- [ RunTime:0.003185s ]
INFO: [ app_begin ] --START--
INFO: Run Behavior\ReadHtmlCacheBehavior [ RunTime:0.000728s ]
INFO: [ app_begin ] --END-- [ RunTime:0.000790s ]
SQL: SHOW COLUMNS FROM `qy_config` [ RunTime:0.0050s ]
SQL: SELECT `type`,`name`,`value` FROM `qy_config` WHERE `status` = 1  [ RunTime:0.0005s ]
SQL: SHOW COLUMNS FROM `qy_question` [ RunTime:0.0054s ]
SQL: SHOW COLUMNS FROM `qy_question_answer` [ RunTime:0.0047s ]
SQL: SELECT `id`,`uid`,`title`,`content` FROM `qy_question` WHERE ( id=9 ) LIMIT 1   [ RunTime:0.0004s ]
SQL: SHOW COLUMNS FROM `qy_user` [ RunTime:0.0050s ]
SQL: SELECT `username`,`nickname`,`company`,`position`,`area`,`face` FROM `qy_user` WHERE ( uid=2 ) LIMIT 1   [ RunTime:0.0004s ]
SQL: SELECT COUNT(*) AS tp_count FROM `qy_question_answer` WHERE ( pid=9 ) LIMIT 1   [ RunTime:0.0003s ]
SQL: SELECT * FROM `qy_question_answer` WHERE `uid` = 3 AND `pid` = 9 LIMIT 1   [ RunTime:0.0003s ]
SQL: SELECT qy_question_answer.*,qy_user.face,qy_user.nickname,qy_user.username FROM `qy_question_answer` INNER JOIN qy_user on qy_question_answer.uid = qy_user.id  WHERE ( pid=9 )  [ RunTime:0.0004s ]
NOTIC: [2] Invalid argument supplied for foreach() F:\xampp\htdocs\qiyun\Application\Home\Controller\IndexController.class.php 第 184 行.
INFO: [ view_parse ] --START--
INFO: [ template_filter ] --START--
INFO: Run Behavior\ContentReplaceBehavior [ RunTime:0.000161s ]
INFO: [ template_filter ] --END-- [ RunTime:0.000205s ]
NOTIC: [8] Undefined variable: time F:\xampp\htdocs\qiyun\Runtime\Cache\Home\64ad6f423f3009247642bb8a6be4228b.php 第 198 行.
INFO: Run Behavior\ParseTemplateBehavior [ RunTime:0.014917s ]
INFO: [ view_parse ] --END-- [ RunTime:0.014977s ]
INFO: [ view_filter ] --START--
INFO: Run Behavior\WriteHtmlCacheBehavior [ RunTime:0.000559s ]
INFO: [ view_filter ] --END-- [ RunTime:0.000597s ]
INFO: [ app_end ] --START--
INFO: Run Behavior\ShowPageTraceBehavior [ RunTime:0.000710s ]
INFO: [ app_end ] --END-- [ RunTime:0.000762s ]

[ 2017-06-04T21:07:08+08:00 ] 127.0.0.1 /qiyun/index.php?s=/Home/Index/uploadAnswer.html
INFO: [ app_init ] --START--
INFO: Run Behavior\BuildLiteBehavior [ RunTime:0.000012s ]
INFO: Run Common\Behavior\InitHookBehavior [ RunTime:0.002849s ]
INFO: [ app_init ] --END-- [ RunTime:0.003406s ]
INFO: [ app_begin ] --START--
INFO: Run Behavior\ReadHtmlCacheBehavior [ RunTime:0.000712s ]
INFO: [ app_begin ] --END-- [ RunTime:0.000758s ]
SQL: SHOW COLUMNS FROM `qy_config` [ RunTime:0.0056s ]
SQL: SELECT `type`,`name`,`value` FROM `qy_config` WHERE `status` = 1  [ RunTime:0.0005s ]

[ 2017-06-04T21:07:44+08:00 ] 127.0.0.1 /qiyun/
INFO: [ app_init ] --START--
INFO: Run Behavior\BuildLiteBehavior [ RunTime:0.000012s ]
INFO: Run Common\Behavior\InitHookBehavior [ RunTime:0.002909s ]
INFO: [ app_init ] --END-- [ RunTime:0.003433s ]
INFO: [ app_begin ] --START--
INFO: Run Behavior\ReadHtmlCacheBehavior [ RunTime:0.000726s ]
INFO: [ app_begin ] --END-- [ RunTime:0.000785s ]
SQL: SHOW COLUMNS FROM `qy_config` [ RunTime:0.0403s ]
SQL: SELECT `type`,`name`,`value` FROM `qy_config` WHERE `status` = 1  [ RunTime:0.0005s ]
SQL: SHOW COLUMNS FROM `qy_question` [ RunTime:0.0048s ]
SQL: SELECT COUNT(*) AS tp_count FROM `qy_question` WHERE qy_question.is_tj = 1 LIMIT 1   [ RunTime:0.0004s ]
SQL: SELECT qy_question.id,qy_question.title,qy_question.content,qy_user.nickname,qy_user.company,qy_user.area,qy_user.position FROM `qy_question` JOIN qy_user ON qy_user.uid = qy_question.uid  WHERE qy_question.is_tj = 1 ORDER BY id DESC LIMIT 0,10   [ RunTime:0.0006s ]
SQL: SHOW COLUMNS FROM `qy_question_answer` [ RunTime:0.0049s ]
SQL: SELECT qy_user.uid,qy_user.face,qy_question_answer.money,qy_question_answer.num,qy_question_answer.content FROM `qy_question_answer` JOIN qy_user ON qy_user.id = qy_question_answer.uid  WHERE ( pid=11 )  [ RunTime:0.0004s ]
SQL: SELECT qy_user.uid,qy_user.face,qy_question_answer.money,qy_question_answer.num,qy_question_answer.content FROM `qy_question_answer` JOIN qy_user ON qy_user.id = qy_question_answer.uid  WHERE ( pid=10 )  [ RunTime:0.0004s ]
SQL: SELECT qy_user.uid,qy_user.face,qy_question_answer.money,qy_question_answer.num,qy_question_answer.content FROM `qy_question_answer` JOIN qy_user ON qy_user.id = qy_question_answer.uid  WHERE ( pid=9 )  [ RunTime:0.0003s ]
SQL: SELECT qy_user.uid,qy_user.face,qy_question_answer.money,qy_question_answer.num,qy_question_answer.content FROM `qy_question_answer` JOIN qy_user ON qy_user.id = qy_question_answer.uid  WHERE ( pid=8 )  [ RunTime:0.0003s ]
SQL: SELECT qy_user.uid,qy_user.face,qy_question_answer.money,qy_question_answer.num,qy_question_answer.content FROM `qy_question_answer` JOIN qy_user ON qy_user.id = qy_question_answer.uid  WHERE ( pid=7 )  [ RunTime:0.0003s ]
SQL: SELECT qy_user.uid,qy_user.face,qy_question_answer.money,qy_question_answer.num,qy_question_answer.content FROM `qy_question_answer` JOIN qy_user ON qy_user.id = qy_question_answer.uid  WHERE ( pid=1 )  [ RunTime:0.0003s ]
INFO: [ view_parse ] --START--
INFO: [ template_filter ] --START--
INFO: Run Behavior\ContentReplaceBehavior [ RunTime:0.000086s ]
INFO: [ template_filter ] --END-- [ RunTime:0.000129s ]
NOTIC: [8] Undefined index: uid F:\xampp\htdocs\qiyun\Runtime\Cache\Home\769e70f2e46f34ceb60619bbda5e4691.php 第 38 行.
NOTIC: [8] Undefined index: uid F:\xampp\htdocs\qiyun\Runtime\Cache\Home\769e70f2e46f34ceb60619bbda5e4691.php 第 38 行.
NOTIC: [8] Undefined variable: a F:\xampp\htdocs\qiyun\Runtime\Cache\Home\769e70f2e46f34ceb60619bbda5e4691.php 第 58 行.
NOTIC: [8] Undefined index: id F:\xampp\htdocs\qiyun\Runtime\Cache\Home\769e70f2e46f34ceb60619bbda5e4691.php 第 67 行.
NOTIC: [8] Undefined offset: 2 F:\xampp\htdocs\qiyun\Runtime\Cache\Home\769e70f2e46f34ceb60619bbda5e4691.php 第 103 行.
INFO: Run Behavior\ParseTemplateBehavior [ RunTime:0.015195s ]
INFO: [ view_parse ] --END-- [ RunTime:0.015239s ]
INFO: [ view_filter ] --START--
INFO: Run Behavior\WriteHtmlCacheBehavior [ RunTime:0.000590s ]
INFO: [ view_filter ] --END-- [ RunTime:0.000625s ]
INFO: [ app_end ] --START--
INFO: Run Behavior\ShowPageTraceBehavior [ RunTime:0.001041s ]
INFO: [ app_end ] --END-- [ RunTime:0.001127s ]

[ 2017-06-04T21:07:48+08:00 ] 127.0.0.1 /qiyun/index.php?s=/Home/Index/questioninfo/id/9.html
INFO: [ app_init ] --START--
INFO: Run Behavior\BuildLiteBehavior [ RunTime:0.000011s ]
INFO: Run Common\Behavior\InitHookBehavior [ RunTime:0.002828s ]
INFO: [ app_init ] --END-- [ RunTime:0.003364s ]
INFO: [ app_begin ] --START--
INFO: Run Behavior\ReadHtmlCacheBehavior [ RunTime:0.000717s ]
INFO: [ app_begin ] --END-- [ RunTime:0.000765s ]
SQL: SHOW COLUMNS FROM `qy_config` [ RunTime:0.0051s ]
SQL: SELECT `type`,`name`,`value` FROM `qy_config` WHERE `status` = 1  [ RunTime:0.0006s ]
SQL: SHOW COLUMNS FROM `qy_question` [ RunTime:0.0050s ]
SQL: SHOW COLUMNS FROM `qy_question_answer` [ RunTime:0.0049s ]
SQL: SELECT `id`,`uid`,`title`,`content`,`type` FROM `qy_question` WHERE ( id=9 ) LIMIT 1   [ RunTime:0.0003s ]
SQL: SELECT qy_user.uid,qy_user.face,qy_question_answer.money,qy_question_answer.num,qy_question_answer.content FROM `qy_question_answer` JOIN qy_user ON qy_user.id = qy_question_answer.uid  WHERE ( pid=9 )  [ RunTime:0.0003s ]
SQL: SHOW COLUMNS FROM `qy_user` [ RunTime:0.0051s ]
SQL: SELECT `username`,`nickname`,`company`,`position`,`area`,`face` FROM `qy_user` WHERE ( uid=2 ) LIMIT 1   [ RunTime:0.0004s ]
NOTIC: [2] array_column() expects parameter 1 to be array, null given F:\xampp\htdocs\qiyun\Application\Home\Controller\IndexController.class.php 第 132 行.
NOTIC: [2] in_array() expects parameter 2 to be array, null given F:\xampp\htdocs\qiyun\Application\Home\Controller\IndexController.class.php 第 133 行.
SQL: SELECT * FROM `qy_question` INNER JOIN qy_question_answer on qy_question.id = qy_question_answer.pid  WHERE qy_question.type LIKE '%0041%' AND qy_question.id <> '9' AND qy_question.is_tj = 1  [ RunTime:0.0004s ]
SQL: SELECT qy_user.uid,qy_user.face,qy_question_answer.money,qy_question_answer.num,qy_question_answer.content FROM `qy_question_answer` JOIN qy_user ON qy_user.id = qy_question_answer.uid  WHERE ( pid=37 )  [ RunTime:0.0003s ]
SQL: SELECT `username`,`nickname`,`company`,`position`,`area`,`face` FROM `qy_user` WHERE ( uid=3 ) LIMIT 1   [ RunTime:0.0003s ]
SQL: SELECT qy_user.uid,qy_user.face,qy_question_answer.money,qy_question_answer.num,qy_question_answer.content FROM `qy_question_answer` JOIN qy_user ON qy_user.id = qy_question_answer.uid  WHERE ( pid=41 )  [ RunTime:0.0004s ]
SQL: SELECT `username`,`nickname`,`company`,`position`,`area`,`face` FROM `qy_user` WHERE ( uid=3 ) LIMIT 1   [ RunTime:0.0003s ]
INFO: [ view_parse ] --START--
INFO: [ template_filter ] --START--
INFO: Run Behavior\ContentReplaceBehavior [ RunTime:0.000196s ]
INFO: [ template_filter ] --END-- [ RunTime:0.000245s ]
NOTIC: [8] Undefined variable: jssdk F:\xampp\htdocs\qiyun\Runtime\Cache\Home\5b844bf65b82c7d0e8e474908be95906.php 第 288 行.
NOTIC: [8] Undefined variable: jssdk F:\xampp\htdocs\qiyun\Runtime\Cache\Home\5b844bf65b82c7d0e8e474908be95906.php 第 289 行.
NOTIC: [8] Undefined variable: jssdk F:\xampp\htdocs\qiyun\Runtime\Cache\Home\5b844bf65b82c7d0e8e474908be95906.php 第 290 行.
NOTIC: [8] Undefined variable: jssdk F:\xampp\htdocs\qiyun\Runtime\Cache\Home\5b844bf65b82c7d0e8e474908be95906.php 第 291 行.
INFO: Run Behavior\ParseTemplateBehavior [ RunTime:0.016817s ]
INFO: [ view_parse ] --END-- [ RunTime:0.016863s ]
INFO: [ view_filter ] --START--
INFO: Run Behavior\WriteHtmlCacheBehavior [ RunTime:0.000609s ]
INFO: [ view_filter ] --END-- [ RunTime:0.000646s ]
INFO: [ app_end ] --START--
INFO: Run Behavior\ShowPageTraceBehavior [ RunTime:0.000812s ]
INFO: [ app_end ] --END-- [ RunTime:0.000911s ]

[ 2017-06-04T21:07:50+08:00 ] 127.0.0.1 /qiyun/index.php?s=/Home/Index/answer/id/9.html
INFO: [ app_init ] --START--
INFO: Run Behavior\BuildLiteBehavior [ RunTime:0.000011s ]
INFO: Run Common\Behavior\InitHookBehavior [ RunTime:0.002926s ]
INFO: [ app_init ] --END-- [ RunTime:0.003463s ]
INFO: [ app_begin ] --START--
INFO: Run Behavior\ReadHtmlCacheBehavior [ RunTime:0.000760s ]
INFO: [ app_begin ] --END-- [ RunTime:0.000809s ]
SQL: SHOW COLUMNS FROM `qy_config` [ RunTime:0.0052s ]
SQL: SELECT `type`,`name`,`value` FROM `qy_config` WHERE `status` = 1  [ RunTime:0.0005s ]
SQL: SHOW COLUMNS FROM `qy_question` [ RunTime:0.0059s ]
SQL: SHOW COLUMNS FROM `qy_question_answer` [ RunTime:0.0055s ]
SQL: SELECT `id`,`uid`,`title`,`content` FROM `qy_question` WHERE ( id=9 ) LIMIT 1   [ RunTime:0.0004s ]
SQL: SHOW COLUMNS FROM `qy_user` [ RunTime:0.0052s ]
SQL: SELECT `username`,`nickname`,`company`,`position`,`area`,`face` FROM `qy_user` WHERE ( uid=2 ) LIMIT 1   [ RunTime:0.0003s ]
SQL: SELECT COUNT(*) AS tp_count FROM `qy_question_answer` WHERE ( pid=9 ) LIMIT 1   [ RunTime:0.0003s ]
SQL: SELECT * FROM `qy_question_answer` WHERE `uid` = 3 AND `pid` = 9 LIMIT 1   [ RunTime:0.0003s ]
SQL: SELECT qy_question_answer.*,qy_user.face,qy_user.nickname,qy_user.username FROM `qy_question_answer` INNER JOIN qy_user on qy_question_answer.uid = qy_user.id  WHERE ( pid=9 )  [ RunTime:0.0003s ]
NOTIC: [2] Invalid argument supplied for foreach() F:\xampp\htdocs\qiyun\Application\Home\Controller\IndexController.class.php 第 184 行.
INFO: [ view_parse ] --START--
INFO: [ template_filter ] --START--
INFO: Run Behavior\ContentReplaceBehavior [ RunTime:0.000270s ]
INFO: [ template_filter ] --END-- [ RunTime:0.000351s ]
NOTIC: [8] Undefined variable: time F:\xampp\htdocs\qiyun\Runtime\Cache\Home\64ad6f423f3009247642bb8a6be4228b.php 第 198 行.
INFO: Run Behavior\ParseTemplateBehavior [ RunTime:0.017512s ]
INFO: [ view_parse ] --END-- [ RunTime:0.017580s ]
INFO: [ view_filter ] --START--
INFO: Run Behavior\WriteHtmlCacheBehavior [ RunTime:0.000580s ]
INFO: [ view_filter ] --END-- [ RunTime:0.000630s ]
INFO: [ app_end ] --START--
INFO: Run Behavior\ShowPageTraceBehavior [ RunTime:0.001202s ]
INFO: [ app_end ] --END-- [ RunTime:0.001274s ]

[ 2017-06-04T21:07:59+08:00 ] 127.0.0.1 /qiyun/index.php?s=/Home/Index/uploadAnswer.html
INFO: [ app_init ] --START--
INFO: Run Behavior\BuildLiteBehavior [ RunTime:0.000012s ]
INFO: Run Common\Behavior\InitHookBehavior [ RunTime:0.002928s ]
INFO: [ app_init ] --END-- [ RunTime:0.003447s ]
INFO: [ app_begin ] --START--
INFO: Run Behavior\ReadHtmlCacheBehavior [ RunTime:0.000737s ]
INFO: [ app_begin ] --END-- [ RunTime:0.000793s ]
SQL: SHOW COLUMNS FROM `qy_config` [ RunTime:0.0052s ]
SQL: SELECT `type`,`name`,`value` FROM `qy_config` WHERE `status` = 1  [ RunTime:0.0005s ]

[ 2017-06-04T21:08:00+08:00 ] 127.0.0.1 /qiyun/index.php?s=/Home/Index/answer/id/9.html
INFO: [ app_init ] --START--
INFO: Run Behavior\BuildLiteBehavior [ RunTime:0.000011s ]
INFO: Run Common\Behavior\InitHookBehavior [ RunTime:0.003281s ]
INFO: [ app_init ] --END-- [ RunTime:0.003829s ]
INFO: [ app_begin ] --START--
INFO: Run Behavior\ReadHtmlCacheBehavior [ RunTime:0.001078s ]
INFO: [ app_begin ] --END-- [ RunTime:0.001182s ]
SQL: SHOW COLUMNS FROM `qy_config` [ RunTime:0.0050s ]
SQL: SELECT `type`,`name`,`value` FROM `qy_config` WHERE `status` = 1  [ RunTime:0.0005s ]
SQL: SHOW COLUMNS FROM `qy_question` [ RunTime:0.0047s ]
SQL: SHOW COLUMNS FROM `qy_question_answer` [ RunTime:0.0049s ]
SQL: SELECT `id`,`uid`,`title`,`content` FROM `qy_question` WHERE ( id=9 ) LIMIT 1   [ RunTime:0.0004s ]
SQL: SHOW COLUMNS FROM `qy_user` [ RunTime:0.0048s ]
SQL: SELECT `username`,`nickname`,`company`,`position`,`area`,`face` FROM `qy_user` WHERE ( uid=2 ) LIMIT 1   [ RunTime:0.0003s ]
SQL: SELECT COUNT(*) AS tp_count FROM `qy_question_answer` WHERE ( pid=9 ) LIMIT 1   [ RunTime:0.0003s ]
NOTIC: [8] Undefined index: qiyun_user F:\xampp\htdocs\qiyun\Application\Home\Controller\IndexController.class.php 第 168 行.
SQL: SELECT * FROM `qy_question_answer` WHERE `uid` = null AND `pid` = 9 LIMIT 1   [ RunTime:0.0003s ]
SQL: SELECT qy_question_answer.*,qy_user.face,qy_user.nickname,qy_user.username FROM `qy_question_answer` INNER JOIN qy_user on qy_question_answer.uid = qy_user.id  WHERE ( pid=9 )  [ RunTime:0.0004s ]
NOTIC: [2] Invalid argument supplied for foreach() F:\xampp\htdocs\qiyun\Application\Home\Controller\IndexController.class.php 第 184 行.
INFO: [ view_parse ] --START--
INFO: [ template_filter ] --START--
INFO: Run Behavior\ContentReplaceBehavior [ RunTime:0.000192s ]
INFO: [ template_filter ] --END-- [ RunTime:0.000238s ]
NOTIC: [8] Undefined variable: time F:\xampp\htdocs\qiyun\Runtime\Cache\Home\64ad6f423f3009247642bb8a6be4228b.php 第 198 行.
INFO: Run Behavior\ParseTemplateBehavior [ RunTime:0.015893s ]
INFO: [ view_parse ] --END-- [ RunTime:0.015951s ]
INFO: [ view_filter ] --START--
INFO: Run Behavior\WriteHtmlCacheBehavior [ RunTime:0.000653s ]
INFO: [ view_filter ] --END-- [ RunTime:0.000689s ]
INFO: [ app_end ] --START--
INFO: Run Behavior\ShowPageTraceBehavior [ RunTime:0.000830s ]
INFO: [ app_end ] --END-- [ RunTime:0.000882s ]

[ 2017-06-04T21:08:32+08:00 ] 127.0.0.1 /qiyun/index.php?s=/Home/Index/uploadAnswer.html
INFO: [ app_init ] --START--
INFO: Run Behavior\BuildLiteBehavior [ RunTime:0.000012s ]
INFO: Run Common\Behavior\InitHookBehavior [ RunTime:0.002876s ]
INFO: [ app_init ] --END-- [ RunTime:0.003397s ]
INFO: [ app_begin ] --START--
INFO: Run Behavior\ReadHtmlCacheBehavior [ RunTime:0.000743s ]
INFO: [ app_begin ] --END-- [ RunTime:0.000791s ]
SQL: SHOW COLUMNS FROM `qy_config` [ RunTime:0.0053s ]
SQL: SELECT `type`,`name`,`value` FROM `qy_config` WHERE `status` = 1  [ RunTime:0.0005s ]

[ 2017-06-04T21:08:59+08:00 ] 127.0.0.1 /qiyun/index.php?s=/Home/Index/answer/id/9.html
INFO: [ app_init ] --START--
INFO: Run Behavior\BuildLiteBehavior [ RunTime:0.000011s ]
INFO: Run Common\Behavior\InitHookBehavior [ RunTime:0.003116s ]
INFO: [ app_init ] --END-- [ RunTime:0.003640s ]
INFO: [ app_begin ] --START--
INFO: Run Behavior\ReadHtmlCacheBehavior [ RunTime:0.000811s ]
INFO: [ app_begin ] --END-- [ RunTime:0.000861s ]
SQL: SHOW COLUMNS FROM `qy_config` [ RunTime:0.0422s ]
SQL: SELECT `type`,`name`,`value` FROM `qy_config` WHERE `status` = 1  [ RunTime:0.0005s ]
SQL: SHOW COLUMNS FROM `qy_question` [ RunTime:0.0049s ]
SQL: SHOW COLUMNS FROM `qy_question_answer` [ RunTime:0.0049s ]
SQL: SELECT `id`,`uid`,`title`,`content` FROM `qy_question` WHERE ( id=9 ) LIMIT 1   [ RunTime:0.0003s ]
SQL: SHOW COLUMNS FROM `qy_user` [ RunTime:0.0050s ]
SQL: SELECT `username`,`nickname`,`company`,`position`,`area`,`face` FROM `qy_user` WHERE ( uid=2 ) LIMIT 1   [ RunTime:0.0004s ]
SQL: SELECT COUNT(*) AS tp_count FROM `qy_question_answer` WHERE ( pid=9 ) LIMIT 1   [ RunTime:0.0003s ]
SQL: SELECT * FROM `qy_question_answer` WHERE `uid` = 3 AND `pid` = 9 LIMIT 1   [ RunTime:0.0003s ]
SQL: SELECT qy_question_answer.*,qy_user.face,qy_user.nickname,qy_user.username FROM `qy_question_answer` INNER JOIN qy_user on qy_question_answer.uid = qy_user.id  WHERE ( pid=9 )  [ RunTime:0.0003s ]
NOTIC: [2] Invalid argument supplied for foreach() F:\xampp\htdocs\qiyun\Application\Home\Controller\IndexController.class.php 第 184 行.
INFO: [ view_parse ] --START--
INFO: [ template_filter ] --START--
INFO: Run Behavior\ContentReplaceBehavior [ RunTime:0.000158s ]
INFO: [ template_filter ] --END-- [ RunTime:0.000202s ]
NOTIC: [8] Undefined variable: time F:\xampp\htdocs\qiyun\Runtime\Cache\Home\64ad6f423f3009247642bb8a6be4228b.php 第 198 行.
INFO: Run Behavior\ParseTemplateBehavior [ RunTime:0.015085s ]
INFO: [ view_parse ] --END-- [ RunTime:0.015141s ]
INFO: [ view_filter ] --START--
INFO: Run Behavior\WriteHtmlCacheBehavior [ RunTime:0.000628s ]
INFO: [ view_filter ] --END-- [ RunTime:0.000665s ]
INFO: [ app_end ] --START--
INFO: Run Behavior\ShowPageTraceBehavior [ RunTime:0.000881s ]
INFO: [ app_end ] --END-- [ RunTime:0.000936s ]

[ 2017-06-04T21:09:10+08:00 ] 127.0.0.1 /qiyun/index.php?s=/Home/Index/uploadAnswer.html
INFO: [ app_init ] --START--
INFO: Run Behavior\BuildLiteBehavior [ RunTime:0.000011s ]
INFO: Run Common\Behavior\InitHookBehavior [ RunTime:0.002620s ]
INFO: [ app_init ] --END-- [ RunTime:0.003174s ]
INFO: [ app_begin ] --START--
INFO: Run Behavior\ReadHtmlCacheBehavior [ RunTime:0.000629s ]
INFO: [ app_begin ] --END-- [ RunTime:0.000677s ]
SQL: SHOW COLUMNS FROM `qy_config` [ RunTime:0.0052s ]
SQL: SELECT `type`,`name`,`value` FROM `qy_config` WHERE `status` = 1  [ RunTime:0.0005s ]
SQL: SHOW COLUMNS FROM `qy_question_answer` [ RunTime:0.0055s ]
SQL: SHOW COLUMNS FROM `qy_answer_file` [ RunTime:0.0049s ]
SQL: INSERT INTO `qy_question_answer` (`pid`,`uid`,`content`,`addtime`) VALUES ('9','3','/weixinrecord/20170604/wxupload_14965817493045.mp3','1496581750') [ RunTime:0.1485s ]
INFO: [ app_end ] --START--
INFO: Run Behavior\ShowPageTraceBehavior [ RunTime:0.001155s ]
INFO: [ app_end ] --END-- [ RunTime:0.001209s ]

[ 2017-06-04T21:09:14+08:00 ] 127.0.0.1 /qiyun/index.php?s=/Home/Index/answer/id/9.html
INFO: [ app_init ] --START--
INFO: Run Behavior\BuildLiteBehavior [ RunTime:0.000011s ]
INFO: Run Common\Behavior\InitHookBehavior [ RunTime:0.002622s ]
INFO: [ app_init ] --END-- [ RunTime:0.003131s ]
INFO: [ app_begin ] --START--
INFO: Run Behavior\ReadHtmlCacheBehavior [ RunTime:0.000683s ]
INFO: [ app_begin ] --END-- [ RunTime:0.000732s ]
SQL: SHOW COLUMNS FROM `qy_config` [ RunTime:0.0051s ]
SQL: SELECT `type`,`name`,`value` FROM `qy_config` WHERE `status` = 1  [ RunTime:0.0005s ]
SQL: SHOW COLUMNS FROM `qy_question` [ RunTime:0.0051s ]
SQL: SHOW COLUMNS FROM `qy_question_answer` [ RunTime:0.0048s ]
SQL: SELECT `id`,`uid`,`title`,`content` FROM `qy_question` WHERE ( id=9 ) LIMIT 1   [ RunTime:0.0003s ]
SQL: SHOW COLUMNS FROM `qy_user` [ RunTime:0.0049s ]
SQL: SELECT `username`,`nickname`,`company`,`position`,`area`,`face` FROM `qy_user` WHERE ( uid=2 ) LIMIT 1   [ RunTime:0.0003s ]
SQL: SELECT COUNT(*) AS tp_count FROM `qy_question_answer` WHERE ( pid=9 ) LIMIT 1   [ RunTime:0.0003s ]
SQL: SELECT * FROM `qy_question_answer` WHERE `uid` = 3 AND `pid` = 9 LIMIT 1   [ RunTime:0.0003s ]
SQL: SELECT qy_question_answer.*,qy_user.face,qy_user.nickname,qy_user.username FROM `qy_question_answer` INNER JOIN qy_user on qy_question_answer.uid = qy_user.id  WHERE ( pid=9 )  [ RunTime:0.0003s ]
SQL: SELECT `username`,`nickname`,`company`,`position`,`area`,`face` FROM `qy_user` WHERE ( uid=3 ) LIMIT 1   [ RunTime:0.0003s ]
INFO: [ view_parse ] --START--
INFO: [ template_filter ] --START--
INFO: Run Behavior\ContentReplaceBehavior [ RunTime:0.000172s ]
INFO: [ template_filter ] --END-- [ RunTime:0.000225s ]
NOTIC: [8] Undefined variable: time F:\xampp\htdocs\qiyun\Runtime\Cache\Home\64ad6f423f3009247642bb8a6be4228b.php 第 198 行.
INFO: Run Behavior\ParseTemplateBehavior [ RunTime:0.014685s ]
INFO: [ view_parse ] --END-- [ RunTime:0.014748s ]
INFO: [ view_filter ] --START--
INFO: Run Behavior\WriteHtmlCacheBehavior [ RunTime:0.000574s ]
INFO: [ view_filter ] --END-- [ RunTime:0.000610s ]
INFO: [ app_end ] --START--
INFO: Run Behavior\ShowPageTraceBehavior [ RunTime:0.000732s ]
INFO: [ app_end ] --END-- [ RunTime:0.000786s ]

