[ 2017-04-10T16:46:32+08:00 ] 127.0.0.1 /admin.php?s=/Shop/index.html
INFO: [ app_init ] --START--
INFO: Run Behavior\BuildLiteBehavior [ RunTime:0.000000s ]
INFO: Run Common\Behavior\InitHookBehavior [ RunTime:0.002000s ]
INFO: [ app_init ] --END-- [ RunTime:0.002000s ]
INFO: [ app_begin ] --START--
INFO: Run Behavior\ReadHtmlCacheBehavior [ RunTime:0.000000s ]
INFO: [ app_begin ] --END-- [ RunTime:0.001000s ]
SQL: SHOW COLUMNS FROM `qy_menu` [ RunTime:0.0030s ]
SQL: SELECT `id`,`title`,`url` FROM `qy_menu` WHERE `pid` = 0 AND `hide` = 0 ORDER BY sort asc  [ RunTime:0.0010s ]
SQL: SELECT `pid` FROM `qy_menu` WHERE ( pid !=0 AND url like '%Shop/index%' ) LIMIT 1   [ RunTime:0.0010s ]
SQL: SELECT * FROM `qy_menu` WHERE `id` = 129 LIMIT 1   [ RunTime:0.0000s ]
SQL: SELECT DISTINCT  `group` FROM `qy_menu` WHERE `group` <> '' AND `pid` = 129  [ RunTime:0.0000s ]
SQL: SELECT `id`,`url` FROM `qy_menu` WHERE `pid` = 129 AND `hide` = 0  [ RunTime:0.0000s ]
SQL: SELECT `id`,`pid`,`title`,`url`,`tip` FROM `qy_menu` WHERE `group` = '商品管理' AND `pid` = 129 AND `hide` = 0 ORDER BY sort asc  [ RunTime:0.0010s ]
NOTIC: [8] Undefined variable: map D:\wamp\www\qiyun\Application\Admin\Controller\ShopController.class.php 第 29 行.
SQL: SHOW COLUMNS FROM `qy_shop` [ RunTime:0.0020s ]
SQL: SELECT COUNT(*) AS tp_count FROM `qy_shop` WHERE `status` >= 0 LIMIT 1   [ RunTime:0.0000s ]
SQL: SELECT `id`,`title`,`cover_id`,`money`,`number`,`content`,`addtime`,`status`,`paynum` FROM `qy_shop` WHERE `status` >= 0 ORDER BY id desc LIMIT 0,10   [ RunTime:0.0000s ]
INFO: [ view_parse ] --START--
INFO: [ template_filter ] --START--
INFO: Run Behavior\ContentReplaceBehavior [ RunTime:0.001000s ]
INFO: [ template_filter ] --END-- [ RunTime:0.001000s ]
INFO: Run Behavior\ParseTemplateBehavior [ RunTime:0.023001s ]
INFO: [ view_parse ] --END-- [ RunTime:0.023001s ]
INFO: [ view_filter ] --START--
INFO: Run Behavior\WriteHtmlCacheBehavior [ RunTime:0.001000s ]
INFO: [ view_filter ] --END-- [ RunTime:0.001000s ]
INFO: [ app_end ] --START--
INFO: Run Behavior\ShowPageTraceBehavior [ RunTime:0.001000s ]
INFO: [ app_end ] --END-- [ RunTime:0.001000s ]

[ 2017-04-10T16:46:33+08:00 ] 127.0.0.1 /admin.php?s=/Shop/changeStatus/method/forbidUser/id/1.html
INFO: [ app_init ] --START--
INFO: Run Behavior\BuildLiteBehavior [ RunTime:0.000000s ]
INFO: Run Common\Behavior\InitHookBehavior [ RunTime:0.003000s ]
INFO: [ app_init ] --END-- [ RunTime:0.004000s ]
INFO: [ app_begin ] --START--
INFO: Run Behavior\ReadHtmlCacheBehavior [ RunTime:0.001000s ]
INFO: [ app_begin ] --END-- [ RunTime:0.001000s ]
SQL: SHOW COLUMNS FROM `qy_menu` [ RunTime:0.0040s ]
SQL: SELECT `id`,`title`,`url` FROM `qy_menu` WHERE `pid` = 0 AND `hide` = 0 ORDER BY sort asc  [ RunTime:0.0010s ]
SQL: SELECT `pid` FROM `qy_menu` WHERE ( pid !=0 AND url like '%Shop/changeStatus%' ) LIMIT 1   [ RunTime:0.0000s ]

[ 2017-04-10T16:46:36+08:00 ] 127.0.0.1 /admin.php?s=/Shop/changeStatus/method/forbidUser/id/1.html
INFO: [ app_init ] --START--
INFO: Run Behavior\BuildLiteBehavior [ RunTime:0.000000s ]
INFO: Run Common\Behavior\InitHookBehavior [ RunTime:0.002000s ]
INFO: [ app_init ] --END-- [ RunTime:0.002000s ]
INFO: [ app_begin ] --START--
INFO: Run Behavior\ReadHtmlCacheBehavior [ RunTime:0.000000s ]
INFO: [ app_begin ] --END-- [ RunTime:0.000000s ]
SQL: SHOW COLUMNS FROM `qy_menu` [ RunTime:0.0030s ]
SQL: SELECT `id`,`title`,`url` FROM `qy_menu` WHERE `pid` = 0 AND `hide` = 0 ORDER BY sort asc  [ RunTime:0.0010s ]
SQL: SELECT `pid` FROM `qy_menu` WHERE ( pid !=0 AND url like '%Shop/changeStatus%' ) LIMIT 1   [ RunTime:0.0010s ]

[ 2017-04-10T16:46:49+08:00 ] 127.0.0.1 /admin.php?s=/Shop/index.html
INFO: [ app_init ] --START--
INFO: Run Behavior\BuildLiteBehavior [ RunTime:0.000000s ]
INFO: Run Common\Behavior\InitHookBehavior [ RunTime:0.002000s ]
INFO: [ app_init ] --END-- [ RunTime:0.003001s ]
INFO: [ app_begin ] --START--
INFO: Run Behavior\ReadHtmlCacheBehavior [ RunTime:0.000000s ]
INFO: [ app_begin ] --END-- [ RunTime:0.000000s ]
SQL: SHOW COLUMNS FROM `qy_menu` [ RunTime:0.0030s ]
SQL: SELECT `id`,`title`,`url` FROM `qy_menu` WHERE `pid` = 0 AND `hide` = 0 ORDER BY sort asc  [ RunTime:0.0000s ]
SQL: SELECT `pid` FROM `qy_menu` WHERE ( pid !=0 AND url like '%Shop/index%' ) LIMIT 1   [ RunTime:0.0000s ]
SQL: SELECT * FROM `qy_menu` WHERE `id` = 129 LIMIT 1   [ RunTime:0.0000s ]
SQL: SELECT DISTINCT  `group` FROM `qy_menu` WHERE `group` <> '' AND `pid` = 129  [ RunTime:0.0000s ]
SQL: SELECT `id`,`url` FROM `qy_menu` WHERE `pid` = 129 AND `hide` = 0  [ RunTime:0.0010s ]
SQL: SELECT `id`,`pid`,`title`,`url`,`tip` FROM `qy_menu` WHERE `group` = '商品管理' AND `pid` = 129 AND `hide` = 0 ORDER BY sort asc  [ RunTime:0.0000s ]
NOTIC: [8] Undefined variable: map D:\wamp\www\qiyun\Application\Admin\Controller\ShopController.class.php 第 29 行.
SQL: SHOW COLUMNS FROM `qy_shop` [ RunTime:0.0030s ]
SQL: SELECT COUNT(*) AS tp_count FROM `qy_shop` WHERE `status` >= 0 LIMIT 1   [ RunTime:0.0010s ]
SQL: SELECT `id`,`title`,`cover_id`,`money`,`number`,`content`,`addtime`,`status`,`paynum` FROM `qy_shop` WHERE `status` >= 0 ORDER BY id desc LIMIT 0,10   [ RunTime:0.0010s ]
INFO: [ view_parse ] --START--
INFO: [ template_filter ] --START--
INFO: Run Behavior\ContentReplaceBehavior [ RunTime:0.000000s ]
INFO: [ template_filter ] --END-- [ RunTime:0.001000s ]
INFO: Run Behavior\ParseTemplateBehavior [ RunTime:0.023002s ]
INFO: [ view_parse ] --END-- [ RunTime:0.023002s ]
INFO: [ view_filter ] --START--
INFO: Run Behavior\WriteHtmlCacheBehavior [ RunTime:0.001000s ]
INFO: [ view_filter ] --END-- [ RunTime:0.001000s ]
INFO: [ app_end ] --START--
INFO: Run Behavior\ShowPageTraceBehavior [ RunTime:0.001000s ]
INFO: [ app_end ] --END-- [ RunTime:0.001000s ]

[ 2017-04-10T16:46:51+08:00 ] 127.0.0.1 /admin.php?s=/Shop/changeStatus/method/forbidUser/id/1.html
INFO: [ app_init ] --START--
INFO: Run Behavior\BuildLiteBehavior [ RunTime:0.000000s ]
INFO: Run Common\Behavior\InitHookBehavior [ RunTime:0.002000s ]
INFO: [ app_init ] --END-- [ RunTime:0.003001s ]
INFO: [ app_begin ] --START--
INFO: Run Behavior\ReadHtmlCacheBehavior [ RunTime:0.001000s ]
INFO: [ app_begin ] --END-- [ RunTime:0.001000s ]
SQL: SHOW COLUMNS FROM `qy_menu` [ RunTime:0.0030s ]
SQL: SELECT `id`,`title`,`url` FROM `qy_menu` WHERE `pid` = 0 AND `hide` = 0 ORDER BY sort asc  [ RunTime:0.0010s ]
SQL: SELECT `pid` FROM `qy_menu` WHERE ( pid !=0 AND url like '%Shop/changeStatus%' ) LIMIT 1   [ RunTime:0.0010s ]

[ 2017-04-10T16:46:53+08:00 ] 127.0.0.1 /admin.php?s=/Shop/changeStatus/method/forbidUser/id/1.html
INFO: [ app_init ] --START--
INFO: Run Behavior\BuildLiteBehavior [ RunTime:0.000000s ]
INFO: Run Common\Behavior\InitHookBehavior [ RunTime:0.001000s ]
INFO: [ app_init ] --END-- [ RunTime:0.002000s ]
INFO: [ app_begin ] --START--
INFO: Run Behavior\ReadHtmlCacheBehavior [ RunTime:0.000000s ]
INFO: [ app_begin ] --END-- [ RunTime:0.001000s ]
SQL: SHOW COLUMNS FROM `qy_menu` [ RunTime:0.0030s ]
SQL: SELECT `id`,`title`,`url` FROM `qy_menu` WHERE `pid` = 0 AND `hide` = 0 ORDER BY sort asc  [ RunTime:0.0010s ]
SQL: SELECT `pid` FROM `qy_menu` WHERE ( pid !=0 AND url like '%Shop/changeStatus%' ) LIMIT 1   [ RunTime:0.0010s ]

[ 2017-04-10T16:46:55+08:00 ] 127.0.0.1 /admin.php?s=/Shop/changeStatus/method/forbidUser/id/1.html
INFO: [ app_init ] --START--
INFO: Run Behavior\BuildLiteBehavior [ RunTime:0.000000s ]
INFO: Run Common\Behavior\InitHookBehavior [ RunTime:0.002000s ]
INFO: [ app_init ] --END-- [ RunTime:0.002000s ]
INFO: [ app_begin ] --START--
INFO: Run Behavior\ReadHtmlCacheBehavior [ RunTime:0.000000s ]
INFO: [ app_begin ] --END-- [ RunTime:0.000000s ]
SQL: SHOW COLUMNS FROM `qy_menu` [ RunTime:0.0020s ]
SQL: SELECT `id`,`title`,`url` FROM `qy_menu` WHERE `pid` = 0 AND `hide` = 0 ORDER BY sort asc  [ RunTime:0.0000s ]
SQL: SELECT `pid` FROM `qy_menu` WHERE ( pid !=0 AND url like '%Shop/changeStatus%' ) LIMIT 1   [ RunTime:0.0010s ]

[ 2017-04-10T16:46:56+08:00 ] 127.0.0.1 /admin.php?s=/Shop/changeStatus/method/forbidUser/id/1.html
INFO: [ app_init ] --START--
INFO: Run Behavior\BuildLiteBehavior [ RunTime:0.000000s ]
INFO: Run Common\Behavior\InitHookBehavior [ RunTime:0.002000s ]
INFO: [ app_init ] --END-- [ RunTime:0.002000s ]
INFO: [ app_begin ] --START--
INFO: Run Behavior\ReadHtmlCacheBehavior [ RunTime:0.000000s ]
INFO: [ app_begin ] --END-- [ RunTime:0.000000s ]
SQL: SHOW COLUMNS FROM `qy_menu` [ RunTime:0.0030s ]
SQL: SELECT `id`,`title`,`url` FROM `qy_menu` WHERE `pid` = 0 AND `hide` = 0 ORDER BY sort asc  [ RunTime:0.0000s ]
SQL: SELECT `pid` FROM `qy_menu` WHERE ( pid !=0 AND url like '%Shop/changeStatus%' ) LIMIT 1   [ RunTime:0.0010s ]

[ 2017-04-10T16:47:16+08:00 ] 127.0.0.1 /admin.php?s=/Shop/index.html
INFO: [ app_init ] --START--
INFO: Run Behavior\BuildLiteBehavior [ RunTime:0.000000s ]
INFO: Run Common\Behavior\InitHookBehavior [ RunTime:0.002000s ]
INFO: [ app_init ] --END-- [ RunTime:0.002000s ]
INFO: [ app_begin ] --START--
INFO: Run Behavior\ReadHtmlCacheBehavior [ RunTime:0.000000s ]
INFO: [ app_begin ] --END-- [ RunTime:0.000000s ]
SQL: SHOW COLUMNS FROM `qy_menu` [ RunTime:0.0040s ]
SQL: SELECT `id`,`title`,`url` FROM `qy_menu` WHERE `pid` = 0 AND `hide` = 0 ORDER BY sort asc  [ RunTime:0.0010s ]
SQL: SELECT `pid` FROM `qy_menu` WHERE ( pid !=0 AND url like '%Shop/index%' ) LIMIT 1   [ RunTime:0.0000s ]
SQL: SELECT * FROM `qy_menu` WHERE `id` = 129 LIMIT 1   [ RunTime:0.0010s ]
SQL: SELECT DISTINCT  `group` FROM `qy_menu` WHERE `group` <> '' AND `pid` = 129  [ RunTime:0.0000s ]
SQL: SELECT `id`,`url` FROM `qy_menu` WHERE `pid` = 129 AND `hide` = 0  [ RunTime:0.0000s ]
SQL: SELECT `id`,`pid`,`title`,`url`,`tip` FROM `qy_menu` WHERE `group` = '商品管理' AND `pid` = 129 AND `hide` = 0 ORDER BY sort asc  [ RunTime:0.0000s ]
NOTIC: [8] Undefined variable: map D:\wamp\www\qiyun\Application\Admin\Controller\ShopController.class.php 第 29 行.
SQL: SHOW COLUMNS FROM `qy_shop` [ RunTime:0.0030s ]
SQL: SELECT COUNT(*) AS tp_count FROM `qy_shop` WHERE `status` >= 0 LIMIT 1   [ RunTime:0.0010s ]
SQL: SELECT `id`,`title`,`cover_id`,`money`,`number`,`content`,`addtime`,`status`,`paynum` FROM `qy_shop` WHERE `status` >= 0 ORDER BY id desc LIMIT 0,10   [ RunTime:0.0010s ]
INFO: [ view_parse ] --START--
INFO: [ template_filter ] --START--
INFO: Run Behavior\ContentReplaceBehavior [ RunTime:0.000000s ]
INFO: [ template_filter ] --END-- [ RunTime:0.000000s ]
INFO: Run Behavior\ParseTemplateBehavior [ RunTime:0.027001s ]
INFO: [ view_parse ] --END-- [ RunTime:0.027001s ]
INFO: [ view_filter ] --START--
INFO: Run Behavior\WriteHtmlCacheBehavior [ RunTime:0.000000s ]
INFO: [ view_filter ] --END-- [ RunTime:0.000000s ]
INFO: [ app_end ] --START--
INFO: Run Behavior\ShowPageTraceBehavior [ RunTime:0.000000s ]
INFO: [ app_end ] --END-- [ RunTime:0.001000s ]

[ 2017-04-10T16:47:17+08:00 ] 127.0.0.1 /admin.php?s=/Shop/changeStatus/method/forbidUser/id/1.html
INFO: [ app_init ] --START--
INFO: Run Behavior\BuildLiteBehavior [ RunTime:0.000000s ]
INFO: Run Common\Behavior\InitHookBehavior [ RunTime:0.002000s ]
INFO: [ app_init ] --END-- [ RunTime:0.002000s ]
INFO: [ app_begin ] --START--
INFO: Run Behavior\ReadHtmlCacheBehavior [ RunTime:0.000000s ]
INFO: [ app_begin ] --END-- [ RunTime:0.001000s ]
SQL: SHOW COLUMNS FROM `qy_menu` [ RunTime:0.0020s ]
SQL: SELECT `id`,`title`,`url` FROM `qy_menu` WHERE `pid` = 0 AND `hide` = 0 ORDER BY sort asc  [ RunTime:0.0000s ]
SQL: SELECT `pid` FROM `qy_menu` WHERE ( pid !=0 AND url like '%Shop/changeStatus%' ) LIMIT 1   [ RunTime:0.0010s ]
SQL: SHOW COLUMNS FROM `qy_shop` [ RunTime:0.0030s ]
SQL: UPDATE `qy_shop` SET `status`='0' WHERE `id` IN ('1') [ RunTime:0.0020s ]

[ 2017-04-10T16:47:19+08:00 ] 127.0.0.1 /admin.php?s=/Shop/index.html
INFO: [ app_init ] --START--
INFO: Run Behavior\BuildLiteBehavior [ RunTime:0.000000s ]
INFO: Run Common\Behavior\InitHookBehavior [ RunTime:0.002001s ]
INFO: [ app_init ] --END-- [ RunTime:0.004001s ]
INFO: [ app_begin ] --START--
INFO: Run Behavior\ReadHtmlCacheBehavior [ RunTime:0.000000s ]
INFO: [ app_begin ] --END-- [ RunTime:0.001000s ]
SQL: SHOW COLUMNS FROM `qy_menu` [ RunTime:0.0040s ]
SQL: SELECT `id`,`title`,`url` FROM `qy_menu` WHERE `pid` = 0 AND `hide` = 0 ORDER BY sort asc  [ RunTime:0.0010s ]
SQL: SELECT `pid` FROM `qy_menu` WHERE ( pid !=0 AND url like '%Shop/index%' ) LIMIT 1   [ RunTime:0.0020s ]
SQL: SELECT * FROM `qy_menu` WHERE `id` = 129 LIMIT 1   [ RunTime:0.0010s ]
SQL: SELECT DISTINCT  `group` FROM `qy_menu` WHERE `group` <> '' AND `pid` = 129  [ RunTime:0.0010s ]
SQL: SELECT `id`,`url` FROM `qy_menu` WHERE `pid` = 129 AND `hide` = 0  [ RunTime:0.0000s ]
SQL: SELECT `id`,`pid`,`title`,`url`,`tip` FROM `qy_menu` WHERE `group` = '商品管理' AND `pid` = 129 AND `hide` = 0 ORDER BY sort asc  [ RunTime:0.0010s ]
NOTIC: [8] Undefined variable: map D:\wamp\www\qiyun\Application\Admin\Controller\ShopController.class.php 第 29 行.
SQL: SHOW COLUMNS FROM `qy_shop` [ RunTime:0.0040s ]
SQL: SELECT COUNT(*) AS tp_count FROM `qy_shop` WHERE `status` >= 0 LIMIT 1   [ RunTime:0.0000s ]
SQL: SELECT `id`,`title`,`cover_id`,`money`,`number`,`content`,`addtime`,`status`,`paynum` FROM `qy_shop` WHERE `status` >= 0 ORDER BY id desc LIMIT 0,10   [ RunTime:0.0010s ]
INFO: [ view_parse ] --START--
INFO: [ template_filter ] --START--
INFO: Run Behavior\ContentReplaceBehavior [ RunTime:0.000000s ]
INFO: [ template_filter ] --END-- [ RunTime:0.001000s ]
INFO: Run Behavior\ParseTemplateBehavior [ RunTime:0.043002s ]
INFO: [ view_parse ] --END-- [ RunTime:0.043002s ]
INFO: [ view_filter ] --START--
INFO: Run Behavior\WriteHtmlCacheBehavior [ RunTime:0.001000s ]
INFO: [ view_filter ] --END-- [ RunTime:0.001000s ]
INFO: [ app_end ] --START--
INFO: Run Behavior\ShowPageTraceBehavior [ RunTime:0.001001s ]
INFO: [ app_end ] --END-- [ RunTime:0.001001s ]

[ 2017-04-10T16:47:20+08:00 ] 127.0.0.1 /admin.php?s=/Shop/changeStatus/method/resumeUser/id/1.html
INFO: [ app_init ] --START--
INFO: Run Behavior\BuildLiteBehavior [ RunTime:0.000000s ]
INFO: Run Common\Behavior\InitHookBehavior [ RunTime:0.001000s ]
INFO: [ app_init ] --END-- [ RunTime:0.002000s ]
INFO: [ app_begin ] --START--
INFO: Run Behavior\ReadHtmlCacheBehavior [ RunTime:0.000000s ]
INFO: [ app_begin ] --END-- [ RunTime:0.000000s ]
SQL: SHOW COLUMNS FROM `qy_menu` [ RunTime:0.0020s ]
SQL: SELECT `id`,`title`,`url` FROM `qy_menu` WHERE `pid` = 0 AND `hide` = 0 ORDER BY sort asc  [ RunTime:0.0000s ]
SQL: SELECT `pid` FROM `qy_menu` WHERE ( pid !=0 AND url like '%Shop/changeStatus%' ) LIMIT 1   [ RunTime:0.0000s ]
SQL: SHOW COLUMNS FROM `qy_shop` [ RunTime:0.0020s ]
SQL: UPDATE `qy_shop` SET `status`='1' WHERE `id` IN ('1') [ RunTime:0.0020s ]

[ 2017-04-10T16:47:21+08:00 ] 127.0.0.1 /admin.php?s=/Shop/index.html
INFO: [ app_init ] --START--
INFO: Run Behavior\BuildLiteBehavior [ RunTime:0.000000s ]
INFO: Run Common\Behavior\InitHookBehavior [ RunTime:0.004000s ]
INFO: [ app_init ] --END-- [ RunTime:0.005000s ]
INFO: [ app_begin ] --START--
INFO: Run Behavior\ReadHtmlCacheBehavior [ RunTime:0.000000s ]
INFO: [ app_begin ] --END-- [ RunTime:0.001000s ]
SQL: SHOW COLUMNS FROM `qy_menu` [ RunTime:0.0030s ]
SQL: SELECT `id`,`title`,`url` FROM `qy_menu` WHERE `pid` = 0 AND `hide` = 0 ORDER BY sort asc  [ RunTime:0.0010s ]
SQL: SELECT `pid` FROM `qy_menu` WHERE ( pid !=0 AND url like '%Shop/index%' ) LIMIT 1   [ RunTime:0.0010s ]
SQL: SELECT * FROM `qy_menu` WHERE `id` = 129 LIMIT 1   [ RunTime:0.0000s ]
SQL: SELECT DISTINCT  `group` FROM `qy_menu` WHERE `group` <> '' AND `pid` = 129  [ RunTime:0.0000s ]
SQL: SELECT `id`,`url` FROM `qy_menu` WHERE `pid` = 129 AND `hide` = 0  [ RunTime:0.0010s ]
SQL: SELECT `id`,`pid`,`title`,`url`,`tip` FROM `qy_menu` WHERE `group` = '商品管理' AND `pid` = 129 AND `hide` = 0 ORDER BY sort asc  [ RunTime:0.0010s ]
NOTIC: [8] Undefined variable: map D:\wamp\www\qiyun\Application\Admin\Controller\ShopController.class.php 第 29 行.
SQL: SHOW COLUMNS FROM `qy_shop` [ RunTime:0.0030s ]
SQL: SELECT COUNT(*) AS tp_count FROM `qy_shop` WHERE `status` >= 0 LIMIT 1   [ RunTime:0.0000s ]
SQL: SELECT `id`,`title`,`cover_id`,`money`,`number`,`content`,`addtime`,`status`,`paynum` FROM `qy_shop` WHERE `status` >= 0 ORDER BY id desc LIMIT 0,10   [ RunTime:0.0010s ]
INFO: [ view_parse ] --START--
INFO: [ template_filter ] --START--
INFO: Run Behavior\ContentReplaceBehavior [ RunTime:0.000000s ]
INFO: [ template_filter ] --END-- [ RunTime:0.000000s ]
INFO: Run Behavior\ParseTemplateBehavior [ RunTime:0.024001s ]
INFO: [ view_parse ] --END-- [ RunTime:0.024001s ]
INFO: [ view_filter ] --START--
INFO: Run Behavior\WriteHtmlCacheBehavior [ RunTime:0.001000s ]
INFO: [ view_filter ] --END-- [ RunTime:0.001000s ]
INFO: [ app_end ] --START--
INFO: Run Behavior\ShowPageTraceBehavior [ RunTime:0.001000s ]
INFO: [ app_end ] --END-- [ RunTime:0.001000s ]

[ 2017-04-10T16:48:44+08:00 ] 127.0.0.1 /admin.php?s=/Shop/index.html
INFO: [ app_init ] --START--
INFO: Run Behavior\BuildLiteBehavior [ RunTime:0.000000s ]
INFO: Run Common\Behavior\InitHookBehavior [ RunTime:0.003000s ]
INFO: [ app_init ] --END-- [ RunTime:0.004000s ]
INFO: [ app_begin ] --START--
INFO: Run Behavior\ReadHtmlCacheBehavior [ RunTime:0.000000s ]
INFO: [ app_begin ] --END-- [ RunTime:0.001000s ]
SQL: SHOW COLUMNS FROM `qy_menu` [ RunTime:0.0030s ]
SQL: SELECT `id`,`title`,`url` FROM `qy_menu` WHERE `pid` = 0 AND `hide` = 0 ORDER BY sort asc  [ RunTime:0.0010s ]
SQL: SELECT `pid` FROM `qy_menu` WHERE ( pid !=0 AND url like '%Shop/index%' ) LIMIT 1   [ RunTime:0.0010s ]
SQL: SELECT * FROM `qy_menu` WHERE `id` = 129 LIMIT 1   [ RunTime:0.0000s ]
SQL: SELECT DISTINCT  `group` FROM `qy_menu` WHERE `group` <> '' AND `pid` = 129  [ RunTime:0.0000s ]
SQL: SELECT `id`,`url` FROM `qy_menu` WHERE `pid` = 129 AND `hide` = 0  [ RunTime:0.0000s ]
SQL: SELECT `id`,`pid`,`title`,`url`,`tip` FROM `qy_menu` WHERE `group` = '商品管理' AND `pid` = 129 AND `hide` = 0 ORDER BY sort asc  [ RunTime:0.0000s ]
NOTIC: [8] Undefined variable: map D:\wamp\www\qiyun\Application\Admin\Controller\ShopController.class.php 第 29 行.
SQL: SHOW COLUMNS FROM `qy_shop` [ RunTime:0.0020s ]
SQL: SELECT COUNT(*) AS tp_count FROM `qy_shop` WHERE `status` >= 0 LIMIT 1   [ RunTime:0.0000s ]
SQL: SELECT `id`,`title`,`cover_id`,`money`,`number`,`content`,`addtime`,`status`,`paynum` FROM `qy_shop` WHERE `status` >= 0 ORDER BY id desc LIMIT 0,10   [ RunTime:0.0000s ]
INFO: [ view_parse ] --START--
INFO: [ template_filter ] --START--
INFO: Run Behavior\ContentReplaceBehavior [ RunTime:0.000000s ]
INFO: [ template_filter ] --END-- [ RunTime:0.000000s ]
INFO: Run Behavior\ParseTemplateBehavior [ RunTime:0.024002s ]
INFO: [ view_parse ] --END-- [ RunTime:0.024002s ]
INFO: [ view_filter ] --START--
INFO: Run Behavior\WriteHtmlCacheBehavior [ RunTime:0.001000s ]
INFO: [ view_filter ] --END-- [ RunTime:0.001000s ]
INFO: [ app_end ] --START--
INFO: Run Behavior\ShowPageTraceBehavior [ RunTime:0.001000s ]
INFO: [ app_end ] --END-- [ RunTime:0.001000s ]

[ 2017-04-10T17:00:28+08:00 ] 127.0.0.1 /admin.php?s=/Shop/index.html
INFO: [ app_init ] --START--
INFO: Run Behavior\BuildLiteBehavior [ RunTime:0.000000s ]
INFO: Run Common\Behavior\InitHookBehavior [ RunTime:0.002000s ]
INFO: [ app_init ] --END-- [ RunTime:0.003000s ]
INFO: [ app_begin ] --START--
INFO: Run Behavior\ReadHtmlCacheBehavior [ RunTime:0.000000s ]
INFO: [ app_begin ] --END-- [ RunTime:0.001000s ]
SQL: SHOW COLUMNS FROM `qy_menu` [ RunTime:0.0020s ]
SQL: SELECT `id`,`title`,`url` FROM `qy_menu` WHERE `pid` = 0 AND `hide` = 0 ORDER BY sort asc  [ RunTime:0.0000s ]
SQL: SELECT `pid` FROM `qy_menu` WHERE ( pid !=0 AND url like '%Shop/index%' ) LIMIT 1   [ RunTime:0.0000s ]
SQL: SELECT * FROM `qy_menu` WHERE `id` = 129 LIMIT 1   [ RunTime:0.0000s ]
SQL: SELECT DISTINCT  `group` FROM `qy_menu` WHERE `group` <> '' AND `pid` = 129  [ RunTime:0.0000s ]
SQL: SELECT `id`,`url` FROM `qy_menu` WHERE `pid` = 129 AND `hide` = 0  [ RunTime:0.0000s ]
SQL: SELECT `id`,`pid`,`title`,`url`,`tip` FROM `qy_menu` WHERE `group` = '商品管理' AND `pid` = 129 AND `hide` = 0 ORDER BY sort asc  [ RunTime:0.0000s ]
NOTIC: [8] Undefined variable: map D:\wamp\www\qiyun\Application\Admin\Controller\ShopController.class.php 第 29 行.
SQL: SHOW COLUMNS FROM `qy_shop` [ RunTime:0.0030s ]
SQL: SELECT COUNT(*) AS tp_count FROM `qy_shop` WHERE `status` >= 0 LIMIT 1   [ RunTime:0.0010s ]
SQL: SELECT `id`,`title`,`cover_id`,`money`,`number`,`content`,`addtime`,`status`,`paynum` FROM `qy_shop` WHERE `status` >= 0 ORDER BY id desc LIMIT 0,10   [ RunTime:0.0000s ]
INFO: [ view_parse ] --START--
INFO: [ template_filter ] --START--
INFO: Run Behavior\ContentReplaceBehavior [ RunTime:0.000000s ]
INFO: [ template_filter ] --END-- [ RunTime:0.001000s ]
INFO: Run Behavior\ParseTemplateBehavior [ RunTime:0.024001s ]
INFO: [ view_parse ] --END-- [ RunTime:0.025001s ]
INFO: [ view_filter ] --START--
INFO: Run Behavior\WriteHtmlCacheBehavior [ RunTime:0.001000s ]
INFO: [ view_filter ] --END-- [ RunTime:0.001000s ]
INFO: [ app_end ] --START--
INFO: Run Behavior\ShowPageTraceBehavior [ RunTime:0.000000s ]
INFO: [ app_end ] --END-- [ RunTime:0.000000s ]

[ 2017-04-10T17:50:08+08:00 ] 127.0.0.1 /admin.php?s=/Shop/index.html
INFO: [ app_init ] --START--
INFO: Run Behavior\BuildLiteBehavior [ RunTime:0.000000s ]
INFO: Run Common\Behavior\InitHookBehavior [ RunTime:0.004000s ]
INFO: [ app_init ] --END-- [ RunTime:0.007000s ]
INFO: [ app_begin ] --START--
INFO: Run Behavior\ReadHtmlCacheBehavior [ RunTime:0.002000s ]
INFO: [ app_begin ] --END-- [ RunTime:0.002000s ]
SQL: SHOW COLUMNS FROM `qy_menu` [ RunTime:0.0040s ]
SQL: SELECT `id`,`title`,`url` FROM `qy_menu` WHERE `pid` = 0 AND `hide` = 0 ORDER BY sort asc  [ RunTime:0.0010s ]
SQL: SELECT `pid` FROM `qy_menu` WHERE ( pid !=0 AND url like '%Shop/index%' ) LIMIT 1   [ RunTime:0.0010s ]
SQL: SELECT * FROM `qy_menu` WHERE `id` = 129 LIMIT 1   [ RunTime:0.0000s ]
SQL: SELECT DISTINCT  `group` FROM `qy_menu` WHERE `group` <> '' AND `pid` = 129  [ RunTime:0.0010s ]
SQL: SELECT `id`,`url` FROM `qy_menu` WHERE `pid` = 129 AND `hide` = 0  [ RunTime:0.0010s ]
SQL: SELECT `id`,`pid`,`title`,`url`,`tip` FROM `qy_menu` WHERE `group` = '商品管理' AND `pid` = 129 AND `hide` = 0 ORDER BY sort asc  [ RunTime:0.0010s ]
NOTIC: [8] Undefined variable: map D:\wamp\www\qiyun\Application\Admin\Controller\ShopController.class.php 第 29 行.
SQL: SHOW COLUMNS FROM `qy_shop` [ RunTime:0.0040s ]
SQL: SELECT COUNT(*) AS tp_count FROM `qy_shop` WHERE `status` >= 0 LIMIT 1   [ RunTime:0.0010s ]
SQL: SELECT `id`,`title`,`cover_id`,`money`,`number`,`content`,`addtime`,`status`,`paynum` FROM `qy_shop` WHERE `status` >= 0 ORDER BY id desc LIMIT 0,10   [ RunTime:0.0000s ]
INFO: [ view_parse ] --START--
INFO: [ template_filter ] --START--
INFO: Run Behavior\ContentReplaceBehavior [ RunTime:0.000000s ]
INFO: [ template_filter ] --END-- [ RunTime:0.001001s ]
INFO: Run Behavior\ParseTemplateBehavior [ RunTime:0.043002s ]
INFO: [ view_parse ] --END-- [ RunTime:0.043002s ]
INFO: [ view_filter ] --START--
INFO: Run Behavior\WriteHtmlCacheBehavior [ RunTime:0.001000s ]
INFO: [ view_filter ] --END-- [ RunTime:0.001000s ]
INFO: [ app_end ] --START--
INFO: Run Behavior\ShowPageTraceBehavior [ RunTime:0.002001s ]
INFO: [ app_end ] --END-- [ RunTime:0.002001s ]

[ 2017-04-10T17:50:09+08:00 ] 127.0.0.1 /admin.php?s=/Menu/index/pid/130.html
INFO: [ app_init ] --START--
INFO: Run Behavior\BuildLiteBehavior [ RunTime:0.000000s ]
INFO: Run Common\Behavior\InitHookBehavior [ RunTime:0.002000s ]
INFO: [ app_init ] --END-- [ RunTime:0.002000s ]
INFO: [ app_begin ] --START--
INFO: Run Behavior\ReadHtmlCacheBehavior [ RunTime:0.000000s ]
INFO: [ app_begin ] --END-- [ RunTime:0.000000s ]
SQL: SHOW COLUMNS FROM `qy_menu` [ RunTime:0.0040s ]
SQL: SELECT `id`,`title`,`url` FROM `qy_menu` WHERE `pid` = 0 AND `hide` = 0 ORDER BY sort asc  [ RunTime:0.0000s ]
SQL: SELECT `pid` FROM `qy_menu` WHERE ( pid !=0 AND url like '%Menu/index%' ) LIMIT 1   [ RunTime:0.0010s ]
SQL: SELECT * FROM `qy_menu` WHERE `id` = 68 LIMIT 1   [ RunTime:0.0010s ]
SQL: SELECT DISTINCT  `group` FROM `qy_menu` WHERE `group` <> '' AND `pid` = 68  [ RunTime:0.0000s ]
SQL: SELECT `id`,`url` FROM `qy_menu` WHERE `pid` = 68 AND `hide` = 0  [ RunTime:0.0000s ]
SQL: SELECT `id`,`pid`,`title`,`url`,`tip` FROM `qy_menu` WHERE `group` = '系统设置' AND `pid` = 68 AND `hide` = 0 ORDER BY sort asc  [ RunTime:0.0000s ]
SQL: SELECT `id`,`pid`,`title`,`url`,`tip` FROM `qy_menu` WHERE `group` = '数据备份' AND `pid` = 68 AND `hide` = 0 ORDER BY sort asc  [ RunTime:0.0000s ]
SQL: SELECT `id`,`title`,`pid`,`sort`,`url`,`hide`,`tip`,`group`,`is_dev`,`status` FROM `qy_menu` WHERE ( id=130 ) LIMIT 1   [ RunTime:0.0000s ]
SQL: SELECT `id`,`title` FROM `qy_menu`  [ RunTime:0.0010s ]
SQL: SELECT `id`,`title`,`pid`,`sort`,`url`,`hide`,`tip`,`group`,`is_dev`,`status` FROM `qy_menu` WHERE `pid` = 130 ORDER BY sort asc,id asc  [ RunTime:0.0010s ]
INFO: [ view_parse ] --START--
INFO: [ template_filter ] --START--
INFO: Run Behavior\ContentReplaceBehavior [ RunTime:0.001000s ]
INFO: [ template_filter ] --END-- [ RunTime:0.001000s ]
INFO: Run Behavior\ParseTemplateBehavior [ RunTime:0.029002s ]
INFO: [ view_parse ] --END-- [ RunTime:0.029002s ]
INFO: [ view_filter ] --START--
INFO: Run Behavior\WriteHtmlCacheBehavior [ RunTime:0.000000s ]
INFO: [ view_filter ] --END-- [ RunTime:0.000000s ]
INFO: [ app_end ] --START--
INFO: Run Behavior\ShowPageTraceBehavior [ RunTime:0.000000s ]
INFO: [ app_end ] --END-- [ RunTime:0.001000s ]

