[ 2017-05-24T14:21:10+08:00 ] 127.0.0.1 /qiyun/admin.php
INFO: [ app_init ] --START--
INFO: Run Behavior\BuildLiteBehavior [ RunTime:0.000012s ]
INFO: Run Common\Behavior\InitHookBehavior [ RunTime:0.002543s ]
INFO: [ app_init ] --END-- [ RunTime:0.003094s ]
INFO: [ app_begin ] --START--
INFO: Run Behavior\ReadHtmlCacheBehavior [ RunTime:0.000743s ]
INFO: [ app_begin ] --END-- [ RunTime:0.000800s ]

[ 2017-05-24T14:21:10+08:00 ] 127.0.0.1 /qiyun/admin.php?s=/Public/login.html
INFO: [ app_init ] --START--
INFO: Run Behavior\BuildLiteBehavior [ RunTime:0.000012s ]
INFO: Run Common\Behavior\InitHookBehavior [ RunTime:0.002048s ]
INFO: [ app_init ] --END-- [ RunTime:0.002562s ]
INFO: [ app_begin ] --START--
INFO: Run Behavior\ReadHtmlCacheBehavior [ RunTime:0.000967s ]
INFO: [ app_begin ] --END-- [ RunTime:0.001059s ]

[ 2017-05-24T14:21:16+08:00 ] 127.0.0.1 /qiyun/admin.php?s=/Public/login.html
INFO: [ app_init ] --START--
INFO: Run Behavior\BuildLiteBehavior [ RunTime:0.000012s ]
INFO: Run Common\Behavior\InitHookBehavior [ RunTime:0.002573s ]
INFO: [ app_init ] --END-- [ RunTime:0.003167s ]
INFO: [ app_begin ] --START--
INFO: Run Behavior\ReadHtmlCacheBehavior [ RunTime:0.000658s ]
INFO: [ app_begin ] --END-- [ RunTime:0.000706s ]
NOTIC: [8] Undefined index: lite F:\xampp\htdocs\qiyun\ThinkPHP\Library\Think\Db.class.php 第 37 行.
SQL: SHOW COLUMNS FROM `qy_member` [ RunTime:0.0052s ]
SQL: SELECT `uid`,`nickname`,`sex`,`birthday`,`qq`,`score`,`login`,`reg_ip`,`reg_time`,`last_login_ip`,`last_login_time`,`status` FROM `qy_member` WHERE `uid` = 1 LIMIT 1   [ RunTime:0.0005s ]
SQL: SHOW COLUMNS FROM `qy_action` [ RunTime:0.0052s ]
SQL: SELECT * FROM `qy_action` WHERE `name` = 'user_login' LIMIT 1   [ RunTime:0.0008s ]
SQL: SHOW COLUMNS FROM `qy_action_log` [ RunTime:0.0495s ]
SQL: INSERT INTO `qy_action_log` (`action_id`,`user_id`,`action_ip`,`model`,`record_id`,`create_time`,`remark`) VALUES ('1','1','2130706433','member','1','1495606876','admin在2017-05-24 14:21登录了后台') [ RunTime:0.0005s ]
SQL: SELECT * FROM `qy_action` WHERE `name` = 'user_login' LIMIT 1   [ RunTime:0.0004s ]
NOTIC: [8] Undefined offset: 1 F:\xampp\htdocs\qiyun\Application\Common\Common\function.php 第 679 行.
NOTIC: [2] array_key_exists() expects parameter 2 to be array, null given F:\xampp\htdocs\qiyun\Application\Common\Common\function.php 第 679 行.
SQL: SELECT COUNT(*) AS tp_count FROM `qy_action_log` WHERE `action_id` = 1 AND `user_id` = 1 AND `create_time` > 1495520476 LIMIT 1   [ RunTime:0.0172s ]
SQL: SHOW COLUMNS FROM `qy_member` [ RunTime:0.0037s ]
SQL: UPDATE `qy_member` SET `score`=score+10 WHERE ( uid=1 AND status>-1 ) [ RunTime:0.0314s ]
SQL: UPDATE `qy_member` SET `login`=`login`+1,`last_login_time`='1495606876',`last_login_ip`='2130706433' WHERE `uid` = 1 [ RunTime:0.0003s ]

[ 2017-05-24T14:21:16+08:00 ] 127.0.0.1 /qiyun/admin.php?s=/Index/index.html
INFO: [ app_init ] --START--
INFO: Run Behavior\BuildLiteBehavior [ RunTime:0.000019s ]
INFO: Run Common\Behavior\InitHookBehavior [ RunTime:0.002615s ]
INFO: [ app_init ] --END-- [ RunTime:0.003350s ]
INFO: [ app_begin ] --START--
INFO: Run Behavior\ReadHtmlCacheBehavior [ RunTime:0.000585s ]
INFO: [ app_begin ] --END-- [ RunTime:0.000635s ]

[ 2017-05-24T14:21:17+08:00 ] 127.0.0.1 /qiyun/admin.php?s=/Index/index.html
INFO: [ app_init ] --START--
INFO: Run Behavior\BuildLiteBehavior [ RunTime:0.000015s ]
INFO: Run Common\Behavior\InitHookBehavior [ RunTime:0.003470s ]
INFO: [ app_init ] --END-- [ RunTime:0.004070s ]
INFO: [ app_begin ] --START--
INFO: Run Behavior\ReadHtmlCacheBehavior [ RunTime:0.001208s ]
INFO: [ app_begin ] --END-- [ RunTime:0.001334s ]

[ 2017-05-24T14:21:19+08:00 ] 127.0.0.1 /qiyun/admin.php?s=/Config/group.html
INFO: [ app_init ] --START--
INFO: Run Behavior\BuildLiteBehavior [ RunTime:0.000012s ]
INFO: Run Common\Behavior\InitHookBehavior [ RunTime:0.002614s ]
INFO: [ app_init ] --END-- [ RunTime:0.003169s ]
INFO: [ app_begin ] --START--
INFO: Run Behavior\ReadHtmlCacheBehavior [ RunTime:0.000678s ]
INFO: [ app_begin ] --END-- [ RunTime:0.000727s ]

[ 2017-05-24T14:21:20+08:00 ] 127.0.0.1 /qiyun/admin.php?s=/Config/group.html
INFO: [ app_init ] --START--
INFO: Run Behavior\BuildLiteBehavior [ RunTime:0.000018s ]
INFO: Run Common\Behavior\InitHookBehavior [ RunTime:0.002488s ]
INFO: [ app_init ] --END-- [ RunTime:0.003061s ]
INFO: [ app_begin ] --START--
INFO: Run Behavior\ReadHtmlCacheBehavior [ RunTime:0.000874s ]
INFO: [ app_begin ] --END-- [ RunTime:0.000960s ]

[ 2017-05-24T14:21:20+08:00 ] 127.0.0.1 /qiyun/admin.php?s=/Config/group/id/2.html
INFO: [ app_init ] --START--
INFO: Run Behavior\BuildLiteBehavior [ RunTime:0.000019s ]
INFO: Run Common\Behavior\InitHookBehavior [ RunTime:0.002249s ]
INFO: [ app_init ] --END-- [ RunTime:0.003017s ]
INFO: [ app_begin ] --START--
INFO: Run Behavior\ReadHtmlCacheBehavior [ RunTime:0.000624s ]
INFO: [ app_begin ] --END-- [ RunTime:0.000674s ]

[ 2017-05-24T14:21:21+08:00 ] 127.0.0.1 /qiyun/admin.php?s=/Config/group/id/2.html
INFO: [ app_init ] --START--
INFO: Run Behavior\BuildLiteBehavior [ RunTime:0.000014s ]
INFO: Run Common\Behavior\InitHookBehavior [ RunTime:0.002276s ]
INFO: [ app_init ] --END-- [ RunTime:0.002762s ]
INFO: [ app_begin ] --START--
INFO: Run Behavior\ReadHtmlCacheBehavior [ RunTime:0.000583s ]
INFO: [ app_begin ] --END-- [ RunTime:0.000645s ]

[ 2017-05-24T14:21:22+08:00 ] 127.0.0.1 /qiyun/admin.php?s=/Config/group/id/3.html
INFO: [ app_init ] --START--
INFO: Run Behavior\BuildLiteBehavior [ RunTime:0.000011s ]
INFO: Run Common\Behavior\InitHookBehavior [ RunTime:0.003140s ]
INFO: [ app_init ] --END-- [ RunTime:0.003706s ]
INFO: [ app_begin ] --START--
INFO: Run Behavior\ReadHtmlCacheBehavior [ RunTime:0.000661s ]
INFO: [ app_begin ] --END-- [ RunTime:0.000713s ]

[ 2017-05-24T14:21:22+08:00 ] 127.0.0.1 /qiyun/admin.php?s=/Config/group/id/3.html
INFO: [ app_init ] --START--
INFO: Run Behavior\BuildLiteBehavior [ RunTime:0.000013s ]
INFO: Run Common\Behavior\InitHookBehavior [ RunTime:0.001858s ]
INFO: [ app_init ] --END-- [ RunTime:0.002355s ]
INFO: [ app_begin ] --START--
INFO: Run Behavior\ReadHtmlCacheBehavior [ RunTime:0.001072s ]
INFO: [ app_begin ] --END-- [ RunTime:0.001191s ]

[ 2017-05-24T14:21:22+08:00 ] 127.0.0.1 /qiyun/admin.php?s=/Config/group/id/4.html
INFO: [ app_init ] --START--
INFO: Run Behavior\BuildLiteBehavior [ RunTime:0.000014s ]
INFO: Run Common\Behavior\InitHookBehavior [ RunTime:0.002227s ]
INFO: [ app_init ] --END-- [ RunTime:0.002714s ]
INFO: [ app_begin ] --START--
INFO: Run Behavior\ReadHtmlCacheBehavior [ RunTime:0.001018s ]
INFO: [ app_begin ] --END-- [ RunTime:0.001170s ]

[ 2017-05-24T14:21:22+08:00 ] 127.0.0.1 /qiyun/admin.php?s=/Config/group/id/4.html
INFO: [ app_init ] --START--
INFO: Run Behavior\BuildLiteBehavior [ RunTime:0.000015s ]
INFO: Run Common\Behavior\InitHookBehavior [ RunTime:0.001968s ]
INFO: [ app_init ] --END-- [ RunTime:0.002493s ]
INFO: [ app_begin ] --START--
INFO: Run Behavior\ReadHtmlCacheBehavior [ RunTime:0.000630s ]
INFO: [ app_begin ] --END-- [ RunTime:0.000697s ]

[ 2017-05-24T14:21:26+08:00 ] 127.0.0.1 /qiyun/admin.php?s=/Config/save.html
INFO: [ app_init ] --START--
INFO: Run Behavior\BuildLiteBehavior [ RunTime:0.000013s ]
INFO: Run Common\Behavior\InitHookBehavior [ RunTime:0.002143s ]
INFO: [ app_init ] --END-- [ RunTime:0.002708s ]
INFO: [ app_begin ] --START--
INFO: Run Behavior\ReadHtmlCacheBehavior [ RunTime:0.000762s ]
INFO: [ app_begin ] --END-- [ RunTime:0.000825s ]
SQL: SHOW COLUMNS FROM `qy_menu` [ RunTime:0.0039s ]
SQL: SELECT `id`,`title`,`url` FROM `qy_menu` WHERE `pid` = 0 AND `hide` = 0 ORDER BY sort asc  [ RunTime:0.0006s ]
SQL: SELECT `pid` FROM `qy_menu` WHERE ( pid !=0 AND url like '%Config/save%' ) LIMIT 1   [ RunTime:0.0007s ]
SQL: SELECT * FROM `qy_menu` WHERE `id` = 70 LIMIT 1   [ RunTime:0.0004s ]
SQL: SELECT * FROM `qy_menu` WHERE `id` = 68 LIMIT 1   [ RunTime:0.0004s ]
SQL: SELECT DISTINCT  `group` FROM `qy_menu` WHERE `group` <> '' AND `pid` = 68  [ RunTime:0.0004s ]
SQL: SELECT `id`,`url` FROM `qy_menu` WHERE `pid` = 68 AND `hide` = 0  [ RunTime:0.0004s ]
SQL: SELECT `id`,`pid`,`title`,`url`,`tip` FROM `qy_menu` WHERE `group` = '系统设置' AND `pid` = 68 AND `hide` = 0 ORDER BY sort asc  [ RunTime:0.0005s ]
SQL: SELECT `id`,`pid`,`title`,`url`,`tip` FROM `qy_menu` WHERE `group` = '数据备份' AND `pid` = 68 AND `hide` = 0 ORDER BY sort asc  [ RunTime:0.0004s ]
SQL: SHOW COLUMNS FROM `qy_config` [ RunTime:0.0040s ]
SQL: UPDATE `qy_config` SET `value`='0' WHERE `name` = 'SHOW_PAGE_TRACE' [ RunTime:0.0250s ]
SQL: UPDATE `qy_config` SET `value`='0:数字
1:字符
2:文本
3:数组
4:枚举' WHERE `name` = 'CONFIG_TYPE_LIST' [ RunTime:0.0003s ]
SQL: UPDATE `qy_config` SET `value`='ambiance' WHERE `name` = 'CODEMIRROR_THEME' [ RunTime:0.0004s ]
SQL: UPDATE `qy_config` SET `value`='1:基本
2:内容
3:用户
4:系统' WHERE `name` = 'CONFIG_GROUP_LIST' [ RunTime:0.0003s ]
SQL: UPDATE `qy_config` SET `value`='./Data/' WHERE `name` = 'DATA_BACKUP_PATH' [ RunTime:0.0003s ]
SQL: UPDATE `qy_config` SET `value`='1:视图
2:控制器' WHERE `name` = 'HOOKS_TYPE' [ RunTime:0.0003s ]
SQL: UPDATE `qy_config` SET `value`='20971520' WHERE `name` = 'DATA_BACKUP_PART_SIZE' [ RunTime:0.0003s ]
SQL: UPDATE `qy_config` SET `value`='AUTH_ON:1
AUTH_TYPE:2' WHERE `name` = 'AUTH_CONFIG' [ RunTime:0.0003s ]
SQL: UPDATE `qy_config` SET `value`='1' WHERE `name` = 'DATA_BACKUP_COMPRESS' [ RunTime:0.0002s ]
SQL: UPDATE `qy_config` SET `value`='9' WHERE `name` = 'DATA_BACKUP_COMPRESS_LEVEL' [ RunTime:0.0003s ]
SQL: UPDATE `qy_config` SET `value`='1' WHERE `name` = 'DEVELOP_MODE' [ RunTime:0.0002s ]
SQL: UPDATE `qy_config` SET `value`='' WHERE `name` = 'ADMIN_ALLOW_IP' [ RunTime:0.0003s ]

[ 2017-05-24T14:21:28+08:00 ] 127.0.0.1 /qiyun/admin.php?s=/Config/group/id/4.html
INFO: [ app_init ] --START--
INFO: Run Behavior\BuildLiteBehavior [ RunTime:0.000013s ]
INFO: Run Common\Behavior\InitHookBehavior [ RunTime:0.002621s ]
INFO: [ app_init ] --END-- [ RunTime:0.003210s ]
INFO: [ app_begin ] --START--
INFO: Run Behavior\ReadHtmlCacheBehavior [ RunTime:0.000653s ]
INFO: [ app_begin ] --END-- [ RunTime:0.000709s ]
SQL: SHOW COLUMNS FROM `qy_config` [ RunTime:0.0046s ]
SQL: SELECT `type`,`name`,`value` FROM `qy_config` WHERE `status` = 1  [ RunTime:0.0005s ]
SQL: SHOW COLUMNS FROM `qy_menu` [ RunTime:0.0042s ]
SQL: SELECT `id`,`title`,`url` FROM `qy_menu` WHERE `pid` = 0 AND `hide` = 0 ORDER BY sort asc  [ RunTime:0.0005s ]
SQL: SELECT `pid` FROM `qy_menu` WHERE ( pid !=0 AND url like '%Config/group%' ) LIMIT 1   [ RunTime:0.0007s ]
SQL: SELECT * FROM `qy_menu` WHERE `id` = 68 LIMIT 1   [ RunTime:0.0004s ]
SQL: SELECT DISTINCT  `group` FROM `qy_menu` WHERE `group` <> '' AND `pid` = 68  [ RunTime:0.0004s ]
SQL: SELECT `id`,`url` FROM `qy_menu` WHERE `pid` = 68 AND `hide` = 0  [ RunTime:0.0004s ]
SQL: SELECT `id`,`pid`,`title`,`url`,`tip` FROM `qy_menu` WHERE `group` = '系统设置' AND `pid` = 68 AND `hide` = 0 ORDER BY sort asc  [ RunTime:0.0004s ]
SQL: SELECT `id`,`pid`,`title`,`url`,`tip` FROM `qy_menu` WHERE `group` = '数据备份' AND `pid` = 68 AND `hide` = 0 ORDER BY sort asc  [ RunTime:0.0004s ]
SQL: SELECT `id`,`name`,`title`,`extra`,`value`,`remark`,`type` FROM `qy_config` WHERE `status` = 1 AND `group` = 4 ORDER BY sort  [ RunTime:0.0005s ]
INFO: [ view_parse ] --START--
INFO: [ template_filter ] --START--
INFO: Run Behavior\ContentReplaceBehavior [ RunTime:0.000174s ]
INFO: [ template_filter ] --END-- [ RunTime:0.000226s ]
INFO: Run Behavior\ParseTemplateBehavior [ RunTime:0.016084s ]
INFO: [ view_parse ] --END-- [ RunTime:0.016135s ]
INFO: [ view_filter ] --START--
INFO: Run Behavior\WriteHtmlCacheBehavior [ RunTime:0.000628s ]
INFO: [ view_filter ] --END-- [ RunTime:0.000666s ]
INFO: [ app_end ] --START--
INFO: Run Behavior\ShowPageTraceBehavior [ RunTime:0.001256s ]
INFO: [ app_end ] --END-- [ RunTime:0.001338s ]

[ 2017-05-24T14:21:28+08:00 ] 127.0.0.1 /qiyun/admin.php?s=/Config/group/id/4.html
INFO: [ app_init ] --START--
INFO: Run Behavior\BuildLiteBehavior [ RunTime:0.000016s ]
INFO: Run Common\Behavior\InitHookBehavior [ RunTime:0.002077s ]
INFO: [ app_init ] --END-- [ RunTime:0.002863s ]
INFO: [ app_begin ] --START--
INFO: Run Behavior\ReadHtmlCacheBehavior [ RunTime:0.000654s ]
INFO: [ app_begin ] --END-- [ RunTime:0.000721s ]
SQL: SHOW COLUMNS FROM `qy_menu` [ RunTime:0.0046s ]
SQL: SELECT `id`,`title`,`url` FROM `qy_menu` WHERE `pid` = 0 AND `hide` = 0 ORDER BY sort asc  [ RunTime:0.0009s ]
SQL: SELECT `pid` FROM `qy_menu` WHERE ( pid !=0 AND url like '%Config/group%' ) LIMIT 1   [ RunTime:0.0008s ]
SQL: SELECT * FROM `qy_menu` WHERE `id` = 68 LIMIT 1   [ RunTime:0.0003s ]
SQL: SELECT DISTINCT  `group` FROM `qy_menu` WHERE `group` <> '' AND `pid` = 68  [ RunTime:0.0004s ]
SQL: SELECT `id`,`url` FROM `qy_menu` WHERE `pid` = 68 AND `hide` = 0  [ RunTime:0.0003s ]
SQL: SELECT `id`,`pid`,`title`,`url`,`tip` FROM `qy_menu` WHERE `group` = '系统设置' AND `pid` = 68 AND `hide` = 0 ORDER BY sort asc  [ RunTime:0.0005s ]
SQL: SELECT `id`,`pid`,`title`,`url`,`tip` FROM `qy_menu` WHERE `group` = '数据备份' AND `pid` = 68 AND `hide` = 0 ORDER BY sort asc  [ RunTime:0.0004s ]
SQL: SHOW COLUMNS FROM `qy_config` [ RunTime:0.0049s ]
SQL: SELECT `id`,`name`,`title`,`extra`,`value`,`remark`,`type` FROM `qy_config` WHERE `status` = 1 AND `group` = 4 ORDER BY sort  [ RunTime:0.0007s ]
INFO: [ view_parse ] --START--
INFO: [ template_filter ] --START--
INFO: Run Behavior\ContentReplaceBehavior [ RunTime:0.000266s ]
INFO: [ template_filter ] --END-- [ RunTime:0.000350s ]
INFO: Run Behavior\ParseTemplateBehavior [ RunTime:0.023628s ]
INFO: [ view_parse ] --END-- [ RunTime:0.023692s ]
INFO: [ view_filter ] --START--
INFO: Run Behavior\WriteHtmlCacheBehavior [ RunTime:0.000529s ]
INFO: [ view_filter ] --END-- [ RunTime:0.000570s ]
INFO: [ app_end ] --START--
INFO: Run Behavior\ShowPageTraceBehavior [ RunTime:0.000803s ]
INFO: [ app_end ] --END-- [ RunTime:0.000865s ]

[ 2017-05-24T15:01:12+08:00 ] 127.0.0.1 /qiyun/admin.php?s=/Question/index.html
INFO: [ app_init ] --START--
INFO: Run Behavior\BuildLiteBehavior [ RunTime:0.000015s ]
INFO: Run Common\Behavior\InitHookBehavior [ RunTime:0.002786s ]
INFO: [ app_init ] --END-- [ RunTime:0.003386s ]
INFO: [ app_begin ] --START--
INFO: Run Behavior\ReadHtmlCacheBehavior [ RunTime:0.000872s ]
INFO: [ app_begin ] --END-- [ RunTime:0.000940s ]
SQL: SHOW COLUMNS FROM `qy_menu` [ RunTime:0.0039s ]
SQL: SELECT `id`,`title`,`url` FROM `qy_menu` WHERE `pid` = 0 AND `hide` = 0 ORDER BY sort asc  [ RunTime:0.0006s ]
SQL: SELECT `pid` FROM `qy_menu` WHERE ( pid !=0 AND url like '%Question/index%' ) LIMIT 1   [ RunTime:0.0008s ]
SQL: SELECT * FROM `qy_menu` WHERE `id` = 126 LIMIT 1   [ RunTime:0.0003s ]
SQL: SELECT DISTINCT  `group` FROM `qy_menu` WHERE `group` <> '' AND `pid` = 126  [ RunTime:0.0004s ]
SQL: SELECT `id`,`url` FROM `qy_menu` WHERE `pid` = 126 AND `hide` = 0  [ RunTime:0.0003s ]
SQL: SELECT `id`,`pid`,`title`,`url`,`tip` FROM `qy_menu` WHERE `group` = '问答管理' AND `pid` = 126 AND `hide` = 0 ORDER BY sort asc  [ RunTime:0.0005s ]
NOTIC: [8] Undefined variable: map F:\xampp\htdocs\qiyun\Application\Admin\Controller\QuestionController.class.php 第 33 行.
SQL: SHOW COLUMNS FROM `qy_question` [ RunTime:0.0053s ]
SQL: SELECT COUNT(*) AS tp_count FROM `qy_question` LIMIT 1   [ RunTime:0.0004s ]
SQL: SELECT `id`,`uid`,`username`,`type`,`title`,`content`,`is_tj`,`addtime` FROM `qy_question` ORDER BY id desc LIMIT 0,10   [ RunTime:0.0005s ]
SQL: SHOW COLUMNS FROM `qy_category` [ RunTime:0.0043s ]
SQL: SELECT `title` FROM `qy_category` WHERE `id` IN ('0039','0040')  [ RunTime:0.0006s ]
SQL: SELECT `title` FROM `qy_category` WHERE `id` IN ('0002','0039')  [ RunTime:0.0004s ]
SQL: SELECT `title` FROM `qy_category` WHERE `id` IN ('0002')  [ RunTime:0.0004s ]
SQL: SELECT `title` FROM `qy_category` WHERE `id` IN ('0002')  [ RunTime:0.0003s ]
SQL: SELECT `title` FROM `qy_category` WHERE `id` IN ('0039')  [ RunTime:0.0004s ]
SQL: SELECT `title` FROM `qy_category` WHERE `id` IN ('0039','0041')  [ RunTime:0.0004s ]
SQL: SELECT `title` FROM `qy_category` WHERE `id` IN ('0039','0041')  [ RunTime:0.0003s ]
SQL: SELECT `title` FROM `qy_category` WHERE `id` IN ('0041')  [ RunTime:0.0003s ]
SQL: SELECT `title` FROM `qy_category` WHERE `id` IN ('0002','0039')  [ RunTime:0.0004s ]
SQL: SELECT `title` FROM `qy_category` WHERE `id` IN ('0002','0039')  [ RunTime:0.0003s ]
INFO: [ view_parse ] --START--
INFO: [ template_filter ] --START--
INFO: Run Behavior\ContentReplaceBehavior [ RunTime:0.000194s ]
INFO: [ template_filter ] --END-- [ RunTime:0.000241s ]
NOTIC: [8] Undefined index: adtime F:\xampp\htdocs\qiyun\Runtime\Cache\Admin\049ad0fbc4579ec0053f845ee20dffd2.php 第 130 行.
NOTIC: [8] Undefined index: number F:\xampp\htdocs\qiyun\Runtime\Cache\Admin\049ad0fbc4579ec0053f845ee20dffd2.php 第 131 行.
NOTIC: [8] Undefined index: adtime F:\xampp\htdocs\qiyun\Runtime\Cache\Admin\049ad0fbc4579ec0053f845ee20dffd2.php 第 130 行.
NOTIC: [8] Undefined index: number F:\xampp\htdocs\qiyun\Runtime\Cache\Admin\049ad0fbc4579ec0053f845ee20dffd2.php 第 131 行.
NOTIC: [8] Undefined index: adtime F:\xampp\htdocs\qiyun\Runtime\Cache\Admin\049ad0fbc4579ec0053f845ee20dffd2.php 第 130 行.
NOTIC: [8] Undefined index: number F:\xampp\htdocs\qiyun\Runtime\Cache\Admin\049ad0fbc4579ec0053f845ee20dffd2.php 第 131 行.
NOTIC: [8] Undefined index: adtime F:\xampp\htdocs\qiyun\Runtime\Cache\Admin\049ad0fbc4579ec0053f845ee20dffd2.php 第 130 行.
NOTIC: [8] Undefined index: number F:\xampp\htdocs\qiyun\Runtime\Cache\Admin\049ad0fbc4579ec0053f845ee20dffd2.php 第 131 行.
NOTIC: [8] Undefined index: adtime F:\xampp\htdocs\qiyun\Runtime\Cache\Admin\049ad0fbc4579ec0053f845ee20dffd2.php 第 130 行.
NOTIC: [8] Undefined index: number F:\xampp\htdocs\qiyun\Runtime\Cache\Admin\049ad0fbc4579ec0053f845ee20dffd2.php 第 131 行.
NOTIC: [8] Undefined index: adtime F:\xampp\htdocs\qiyun\Runtime\Cache\Admin\049ad0fbc4579ec0053f845ee20dffd2.php 第 130 行.
NOTIC: [8] Undefined index: number F:\xampp\htdocs\qiyun\Runtime\Cache\Admin\049ad0fbc4579ec0053f845ee20dffd2.php 第 131 行.
NOTIC: [8] Undefined index: adtime F:\xampp\htdocs\qiyun\Runtime\Cache\Admin\049ad0fbc4579ec0053f845ee20dffd2.php 第 130 行.
NOTIC: [8] Undefined index: number F:\xampp\htdocs\qiyun\Runtime\Cache\Admin\049ad0fbc4579ec0053f845ee20dffd2.php 第 131 行.
NOTIC: [8] Undefined index: adtime F:\xampp\htdocs\qiyun\Runtime\Cache\Admin\049ad0fbc4579ec0053f845ee20dffd2.php 第 130 行.
NOTIC: [8] Undefined index: number F:\xampp\htdocs\qiyun\Runtime\Cache\Admin\049ad0fbc4579ec0053f845ee20dffd2.php 第 131 行.
NOTIC: [8] Undefined index: adtime F:\xampp\htdocs\qiyun\Runtime\Cache\Admin\049ad0fbc4579ec0053f845ee20dffd2.php 第 130 行.
NOTIC: [8] Undefined index: number F:\xampp\htdocs\qiyun\Runtime\Cache\Admin\049ad0fbc4579ec0053f845ee20dffd2.php 第 131 行.
NOTIC: [8] Undefined index: adtime F:\xampp\htdocs\qiyun\Runtime\Cache\Admin\049ad0fbc4579ec0053f845ee20dffd2.php 第 130 行.
NOTIC: [8] Undefined index: number F:\xampp\htdocs\qiyun\Runtime\Cache\Admin\049ad0fbc4579ec0053f845ee20dffd2.php 第 131 行.
INFO: Run Behavior\ParseTemplateBehavior [ RunTime:0.044490s ]
INFO: [ view_parse ] --END-- [ RunTime:0.044581s ]
INFO: [ view_filter ] --START--
INFO: Run Behavior\WriteHtmlCacheBehavior [ RunTime:0.000879s ]
INFO: [ view_filter ] --END-- [ RunTime:0.000931s ]
INFO: [ app_end ] --START--
INFO: Run Behavior\ShowPageTraceBehavior [ RunTime:0.000896s ]
INFO: [ app_end ] --END-- [ RunTime:0.000972s ]

[ 2017-05-24T15:01:12+08:00 ] 127.0.0.1 /qiyun/admin.php?s=/Question/index.html
INFO: [ app_init ] --START--
INFO: Run Behavior\BuildLiteBehavior [ RunTime:0.000013s ]
INFO: Run Common\Behavior\InitHookBehavior [ RunTime:0.001768s ]
INFO: [ app_init ] --END-- [ RunTime:0.002232s ]
INFO: [ app_begin ] --START--
INFO: Run Behavior\ReadHtmlCacheBehavior [ RunTime:0.000550s ]
INFO: [ app_begin ] --END-- [ RunTime:0.000614s ]
SQL: SHOW COLUMNS FROM `qy_menu` [ RunTime:0.0036s ]
SQL: SELECT `id`,`title`,`url` FROM `qy_menu` WHERE `pid` = 0 AND `hide` = 0 ORDER BY sort asc  [ RunTime:0.0005s ]
SQL: SELECT `pid` FROM `qy_menu` WHERE ( pid !=0 AND url like '%Question/index%' ) LIMIT 1   [ RunTime:0.0013s ]
SQL: SELECT * FROM `qy_menu` WHERE `id` = 126 LIMIT 1   [ RunTime:0.0004s ]
SQL: SELECT DISTINCT  `group` FROM `qy_menu` WHERE `group` <> '' AND `pid` = 126  [ RunTime:0.0004s ]
SQL: SELECT `id`,`url` FROM `qy_menu` WHERE `pid` = 126 AND `hide` = 0  [ RunTime:0.0004s ]
SQL: SELECT `id`,`pid`,`title`,`url`,`tip` FROM `qy_menu` WHERE `group` = '问答管理' AND `pid` = 126 AND `hide` = 0 ORDER BY sort asc  [ RunTime:0.0004s ]
NOTIC: [8] Undefined variable: map F:\xampp\htdocs\qiyun\Application\Admin\Controller\QuestionController.class.php 第 33 行.
SQL: SHOW COLUMNS FROM `qy_question` [ RunTime:0.0062s ]
SQL: SELECT COUNT(*) AS tp_count FROM `qy_question` LIMIT 1   [ RunTime:0.0003s ]
SQL: SELECT `id`,`uid`,`username`,`type`,`title`,`content`,`is_tj`,`addtime` FROM `qy_question` ORDER BY id desc LIMIT 0,10   [ RunTime:0.0004s ]
SQL: SHOW COLUMNS FROM `qy_category` [ RunTime:0.0037s ]
SQL: SELECT `title` FROM `qy_category` WHERE `id` IN ('0039','0040')  [ RunTime:0.0003s ]
SQL: SELECT `title` FROM `qy_category` WHERE `id` IN ('0002','0039')  [ RunTime:0.0002s ]
SQL: SELECT `title` FROM `qy_category` WHERE `id` IN ('0002')  [ RunTime:0.0002s ]
SQL: SELECT `title` FROM `qy_category` WHERE `id` IN ('0002')  [ RunTime:0.0002s ]
SQL: SELECT `title` FROM `qy_category` WHERE `id` IN ('0039')  [ RunTime:0.0002s ]
SQL: SELECT `title` FROM `qy_category` WHERE `id` IN ('0039','0041')  [ RunTime:0.0002s ]
SQL: SELECT `title` FROM `qy_category` WHERE `id` IN ('0039','0041')  [ RunTime:0.0002s ]
SQL: SELECT `title` FROM `qy_category` WHERE `id` IN ('0041')  [ RunTime:0.0002s ]
SQL: SELECT `title` FROM `qy_category` WHERE `id` IN ('0002','0039')  [ RunTime:0.0003s ]
SQL: SELECT `title` FROM `qy_category` WHERE `id` IN ('0002','0039')  [ RunTime:0.0002s ]
INFO: [ view_parse ] --START--
INFO: [ template_filter ] --START--
INFO: Run Behavior\ContentReplaceBehavior [ RunTime:0.000168s ]
INFO: [ template_filter ] --END-- [ RunTime:0.000220s ]
NOTIC: [8] Undefined index: adtime F:\xampp\htdocs\qiyun\Runtime\Cache\Admin\049ad0fbc4579ec0053f845ee20dffd2.php 第 130 行.
NOTIC: [8] Undefined index: number F:\xampp\htdocs\qiyun\Runtime\Cache\Admin\049ad0fbc4579ec0053f845ee20dffd2.php 第 131 行.
NOTIC: [8] Undefined index: adtime F:\xampp\htdocs\qiyun\Runtime\Cache\Admin\049ad0fbc4579ec0053f845ee20dffd2.php 第 130 行.
NOTIC: [8] Undefined index: number F:\xampp\htdocs\qiyun\Runtime\Cache\Admin\049ad0fbc4579ec0053f845ee20dffd2.php 第 131 行.
NOTIC: [8] Undefined index: adtime F:\xampp\htdocs\qiyun\Runtime\Cache\Admin\049ad0fbc4579ec0053f845ee20dffd2.php 第 130 行.
NOTIC: [8] Undefined index: number F:\xampp\htdocs\qiyun\Runtime\Cache\Admin\049ad0fbc4579ec0053f845ee20dffd2.php 第 131 行.
NOTIC: [8] Undefined index: adtime F:\xampp\htdocs\qiyun\Runtime\Cache\Admin\049ad0fbc4579ec0053f845ee20dffd2.php 第 130 行.
NOTIC: [8] Undefined index: number F:\xampp\htdocs\qiyun\Runtime\Cache\Admin\049ad0fbc4579ec0053f845ee20dffd2.php 第 131 行.
NOTIC: [8] Undefined index: adtime F:\xampp\htdocs\qiyun\Runtime\Cache\Admin\049ad0fbc4579ec0053f845ee20dffd2.php 第 130 行.
NOTIC: [8] Undefined index: number F:\xampp\htdocs\qiyun\Runtime\Cache\Admin\049ad0fbc4579ec0053f845ee20dffd2.php 第 131 行.
NOTIC: [8] Undefined index: adtime F:\xampp\htdocs\qiyun\Runtime\Cache\Admin\049ad0fbc4579ec0053f845ee20dffd2.php 第 130 行.
NOTIC: [8] Undefined index: number F:\xampp\htdocs\qiyun\Runtime\Cache\Admin\049ad0fbc4579ec0053f845ee20dffd2.php 第 131 行.
NOTIC: [8] Undefined index: adtime F:\xampp\htdocs\qiyun\Runtime\Cache\Admin\049ad0fbc4579ec0053f845ee20dffd2.php 第 130 行.
NOTIC: [8] Undefined index: number F:\xampp\htdocs\qiyun\Runtime\Cache\Admin\049ad0fbc4579ec0053f845ee20dffd2.php 第 131 行.
NOTIC: [8] Undefined index: adtime F:\xampp\htdocs\qiyun\Runtime\Cache\Admin\049ad0fbc4579ec0053f845ee20dffd2.php 第 130 行.
NOTIC: [8] Undefined index: number F:\xampp\htdocs\qiyun\Runtime\Cache\Admin\049ad0fbc4579ec0053f845ee20dffd2.php 第 131 行.
NOTIC: [8] Undefined index: adtime F:\xampp\htdocs\qiyun\Runtime\Cache\Admin\049ad0fbc4579ec0053f845ee20dffd2.php 第 130 行.
NOTIC: [8] Undefined index: number F:\xampp\htdocs\qiyun\Runtime\Cache\Admin\049ad0fbc4579ec0053f845ee20dffd2.php 第 131 行.
NOTIC: [8] Undefined index: adtime F:\xampp\htdocs\qiyun\Runtime\Cache\Admin\049ad0fbc4579ec0053f845ee20dffd2.php 第 130 行.
NOTIC: [8] Undefined index: number F:\xampp\htdocs\qiyun\Runtime\Cache\Admin\049ad0fbc4579ec0053f845ee20dffd2.php 第 131 行.
INFO: Run Behavior\ParseTemplateBehavior [ RunTime:0.015351s ]
INFO: [ view_parse ] --END-- [ RunTime:0.015399s ]
INFO: [ view_filter ] --START--
INFO: Run Behavior\WriteHtmlCacheBehavior [ RunTime:0.000501s ]
INFO: [ view_filter ] --END-- [ RunTime:0.000543s ]
INFO: [ app_end ] --START--
INFO: Run Behavior\ShowPageTraceBehavior [ RunTime:0.000953s ]
INFO: [ app_end ] --END-- [ RunTime:0.001021s ]

[ 2017-05-24T15:01:16+08:00 ] 127.0.0.1 /qiyun/admin.php?s=/Question/info/id/10.html
INFO: [ app_init ] --START--
INFO: Run Behavior\BuildLiteBehavior [ RunTime:0.000012s ]
INFO: Run Common\Behavior\InitHookBehavior [ RunTime:0.002539s ]
INFO: [ app_init ] --END-- [ RunTime:0.003089s ]
INFO: [ app_begin ] --START--
INFO: Run Behavior\ReadHtmlCacheBehavior [ RunTime:0.000796s ]
INFO: [ app_begin ] --END-- [ RunTime:0.000867s ]
SQL: SHOW COLUMNS FROM `qy_menu` [ RunTime:0.0049s ]
SQL: SELECT `id`,`title`,`url` FROM `qy_menu` WHERE `pid` = 0 AND `hide` = 0 ORDER BY sort asc  [ RunTime:0.0007s ]
SQL: SELECT `pid` FROM `qy_menu` WHERE ( pid !=0 AND url like '%Question/info%' ) LIMIT 1   [ RunTime:0.0012s ]
SQL: SELECT * FROM `qy_menu` WHERE `id` = 127 LIMIT 1   [ RunTime:0.0004s ]
SQL: SELECT * FROM `qy_menu` WHERE `id` = 126 LIMIT 1   [ RunTime:0.0003s ]
SQL: SELECT DISTINCT  `group` FROM `qy_menu` WHERE `group` <> '' AND `pid` = 126  [ RunTime:0.0004s ]
SQL: SELECT `id`,`url` FROM `qy_menu` WHERE `pid` = 126 AND `hide` = 0  [ RunTime:0.0004s ]
SQL: SELECT `id`,`pid`,`title`,`url`,`tip` FROM `qy_menu` WHERE `group` = '问答管理' AND `pid` = 126 AND `hide` = 0 ORDER BY sort asc  [ RunTime:0.0004s ]
SQL: SHOW COLUMNS FROM `qy_question` [ RunTime:0.0045s ]
SQL: SELECT * FROM `qy_question` WHERE `id` = 10 LIMIT 1   [ RunTime:0.0004s ]
SQL: SHOW COLUMNS FROM `qy_category` [ RunTime:0.0048s ]
SQL: SELECT `title` FROM `qy_category` WHERE `id` IN ('0039','0041')  [ RunTime:0.0005s ]
SQL: SHOW COLUMNS FROM `qy_question_answer` [ RunTime:0.0046s ]
SQL: SELECT * FROM `qy_question_answer` WHERE `pid` = 10  [ RunTime:0.0004s ]
INFO: [ view_parse ] --START--
INFO: [ template_filter ] --START--
INFO: Run Behavior\ContentReplaceBehavior [ RunTime:0.000280s ]
INFO: [ template_filter ] --END-- [ RunTime:0.000343s ]
NOTIC: [8] Undefined variable: show_draftbox F:\xampp\htdocs\qiyun\Runtime\Cache\Admin\205de8c2b27a88506817bac0eba03ad1.php 第 67 行.
NOTIC: [8] Undefined variable: show_examine F:\xampp\htdocs\qiyun\Runtime\Cache\Admin\205de8c2b27a88506817bac0eba03ad1.php 第 68 行.
NOTIC: [8] Undefined variable: nodes F:\xampp\htdocs\qiyun\Runtime\Cache\Admin\205de8c2b27a88506817bac0eba03ad1.php 第 71 行.
NOTIC: [8] Undefined variable: show_recycle F:\xampp\htdocs\qiyun\Runtime\Cache\Admin\205de8c2b27a88506817bac0eba03ad1.php 第 105 行.
INFO: Run Behavior\ParseTemplateBehavior [ RunTime:0.061882s ]
INFO: [ view_parse ] --END-- [ RunTime:0.061964s ]
INFO: [ view_filter ] --START--
INFO: Run Behavior\WriteHtmlCacheBehavior [ RunTime:0.000872s ]
INFO: [ view_filter ] --END-- [ RunTime:0.000922s ]
INFO: [ app_end ] --START--
INFO: Run Behavior\ShowPageTraceBehavior [ RunTime:0.000984s ]
INFO: [ app_end ] --END-- [ RunTime:0.001064s ]

[ 2017-05-24T15:01:17+08:00 ] 127.0.0.1 /qiyun/admin.php?s=/Question/info/id/10.html
INFO: [ app_init ] --START--
INFO: Run Behavior\BuildLiteBehavior [ RunTime:0.000029s ]
INFO: Run Common\Behavior\InitHookBehavior [ RunTime:0.002020s ]
INFO: [ app_init ] --END-- [ RunTime:0.003243s ]
INFO: [ app_begin ] --START--
INFO: Run Behavior\ReadHtmlCacheBehavior [ RunTime:0.000609s ]
INFO: [ app_begin ] --END-- [ RunTime:0.000664s ]
SQL: SHOW COLUMNS FROM `qy_menu` [ RunTime:0.0038s ]
SQL: SELECT `id`,`title`,`url` FROM `qy_menu` WHERE `pid` = 0 AND `hide` = 0 ORDER BY sort asc  [ RunTime:0.0005s ]
SQL: SELECT `pid` FROM `qy_menu` WHERE ( pid !=0 AND url like '%Question/info%' ) LIMIT 1   [ RunTime:0.0009s ]
SQL: SELECT * FROM `qy_menu` WHERE `id` = 127 LIMIT 1   [ RunTime:0.0004s ]
SQL: SELECT * FROM `qy_menu` WHERE `id` = 126 LIMIT 1   [ RunTime:0.0003s ]
SQL: SELECT DISTINCT  `group` FROM `qy_menu` WHERE `group` <> '' AND `pid` = 126  [ RunTime:0.0004s ]
SQL: SELECT `id`,`url` FROM `qy_menu` WHERE `pid` = 126 AND `hide` = 0  [ RunTime:0.0003s ]
SQL: SELECT `id`,`pid`,`title`,`url`,`tip` FROM `qy_menu` WHERE `group` = '问答管理' AND `pid` = 126 AND `hide` = 0 ORDER BY sort asc  [ RunTime:0.0004s ]
SQL: SHOW COLUMNS FROM `qy_question` [ RunTime:0.0041s ]
SQL: SELECT * FROM `qy_question` WHERE `id` = 10 LIMIT 1   [ RunTime:0.0005s ]
SQL: SHOW COLUMNS FROM `qy_category` [ RunTime:0.0052s ]
SQL: SELECT `title` FROM `qy_category` WHERE `id` IN ('0039','0041')  [ RunTime:0.0004s ]
SQL: SHOW COLUMNS FROM `qy_question_answer` [ RunTime:0.0036s ]
SQL: SELECT * FROM `qy_question_answer` WHERE `pid` = 10  [ RunTime:0.0005s ]
INFO: [ view_parse ] --START--
INFO: [ template_filter ] --START--
INFO: Run Behavior\ContentReplaceBehavior [ RunTime:0.000237s ]
INFO: [ template_filter ] --END-- [ RunTime:0.000289s ]
NOTIC: [8] Undefined variable: show_draftbox F:\xampp\htdocs\qiyun\Runtime\Cache\Admin\205de8c2b27a88506817bac0eba03ad1.php 第 67 行.
NOTIC: [8] Undefined variable: show_examine F:\xampp\htdocs\qiyun\Runtime\Cache\Admin\205de8c2b27a88506817bac0eba03ad1.php 第 68 行.
NOTIC: [8] Undefined variable: nodes F:\xampp\htdocs\qiyun\Runtime\Cache\Admin\205de8c2b27a88506817bac0eba03ad1.php 第 71 行.
NOTIC: [8] Undefined variable: show_recycle F:\xampp\htdocs\qiyun\Runtime\Cache\Admin\205de8c2b27a88506817bac0eba03ad1.php 第 105 行.
INFO: Run Behavior\ParseTemplateBehavior [ RunTime:0.033762s ]
INFO: [ view_parse ] --END-- [ RunTime:0.033903s ]
INFO: [ view_filter ] --START--
INFO: Run Behavior\WriteHtmlCacheBehavior [ RunTime:0.000871s ]
INFO: [ view_filter ] --END-- [ RunTime:0.000959s ]
INFO: [ app_end ] --START--
INFO: Run Behavior\ShowPageTraceBehavior [ RunTime:0.001182s ]
INFO: [ app_end ] --END-- [ RunTime:0.001277s ]

[ 2017-05-24T15:01:21+08:00 ] 127.0.0.1 /qiyun/admin.php?s=/Question/index.html
INFO: [ app_init ] --START--
INFO: Run Behavior\BuildLiteBehavior [ RunTime:0.000012s ]
INFO: Run Common\Behavior\InitHookBehavior [ RunTime:0.002259s ]
INFO: [ app_init ] --END-- [ RunTime:0.002780s ]
INFO: [ app_begin ] --START--
INFO: Run Behavior\ReadHtmlCacheBehavior [ RunTime:0.001169s ]
INFO: [ app_begin ] --END-- [ RunTime:0.001260s ]
SQL: SHOW COLUMNS FROM `qy_menu` [ RunTime:0.0046s ]
SQL: SELECT `id`,`title`,`url` FROM `qy_menu` WHERE `pid` = 0 AND `hide` = 0 ORDER BY sort asc  [ RunTime:0.0005s ]
SQL: SELECT `pid` FROM `qy_menu` WHERE ( pid !=0 AND url like '%Question/index%' ) LIMIT 1   [ RunTime:0.0009s ]
SQL: SELECT * FROM `qy_menu` WHERE `id` = 126 LIMIT 1   [ RunTime:0.0003s ]
SQL: SELECT DISTINCT  `group` FROM `qy_menu` WHERE `group` <> '' AND `pid` = 126  [ RunTime:0.0004s ]
SQL: SELECT `id`,`url` FROM `qy_menu` WHERE `pid` = 126 AND `hide` = 0  [ RunTime:0.0003s ]
SQL: SELECT `id`,`pid`,`title`,`url`,`tip` FROM `qy_menu` WHERE `group` = '问答管理' AND `pid` = 126 AND `hide` = 0 ORDER BY sort asc  [ RunTime:0.0004s ]
NOTIC: [8] Undefined variable: map F:\xampp\htdocs\qiyun\Application\Admin\Controller\QuestionController.class.php 第 33 行.
SQL: SHOW COLUMNS FROM `qy_question` [ RunTime:0.0039s ]
SQL: SELECT COUNT(*) AS tp_count FROM `qy_question` LIMIT 1   [ RunTime:0.0003s ]
SQL: SELECT `id`,`uid`,`username`,`type`,`title`,`content`,`is_tj`,`addtime` FROM `qy_question` ORDER BY id desc LIMIT 0,10   [ RunTime:0.0007s ]
SQL: SHOW COLUMNS FROM `qy_category` [ RunTime:0.0051s ]
SQL: SELECT `title` FROM `qy_category` WHERE `id` IN ('0039','0040')  [ RunTime:0.0007s ]
SQL: SELECT `title` FROM `qy_category` WHERE `id` IN ('0002','0039')  [ RunTime:0.0003s ]
SQL: SELECT `title` FROM `qy_category` WHERE `id` IN ('0002')  [ RunTime:0.0003s ]
SQL: SELECT `title` FROM `qy_category` WHERE `id` IN ('0002')  [ RunTime:0.0003s ]
SQL: SELECT `title` FROM `qy_category` WHERE `id` IN ('0039')  [ RunTime:0.0003s ]
SQL: SELECT `title` FROM `qy_category` WHERE `id` IN ('0039','0041')  [ RunTime:0.0004s ]
SQL: SELECT `title` FROM `qy_category` WHERE `id` IN ('0039','0041')  [ RunTime:0.0004s ]
SQL: SELECT `title` FROM `qy_category` WHERE `id` IN ('0041')  [ RunTime:0.0004s ]
SQL: SELECT `title` FROM `qy_category` WHERE `id` IN ('0002','0039')  [ RunTime:0.0004s ]
SQL: SELECT `title` FROM `qy_category` WHERE `id` IN ('0002','0039')  [ RunTime:0.0004s ]
INFO: [ view_parse ] --START--
INFO: [ template_filter ] --START--
INFO: Run Behavior\ContentReplaceBehavior [ RunTime:0.000344s ]
INFO: [ template_filter ] --END-- [ RunTime:0.000409s ]
NOTIC: [8] Undefined index: adtime F:\xampp\htdocs\qiyun\Runtime\Cache\Admin\049ad0fbc4579ec0053f845ee20dffd2.php 第 130 行.
NOTIC: [8] Undefined index: number F:\xampp\htdocs\qiyun\Runtime\Cache\Admin\049ad0fbc4579ec0053f845ee20dffd2.php 第 131 行.
NOTIC: [8] Undefined index: adtime F:\xampp\htdocs\qiyun\Runtime\Cache\Admin\049ad0fbc4579ec0053f845ee20dffd2.php 第 130 行.
NOTIC: [8] Undefined index: number F:\xampp\htdocs\qiyun\Runtime\Cache\Admin\049ad0fbc4579ec0053f845ee20dffd2.php 第 131 行.
NOTIC: [8] Undefined index: adtime F:\xampp\htdocs\qiyun\Runtime\Cache\Admin\049ad0fbc4579ec0053f845ee20dffd2.php 第 130 行.
NOTIC: [8] Undefined index: number F:\xampp\htdocs\qiyun\Runtime\Cache\Admin\049ad0fbc4579ec0053f845ee20dffd2.php 第 131 行.
NOTIC: [8] Undefined index: adtime F:\xampp\htdocs\qiyun\Runtime\Cache\Admin\049ad0fbc4579ec0053f845ee20dffd2.php 第 130 行.
NOTIC: [8] Undefined index: number F:\xampp\htdocs\qiyun\Runtime\Cache\Admin\049ad0fbc4579ec0053f845ee20dffd2.php 第 131 行.
NOTIC: [8] Undefined index: adtime F:\xampp\htdocs\qiyun\Runtime\Cache\Admin\049ad0fbc4579ec0053f845ee20dffd2.php 第 130 行.
NOTIC: [8] Undefined index: number F:\xampp\htdocs\qiyun\Runtime\Cache\Admin\049ad0fbc4579ec0053f845ee20dffd2.php 第 131 行.
NOTIC: [8] Undefined index: adtime F:\xampp\htdocs\qiyun\Runtime\Cache\Admin\049ad0fbc4579ec0053f845ee20dffd2.php 第 130 行.
NOTIC: [8] Undefined index: number F:\xampp\htdocs\qiyun\Runtime\Cache\Admin\049ad0fbc4579ec0053f845ee20dffd2.php 第 131 行.
NOTIC: [8] Undefined index: adtime F:\xampp\htdocs\qiyun\Runtime\Cache\Admin\049ad0fbc4579ec0053f845ee20dffd2.php 第 130 行.
NOTIC: [8] Undefined index: number F:\xampp\htdocs\qiyun\Runtime\Cache\Admin\049ad0fbc4579ec0053f845ee20dffd2.php 第 131 行.
NOTIC: [8] Undefined index: adtime F:\xampp\htdocs\qiyun\Runtime\Cache\Admin\049ad0fbc4579ec0053f845ee20dffd2.php 第 130 行.
NOTIC: [8] Undefined index: number F:\xampp\htdocs\qiyun\Runtime\Cache\Admin\049ad0fbc4579ec0053f845ee20dffd2.php 第 131 行.
NOTIC: [8] Undefined index: adtime F:\xampp\htdocs\qiyun\Runtime\Cache\Admin\049ad0fbc4579ec0053f845ee20dffd2.php 第 130 行.
NOTIC: [8] Undefined index: number F:\xampp\htdocs\qiyun\Runtime\Cache\Admin\049ad0fbc4579ec0053f845ee20dffd2.php 第 131 行.
NOTIC: [8] Undefined index: adtime F:\xampp\htdocs\qiyun\Runtime\Cache\Admin\049ad0fbc4579ec0053f845ee20dffd2.php 第 130 行.
NOTIC: [8] Undefined index: number F:\xampp\htdocs\qiyun\Runtime\Cache\Admin\049ad0fbc4579ec0053f845ee20dffd2.php 第 131 行.
INFO: Run Behavior\ParseTemplateBehavior [ RunTime:0.014349s ]
INFO: [ view_parse ] --END-- [ RunTime:0.014420s ]
INFO: [ view_filter ] --START--
INFO: Run Behavior\WriteHtmlCacheBehavior [ RunTime:0.000606s ]
INFO: [ view_filter ] --END-- [ RunTime:0.000655s ]
INFO: [ app_end ] --START--
INFO: Run Behavior\ShowPageTraceBehavior [ RunTime:0.000839s ]
INFO: [ app_end ] --END-- [ RunTime:0.000900s ]

[ 2017-05-24T15:01:21+08:00 ] 127.0.0.1 /qiyun/admin.php?s=/Question/index.html
INFO: [ app_init ] --START--
INFO: Run Behavior\BuildLiteBehavior [ RunTime:0.000014s ]
INFO: Run Common\Behavior\InitHookBehavior [ RunTime:0.001957s ]
INFO: [ app_init ] --END-- [ RunTime:0.002624s ]
INFO: [ app_begin ] --START--
INFO: Run Behavior\ReadHtmlCacheBehavior [ RunTime:0.000576s ]
INFO: [ app_begin ] --END-- [ RunTime:0.000625s ]
SQL: SHOW COLUMNS FROM `qy_menu` [ RunTime:0.0041s ]
SQL: SELECT `id`,`title`,`url` FROM `qy_menu` WHERE `pid` = 0 AND `hide` = 0 ORDER BY sort asc  [ RunTime:0.0006s ]
SQL: SELECT `pid` FROM `qy_menu` WHERE ( pid !=0 AND url like '%Question/index%' ) LIMIT 1   [ RunTime:0.0009s ]
SQL: SELECT * FROM `qy_menu` WHERE `id` = 126 LIMIT 1   [ RunTime:0.0004s ]
SQL: SELECT DISTINCT  `group` FROM `qy_menu` WHERE `group` <> '' AND `pid` = 126  [ RunTime:0.0003s ]
SQL: SELECT `id`,`url` FROM `qy_menu` WHERE `pid` = 126 AND `hide` = 0  [ RunTime:0.0003s ]
SQL: SELECT `id`,`pid`,`title`,`url`,`tip` FROM `qy_menu` WHERE `group` = '问答管理' AND `pid` = 126 AND `hide` = 0 ORDER BY sort asc  [ RunTime:0.0003s ]
NOTIC: [8] Undefined variable: map F:\xampp\htdocs\qiyun\Application\Admin\Controller\QuestionController.class.php 第 33 行.
SQL: SHOW COLUMNS FROM `qy_question` [ RunTime:0.0039s ]
SQL: SELECT COUNT(*) AS tp_count FROM `qy_question` LIMIT 1   [ RunTime:0.0003s ]
SQL: SELECT `id`,`uid`,`username`,`type`,`title`,`content`,`is_tj`,`addtime` FROM `qy_question` ORDER BY id desc LIMIT 0,10   [ RunTime:0.0005s ]
SQL: SHOW COLUMNS FROM `qy_category` [ RunTime:0.0043s ]
SQL: SELECT `title` FROM `qy_category` WHERE `id` IN ('0039','0040')  [ RunTime:0.0004s ]
SQL: SELECT `title` FROM `qy_category` WHERE `id` IN ('0002','0039')  [ RunTime:0.0003s ]
SQL: SELECT `title` FROM `qy_category` WHERE `id` IN ('0002')  [ RunTime:0.0003s ]
SQL: SELECT `title` FROM `qy_category` WHERE `id` IN ('0002')  [ RunTime:0.0003s ]
SQL: SELECT `title` FROM `qy_category` WHERE `id` IN ('0039')  [ RunTime:0.0002s ]
SQL: SELECT `title` FROM `qy_category` WHERE `id` IN ('0039','0041')  [ RunTime:0.0003s ]
SQL: SELECT `title` FROM `qy_category` WHERE `id` IN ('0039','0041')  [ RunTime:0.0003s ]
SQL: SELECT `title` FROM `qy_category` WHERE `id` IN ('0041')  [ RunTime:0.0002s ]
SQL: SELECT `title` FROM `qy_category` WHERE `id` IN ('0002','0039')  [ RunTime:0.0003s ]
SQL: SELECT `title` FROM `qy_category` WHERE `id` IN ('0002','0039')  [ RunTime:0.0003s ]
INFO: [ view_parse ] --START--
INFO: [ template_filter ] --START--
INFO: Run Behavior\ContentReplaceBehavior [ RunTime:0.000368s ]
INFO: [ template_filter ] --END-- [ RunTime:0.000476s ]
NOTIC: [8] Undefined index: adtime F:\xampp\htdocs\qiyun\Runtime\Cache\Admin\049ad0fbc4579ec0053f845ee20dffd2.php 第 130 行.
NOTIC: [8] Undefined index: number F:\xampp\htdocs\qiyun\Runtime\Cache\Admin\049ad0fbc4579ec0053f845ee20dffd2.php 第 131 行.
NOTIC: [8] Undefined index: adtime F:\xampp\htdocs\qiyun\Runtime\Cache\Admin\049ad0fbc4579ec0053f845ee20dffd2.php 第 130 行.
NOTIC: [8] Undefined index: number F:\xampp\htdocs\qiyun\Runtime\Cache\Admin\049ad0fbc4579ec0053f845ee20dffd2.php 第 131 行.
NOTIC: [8] Undefined index: adtime F:\xampp\htdocs\qiyun\Runtime\Cache\Admin\049ad0fbc4579ec0053f845ee20dffd2.php 第 130 行.
NOTIC: [8] Undefined index: number F:\xampp\htdocs\qiyun\Runtime\Cache\Admin\049ad0fbc4579ec0053f845ee20dffd2.php 第 131 行.
NOTIC: [8] Undefined index: adtime F:\xampp\htdocs\qiyun\Runtime\Cache\Admin\049ad0fbc4579ec0053f845ee20dffd2.php 第 130 行.
NOTIC: [8] Undefined index: number F:\xampp\htdocs\qiyun\Runtime\Cache\Admin\049ad0fbc4579ec0053f845ee20dffd2.php 第 131 行.
NOTIC: [8] Undefined index: adtime F:\xampp\htdocs\qiyun\Runtime\Cache\Admin\049ad0fbc4579ec0053f845ee20dffd2.php 第 130 行.
NOTIC: [8] Undefined index: number F:\xampp\htdocs\qiyun\Runtime\Cache\Admin\049ad0fbc4579ec0053f845ee20dffd2.php 第 131 行.
NOTIC: [8] Undefined index: adtime F:\xampp\htdocs\qiyun\Runtime\Cache\Admin\049ad0fbc4579ec0053f845ee20dffd2.php 第 130 行.
NOTIC: [8] Undefined index: number F:\xampp\htdocs\qiyun\Runtime\Cache\Admin\049ad0fbc4579ec0053f845ee20dffd2.php 第 131 行.
NOTIC: [8] Undefined index: adtime F:\xampp\htdocs\qiyun\Runtime\Cache\Admin\049ad0fbc4579ec0053f845ee20dffd2.php 第 130 行.
NOTIC: [8] Undefined index: number F:\xampp\htdocs\qiyun\Runtime\Cache\Admin\049ad0fbc4579ec0053f845ee20dffd2.php 第 131 行.
NOTIC: [8] Undefined index: adtime F:\xampp\htdocs\qiyun\Runtime\Cache\Admin\049ad0fbc4579ec0053f845ee20dffd2.php 第 130 行.
NOTIC: [8] Undefined index: number F:\xampp\htdocs\qiyun\Runtime\Cache\Admin\049ad0fbc4579ec0053f845ee20dffd2.php 第 131 行.
NOTIC: [8] Undefined index: adtime F:\xampp\htdocs\qiyun\Runtime\Cache\Admin\049ad0fbc4579ec0053f845ee20dffd2.php 第 130 行.
NOTIC: [8] Undefined index: number F:\xampp\htdocs\qiyun\Runtime\Cache\Admin\049ad0fbc4579ec0053f845ee20dffd2.php 第 131 行.
NOTIC: [8] Undefined index: adtime F:\xampp\htdocs\qiyun\Runtime\Cache\Admin\049ad0fbc4579ec0053f845ee20dffd2.php 第 130 行.
NOTIC: [8] Undefined index: number F:\xampp\htdocs\qiyun\Runtime\Cache\Admin\049ad0fbc4579ec0053f845ee20dffd2.php 第 131 行.
INFO: Run Behavior\ParseTemplateBehavior [ RunTime:0.020093s ]
INFO: [ view_parse ] --END-- [ RunTime:0.020141s ]
INFO: [ view_filter ] --START--
INFO: Run Behavior\WriteHtmlCacheBehavior [ RunTime:0.000580s ]
INFO: [ view_filter ] --END-- [ RunTime:0.000620s ]
INFO: [ app_end ] --START--
INFO: Run Behavior\ShowPageTraceBehavior [ RunTime:0.000780s ]
INFO: [ app_end ] --END-- [ RunTime:0.000840s ]

[ 2017-05-24T15:01:34+08:00 ] 127.0.0.1 /qiyun/admin.php?s=/Question/info/id/11.html
INFO: [ app_init ] --START--
INFO: Run Behavior\BuildLiteBehavior [ RunTime:0.000012s ]
INFO: Run Common\Behavior\InitHookBehavior [ RunTime:0.002059s ]
INFO: [ app_init ] --END-- [ RunTime:0.002689s ]
INFO: [ app_begin ] --START--
INFO: Run Behavior\ReadHtmlCacheBehavior [ RunTime:0.000695s ]
INFO: [ app_begin ] --END-- [ RunTime:0.000756s ]
SQL: SHOW COLUMNS FROM `qy_menu` [ RunTime:0.0041s ]
SQL: SELECT `id`,`title`,`url` FROM `qy_menu` WHERE `pid` = 0 AND `hide` = 0 ORDER BY sort asc  [ RunTime:0.0006s ]
SQL: SELECT `pid` FROM `qy_menu` WHERE ( pid !=0 AND url like '%Question/info%' ) LIMIT 1   [ RunTime:0.0012s ]
SQL: SELECT * FROM `qy_menu` WHERE `id` = 127 LIMIT 1   [ RunTime:0.0004s ]
SQL: SELECT * FROM `qy_menu` WHERE `id` = 126 LIMIT 1   [ RunTime:0.0003s ]
SQL: SELECT DISTINCT  `group` FROM `qy_menu` WHERE `group` <> '' AND `pid` = 126  [ RunTime:0.0003s ]
SQL: SELECT `id`,`url` FROM `qy_menu` WHERE `pid` = 126 AND `hide` = 0  [ RunTime:0.0003s ]
SQL: SELECT `id`,`pid`,`title`,`url`,`tip` FROM `qy_menu` WHERE `group` = '问答管理' AND `pid` = 126 AND `hide` = 0 ORDER BY sort asc  [ RunTime:0.0003s ]
SQL: SHOW COLUMNS FROM `qy_question` [ RunTime:0.0037s ]
SQL: SELECT * FROM `qy_question` WHERE `id` = 11 LIMIT 1   [ RunTime:0.0004s ]
SQL: SHOW COLUMNS FROM `qy_category` [ RunTime:0.0042s ]
SQL: SELECT `title` FROM `qy_category` WHERE `id` IN ('0039','0041')  [ RunTime:0.0004s ]
SQL: SHOW COLUMNS FROM `qy_question_answer` [ RunTime:0.0042s ]
SQL: SELECT * FROM `qy_question_answer` WHERE `pid` = 11  [ RunTime:0.0004s ]
INFO: [ view_parse ] --START--
INFO: [ template_filter ] --START--
INFO: Run Behavior\ContentReplaceBehavior [ RunTime:0.000247s ]
INFO: [ template_filter ] --END-- [ RunTime:0.000295s ]
NOTIC: [8] Undefined variable: show_draftbox F:\xampp\htdocs\qiyun\Runtime\Cache\Admin\205de8c2b27a88506817bac0eba03ad1.php 第 67 行.
NOTIC: [8] Undefined variable: show_examine F:\xampp\htdocs\qiyun\Runtime\Cache\Admin\205de8c2b27a88506817bac0eba03ad1.php 第 68 行.
NOTIC: [8] Undefined variable: nodes F:\xampp\htdocs\qiyun\Runtime\Cache\Admin\205de8c2b27a88506817bac0eba03ad1.php 第 71 行.
NOTIC: [8] Undefined variable: show_recycle F:\xampp\htdocs\qiyun\Runtime\Cache\Admin\205de8c2b27a88506817bac0eba03ad1.php 第 105 行.
NOTIC: [8] Array to string conversion F:\xampp\htdocs\qiyun\Runtime\Cache\Admin\205de8c2b27a88506817bac0eba03ad1.php 第 184 行.
INFO: Run Behavior\ParseTemplateBehavior [ RunTime:0.026615s ]
INFO: [ view_parse ] --END-- [ RunTime:0.026683s ]
INFO: [ view_filter ] --START--
INFO: Run Behavior\WriteHtmlCacheBehavior [ RunTime:0.000528s ]
INFO: [ view_filter ] --END-- [ RunTime:0.000577s ]
INFO: [ app_end ] --START--
INFO: Run Behavior\ShowPageTraceBehavior [ RunTime:0.000800s ]
INFO: [ app_end ] --END-- [ RunTime:0.000861s ]

[ 2017-05-24T15:01:35+08:00 ] 127.0.0.1 /qiyun/admin.php?s=/Question/info/id/11.html
INFO: [ app_init ] --START--
INFO: Run Behavior\BuildLiteBehavior [ RunTime:0.000011s ]
INFO: Run Common\Behavior\InitHookBehavior [ RunTime:0.002207s ]
INFO: [ app_init ] --END-- [ RunTime:0.002766s ]
INFO: [ app_begin ] --START--
INFO: Run Behavior\ReadHtmlCacheBehavior [ RunTime:0.000660s ]
INFO: [ app_begin ] --END-- [ RunTime:0.000720s ]
SQL: SHOW COLUMNS FROM `qy_menu` [ RunTime:0.0041s ]
SQL: SELECT `id`,`title`,`url` FROM `qy_menu` WHERE `pid` = 0 AND `hide` = 0 ORDER BY sort asc  [ RunTime:0.0010s ]
SQL: SELECT `pid` FROM `qy_menu` WHERE ( pid !=0 AND url like '%Question/info%' ) LIMIT 1   [ RunTime:0.0010s ]
SQL: SELECT * FROM `qy_menu` WHERE `id` = 127 LIMIT 1   [ RunTime:0.0003s ]
SQL: SELECT * FROM `qy_menu` WHERE `id` = 126 LIMIT 1   [ RunTime:0.0003s ]
SQL: SELECT DISTINCT  `group` FROM `qy_menu` WHERE `group` <> '' AND `pid` = 126  [ RunTime:0.0004s ]
SQL: SELECT `id`,`url` FROM `qy_menu` WHERE `pid` = 126 AND `hide` = 0  [ RunTime:0.0004s ]
SQL: SELECT `id`,`pid`,`title`,`url`,`tip` FROM `qy_menu` WHERE `group` = '问答管理' AND `pid` = 126 AND `hide` = 0 ORDER BY sort asc  [ RunTime:0.0004s ]
SQL: SHOW COLUMNS FROM `qy_question` [ RunTime:0.0039s ]
SQL: SELECT * FROM `qy_question` WHERE `id` = 11 LIMIT 1   [ RunTime:0.0004s ]
SQL: SHOW COLUMNS FROM `qy_category` [ RunTime:0.0050s ]
SQL: SELECT `title` FROM `qy_category` WHERE `id` IN ('0039','0041')  [ RunTime:0.0004s ]
SQL: SHOW COLUMNS FROM `qy_question_answer` [ RunTime:0.0046s ]
SQL: SELECT * FROM `qy_question_answer` WHERE `pid` = 11  [ RunTime:0.0005s ]
INFO: [ view_parse ] --START--
INFO: [ template_filter ] --START--
INFO: Run Behavior\ContentReplaceBehavior [ RunTime:0.000245s ]
INFO: [ template_filter ] --END-- [ RunTime:0.000303s ]
NOTIC: [8] Undefined variable: show_draftbox F:\xampp\htdocs\qiyun\Runtime\Cache\Admin\205de8c2b27a88506817bac0eba03ad1.php 第 67 行.
NOTIC: [8] Undefined variable: show_examine F:\xampp\htdocs\qiyun\Runtime\Cache\Admin\205de8c2b27a88506817bac0eba03ad1.php 第 68 行.
NOTIC: [8] Undefined variable: nodes F:\xampp\htdocs\qiyun\Runtime\Cache\Admin\205de8c2b27a88506817bac0eba03ad1.php 第 71 行.
NOTIC: [8] Undefined variable: show_recycle F:\xampp\htdocs\qiyun\Runtime\Cache\Admin\205de8c2b27a88506817bac0eba03ad1.php 第 105 行.
NOTIC: [8] Array to string conversion F:\xampp\htdocs\qiyun\Runtime\Cache\Admin\205de8c2b27a88506817bac0eba03ad1.php 第 184 行.
INFO: Run Behavior\ParseTemplateBehavior [ RunTime:0.030905s ]
INFO: [ view_parse ] --END-- [ RunTime:0.030973s ]
INFO: [ view_filter ] --START--
INFO: Run Behavior\WriteHtmlCacheBehavior [ RunTime:0.000689s ]
INFO: [ view_filter ] --END-- [ RunTime:0.000737s ]
INFO: [ app_end ] --START--
INFO: Run Behavior\ShowPageTraceBehavior [ RunTime:0.001222s ]
INFO: [ app_end ] --END-- [ RunTime:0.001307s ]

[ 2017-05-24T15:01:59+08:00 ] 127.0.0.1 /qiyun/admin.php?s=/Question/index.html
INFO: [ app_init ] --START--
INFO: Run Behavior\BuildLiteBehavior [ RunTime:0.000013s ]
INFO: Run Common\Behavior\InitHookBehavior [ RunTime:0.002063s ]
INFO: [ app_init ] --END-- [ RunTime:0.002613s ]
INFO: [ app_begin ] --START--
INFO: Run Behavior\ReadHtmlCacheBehavior [ RunTime:0.000637s ]
INFO: [ app_begin ] --END-- [ RunTime:0.000687s ]
SQL: SHOW COLUMNS FROM `qy_menu` [ RunTime:0.0044s ]
SQL: SELECT `id`,`title`,`url` FROM `qy_menu` WHERE `pid` = 0 AND `hide` = 0 ORDER BY sort asc  [ RunTime:0.0005s ]
SQL: SELECT `pid` FROM `qy_menu` WHERE ( pid !=0 AND url like '%Question/index%' ) LIMIT 1   [ RunTime:0.0009s ]
SQL: SELECT * FROM `qy_menu` WHERE `id` = 126 LIMIT 1   [ RunTime:0.0003s ]
SQL: SELECT DISTINCT  `group` FROM `qy_menu` WHERE `group` <> '' AND `pid` = 126  [ RunTime:0.0004s ]
SQL: SELECT `id`,`url` FROM `qy_menu` WHERE `pid` = 126 AND `hide` = 0  [ RunTime:0.0003s ]
SQL: SELECT `id`,`pid`,`title`,`url`,`tip` FROM `qy_menu` WHERE `group` = '问答管理' AND `pid` = 126 AND `hide` = 0 ORDER BY sort asc  [ RunTime:0.0004s ]
NOTIC: [8] Undefined variable: map F:\xampp\htdocs\qiyun\Application\Admin\Controller\QuestionController.class.php 第 33 行.
SQL: SHOW COLUMNS FROM `qy_question` [ RunTime:0.0045s ]
SQL: SELECT COUNT(*) AS tp_count FROM `qy_question` LIMIT 1   [ RunTime:0.0004s ]
SQL: SELECT `id`,`uid`,`username`,`type`,`title`,`content`,`is_tj`,`addtime` FROM `qy_question` ORDER BY id desc LIMIT 0,10   [ RunTime:0.0004s ]
SQL: SHOW COLUMNS FROM `qy_category` [ RunTime:0.0047s ]
SQL: SELECT `title` FROM `qy_category` WHERE `id` IN ('0039','0040')  [ RunTime:0.0005s ]
SQL: SELECT `title` FROM `qy_category` WHERE `id` IN ('0002','0039')  [ RunTime:0.0003s ]
SQL: SELECT `title` FROM `qy_category` WHERE `id` IN ('0002')  [ RunTime:0.0003s ]
SQL: SELECT `title` FROM `qy_category` WHERE `id` IN ('0002')  [ RunTime:0.0003s ]
SQL: SELECT `title` FROM `qy_category` WHERE `id` IN ('0039')  [ RunTime:0.0003s ]
SQL: SELECT `title` FROM `qy_category` WHERE `id` IN ('0039','0041')  [ RunTime:0.0003s ]
SQL: SELECT `title` FROM `qy_category` WHERE `id` IN ('0039','0041')  [ RunTime:0.0003s ]
SQL: SELECT `title` FROM `qy_category` WHERE `id` IN ('0041')  [ RunTime:0.0003s ]
SQL: SELECT `title` FROM `qy_category` WHERE `id` IN ('0002','0039')  [ RunTime:0.0003s ]
SQL: SELECT `title` FROM `qy_category` WHERE `id` IN ('0002','0039')  [ RunTime:0.0003s ]
INFO: [ view_parse ] --START--
INFO: [ template_filter ] --START--
INFO: Run Behavior\ContentReplaceBehavior [ RunTime:0.000150s ]
INFO: [ template_filter ] --END-- [ RunTime:0.000197s ]
NOTIC: [8] Undefined index: adtime F:\xampp\htdocs\qiyun\Runtime\Cache\Admin\049ad0fbc4579ec0053f845ee20dffd2.php 第 130 行.
NOTIC: [8] Undefined index: number F:\xampp\htdocs\qiyun\Runtime\Cache\Admin\049ad0fbc4579ec0053f845ee20dffd2.php 第 131 行.
NOTIC: [8] Undefined index: adtime F:\xampp\htdocs\qiyun\Runtime\Cache\Admin\049ad0fbc4579ec0053f845ee20dffd2.php 第 130 行.
NOTIC: [8] Undefined index: number F:\xampp\htdocs\qiyun\Runtime\Cache\Admin\049ad0fbc4579ec0053f845ee20dffd2.php 第 131 行.
NOTIC: [8] Undefined index: adtime F:\xampp\htdocs\qiyun\Runtime\Cache\Admin\049ad0fbc4579ec0053f845ee20dffd2.php 第 130 行.
NOTIC: [8] Undefined index: number F:\xampp\htdocs\qiyun\Runtime\Cache\Admin\049ad0fbc4579ec0053f845ee20dffd2.php 第 131 行.
NOTIC: [8] Undefined index: adtime F:\xampp\htdocs\qiyun\Runtime\Cache\Admin\049ad0fbc4579ec0053f845ee20dffd2.php 第 130 行.
NOTIC: [8] Undefined index: number F:\xampp\htdocs\qiyun\Runtime\Cache\Admin\049ad0fbc4579ec0053f845ee20dffd2.php 第 131 行.
NOTIC: [8] Undefined index: adtime F:\xampp\htdocs\qiyun\Runtime\Cache\Admin\049ad0fbc4579ec0053f845ee20dffd2.php 第 130 行.
NOTIC: [8] Undefined index: number F:\xampp\htdocs\qiyun\Runtime\Cache\Admin\049ad0fbc4579ec0053f845ee20dffd2.php 第 131 行.
NOTIC: [8] Undefined index: adtime F:\xampp\htdocs\qiyun\Runtime\Cache\Admin\049ad0fbc4579ec0053f845ee20dffd2.php 第 130 行.
NOTIC: [8] Undefined index: number F:\xampp\htdocs\qiyun\Runtime\Cache\Admin\049ad0fbc4579ec0053f845ee20dffd2.php 第 131 行.
NOTIC: [8] Undefined index: adtime F:\xampp\htdocs\qiyun\Runtime\Cache\Admin\049ad0fbc4579ec0053f845ee20dffd2.php 第 130 行.
NOTIC: [8] Undefined index: number F:\xampp\htdocs\qiyun\Runtime\Cache\Admin\049ad0fbc4579ec0053f845ee20dffd2.php 第 131 行.
NOTIC: [8] Undefined index: adtime F:\xampp\htdocs\qiyun\Runtime\Cache\Admin\049ad0fbc4579ec0053f845ee20dffd2.php 第 130 行.
NOTIC: [8] Undefined index: number F:\xampp\htdocs\qiyun\Runtime\Cache\Admin\049ad0fbc4579ec0053f845ee20dffd2.php 第 131 行.
NOTIC: [8] Undefined index: adtime F:\xampp\htdocs\qiyun\Runtime\Cache\Admin\049ad0fbc4579ec0053f845ee20dffd2.php 第 130 行.
NOTIC: [8] Undefined index: number F:\xampp\htdocs\qiyun\Runtime\Cache\Admin\049ad0fbc4579ec0053f845ee20dffd2.php 第 131 行.
NOTIC: [8] Undefined index: adtime F:\xampp\htdocs\qiyun\Runtime\Cache\Admin\049ad0fbc4579ec0053f845ee20dffd2.php 第 130 行.
NOTIC: [8] Undefined index: number F:\xampp\htdocs\qiyun\Runtime\Cache\Admin\049ad0fbc4579ec0053f845ee20dffd2.php 第 131 行.
INFO: Run Behavior\ParseTemplateBehavior [ RunTime:0.014678s ]
INFO: [ view_parse ] --END-- [ RunTime:0.014724s ]
INFO: [ view_filter ] --START--
INFO: Run Behavior\WriteHtmlCacheBehavior [ RunTime:0.000525s ]
INFO: [ view_filter ] --END-- [ RunTime:0.000566s ]
INFO: [ app_end ] --START--
INFO: Run Behavior\ShowPageTraceBehavior [ RunTime:0.000996s ]
INFO: [ app_end ] --END-- [ RunTime:0.001067s ]

[ 2017-05-24T15:02:00+08:00 ] 127.0.0.1 /qiyun/admin.php?s=/Question/index.html
INFO: [ app_init ] --START--
INFO: Run Behavior\BuildLiteBehavior [ RunTime:0.000021s ]
INFO: Run Common\Behavior\InitHookBehavior [ RunTime:0.002535s ]
INFO: [ app_init ] --END-- [ RunTime:0.003165s ]
INFO: [ app_begin ] --START--
INFO: Run Behavior\ReadHtmlCacheBehavior [ RunTime:0.000713s ]
INFO: [ app_begin ] --END-- [ RunTime:0.000791s ]
SQL: SHOW COLUMNS FROM `qy_menu` [ RunTime:0.0047s ]
SQL: SELECT `id`,`title`,`url` FROM `qy_menu` WHERE `pid` = 0 AND `hide` = 0 ORDER BY sort asc  [ RunTime:0.0005s ]
SQL: SELECT `pid` FROM `qy_menu` WHERE ( pid !=0 AND url like '%Question/index%' ) LIMIT 1   [ RunTime:0.0010s ]
SQL: SELECT * FROM `qy_menu` WHERE `id` = 126 LIMIT 1   [ RunTime:0.0004s ]
SQL: SELECT DISTINCT  `group` FROM `qy_menu` WHERE `group` <> '' AND `pid` = 126  [ RunTime:0.0003s ]
SQL: SELECT `id`,`url` FROM `qy_menu` WHERE `pid` = 126 AND `hide` = 0  [ RunTime:0.0003s ]
SQL: SELECT `id`,`pid`,`title`,`url`,`tip` FROM `qy_menu` WHERE `group` = '问答管理' AND `pid` = 126 AND `hide` = 0 ORDER BY sort asc  [ RunTime:0.0003s ]
NOTIC: [8] Undefined variable: map F:\xampp\htdocs\qiyun\Application\Admin\Controller\QuestionController.class.php 第 33 行.
SQL: SHOW COLUMNS FROM `qy_question` [ RunTime:0.0038s ]
SQL: SELECT COUNT(*) AS tp_count FROM `qy_question` LIMIT 1   [ RunTime:0.0003s ]
SQL: SELECT `id`,`uid`,`username`,`type`,`title`,`content`,`is_tj`,`addtime` FROM `qy_question` ORDER BY id desc LIMIT 0,10   [ RunTime:0.0006s ]
SQL: SHOW COLUMNS FROM `qy_category` [ RunTime:0.0048s ]
SQL: SELECT `title` FROM `qy_category` WHERE `id` IN ('0039','0040')  [ RunTime:0.0006s ]
SQL: SELECT `title` FROM `qy_category` WHERE `id` IN ('0002','0039')  [ RunTime:0.0005s ]
SQL: SELECT `title` FROM `qy_category` WHERE `id` IN ('0002')  [ RunTime:0.0004s ]
SQL: SELECT `title` FROM `qy_category` WHERE `id` IN ('0002')  [ RunTime:0.0003s ]
SQL: SELECT `title` FROM `qy_category` WHERE `id` IN ('0039')  [ RunTime:0.0003s ]
SQL: SELECT `title` FROM `qy_category` WHERE `id` IN ('0039','0041')  [ RunTime:0.0003s ]
SQL: SELECT `title` FROM `qy_category` WHERE `id` IN ('0039','0041')  [ RunTime:0.0003s ]
SQL: SELECT `title` FROM `qy_category` WHERE `id` IN ('0041')  [ RunTime:0.0003s ]
SQL: SELECT `title` FROM `qy_category` WHERE `id` IN ('0002','0039')  [ RunTime:0.0003s ]
SQL: SELECT `title` FROM `qy_category` WHERE `id` IN ('0002','0039')  [ RunTime:0.0003s ]
INFO: [ view_parse ] --START--
INFO: [ template_filter ] --START--
INFO: Run Behavior\ContentReplaceBehavior [ RunTime:0.000167s ]
INFO: [ template_filter ] --END-- [ RunTime:0.000221s ]
NOTIC: [8] Undefined index: adtime F:\xampp\htdocs\qiyun\Runtime\Cache\Admin\049ad0fbc4579ec0053f845ee20dffd2.php 第 130 行.
NOTIC: [8] Undefined index: number F:\xampp\htdocs\qiyun\Runtime\Cache\Admin\049ad0fbc4579ec0053f845ee20dffd2.php 第 131 行.
NOTIC: [8] Undefined index: adtime F:\xampp\htdocs\qiyun\Runtime\Cache\Admin\049ad0fbc4579ec0053f845ee20dffd2.php 第 130 行.
NOTIC: [8] Undefined index: number F:\xampp\htdocs\qiyun\Runtime\Cache\Admin\049ad0fbc4579ec0053f845ee20dffd2.php 第 131 行.
NOTIC: [8] Undefined index: adtime F:\xampp\htdocs\qiyun\Runtime\Cache\Admin\049ad0fbc4579ec0053f845ee20dffd2.php 第 130 行.
NOTIC: [8] Undefined index: number F:\xampp\htdocs\qiyun\Runtime\Cache\Admin\049ad0fbc4579ec0053f845ee20dffd2.php 第 131 行.
NOTIC: [8] Undefined index: adtime F:\xampp\htdocs\qiyun\Runtime\Cache\Admin\049ad0fbc4579ec0053f845ee20dffd2.php 第 130 行.
NOTIC: [8] Undefined index: number F:\xampp\htdocs\qiyun\Runtime\Cache\Admin\049ad0fbc4579ec0053f845ee20dffd2.php 第 131 行.
NOTIC: [8] Undefined index: adtime F:\xampp\htdocs\qiyun\Runtime\Cache\Admin\049ad0fbc4579ec0053f845ee20dffd2.php 第 130 行.
NOTIC: [8] Undefined index: number F:\xampp\htdocs\qiyun\Runtime\Cache\Admin\049ad0fbc4579ec0053f845ee20dffd2.php 第 131 行.
NOTIC: [8] Undefined index: adtime F:\xampp\htdocs\qiyun\Runtime\Cache\Admin\049ad0fbc4579ec0053f845ee20dffd2.php 第 130 行.
NOTIC: [8] Undefined index: number F:\xampp\htdocs\qiyun\Runtime\Cache\Admin\049ad0fbc4579ec0053f845ee20dffd2.php 第 131 行.
NOTIC: [8] Undefined index: adtime F:\xampp\htdocs\qiyun\Runtime\Cache\Admin\049ad0fbc4579ec0053f845ee20dffd2.php 第 130 行.
NOTIC: [8] Undefined index: number F:\xampp\htdocs\qiyun\Runtime\Cache\Admin\049ad0fbc4579ec0053f845ee20dffd2.php 第 131 行.
NOTIC: [8] Undefined index: adtime F:\xampp\htdocs\qiyun\Runtime\Cache\Admin\049ad0fbc4579ec0053f845ee20dffd2.php 第 130 行.
NOTIC: [8] Undefined index: number F:\xampp\htdocs\qiyun\Runtime\Cache\Admin\049ad0fbc4579ec0053f845ee20dffd2.php 第 131 行.
NOTIC: [8] Undefined index: adtime F:\xampp\htdocs\qiyun\Runtime\Cache\Admin\049ad0fbc4579ec0053f845ee20dffd2.php 第 130 行.
NOTIC: [8] Undefined index: number F:\xampp\htdocs\qiyun\Runtime\Cache\Admin\049ad0fbc4579ec0053f845ee20dffd2.php 第 131 行.
NOTIC: [8] Undefined index: adtime F:\xampp\htdocs\qiyun\Runtime\Cache\Admin\049ad0fbc4579ec0053f845ee20dffd2.php 第 130 行.
NOTIC: [8] Undefined index: number F:\xampp\htdocs\qiyun\Runtime\Cache\Admin\049ad0fbc4579ec0053f845ee20dffd2.php 第 131 行.
INFO: Run Behavior\ParseTemplateBehavior [ RunTime:0.015908s ]
INFO: [ view_parse ] --END-- [ RunTime:0.015959s ]
INFO: [ view_filter ] --START--
INFO: Run Behavior\WriteHtmlCacheBehavior [ RunTime:0.000542s ]
INFO: [ view_filter ] --END-- [ RunTime:0.000581s ]
INFO: [ app_end ] --START--
INFO: Run Behavior\ShowPageTraceBehavior [ RunTime:0.000815s ]
INFO: [ app_end ] --END-- [ RunTime:0.000878s ]

[ 2017-05-24T15:02:04+08:00 ] 127.0.0.1 /qiyun/admin.php?s=/Question/index/p/2.html
INFO: [ app_init ] --START--
INFO: Run Behavior\BuildLiteBehavior [ RunTime:0.000012s ]
INFO: Run Common\Behavior\InitHookBehavior [ RunTime:0.002051s ]
INFO: [ app_init ] --END-- [ RunTime:0.002568s ]
INFO: [ app_begin ] --START--
INFO: Run Behavior\ReadHtmlCacheBehavior [ RunTime:0.000691s ]
INFO: [ app_begin ] --END-- [ RunTime:0.000747s ]
SQL: SHOW COLUMNS FROM `qy_menu` [ RunTime:0.0049s ]
SQL: SELECT `id`,`title`,`url` FROM `qy_menu` WHERE `pid` = 0 AND `hide` = 0 ORDER BY sort asc  [ RunTime:0.0005s ]
SQL: SELECT `pid` FROM `qy_menu` WHERE ( pid !=0 AND url like '%Question/index%' ) LIMIT 1   [ RunTime:0.0009s ]
SQL: SELECT * FROM `qy_menu` WHERE `id` = 126 LIMIT 1   [ RunTime:0.0004s ]
SQL: SELECT DISTINCT  `group` FROM `qy_menu` WHERE `group` <> '' AND `pid` = 126  [ RunTime:0.0004s ]
SQL: SELECT `id`,`url` FROM `qy_menu` WHERE `pid` = 126 AND `hide` = 0  [ RunTime:0.0003s ]
SQL: SELECT `id`,`pid`,`title`,`url`,`tip` FROM `qy_menu` WHERE `group` = '问答管理' AND `pid` = 126 AND `hide` = 0 ORDER BY sort asc  [ RunTime:0.0004s ]
NOTIC: [8] Undefined variable: map F:\xampp\htdocs\qiyun\Application\Admin\Controller\QuestionController.class.php 第 33 行.
SQL: SHOW COLUMNS FROM `qy_question` [ RunTime:0.0041s ]
SQL: SELECT COUNT(*) AS tp_count FROM `qy_question` LIMIT 1   [ RunTime:0.0004s ]
SQL: SELECT `id`,`uid`,`username`,`type`,`title`,`content`,`is_tj`,`addtime` FROM `qy_question` ORDER BY id desc LIMIT 10,10   [ RunTime:0.0004s ]
SQL: SHOW COLUMNS FROM `qy_category` [ RunTime:0.0051s ]
SQL: SELECT `title` FROM `qy_category` WHERE `id` IN ('0002','0041')  [ RunTime:0.0004s ]
INFO: [ view_parse ] --START--
INFO: [ template_filter ] --START--
INFO: Run Behavior\ContentReplaceBehavior [ RunTime:0.000254s ]
INFO: [ template_filter ] --END-- [ RunTime:0.000301s ]
NOTIC: [8] Undefined index: adtime F:\xampp\htdocs\qiyun\Runtime\Cache\Admin\049ad0fbc4579ec0053f845ee20dffd2.php 第 130 行.
NOTIC: [8] Undefined index: number F:\xampp\htdocs\qiyun\Runtime\Cache\Admin\049ad0fbc4579ec0053f845ee20dffd2.php 第 131 行.
INFO: Run Behavior\ParseTemplateBehavior [ RunTime:0.013370s ]
INFO: [ view_parse ] --END-- [ RunTime:0.013417s ]
INFO: [ view_filter ] --START--
INFO: Run Behavior\WriteHtmlCacheBehavior [ RunTime:0.000562s ]
INFO: [ view_filter ] --END-- [ RunTime:0.000602s ]
INFO: [ app_end ] --START--
INFO: Run Behavior\ShowPageTraceBehavior [ RunTime:0.000983s ]
INFO: [ app_end ] --END-- [ RunTime:0.001054s ]

[ 2017-05-24T15:02:05+08:00 ] 127.0.0.1 /qiyun/admin.php?s=/Question/index/p/2.html
INFO: [ app_init ] --START--
INFO: Run Behavior\BuildLiteBehavior [ RunTime:0.000013s ]
INFO: Run Common\Behavior\InitHookBehavior [ RunTime:0.002279s ]
INFO: [ app_init ] --END-- [ RunTime:0.002826s ]
INFO: [ app_begin ] --START--
INFO: Run Behavior\ReadHtmlCacheBehavior [ RunTime:0.000607s ]
INFO: [ app_begin ] --END-- [ RunTime:0.000656s ]
SQL: SHOW COLUMNS FROM `qy_menu` [ RunTime:0.0043s ]
SQL: SELECT `id`,`title`,`url` FROM `qy_menu` WHERE `pid` = 0 AND `hide` = 0 ORDER BY sort asc  [ RunTime:0.0005s ]
SQL: SELECT `pid` FROM `qy_menu` WHERE ( pid !=0 AND url like '%Question/index%' ) LIMIT 1   [ RunTime:0.0009s ]
SQL: SELECT * FROM `qy_menu` WHERE `id` = 126 LIMIT 1   [ RunTime:0.0004s ]
SQL: SELECT DISTINCT  `group` FROM `qy_menu` WHERE `group` <> '' AND `pid` = 126  [ RunTime:0.0004s ]
SQL: SELECT `id`,`url` FROM `qy_menu` WHERE `pid` = 126 AND `hide` = 0  [ RunTime:0.0004s ]
SQL: SELECT `id`,`pid`,`title`,`url`,`tip` FROM `qy_menu` WHERE `group` = '问答管理' AND `pid` = 126 AND `hide` = 0 ORDER BY sort asc  [ RunTime:0.0004s ]
NOTIC: [8] Undefined variable: map F:\xampp\htdocs\qiyun\Application\Admin\Controller\QuestionController.class.php 第 33 行.
SQL: SHOW COLUMNS FROM `qy_question` [ RunTime:0.0043s ]
SQL: SELECT COUNT(*) AS tp_count FROM `qy_question` LIMIT 1   [ RunTime:0.0004s ]
SQL: SELECT `id`,`uid`,`username`,`type`,`title`,`content`,`is_tj`,`addtime` FROM `qy_question` ORDER BY id desc LIMIT 10,10   [ RunTime:0.0004s ]
SQL: SHOW COLUMNS FROM `qy_category` [ RunTime:0.0045s ]
SQL: SELECT `title` FROM `qy_category` WHERE `id` IN ('0002','0041')  [ RunTime:0.0004s ]
INFO: [ view_parse ] --START--
INFO: [ template_filter ] --START--
INFO: Run Behavior\ContentReplaceBehavior [ RunTime:0.000178s ]
INFO: [ template_filter ] --END-- [ RunTime:0.000242s ]
NOTIC: [8] Undefined index: adtime F:\xampp\htdocs\qiyun\Runtime\Cache\Admin\049ad0fbc4579ec0053f845ee20dffd2.php 第 130 行.
NOTIC: [8] Undefined index: number F:\xampp\htdocs\qiyun\Runtime\Cache\Admin\049ad0fbc4579ec0053f845ee20dffd2.php 第 131 行.
INFO: Run Behavior\ParseTemplateBehavior [ RunTime:0.013463s ]
INFO: [ view_parse ] --END-- [ RunTime:0.013508s ]
INFO: [ view_filter ] --START--
INFO: Run Behavior\WriteHtmlCacheBehavior [ RunTime:0.000558s ]
INFO: [ view_filter ] --END-- [ RunTime:0.000599s ]
INFO: [ app_end ] --START--
INFO: Run Behavior\ShowPageTraceBehavior [ RunTime:0.001231s ]
INFO: [ app_end ] --END-- [ RunTime:0.001332s ]

[ 2017-05-24T15:02:07+08:00 ] 127.0.0.1 /qiyun/admin.php?s=/Question/index/p/1.html
INFO: [ app_init ] --START--
INFO: Run Behavior\BuildLiteBehavior [ RunTime:0.000013s ]
INFO: Run Common\Behavior\InitHookBehavior [ RunTime:0.002075s ]
INFO: [ app_init ] --END-- [ RunTime:0.002645s ]
INFO: [ app_begin ] --START--
INFO: Run Behavior\ReadHtmlCacheBehavior [ RunTime:0.000634s ]
INFO: [ app_begin ] --END-- [ RunTime:0.000689s ]
SQL: SHOW COLUMNS FROM `qy_menu` [ RunTime:0.0053s ]
SQL: SELECT `id`,`title`,`url` FROM `qy_menu` WHERE `pid` = 0 AND `hide` = 0 ORDER BY sort asc  [ RunTime:0.0006s ]
SQL: SELECT `pid` FROM `qy_menu` WHERE ( pid !=0 AND url like '%Question/index%' ) LIMIT 1   [ RunTime:0.0012s ]
SQL: SELECT * FROM `qy_menu` WHERE `id` = 126 LIMIT 1   [ RunTime:0.0005s ]
SQL: SELECT DISTINCT  `group` FROM `qy_menu` WHERE `group` <> '' AND `pid` = 126  [ RunTime:0.0006s ]
SQL: SELECT `id`,`url` FROM `qy_menu` WHERE `pid` = 126 AND `hide` = 0  [ RunTime:0.0003s ]
SQL: SELECT `id`,`pid`,`title`,`url`,`tip` FROM `qy_menu` WHERE `group` = '问答管理' AND `pid` = 126 AND `hide` = 0 ORDER BY sort asc  [ RunTime:0.0005s ]
NOTIC: [8] Undefined variable: map F:\xampp\htdocs\qiyun\Application\Admin\Controller\QuestionController.class.php 第 33 行.
SQL: SHOW COLUMNS FROM `qy_question` [ RunTime:0.0041s ]
SQL: SELECT COUNT(*) AS tp_count FROM `qy_question` LIMIT 1   [ RunTime:0.0004s ]
SQL: SELECT `id`,`uid`,`username`,`type`,`title`,`content`,`is_tj`,`addtime` FROM `qy_question` ORDER BY id desc LIMIT 0,10   [ RunTime:0.0004s ]
SQL: SHOW COLUMNS FROM `qy_category` [ RunTime:0.0052s ]
SQL: SELECT `title` FROM `qy_category` WHERE `id` IN ('0039','0040')  [ RunTime:0.0004s ]
SQL: SELECT `title` FROM `qy_category` WHERE `id` IN ('0002','0039')  [ RunTime:0.0003s ]
SQL: SELECT `title` FROM `qy_category` WHERE `id` IN ('0002')  [ RunTime:0.0003s ]
SQL: SELECT `title` FROM `qy_category` WHERE `id` IN ('0002')  [ RunTime:0.0003s ]
SQL: SELECT `title` FROM `qy_category` WHERE `id` IN ('0039')  [ RunTime:0.0003s ]
SQL: SELECT `title` FROM `qy_category` WHERE `id` IN ('0039','0041')  [ RunTime:0.0003s ]
SQL: SELECT `title` FROM `qy_category` WHERE `id` IN ('0039','0041')  [ RunTime:0.0004s ]
SQL: SELECT `title` FROM `qy_category` WHERE `id` IN ('0041')  [ RunTime:0.0004s ]
SQL: SELECT `title` FROM `qy_category` WHERE `id` IN ('0002','0039')  [ RunTime:0.0005s ]
SQL: SELECT `title` FROM `qy_category` WHERE `id` IN ('0002','0039')  [ RunTime:0.0004s ]
INFO: [ view_parse ] --START--
INFO: [ template_filter ] --START--
INFO: Run Behavior\ContentReplaceBehavior [ RunTime:0.000150s ]
INFO: [ template_filter ] --END-- [ RunTime:0.000196s ]
NOTIC: [8] Undefined index: adtime F:\xampp\htdocs\qiyun\Runtime\Cache\Admin\049ad0fbc4579ec0053f845ee20dffd2.php 第 130 行.
NOTIC: [8] Undefined index: number F:\xampp\htdocs\qiyun\Runtime\Cache\Admin\049ad0fbc4579ec0053f845ee20dffd2.php 第 131 行.
NOTIC: [8] Undefined index: adtime F:\xampp\htdocs\qiyun\Runtime\Cache\Admin\049ad0fbc4579ec0053f845ee20dffd2.php 第 130 行.
NOTIC: [8] Undefined index: number F:\xampp\htdocs\qiyun\Runtime\Cache\Admin\049ad0fbc4579ec0053f845ee20dffd2.php 第 131 行.
NOTIC: [8] Undefined index: adtime F:\xampp\htdocs\qiyun\Runtime\Cache\Admin\049ad0fbc4579ec0053f845ee20dffd2.php 第 130 行.
NOTIC: [8] Undefined index: number F:\xampp\htdocs\qiyun\Runtime\Cache\Admin\049ad0fbc4579ec0053f845ee20dffd2.php 第 131 行.
NOTIC: [8] Undefined index: adtime F:\xampp\htdocs\qiyun\Runtime\Cache\Admin\049ad0fbc4579ec0053f845ee20dffd2.php 第 130 行.
NOTIC: [8] Undefined index: number F:\xampp\htdocs\qiyun\Runtime\Cache\Admin\049ad0fbc4579ec0053f845ee20dffd2.php 第 131 行.
NOTIC: [8] Undefined index: adtime F:\xampp\htdocs\qiyun\Runtime\Cache\Admin\049ad0fbc4579ec0053f845ee20dffd2.php 第 130 行.
NOTIC: [8] Undefined index: number F:\xampp\htdocs\qiyun\Runtime\Cache\Admin\049ad0fbc4579ec0053f845ee20dffd2.php 第 131 行.
NOTIC: [8] Undefined index: adtime F:\xampp\htdocs\qiyun\Runtime\Cache\Admin\049ad0fbc4579ec0053f845ee20dffd2.php 第 130 行.
NOTIC: [8] Undefined index: number F:\xampp\htdocs\qiyun\Runtime\Cache\Admin\049ad0fbc4579ec0053f845ee20dffd2.php 第 131 行.
NOTIC: [8] Undefined index: adtime F:\xampp\htdocs\qiyun\Runtime\Cache\Admin\049ad0fbc4579ec0053f845ee20dffd2.php 第 130 行.
NOTIC: [8] Undefined index: number F:\xampp\htdocs\qiyun\Runtime\Cache\Admin\049ad0fbc4579ec0053f845ee20dffd2.php 第 131 行.
NOTIC: [8] Undefined index: adtime F:\xampp\htdocs\qiyun\Runtime\Cache\Admin\049ad0fbc4579ec0053f845ee20dffd2.php 第 130 行.
NOTIC: [8] Undefined index: number F:\xampp\htdocs\qiyun\Runtime\Cache\Admin\049ad0fbc4579ec0053f845ee20dffd2.php 第 131 行.
NOTIC: [8] Undefined index: adtime F:\xampp\htdocs\qiyun\Runtime\Cache\Admin\049ad0fbc4579ec0053f845ee20dffd2.php 第 130 行.
NOTIC: [8] Undefined index: number F:\xampp\htdocs\qiyun\Runtime\Cache\Admin\049ad0fbc4579ec0053f845ee20dffd2.php 第 131 行.
NOTIC: [8] Undefined index: adtime F:\xampp\htdocs\qiyun\Runtime\Cache\Admin\049ad0fbc4579ec0053f845ee20dffd2.php 第 130 行.
NOTIC: [8] Undefined index: number F:\xampp\htdocs\qiyun\Runtime\Cache\Admin\049ad0fbc4579ec0053f845ee20dffd2.php 第 131 行.
INFO: Run Behavior\ParseTemplateBehavior [ RunTime:0.017602s ]
INFO: [ view_parse ] --END-- [ RunTime:0.017645s ]
INFO: [ view_filter ] --START--
INFO: Run Behavior\WriteHtmlCacheBehavior [ RunTime:0.000723s ]
INFO: [ view_filter ] --END-- [ RunTime:0.000763s ]
INFO: [ app_end ] --START--
INFO: Run Behavior\ShowPageTraceBehavior [ RunTime:0.000776s ]
INFO: [ app_end ] --END-- [ RunTime:0.000840s ]

[ 2017-05-24T15:02:07+08:00 ] 127.0.0.1 /qiyun/admin.php?s=/Question/index/p/1.html
INFO: [ app_init ] --START--
INFO: Run Behavior\BuildLiteBehavior [ RunTime:0.000012s ]
INFO: Run Common\Behavior\InitHookBehavior [ RunTime:0.002024s ]
INFO: [ app_init ] --END-- [ RunTime:0.002616s ]
INFO: [ app_begin ] --START--
INFO: Run Behavior\ReadHtmlCacheBehavior [ RunTime:0.000643s ]
INFO: [ app_begin ] --END-- [ RunTime:0.000701s ]
SQL: SHOW COLUMNS FROM `qy_menu` [ RunTime:0.0043s ]
SQL: SELECT `id`,`title`,`url` FROM `qy_menu` WHERE `pid` = 0 AND `hide` = 0 ORDER BY sort asc  [ RunTime:0.0005s ]
SQL: SELECT `pid` FROM `qy_menu` WHERE ( pid !=0 AND url like '%Question/index%' ) LIMIT 1   [ RunTime:0.0009s ]
SQL: SELECT * FROM `qy_menu` WHERE `id` = 126 LIMIT 1   [ RunTime:0.0004s ]
SQL: SELECT DISTINCT  `group` FROM `qy_menu` WHERE `group` <> '' AND `pid` = 126  [ RunTime:0.0004s ]
SQL: SELECT `id`,`url` FROM `qy_menu` WHERE `pid` = 126 AND `hide` = 0  [ RunTime:0.0004s ]
SQL: SELECT `id`,`pid`,`title`,`url`,`tip` FROM `qy_menu` WHERE `group` = '问答管理' AND `pid` = 126 AND `hide` = 0 ORDER BY sort asc  [ RunTime:0.0004s ]
NOTIC: [8] Undefined variable: map F:\xampp\htdocs\qiyun\Application\Admin\Controller\QuestionController.class.php 第 33 行.
SQL: SHOW COLUMNS FROM `qy_question` [ RunTime:0.0051s ]
SQL: SELECT COUNT(*) AS tp_count FROM `qy_question` LIMIT 1   [ RunTime:0.0004s ]
SQL: SELECT `id`,`uid`,`username`,`type`,`title`,`content`,`is_tj`,`addtime` FROM `qy_question` ORDER BY id desc LIMIT 0,10   [ RunTime:0.0006s ]
SQL: SHOW COLUMNS FROM `qy_category` [ RunTime:0.0046s ]
SQL: SELECT `title` FROM `qy_category` WHERE `id` IN ('0039','0040')  [ RunTime:0.0004s ]
SQL: SELECT `title` FROM `qy_category` WHERE `id` IN ('0002','0039')  [ RunTime:0.0004s ]
SQL: SELECT `title` FROM `qy_category` WHERE `id` IN ('0002')  [ RunTime:0.0003s ]
SQL: SELECT `title` FROM `qy_category` WHERE `id` IN ('0002')  [ RunTime:0.0003s ]
SQL: SELECT `title` FROM `qy_category` WHERE `id` IN ('0039')  [ RunTime:0.0003s ]
SQL: SELECT `title` FROM `qy_category` WHERE `id` IN ('0039','0041')  [ RunTime:0.0004s ]
SQL: SELECT `title` FROM `qy_category` WHERE `id` IN ('0039','0041')  [ RunTime:0.0005s ]
SQL: SELECT `title` FROM `qy_category` WHERE `id` IN ('0041')  [ RunTime:0.0004s ]
SQL: SELECT `title` FROM `qy_category` WHERE `id` IN ('0002','0039')  [ RunTime:0.0004s ]
SQL: SELECT `title` FROM `qy_category` WHERE `id` IN ('0002','0039')  [ RunTime:0.0003s ]
INFO: [ view_parse ] --START--
INFO: [ template_filter ] --START--
INFO: Run Behavior\ContentReplaceBehavior [ RunTime:0.000249s ]
INFO: [ template_filter ] --END-- [ RunTime:0.000324s ]
NOTIC: [8] Undefined index: adtime F:\xampp\htdocs\qiyun\Runtime\Cache\Admin\049ad0fbc4579ec0053f845ee20dffd2.php 第 130 行.
NOTIC: [8] Undefined index: number F:\xampp\htdocs\qiyun\Runtime\Cache\Admin\049ad0fbc4579ec0053f845ee20dffd2.php 第 131 行.
NOTIC: [8] Undefined index: adtime F:\xampp\htdocs\qiyun\Runtime\Cache\Admin\049ad0fbc4579ec0053f845ee20dffd2.php 第 130 行.
NOTIC: [8] Undefined index: number F:\xampp\htdocs\qiyun\Runtime\Cache\Admin\049ad0fbc4579ec0053f845ee20dffd2.php 第 131 行.
NOTIC: [8] Undefined index: adtime F:\xampp\htdocs\qiyun\Runtime\Cache\Admin\049ad0fbc4579ec0053f845ee20dffd2.php 第 130 行.
NOTIC: [8] Undefined index: number F:\xampp\htdocs\qiyun\Runtime\Cache\Admin\049ad0fbc4579ec0053f845ee20dffd2.php 第 131 行.
NOTIC: [8] Undefined index: adtime F:\xampp\htdocs\qiyun\Runtime\Cache\Admin\049ad0fbc4579ec0053f845ee20dffd2.php 第 130 行.
NOTIC: [8] Undefined index: number F:\xampp\htdocs\qiyun\Runtime\Cache\Admin\049ad0fbc4579ec0053f845ee20dffd2.php 第 131 行.
NOTIC: [8] Undefined index: adtime F:\xampp\htdocs\qiyun\Runtime\Cache\Admin\049ad0fbc4579ec0053f845ee20dffd2.php 第 130 行.
NOTIC: [8] Undefined index: number F:\xampp\htdocs\qiyun\Runtime\Cache\Admin\049ad0fbc4579ec0053f845ee20dffd2.php 第 131 行.
NOTIC: [8] Undefined index: adtime F:\xampp\htdocs\qiyun\Runtime\Cache\Admin\049ad0fbc4579ec0053f845ee20dffd2.php 第 130 行.
NOTIC: [8] Undefined index: number F:\xampp\htdocs\qiyun\Runtime\Cache\Admin\049ad0fbc4579ec0053f845ee20dffd2.php 第 131 行.
NOTIC: [8] Undefined index: adtime F:\xampp\htdocs\qiyun\Runtime\Cache\Admin\049ad0fbc4579ec0053f845ee20dffd2.php 第 130 行.
NOTIC: [8] Undefined index: number F:\xampp\htdocs\qiyun\Runtime\Cache\Admin\049ad0fbc4579ec0053f845ee20dffd2.php 第 131 行.
NOTIC: [8] Undefined index: adtime F:\xampp\htdocs\qiyun\Runtime\Cache\Admin\049ad0fbc4579ec0053f845ee20dffd2.php 第 130 行.
NOTIC: [8] Undefined index: number F:\xampp\htdocs\qiyun\Runtime\Cache\Admin\049ad0fbc4579ec0053f845ee20dffd2.php 第 131 行.
NOTIC: [8] Undefined index: adtime F:\xampp\htdocs\qiyun\Runtime\Cache\Admin\049ad0fbc4579ec0053f845ee20dffd2.php 第 130 行.
NOTIC: [8] Undefined index: number F:\xampp\htdocs\qiyun\Runtime\Cache\Admin\049ad0fbc4579ec0053f845ee20dffd2.php 第 131 行.
NOTIC: [8] Undefined index: adtime F:\xampp\htdocs\qiyun\Runtime\Cache\Admin\049ad0fbc4579ec0053f845ee20dffd2.php 第 130 行.
NOTIC: [8] Undefined index: number F:\xampp\htdocs\qiyun\Runtime\Cache\Admin\049ad0fbc4579ec0053f845ee20dffd2.php 第 131 行.
INFO: Run Behavior\ParseTemplateBehavior [ RunTime:0.018492s ]
INFO: [ view_parse ] --END-- [ RunTime:0.018568s ]
INFO: [ view_filter ] --START--
INFO: Run Behavior\WriteHtmlCacheBehavior [ RunTime:0.000797s ]
INFO: [ view_filter ] --END-- [ RunTime:0.000845s ]
INFO: [ app_end ] --START--
INFO: Run Behavior\ShowPageTraceBehavior [ RunTime:0.001241s ]
INFO: [ app_end ] --END-- [ RunTime:0.001336s ]

[ 2017-05-24T15:02:09+08:00 ] 127.0.0.1 /qiyun/admin.php?s=/Question/info/id/7.html
INFO: [ app_init ] --START--
INFO: Run Behavior\BuildLiteBehavior [ RunTime:0.000013s ]
INFO: Run Common\Behavior\InitHookBehavior [ RunTime:0.002048s ]
INFO: [ app_init ] --END-- [ RunTime:0.002571s ]
INFO: [ app_begin ] --START--
INFO: Run Behavior\ReadHtmlCacheBehavior [ RunTime:0.000631s ]
INFO: [ app_begin ] --END-- [ RunTime:0.000690s ]
SQL: SHOW COLUMNS FROM `qy_menu` [ RunTime:0.0049s ]
SQL: SELECT `id`,`title`,`url` FROM `qy_menu` WHERE `pid` = 0 AND `hide` = 0 ORDER BY sort asc  [ RunTime:0.0007s ]
SQL: SELECT `pid` FROM `qy_menu` WHERE ( pid !=0 AND url like '%Question/info%' ) LIMIT 1   [ RunTime:0.0009s ]
SQL: SELECT * FROM `qy_menu` WHERE `id` = 127 LIMIT 1   [ RunTime:0.0004s ]
SQL: SELECT * FROM `qy_menu` WHERE `id` = 126 LIMIT 1   [ RunTime:0.0004s ]
SQL: SELECT DISTINCT  `group` FROM `qy_menu` WHERE `group` <> '' AND `pid` = 126  [ RunTime:0.0004s ]
SQL: SELECT `id`,`url` FROM `qy_menu` WHERE `pid` = 126 AND `hide` = 0  [ RunTime:0.0004s ]
SQL: SELECT `id`,`pid`,`title`,`url`,`tip` FROM `qy_menu` WHERE `group` = '问答管理' AND `pid` = 126 AND `hide` = 0 ORDER BY sort asc  [ RunTime:0.0004s ]
SQL: SHOW COLUMNS FROM `qy_question` [ RunTime:0.0040s ]
SQL: SELECT * FROM `qy_question` WHERE `id` = 7 LIMIT 1   [ RunTime:0.0004s ]
SQL: SHOW COLUMNS FROM `qy_category` [ RunTime:0.0040s ]
SQL: SELECT `title` FROM `qy_category` WHERE `id` IN ('0002','0039')  [ RunTime:0.0005s ]
SQL: SHOW COLUMNS FROM `qy_question_answer` [ RunTime:0.0044s ]
SQL: SELECT * FROM `qy_question_answer` WHERE `pid` = 7  [ RunTime:0.0004s ]
INFO: [ view_parse ] --START--
INFO: [ template_filter ] --START--
INFO: Run Behavior\ContentReplaceBehavior [ RunTime:0.000208s ]
INFO: [ template_filter ] --END-- [ RunTime:0.000255s ]
NOTIC: [8] Undefined variable: show_draftbox F:\xampp\htdocs\qiyun\Runtime\Cache\Admin\205de8c2b27a88506817bac0eba03ad1.php 第 67 行.
NOTIC: [8] Undefined variable: show_examine F:\xampp\htdocs\qiyun\Runtime\Cache\Admin\205de8c2b27a88506817bac0eba03ad1.php 第 68 行.
NOTIC: [8] Undefined variable: nodes F:\xampp\htdocs\qiyun\Runtime\Cache\Admin\205de8c2b27a88506817bac0eba03ad1.php 第 71 行.
NOTIC: [8] Undefined variable: show_recycle F:\xampp\htdocs\qiyun\Runtime\Cache\Admin\205de8c2b27a88506817bac0eba03ad1.php 第 105 行.
INFO: Run Behavior\ParseTemplateBehavior [ RunTime:0.023612s ]
INFO: [ view_parse ] --END-- [ RunTime:0.023664s ]
INFO: [ view_filter ] --START--
INFO: Run Behavior\WriteHtmlCacheBehavior [ RunTime:0.000547s ]
INFO: [ view_filter ] --END-- [ RunTime:0.000587s ]
INFO: [ app_end ] --START--
INFO: Run Behavior\ShowPageTraceBehavior [ RunTime:0.000875s ]
INFO: [ app_end ] --END-- [ RunTime:0.000927s ]

[ 2017-05-24T15:02:09+08:00 ] 127.0.0.1 /qiyun/admin.php?s=/Question/info/id/7.html
INFO: [ app_init ] --START--
INFO: Run Behavior\BuildLiteBehavior [ RunTime:0.000026s ]
INFO: Run Common\Behavior\InitHookBehavior [ RunTime:0.002299s ]
INFO: [ app_init ] --END-- [ RunTime:0.003161s ]
INFO: [ app_begin ] --START--
INFO: Run Behavior\ReadHtmlCacheBehavior [ RunTime:0.000594s ]
INFO: [ app_begin ] --END-- [ RunTime:0.000649s ]
SQL: SHOW COLUMNS FROM `qy_menu` [ RunTime:0.0302s ]
SQL: SELECT `id`,`title`,`url` FROM `qy_menu` WHERE `pid` = 0 AND `hide` = 0 ORDER BY sort asc  [ RunTime:0.0005s ]
SQL: SELECT `pid` FROM `qy_menu` WHERE ( pid !=0 AND url like '%Question/info%' ) LIMIT 1   [ RunTime:0.0009s ]
SQL: SELECT * FROM `qy_menu` WHERE `id` = 127 LIMIT 1   [ RunTime:0.0004s ]
SQL: SELECT * FROM `qy_menu` WHERE `id` = 126 LIMIT 1   [ RunTime:0.0005s ]
SQL: SELECT DISTINCT  `group` FROM `qy_menu` WHERE `group` <> '' AND `pid` = 126  [ RunTime:0.0007s ]
SQL: SELECT `id`,`url` FROM `qy_menu` WHERE `pid` = 126 AND `hide` = 0  [ RunTime:0.0009s ]
SQL: SELECT `id`,`pid`,`title`,`url`,`tip` FROM `qy_menu` WHERE `group` = '问答管理' AND `pid` = 126 AND `hide` = 0 ORDER BY sort asc  [ RunTime:0.0006s ]
SQL: SHOW COLUMNS FROM `qy_question` [ RunTime:0.0363s ]
SQL: SELECT * FROM `qy_question` WHERE `id` = 7 LIMIT 1   [ RunTime:0.0004s ]
SQL: SHOW COLUMNS FROM `qy_category` [ RunTime:0.0051s ]
SQL: SELECT `title` FROM `qy_category` WHERE `id` IN ('0002','0039')  [ RunTime:0.0004s ]
SQL: SHOW COLUMNS FROM `qy_question_answer` [ RunTime:0.0049s ]
SQL: SELECT * FROM `qy_question_answer` WHERE `pid` = 7  [ RunTime:0.0005s ]
INFO: [ view_parse ] --START--
INFO: [ template_filter ] --START--
INFO: Run Behavior\ContentReplaceBehavior [ RunTime:0.000216s ]
INFO: [ template_filter ] --END-- [ RunTime:0.000266s ]
NOTIC: [8] Undefined variable: show_draftbox F:\xampp\htdocs\qiyun\Runtime\Cache\Admin\205de8c2b27a88506817bac0eba03ad1.php 第 67 行.
NOTIC: [8] Undefined variable: show_examine F:\xampp\htdocs\qiyun\Runtime\Cache\Admin\205de8c2b27a88506817bac0eba03ad1.php 第 68 行.
NOTIC: [8] Undefined variable: nodes F:\xampp\htdocs\qiyun\Runtime\Cache\Admin\205de8c2b27a88506817bac0eba03ad1.php 第 71 行.
NOTIC: [8] Undefined variable: show_recycle F:\xampp\htdocs\qiyun\Runtime\Cache\Admin\205de8c2b27a88506817bac0eba03ad1.php 第 105 行.
INFO: Run Behavior\ParseTemplateBehavior [ RunTime:0.022979s ]
INFO: [ view_parse ] --END-- [ RunTime:0.023026s ]
INFO: [ view_filter ] --START--
INFO: Run Behavior\WriteHtmlCacheBehavior [ RunTime:0.000539s ]
INFO: [ view_filter ] --END-- [ RunTime:0.000579s ]
INFO: [ app_end ] --START--
INFO: Run Behavior\ShowPageTraceBehavior [ RunTime:0.001085s ]
INFO: [ app_end ] --END-- [ RunTime:0.001183s ]

[ 2017-05-24T15:02:11+08:00 ] 127.0.0.1 /qiyun/admin.php?s=/Question/index/p/1.html
INFO: [ app_init ] --START--
INFO: Run Behavior\BuildLiteBehavior [ RunTime:0.000012s ]
INFO: Run Common\Behavior\InitHookBehavior [ RunTime:0.002072s ]
INFO: [ app_init ] --END-- [ RunTime:0.002592s ]
INFO: [ app_begin ] --START--
INFO: Run Behavior\ReadHtmlCacheBehavior [ RunTime:0.000845s ]
INFO: [ app_begin ] --END-- [ RunTime:0.000941s ]
SQL: SHOW COLUMNS FROM `qy_menu` [ RunTime:0.0050s ]
SQL: SELECT `id`,`title`,`url` FROM `qy_menu` WHERE `pid` = 0 AND `hide` = 0 ORDER BY sort asc  [ RunTime:0.0006s ]
SQL: SELECT `pid` FROM `qy_menu` WHERE ( pid !=0 AND url like '%Question/index%' ) LIMIT 1   [ RunTime:0.0010s ]
SQL: SELECT * FROM `qy_menu` WHERE `id` = 126 LIMIT 1   [ RunTime:0.0004s ]
SQL: SELECT DISTINCT  `group` FROM `qy_menu` WHERE `group` <> '' AND `pid` = 126  [ RunTime:0.0005s ]
SQL: SELECT `id`,`url` FROM `qy_menu` WHERE `pid` = 126 AND `hide` = 0  [ RunTime:0.0003s ]
SQL: SELECT `id`,`pid`,`title`,`url`,`tip` FROM `qy_menu` WHERE `group` = '问答管理' AND `pid` = 126 AND `hide` = 0 ORDER BY sort asc  [ RunTime:0.0004s ]
NOTIC: [8] Undefined variable: map F:\xampp\htdocs\qiyun\Application\Admin\Controller\QuestionController.class.php 第 33 行.
SQL: SHOW COLUMNS FROM `qy_question` [ RunTime:0.0040s ]
SQL: SELECT COUNT(*) AS tp_count FROM `qy_question` LIMIT 1   [ RunTime:0.0004s ]
SQL: SELECT `id`,`uid`,`username`,`type`,`title`,`content`,`is_tj`,`addtime` FROM `qy_question` ORDER BY id desc LIMIT 0,10   [ RunTime:0.0005s ]
SQL: SHOW COLUMNS FROM `qy_category` [ RunTime:0.0041s ]
SQL: SELECT `title` FROM `qy_category` WHERE `id` IN ('0039','0040')  [ RunTime:0.0006s ]
SQL: SELECT `title` FROM `qy_category` WHERE `id` IN ('0002','0039')  [ RunTime:0.0005s ]
SQL: SELECT `title` FROM `qy_category` WHERE `id` IN ('0002')  [ RunTime:0.0004s ]
SQL: SELECT `title` FROM `qy_category` WHERE `id` IN ('0002')  [ RunTime:0.0004s ]
SQL: SELECT `title` FROM `qy_category` WHERE `id` IN ('0039')  [ RunTime:0.0004s ]
SQL: SELECT `title` FROM `qy_category` WHERE `id` IN ('0039','0041')  [ RunTime:0.0004s ]
SQL: SELECT `title` FROM `qy_category` WHERE `id` IN ('0039','0041')  [ RunTime:0.0003s ]
SQL: SELECT `title` FROM `qy_category` WHERE `id` IN ('0041')  [ RunTime:0.0003s ]
SQL: SELECT `title` FROM `qy_category` WHERE `id` IN ('0002','0039')  [ RunTime:0.0003s ]
SQL: SELECT `title` FROM `qy_category` WHERE `id` IN ('0002','0039')  [ RunTime:0.0003s ]
INFO: [ view_parse ] --START--
INFO: [ template_filter ] --START--
INFO: Run Behavior\ContentReplaceBehavior [ RunTime:0.000176s ]
INFO: [ template_filter ] --END-- [ RunTime:0.000233s ]
NOTIC: [8] Undefined index: adtime F:\xampp\htdocs\qiyun\Runtime\Cache\Admin\049ad0fbc4579ec0053f845ee20dffd2.php 第 130 行.
NOTIC: [8] Undefined index: number F:\xampp\htdocs\qiyun\Runtime\Cache\Admin\049ad0fbc4579ec0053f845ee20dffd2.php 第 131 行.
NOTIC: [8] Undefined index: adtime F:\xampp\htdocs\qiyun\Runtime\Cache\Admin\049ad0fbc4579ec0053f845ee20dffd2.php 第 130 行.
NOTIC: [8] Undefined index: number F:\xampp\htdocs\qiyun\Runtime\Cache\Admin\049ad0fbc4579ec0053f845ee20dffd2.php 第 131 行.
NOTIC: [8] Undefined index: adtime F:\xampp\htdocs\qiyun\Runtime\Cache\Admin\049ad0fbc4579ec0053f845ee20dffd2.php 第 130 行.
NOTIC: [8] Undefined index: number F:\xampp\htdocs\qiyun\Runtime\Cache\Admin\049ad0fbc4579ec0053f845ee20dffd2.php 第 131 行.
NOTIC: [8] Undefined index: adtime F:\xampp\htdocs\qiyun\Runtime\Cache\Admin\049ad0fbc4579ec0053f845ee20dffd2.php 第 130 行.
NOTIC: [8] Undefined index: number F:\xampp\htdocs\qiyun\Runtime\Cache\Admin\049ad0fbc4579ec0053f845ee20dffd2.php 第 131 行.
NOTIC: [8] Undefined index: adtime F:\xampp\htdocs\qiyun\Runtime\Cache\Admin\049ad0fbc4579ec0053f845ee20dffd2.php 第 130 行.
NOTIC: [8] Undefined index: number F:\xampp\htdocs\qiyun\Runtime\Cache\Admin\049ad0fbc4579ec0053f845ee20dffd2.php 第 131 行.
NOTIC: [8] Undefined index: adtime F:\xampp\htdocs\qiyun\Runtime\Cache\Admin\049ad0fbc4579ec0053f845ee20dffd2.php 第 130 行.
NOTIC: [8] Undefined index: number F:\xampp\htdocs\qiyun\Runtime\Cache\Admin\049ad0fbc4579ec0053f845ee20dffd2.php 第 131 行.
NOTIC: [8] Undefined index: adtime F:\xampp\htdocs\qiyun\Runtime\Cache\Admin\049ad0fbc4579ec0053f845ee20dffd2.php 第 130 行.
NOTIC: [8] Undefined index: number F:\xampp\htdocs\qiyun\Runtime\Cache\Admin\049ad0fbc4579ec0053f845ee20dffd2.php 第 131 行.
NOTIC: [8] Undefined index: adtime F:\xampp\htdocs\qiyun\Runtime\Cache\Admin\049ad0fbc4579ec0053f845ee20dffd2.php 第 130 行.
NOTIC: [8] Undefined index: number F:\xampp\htdocs\qiyun\Runtime\Cache\Admin\049ad0fbc4579ec0053f845ee20dffd2.php 第 131 行.
NOTIC: [8] Undefined index: adtime F:\xampp\htdocs\qiyun\Runtime\Cache\Admin\049ad0fbc4579ec0053f845ee20dffd2.php 第 130 行.
NOTIC: [8] Undefined index: number F:\xampp\htdocs\qiyun\Runtime\Cache\Admin\049ad0fbc4579ec0053f845ee20dffd2.php 第 131 行.
NOTIC: [8] Undefined index: adtime F:\xampp\htdocs\qiyun\Runtime\Cache\Admin\049ad0fbc4579ec0053f845ee20dffd2.php 第 130 行.
NOTIC: [8] Undefined index: number F:\xampp\htdocs\qiyun\Runtime\Cache\Admin\049ad0fbc4579ec0053f845ee20dffd2.php 第 131 行.
INFO: Run Behavior\ParseTemplateBehavior [ RunTime:0.014382s ]
INFO: [ view_parse ] --END-- [ RunTime:0.014426s ]
INFO: [ view_filter ] --START--
INFO: Run Behavior\WriteHtmlCacheBehavior [ RunTime:0.000634s ]
INFO: [ view_filter ] --END-- [ RunTime:0.000670s ]
INFO: [ app_end ] --START--
INFO: Run Behavior\ShowPageTraceBehavior [ RunTime:0.000808s ]
INFO: [ app_end ] --END-- [ RunTime:0.000860s ]

[ 2017-05-24T15:02:13+08:00 ] 127.0.0.1 /qiyun/admin.php?s=/Question/info/id/8.html
INFO: [ app_init ] --START--
INFO: Run Behavior\BuildLiteBehavior [ RunTime:0.000013s ]
INFO: Run Common\Behavior\InitHookBehavior [ RunTime:0.001902s ]
INFO: [ app_init ] --END-- [ RunTime:0.002509s ]
INFO: [ app_begin ] --START--
INFO: Run Behavior\ReadHtmlCacheBehavior [ RunTime:0.000594s ]
INFO: [ app_begin ] --END-- [ RunTime:0.000655s ]
SQL: SHOW COLUMNS FROM `qy_menu` [ RunTime:0.0042s ]
SQL: SELECT `id`,`title`,`url` FROM `qy_menu` WHERE `pid` = 0 AND `hide` = 0 ORDER BY sort asc  [ RunTime:0.0005s ]
SQL: SELECT `pid` FROM `qy_menu` WHERE ( pid !=0 AND url like '%Question/info%' ) LIMIT 1   [ RunTime:0.0009s ]
SQL: SELECT * FROM `qy_menu` WHERE `id` = 127 LIMIT 1   [ RunTime:0.0004s ]
SQL: SELECT * FROM `qy_menu` WHERE `id` = 126 LIMIT 1   [ RunTime:0.0003s ]
SQL: SELECT DISTINCT  `group` FROM `qy_menu` WHERE `group` <> '' AND `pid` = 126  [ RunTime:0.0004s ]
SQL: SELECT `id`,`url` FROM `qy_menu` WHERE `pid` = 126 AND `hide` = 0  [ RunTime:0.0003s ]
SQL: SELECT `id`,`pid`,`title`,`url`,`tip` FROM `qy_menu` WHERE `group` = '问答管理' AND `pid` = 126 AND `hide` = 0 ORDER BY sort asc  [ RunTime:0.0004s ]
SQL: SHOW COLUMNS FROM `qy_question` [ RunTime:0.0048s ]
SQL: SELECT * FROM `qy_question` WHERE `id` = 8 LIMIT 1   [ RunTime:0.0004s ]
SQL: SHOW COLUMNS FROM `qy_category` [ RunTime:0.0041s ]
SQL: SELECT `title` FROM `qy_category` WHERE `id` IN ('0002','0039')  [ RunTime:0.0004s ]
SQL: SHOW COLUMNS FROM `qy_question_answer` [ RunTime:0.0041s ]
SQL: SELECT * FROM `qy_question_answer` WHERE `pid` = 8  [ RunTime:0.0004s ]
INFO: [ view_parse ] --START--
INFO: [ template_filter ] --START--
INFO: Run Behavior\ContentReplaceBehavior [ RunTime:0.000209s ]
INFO: [ template_filter ] --END-- [ RunTime:0.000256s ]
NOTIC: [8] Undefined variable: show_draftbox F:\xampp\htdocs\qiyun\Runtime\Cache\Admin\205de8c2b27a88506817bac0eba03ad1.php 第 67 行.
NOTIC: [8] Undefined variable: show_examine F:\xampp\htdocs\qiyun\Runtime\Cache\Admin\205de8c2b27a88506817bac0eba03ad1.php 第 68 行.
NOTIC: [8] Undefined variable: nodes F:\xampp\htdocs\qiyun\Runtime\Cache\Admin\205de8c2b27a88506817bac0eba03ad1.php 第 71 行.
NOTIC: [8] Undefined variable: show_recycle F:\xampp\htdocs\qiyun\Runtime\Cache\Admin\205de8c2b27a88506817bac0eba03ad1.php 第 105 行.
INFO: Run Behavior\ParseTemplateBehavior [ RunTime:0.024795s ]
INFO: [ view_parse ] --END-- [ RunTime:0.024844s ]
INFO: [ view_filter ] --START--
INFO: Run Behavior\WriteHtmlCacheBehavior [ RunTime:0.000586s ]
INFO: [ view_filter ] --END-- [ RunTime:0.000625s ]
INFO: [ app_end ] --START--
INFO: Run Behavior\ShowPageTraceBehavior [ RunTime:0.000950s ]
INFO: [ app_end ] --END-- [ RunTime:0.001028s ]

[ 2017-05-24T15:02:13+08:00 ] 127.0.0.1 /qiyun/admin.php?s=/Question/info/id/8.html
INFO: [ app_init ] --START--
INFO: Run Behavior\BuildLiteBehavior [ RunTime:0.000012s ]
INFO: Run Common\Behavior\InitHookBehavior [ RunTime:0.002097s ]
INFO: [ app_init ] --END-- [ RunTime:0.002669s ]
INFO: [ app_begin ] --START--
INFO: Run Behavior\ReadHtmlCacheBehavior [ RunTime:0.000625s ]
INFO: [ app_begin ] --END-- [ RunTime:0.000674s ]
SQL: SHOW COLUMNS FROM `qy_menu` [ RunTime:0.0038s ]
SQL: SELECT `id`,`title`,`url` FROM `qy_menu` WHERE `pid` = 0 AND `hide` = 0 ORDER BY sort asc  [ RunTime:0.0005s ]
SQL: SELECT `pid` FROM `qy_menu` WHERE ( pid !=0 AND url like '%Question/info%' ) LIMIT 1   [ RunTime:0.0008s ]
SQL: SELECT * FROM `qy_menu` WHERE `id` = 127 LIMIT 1   [ RunTime:0.0004s ]
SQL: SELECT * FROM `qy_menu` WHERE `id` = 126 LIMIT 1   [ RunTime:0.0003s ]
SQL: SELECT DISTINCT  `group` FROM `qy_menu` WHERE `group` <> '' AND `pid` = 126  [ RunTime:0.0004s ]
SQL: SELECT `id`,`url` FROM `qy_menu` WHERE `pid` = 126 AND `hide` = 0  [ RunTime:0.0004s ]
SQL: SELECT `id`,`pid`,`title`,`url`,`tip` FROM `qy_menu` WHERE `group` = '问答管理' AND `pid` = 126 AND `hide` = 0 ORDER BY sort asc  [ RunTime:0.0004s ]
SQL: SHOW COLUMNS FROM `qy_question` [ RunTime:0.0042s ]
SQL: SELECT * FROM `qy_question` WHERE `id` = 8 LIMIT 1   [ RunTime:0.0004s ]
SQL: SHOW COLUMNS FROM `qy_category` [ RunTime:0.0042s ]
SQL: SELECT `title` FROM `qy_category` WHERE `id` IN ('0002','0039')  [ RunTime:0.0004s ]
SQL: SHOW COLUMNS FROM `qy_question_answer` [ RunTime:0.0040s ]
SQL: SELECT * FROM `qy_question_answer` WHERE `pid` = 8  [ RunTime:0.0004s ]
INFO: [ view_parse ] --START--
INFO: [ template_filter ] --START--
INFO: Run Behavior\ContentReplaceBehavior [ RunTime:0.000412s ]
INFO: [ template_filter ] --END-- [ RunTime:0.000514s ]
NOTIC: [8] Undefined variable: show_draftbox F:\xampp\htdocs\qiyun\Runtime\Cache\Admin\205de8c2b27a88506817bac0eba03ad1.php 第 67 行.
NOTIC: [8] Undefined variable: show_examine F:\xampp\htdocs\qiyun\Runtime\Cache\Admin\205de8c2b27a88506817bac0eba03ad1.php 第 68 行.
NOTIC: [8] Undefined variable: nodes F:\xampp\htdocs\qiyun\Runtime\Cache\Admin\205de8c2b27a88506817bac0eba03ad1.php 第 71 行.
NOTIC: [8] Undefined variable: show_recycle F:\xampp\htdocs\qiyun\Runtime\Cache\Admin\205de8c2b27a88506817bac0eba03ad1.php 第 105 行.
INFO: Run Behavior\ParseTemplateBehavior [ RunTime:0.028793s ]
INFO: [ view_parse ] --END-- [ RunTime:0.028837s ]
INFO: [ view_filter ] --START--
INFO: Run Behavior\WriteHtmlCacheBehavior [ RunTime:0.000510s ]
INFO: [ view_filter ] --END-- [ RunTime:0.000549s ]
INFO: [ app_end ] --START--
INFO: Run Behavior\ShowPageTraceBehavior [ RunTime:0.000821s ]
INFO: [ app_end ] --END-- [ RunTime:0.000876s ]

[ 2017-05-24T15:02:17+08:00 ] 127.0.0.1 /qiyun/admin.php?s=/Question/info/id/10.html
INFO: [ app_init ] --START--
INFO: Run Behavior\BuildLiteBehavior [ RunTime:0.000019s ]
INFO: Run Common\Behavior\InitHookBehavior [ RunTime:0.002224s ]
INFO: [ app_init ] --END-- [ RunTime:0.002878s ]
INFO: [ app_begin ] --START--
INFO: Run Behavior\ReadHtmlCacheBehavior [ RunTime:0.000626s ]
INFO: [ app_begin ] --END-- [ RunTime:0.000675s ]
SQL: SHOW COLUMNS FROM `qy_menu` [ RunTime:0.0042s ]
SQL: SELECT `id`,`title`,`url` FROM `qy_menu` WHERE `pid` = 0 AND `hide` = 0 ORDER BY sort asc  [ RunTime:0.0005s ]
SQL: SELECT `pid` FROM `qy_menu` WHERE ( pid !=0 AND url like '%Question/info%' ) LIMIT 1   [ RunTime:0.0009s ]
SQL: SELECT * FROM `qy_menu` WHERE `id` = 127 LIMIT 1   [ RunTime:0.0004s ]
SQL: SELECT * FROM `qy_menu` WHERE `id` = 126 LIMIT 1   [ RunTime:0.0003s ]
SQL: SELECT DISTINCT  `group` FROM `qy_menu` WHERE `group` <> '' AND `pid` = 126  [ RunTime:0.0004s ]
SQL: SELECT `id`,`url` FROM `qy_menu` WHERE `pid` = 126 AND `hide` = 0  [ RunTime:0.0003s ]
SQL: SELECT `id`,`pid`,`title`,`url`,`tip` FROM `qy_menu` WHERE `group` = '问答管理' AND `pid` = 126 AND `hide` = 0 ORDER BY sort asc  [ RunTime:0.0004s ]
SQL: SHOW COLUMNS FROM `qy_question` [ RunTime:0.0044s ]
SQL: SELECT * FROM `qy_question` WHERE `id` = 10 LIMIT 1   [ RunTime:0.0004s ]
SQL: SHOW COLUMNS FROM `qy_category` [ RunTime:0.0043s ]
SQL: SELECT `title` FROM `qy_category` WHERE `id` IN ('0039','0041')  [ RunTime:0.0004s ]
SQL: SHOW COLUMNS FROM `qy_question_answer` [ RunTime:0.0039s ]
SQL: SELECT * FROM `qy_question_answer` WHERE `pid` = 10  [ RunTime:0.0004s ]
INFO: [ view_parse ] --START--
INFO: [ template_filter ] --START--
INFO: Run Behavior\ContentReplaceBehavior [ RunTime:0.000271s ]
INFO: [ template_filter ] --END-- [ RunTime:0.000336s ]
NOTIC: [8] Undefined variable: show_draftbox F:\xampp\htdocs\qiyun\Runtime\Cache\Admin\205de8c2b27a88506817bac0eba03ad1.php 第 67 行.
NOTIC: [8] Undefined variable: show_examine F:\xampp\htdocs\qiyun\Runtime\Cache\Admin\205de8c2b27a88506817bac0eba03ad1.php 第 68 行.
NOTIC: [8] Undefined variable: nodes F:\xampp\htdocs\qiyun\Runtime\Cache\Admin\205de8c2b27a88506817bac0eba03ad1.php 第 71 行.
NOTIC: [8] Undefined variable: show_recycle F:\xampp\htdocs\qiyun\Runtime\Cache\Admin\205de8c2b27a88506817bac0eba03ad1.php 第 105 行.
INFO: Run Behavior\ParseTemplateBehavior [ RunTime:0.023386s ]
INFO: [ view_parse ] --END-- [ RunTime:0.023435s ]
INFO: [ view_filter ] --START--
INFO: Run Behavior\WriteHtmlCacheBehavior [ RunTime:0.000663s ]
INFO: [ view_filter ] --END-- [ RunTime:0.000705s ]
INFO: [ app_end ] --START--
INFO: Run Behavior\ShowPageTraceBehavior [ RunTime:0.000960s ]
INFO: [ app_end ] --END-- [ RunTime:0.001011s ]

[ 2017-05-24T15:02:18+08:00 ] 127.0.0.1 /qiyun/admin.php?s=/Question/info/id/10.html
INFO: [ app_init ] --START--
INFO: Run Behavior\BuildLiteBehavior [ RunTime:0.000012s ]
INFO: Run Common\Behavior\InitHookBehavior [ RunTime:0.002091s ]
INFO: [ app_init ] --END-- [ RunTime:0.002674s ]
INFO: [ app_begin ] --START--
INFO: Run Behavior\ReadHtmlCacheBehavior [ RunTime:0.000597s ]
INFO: [ app_begin ] --END-- [ RunTime:0.000655s ]
SQL: SHOW COLUMNS FROM `qy_menu` [ RunTime:0.0041s ]
SQL: SELECT `id`,`title`,`url` FROM `qy_menu` WHERE `pid` = 0 AND `hide` = 0 ORDER BY sort asc  [ RunTime:0.0006s ]
SQL: SELECT `pid` FROM `qy_menu` WHERE ( pid !=0 AND url like '%Question/info%' ) LIMIT 1   [ RunTime:0.0009s ]
SQL: SELECT * FROM `qy_menu` WHERE `id` = 127 LIMIT 1   [ RunTime:0.0003s ]
SQL: SELECT * FROM `qy_menu` WHERE `id` = 126 LIMIT 1   [ RunTime:0.0003s ]
SQL: SELECT DISTINCT  `group` FROM `qy_menu` WHERE `group` <> '' AND `pid` = 126  [ RunTime:0.0004s ]
SQL: SELECT `id`,`url` FROM `qy_menu` WHERE `pid` = 126 AND `hide` = 0  [ RunTime:0.0003s ]
SQL: SELECT `id`,`pid`,`title`,`url`,`tip` FROM `qy_menu` WHERE `group` = '问答管理' AND `pid` = 126 AND `hide` = 0 ORDER BY sort asc  [ RunTime:0.0004s ]
SQL: SHOW COLUMNS FROM `qy_question` [ RunTime:0.0050s ]
SQL: SELECT * FROM `qy_question` WHERE `id` = 10 LIMIT 1   [ RunTime:0.0004s ]
SQL: SHOW COLUMNS FROM `qy_category` [ RunTime:0.0044s ]
SQL: SELECT `title` FROM `qy_category` WHERE `id` IN ('0039','0041')  [ RunTime:0.0004s ]
SQL: SHOW COLUMNS FROM `qy_question_answer` [ RunTime:0.0043s ]
SQL: SELECT * FROM `qy_question_answer` WHERE `pid` = 10  [ RunTime:0.0004s ]
INFO: [ view_parse ] --START--
INFO: [ template_filter ] --START--
INFO: Run Behavior\ContentReplaceBehavior [ RunTime:0.000371s ]
INFO: [ template_filter ] --END-- [ RunTime:0.000468s ]
NOTIC: [8] Undefined variable: show_draftbox F:\xampp\htdocs\qiyun\Runtime\Cache\Admin\205de8c2b27a88506817bac0eba03ad1.php 第 67 行.
NOTIC: [8] Undefined variable: show_examine F:\xampp\htdocs\qiyun\Runtime\Cache\Admin\205de8c2b27a88506817bac0eba03ad1.php 第 68 行.
NOTIC: [8] Undefined variable: nodes F:\xampp\htdocs\qiyun\Runtime\Cache\Admin\205de8c2b27a88506817bac0eba03ad1.php 第 71 行.
NOTIC: [8] Undefined variable: show_recycle F:\xampp\htdocs\qiyun\Runtime\Cache\Admin\205de8c2b27a88506817bac0eba03ad1.php 第 105 行.
INFO: Run Behavior\ParseTemplateBehavior [ RunTime:0.024287s ]
INFO: [ view_parse ] --END-- [ RunTime:0.024348s ]
INFO: [ view_filter ] --START--
INFO: Run Behavior\WriteHtmlCacheBehavior [ RunTime:0.000576s ]
INFO: [ view_filter ] --END-- [ RunTime:0.000620s ]
INFO: [ app_end ] --START--
INFO: Run Behavior\ShowPageTraceBehavior [ RunTime:0.000982s ]
INFO: [ app_end ] --END-- [ RunTime:0.001065s ]

