[ 2017-06-01T14:24:46+08:00 ] 127.0.0.1 /qiyun/admin.php
INFO: [ app_init ] --START--
INFO: Run Behavior\BuildLiteBehavior [ RunTime:0.000016s ]
INFO: Run Common\Behavior\InitHookBehavior [ RunTime:0.004284s ]
INFO: [ app_init ] --END-- [ RunTime:0.005076s ]
INFO: [ app_begin ] --START--
INFO: Run Behavior\ReadHtmlCacheBehavior [ RunTime:0.000837s ]
INFO: [ app_begin ] --END-- [ RunTime:0.000926s ]

[ 2017-06-01T14:24:46+08:00 ] 127.0.0.1 /qiyun/admin.php?s=/Public/login.html
INFO: [ app_init ] --START--
INFO: Run Behavior\BuildLiteBehavior [ RunTime:0.000021s ]
INFO: Run Common\Behavior\InitHookBehavior [ RunTime:0.007701s ]
INFO: [ app_init ] --END-- [ RunTime:0.008659s ]
INFO: [ app_begin ] --START--
INFO: Run Behavior\ReadHtmlCacheBehavior [ RunTime:0.001544s ]
INFO: [ app_begin ] --END-- [ RunTime:0.001685s ]
SQL: SHOW COLUMNS FROM `qy_config` [ RunTime:0.0087s ]
SQL: SELECT `type`,`name`,`value` FROM `qy_config` WHERE `status` = 1  [ RunTime:0.0008s ]
INFO: [ view_parse ] --START--
INFO: [ template_filter ] --START--
INFO: Run Behavior\ContentReplaceBehavior [ RunTime:0.000124s ]
INFO: [ template_filter ] --END-- [ RunTime:0.000211s ]
INFO: Run Behavior\ParseTemplateBehavior [ RunTime:0.018888s ]
INFO: [ view_parse ] --END-- [ RunTime:0.018994s ]
INFO: [ view_filter ] --START--
INFO: Run Behavior\WriteHtmlCacheBehavior [ RunTime:0.000969s ]
INFO: [ view_filter ] --END-- [ RunTime:0.001042s ]
INFO: [ app_end ] --START--
INFO: Run Behavior\ShowPageTraceBehavior [ RunTime:0.001681s ]
INFO: [ app_end ] --END-- [ RunTime:0.002027s ]

[ 2017-06-01T14:24:51+08:00 ] 127.0.0.1 /qiyun/admin.php?s=/Public/login.html
INFO: [ app_init ] --START--
INFO: Run Behavior\BuildLiteBehavior [ RunTime:0.000013s ]
INFO: Run Common\Behavior\InitHookBehavior [ RunTime:0.002676s ]
INFO: [ app_init ] --END-- [ RunTime:0.003268s ]
INFO: [ app_begin ] --START--
INFO: Run Behavior\ReadHtmlCacheBehavior [ RunTime:0.000774s ]
INFO: [ app_begin ] --END-- [ RunTime:0.000821s ]
NOTIC: [8] Undefined index: lite F:\xampp\htdocs\qiyun\ThinkPHP\Library\Think\Db.class.php 第 37 行.
SQL: SHOW COLUMNS FROM `qy_member` [ RunTime:0.0126s ]
SQL: SELECT `uid`,`nickname`,`sex`,`birthday`,`qq`,`score`,`login`,`reg_ip`,`reg_time`,`last_login_ip`,`last_login_time`,`status` FROM `qy_member` WHERE `uid` = 1 LIMIT 1   [ RunTime:0.0005s ]
SQL: SHOW COLUMNS FROM `qy_action` [ RunTime:0.0063s ]
SQL: SELECT * FROM `qy_action` WHERE `name` = 'user_login' LIMIT 1   [ RunTime:0.0008s ]
SQL: SHOW COLUMNS FROM `qy_member` [ RunTime:0.0041s ]
SQL: SELECT `nickname` FROM `qy_member` WHERE `uid` = 1 LIMIT 1   [ RunTime:0.0005s ]
SQL: SHOW COLUMNS FROM `qy_action_log` [ RunTime:0.0510s ]
SQL: INSERT INTO `qy_action_log` (`action_id`,`user_id`,`action_ip`,`model`,`record_id`,`create_time`,`remark`) VALUES ('1','1','2130706433','member','1','1496298291','admin在2017-06-01 14:24登录了后台') [ RunTime:0.0009s ]
SQL: SELECT * FROM `qy_action` WHERE `name` = 'user_login' LIMIT 1   [ RunTime:0.0009s ]
NOTIC: [8] Undefined offset: 1 F:\xampp\htdocs\qiyun\Application\Common\Common\function.php 第 688 行.
NOTIC: [2] array_key_exists() expects parameter 2 to be array, null given F:\xampp\htdocs\qiyun\Application\Common\Common\function.php 第 688 行.
SQL: SELECT COUNT(*) AS tp_count FROM `qy_action_log` WHERE `action_id` = 1 AND `user_id` = 1 AND `create_time` > 1496211891 LIMIT 1   [ RunTime:0.0028s ]
SQL: UPDATE `qy_member` SET `score`=score+10 WHERE ( uid=1 AND status>-1 ) [ RunTime:0.0013s ]
SQL: UPDATE `qy_member` SET `login`=`login`+1,`last_login_time`='1496298291',`last_login_ip`='2130706433' WHERE `uid` = 1 [ RunTime:0.0010s ]

[ 2017-06-01T14:24:51+08:00 ] 127.0.0.1 /qiyun/admin.php?s=/Index/index.html
INFO: [ app_init ] --START--
INFO: Run Behavior\BuildLiteBehavior [ RunTime:0.000022s ]
INFO: Run Common\Behavior\InitHookBehavior [ RunTime:0.004971s ]
INFO: [ app_init ] --END-- [ RunTime:0.005653s ]
INFO: [ app_begin ] --START--
INFO: Run Behavior\ReadHtmlCacheBehavior [ RunTime:0.001147s ]
INFO: [ app_begin ] --END-- [ RunTime:0.001242s ]
SQL: SHOW COLUMNS FROM `qy_menu` [ RunTime:0.0188s ]
SQL: SELECT `id`,`title`,`url` FROM `qy_menu` WHERE `pid` = 0 AND `hide` = 0 ORDER BY sort asc  [ RunTime:0.0011s ]
SQL: SELECT `pid` FROM `qy_menu` WHERE ( pid !=0 AND url like '%Index/index%' ) LIMIT 1   [ RunTime:0.0011s ]
INFO: [ view_parse ] --START--
INFO: [ template_filter ] --START--
INFO: Run Behavior\ContentReplaceBehavior [ RunTime:0.000224s ]
INFO: [ template_filter ] --END-- [ RunTime:0.000396s ]
INFO: [ AdminIndex ] --START--
SQL: SHOW COLUMNS FROM `qy_addons` [ RunTime:0.0149s ]
SQL: SELECT `config` FROM `qy_addons` WHERE `name` = 'SystemInfo' AND `status` = 1 LIMIT 1   [ RunTime:0.0011s ]
INFO: [ view_parse ] --START--
INFO: [ template_filter ] --START--
INFO: Run Behavior\ContentReplaceBehavior [ RunTime:0.000079s ]
INFO: [ template_filter ] --END-- [ RunTime:-0.139037s ]
SQL: select version() as v; [ RunTime:0.0007s ]
INFO: Run Behavior\ParseTemplateBehavior [ RunTime:0.029125s ]
INFO: [ view_parse ] --END-- [ RunTime:0.029243s ]
INFO: [ view_filter ] --START--
INFO: Run Behavior\WriteHtmlCacheBehavior [ RunTime:0.001019s ]
INFO: [ view_filter ] --END-- [ RunTime:0.001098s ]
INFO: Run Addons\SystemInfo\SystemInfoAddon [ RunTime:0.160083s ]
INFO: [ AdminIndex ] --END-- [ RunTime:0.160146s ]
INFO: Run Behavior\ParseTemplateBehavior [ RunTime:0.030437s ]
INFO: [ view_parse ] --END-- [ RunTime:0.029243s ]
INFO: [ view_filter ] --START--
INFO: Run Behavior\WriteHtmlCacheBehavior [ RunTime:0.000010s ]
INFO: [ view_filter ] --END-- [ RunTime:-0.000130s ]
INFO: [ app_end ] --START--
INFO: Run Behavior\ShowPageTraceBehavior [ RunTime:0.001415s ]
INFO: [ app_end ] --END-- [ RunTime:0.001512s ]

[ 2017-06-01T14:24:52+08:00 ] 127.0.0.1 /qiyun/admin.php?s=/Index/index.html
INFO: [ app_init ] --START--
INFO: Run Behavior\BuildLiteBehavior [ RunTime:0.000012s ]
INFO: Run Common\Behavior\InitHookBehavior [ RunTime:0.002710s ]
INFO: [ app_init ] --END-- [ RunTime:0.003292s ]
INFO: [ app_begin ] --START--
INFO: Run Behavior\ReadHtmlCacheBehavior [ RunTime:0.000816s ]
INFO: [ app_begin ] --END-- [ RunTime:0.000864s ]
SQL: SHOW COLUMNS FROM `qy_menu` [ RunTime:0.0044s ]
SQL: SELECT `id`,`title`,`url` FROM `qy_menu` WHERE `pid` = 0 AND `hide` = 0 ORDER BY sort asc  [ RunTime:0.0005s ]
SQL: SELECT `pid` FROM `qy_menu` WHERE ( pid !=0 AND url like '%Index/index%' ) LIMIT 1   [ RunTime:0.0009s ]
INFO: [ view_parse ] --START--
INFO: [ template_filter ] --START--
INFO: Run Behavior\ContentReplaceBehavior [ RunTime:0.000108s ]
INFO: [ template_filter ] --END-- [ RunTime:0.000182s ]
INFO: [ AdminIndex ] --START--
SQL: SHOW COLUMNS FROM `qy_addons` [ RunTime:0.0041s ]
SQL: SELECT `config` FROM `qy_addons` WHERE `name` = 'SystemInfo' AND `status` = 1 LIMIT 1   [ RunTime:0.0005s ]
INFO: [ view_parse ] --START--
INFO: [ template_filter ] --START--
INFO: Run Behavior\ContentReplaceBehavior [ RunTime:0.000045s ]
INFO: [ template_filter ] --END-- [ RunTime:-0.100721s ]
SQL: select version() as v; [ RunTime:0.0003s ]
INFO: Run Behavior\ParseTemplateBehavior [ RunTime:0.003659s ]
INFO: [ view_parse ] --END-- [ RunTime:0.003709s ]
INFO: [ view_filter ] --START--
INFO: Run Behavior\WriteHtmlCacheBehavior [ RunTime:0.000704s ]
INFO: [ view_filter ] --END-- [ RunTime:0.000757s ]
INFO: Run Addons\SystemInfo\SystemInfoAddon [ RunTime:0.101247s ]
INFO: [ AdminIndex ] --END-- [ RunTime:0.101285s ]
INFO: Run Behavior\ParseTemplateBehavior [ RunTime:0.004543s ]
INFO: [ view_parse ] --END-- [ RunTime:0.003709s ]
INFO: [ view_filter ] --START--
INFO: Run Behavior\WriteHtmlCacheBehavior [ RunTime:0.000009s ]
INFO: [ view_filter ] --END-- [ RunTime:-0.000131s ]
INFO: [ app_end ] --START--
INFO: Run Behavior\ShowPageTraceBehavior [ RunTime:0.001356s ]
INFO: [ app_end ] --END-- [ RunTime:0.001441s ]

[ 2017-06-01T14:24:54+08:00 ] 127.0.0.1 /qiyun/admin.php?s=/User/index.html
INFO: [ app_init ] --START--
INFO: Run Behavior\BuildLiteBehavior [ RunTime:0.000012s ]
INFO: Run Common\Behavior\InitHookBehavior [ RunTime:0.002739s ]
INFO: [ app_init ] --END-- [ RunTime:0.003316s ]
INFO: [ app_begin ] --START--
INFO: Run Behavior\ReadHtmlCacheBehavior [ RunTime:0.000792s ]
INFO: [ app_begin ] --END-- [ RunTime:0.000842s ]
SQL: SHOW COLUMNS FROM `qy_menu` [ RunTime:0.0041s ]
SQL: SELECT `id`,`title`,`url` FROM `qy_menu` WHERE `pid` = 0 AND `hide` = 0 ORDER BY sort asc  [ RunTime:0.0007s ]
SQL: SELECT `pid` FROM `qy_menu` WHERE ( pid !=0 AND url like '%User/index%' ) LIMIT 1   [ RunTime:0.0009s ]
SQL: SELECT * FROM `qy_menu` WHERE `id` = 16 LIMIT 1   [ RunTime:0.0005s ]
SQL: SELECT DISTINCT  `group` FROM `qy_menu` WHERE `group` <> '' AND `pid` = 16  [ RunTime:0.0004s ]
SQL: SELECT `id`,`url` FROM `qy_menu` WHERE `pid` = 16 AND `hide` = 0  [ RunTime:0.0003s ]
SQL: SELECT `id`,`pid`,`title`,`url`,`tip` FROM `qy_menu` WHERE `group` = '用户管理' AND `pid` = 16 AND `hide` = 0 ORDER BY sort asc  [ RunTime:0.0004s ]
SQL: SELECT `id`,`pid`,`title`,`url`,`tip` FROM `qy_menu` WHERE `group` = '行为管理' AND `pid` = 16 AND `hide` = 0 ORDER BY sort asc  [ RunTime:0.0004s ]
SQL: SHOW COLUMNS FROM `qy_member` [ RunTime:0.0043s ]
SQL: SELECT COUNT(*) AS tp_count FROM `qy_member` WHERE `status` >= 0 AND `nickname` LIKE '%%' LIMIT 1   [ RunTime:0.0004s ]
SQL: SELECT `uid`,`nickname`,`sex`,`birthday`,`qq`,`score`,`login`,`reg_ip`,`reg_time`,`last_login_ip`,`last_login_time`,`status` FROM `qy_member` WHERE `status` >= 0 AND `nickname` LIKE '%%' ORDER BY uid desc LIMIT 0,10   [ RunTime:0.0004s ]
INFO: [ view_parse ] --START--
INFO: [ template_filter ] --START--
INFO: Run Behavior\ContentReplaceBehavior [ RunTime:0.000157s ]
INFO: [ template_filter ] --END-- [ RunTime:0.000202s ]
INFO: Run Behavior\ParseTemplateBehavior [ RunTime:0.071413s ]
INFO: [ view_parse ] --END-- [ RunTime:0.071471s ]
INFO: [ view_filter ] --START--
INFO: Run Behavior\WriteHtmlCacheBehavior [ RunTime:0.001375s ]
INFO: [ view_filter ] --END-- [ RunTime:0.001447s ]
INFO: [ app_end ] --START--
INFO: Run Behavior\ShowPageTraceBehavior [ RunTime:0.000902s ]
INFO: [ app_end ] --END-- [ RunTime:0.000960s ]

[ 2017-06-01T14:24:54+08:00 ] 127.0.0.1 /qiyun/admin.php?s=/User/index.html
INFO: [ app_init ] --START--
INFO: Run Behavior\BuildLiteBehavior [ RunTime:0.000015s ]
INFO: Run Common\Behavior\InitHookBehavior [ RunTime:0.004970s ]
INFO: [ app_init ] --END-- [ RunTime:0.005662s ]
INFO: [ app_begin ] --START--
INFO: Run Behavior\ReadHtmlCacheBehavior [ RunTime:0.000812s ]
INFO: [ app_begin ] --END-- [ RunTime:0.000877s ]
SQL: SHOW COLUMNS FROM `qy_menu` [ RunTime:0.0052s ]
SQL: SELECT `id`,`title`,`url` FROM `qy_menu` WHERE `pid` = 0 AND `hide` = 0 ORDER BY sort asc  [ RunTime:0.0006s ]
SQL: SELECT `pid` FROM `qy_menu` WHERE ( pid !=0 AND url like '%User/index%' ) LIMIT 1   [ RunTime:0.0005s ]
SQL: SELECT * FROM `qy_menu` WHERE `id` = 16 LIMIT 1   [ RunTime:0.0003s ]
SQL: SELECT DISTINCT  `group` FROM `qy_menu` WHERE `group` <> '' AND `pid` = 16  [ RunTime:0.0006s ]
SQL: SELECT `id`,`url` FROM `qy_menu` WHERE `pid` = 16 AND `hide` = 0  [ RunTime:0.0008s ]
SQL: SELECT `id`,`pid`,`title`,`url`,`tip` FROM `qy_menu` WHERE `group` = '用户管理' AND `pid` = 16 AND `hide` = 0 ORDER BY sort asc  [ RunTime:0.0009s ]
SQL: SELECT `id`,`pid`,`title`,`url`,`tip` FROM `qy_menu` WHERE `group` = '行为管理' AND `pid` = 16 AND `hide` = 0 ORDER BY sort asc  [ RunTime:0.0008s ]
SQL: SHOW COLUMNS FROM `qy_member` [ RunTime:0.0046s ]
SQL: SELECT COUNT(*) AS tp_count FROM `qy_member` WHERE `status` >= 0 AND `nickname` LIKE '%%' LIMIT 1   [ RunTime:0.0004s ]
SQL: SELECT `uid`,`nickname`,`sex`,`birthday`,`qq`,`score`,`login`,`reg_ip`,`reg_time`,`last_login_ip`,`last_login_time`,`status` FROM `qy_member` WHERE `status` >= 0 AND `nickname` LIKE '%%' ORDER BY uid desc LIMIT 0,10   [ RunTime:0.0006s ]
INFO: [ view_parse ] --START--
INFO: [ template_filter ] --START--
INFO: Run Behavior\ContentReplaceBehavior [ RunTime:0.000201s ]
INFO: [ template_filter ] --END-- [ RunTime:0.000251s ]
INFO: Run Behavior\ParseTemplateBehavior [ RunTime:0.015798s ]
INFO: [ view_parse ] --END-- [ RunTime:0.015870s ]
INFO: [ view_filter ] --START--
INFO: Run Behavior\WriteHtmlCacheBehavior [ RunTime:0.000625s ]
INFO: [ view_filter ] --END-- [ RunTime:0.000661s ]
INFO: [ app_end ] --START--
INFO: Run Behavior\ShowPageTraceBehavior [ RunTime:0.001109s ]
INFO: [ app_end ] --END-- [ RunTime:0.001167s ]

[ 2017-06-01T14:24:54+08:00 ] 127.0.0.1 /qiyun/admin.php?s=/Lecture/index.html
INFO: [ app_init ] --START--
INFO: Run Behavior\BuildLiteBehavior [ RunTime:0.000013s ]
INFO: Run Common\Behavior\InitHookBehavior [ RunTime:0.003227s ]
INFO: [ app_init ] --END-- [ RunTime:0.003902s ]
INFO: [ app_begin ] --START--
INFO: Run Behavior\ReadHtmlCacheBehavior [ RunTime:0.000797s ]
INFO: [ app_begin ] --END-- [ RunTime:0.000845s ]
SQL: SHOW COLUMNS FROM `qy_menu` [ RunTime:0.0049s ]
SQL: SELECT `id`,`title`,`url` FROM `qy_menu` WHERE `pid` = 0 AND `hide` = 0 ORDER BY sort asc  [ RunTime:0.0005s ]
SQL: SELECT `pid` FROM `qy_menu` WHERE ( pid !=0 AND url like '%Lecture/index%' ) LIMIT 1   [ RunTime:0.0009s ]
NOTIC: [8] Undefined variable: map F:\xampp\htdocs\qiyun\Application\Admin\Controller\LectureController.class.php 第 39 行.
SQL: SHOW COLUMNS FROM `qy_lecture` [ RunTime:0.0047s ]
SQL: SELECT COUNT(*) AS tp_count FROM `qy_lecture` LIMIT 1   [ RunTime:0.0004s ]
SQL: SELECT `id`,`uid`,`username`,`type`,`title`,`content`,`money`,`icon`,`content_icon`,`is_tj`,`number`,`addtime`,`rewardnum` FROM `qy_lecture` ORDER BY id desc LIMIT 0,10   [ RunTime:0.0005s ]
SQL: SHOW COLUMNS FROM `qy_category` [ RunTime:0.0057s ]
SQL: SELECT `title` FROM `qy_category` WHERE `id` IN ('0002','0041')  [ RunTime:0.0005s ]
SQL: SELECT `title` FROM `qy_category` WHERE `id` IN ('0040','0041')  [ RunTime:0.0004s ]
SQL: SELECT `title` FROM `qy_category` WHERE `id` IN ('0002','0041')  [ RunTime:0.0003s ]
SQL: SELECT `title` FROM `qy_category` WHERE `id` IN ('0002','0041')  [ RunTime:0.0003s ]
SQL: SELECT `title` FROM `qy_category` WHERE `id` IN ('0002','0041')  [ RunTime:0.0003s ]
SQL: SELECT `title` FROM `qy_category` WHERE `id` IN ('0002','0039')  [ RunTime:0.0003s ]
SQL: SHOW COLUMNS FROM `qy_auth_group_access` [ RunTime:0.0051s ]
SQL: SELECT `extend_id` FROM qy_auth_group_access g INNER JOIN qy_auth_extend c on g.group_id=c.group_id  WHERE ( g.uid='1' and c.type='1' and !isnull(extend_id) )  [ RunTime:0.0016s ]
SQL: SHOW COLUMNS FROM `qy_category` [ RunTime:0.0047s ]
SQL: SELECT `id`,`title`,`pid`,`allow_publish` FROM `qy_category` WHERE `id` = 1 OR `pid` = 1 ORDER BY pid,sort  [ RunTime:0.0013s ]
INFO: [ view_parse ] --START--
INFO: [ template_filter ] --START--
INFO: Run Behavior\ContentReplaceBehavior [ RunTime:0.000370s ]
INFO: [ template_filter ] --END-- [ RunTime:0.000458s ]
NOTIC: [8] Undefined variable: show_draftbox F:\xampp\htdocs\qiyun\Runtime\Cache\Admin\42d5029372485e5eba3cae0a9071476c.php 第 67 行.
NOTIC: [8] Undefined variable: show_examine F:\xampp\htdocs\qiyun\Runtime\Cache\Admin\42d5029372485e5eba3cae0a9071476c.php 第 68 行.
NOTIC: [8] Undefined variable: show_recycle F:\xampp\htdocs\qiyun\Runtime\Cache\Admin\42d5029372485e5eba3cae0a9071476c.php 第 105 行.
NOTIC: [8] Undefined index: adtime F:\xampp\htdocs\qiyun\Runtime\Cache\Admin\42d5029372485e5eba3cae0a9071476c.php 第 192 行.
NOTIC: [8] Undefined index: cate_id F:\xampp\htdocs\qiyun\Runtime\Cache\Admin\42d5029372485e5eba3cae0a9071476c.php 第 198 行.
NOTIC: [8] Undefined index: adtime F:\xampp\htdocs\qiyun\Runtime\Cache\Admin\42d5029372485e5eba3cae0a9071476c.php 第 192 行.
NOTIC: [8] Undefined index: cate_id F:\xampp\htdocs\qiyun\Runtime\Cache\Admin\42d5029372485e5eba3cae0a9071476c.php 第 198 行.
NOTIC: [8] Undefined index: adtime F:\xampp\htdocs\qiyun\Runtime\Cache\Admin\42d5029372485e5eba3cae0a9071476c.php 第 192 行.
NOTIC: [8] Undefined index: cate_id F:\xampp\htdocs\qiyun\Runtime\Cache\Admin\42d5029372485e5eba3cae0a9071476c.php 第 198 行.
NOTIC: [8] Undefined index: adtime F:\xampp\htdocs\qiyun\Runtime\Cache\Admin\42d5029372485e5eba3cae0a9071476c.php 第 192 行.
NOTIC: [8] Undefined index: cate_id F:\xampp\htdocs\qiyun\Runtime\Cache\Admin\42d5029372485e5eba3cae0a9071476c.php 第 198 行.
NOTIC: [8] Undefined index: adtime F:\xampp\htdocs\qiyun\Runtime\Cache\Admin\42d5029372485e5eba3cae0a9071476c.php 第 192 行.
NOTIC: [8] Undefined index: cate_id F:\xampp\htdocs\qiyun\Runtime\Cache\Admin\42d5029372485e5eba3cae0a9071476c.php 第 198 行.
NOTIC: [8] Undefined index: adtime F:\xampp\htdocs\qiyun\Runtime\Cache\Admin\42d5029372485e5eba3cae0a9071476c.php 第 192 行.
NOTIC: [8] Undefined index: cate_id F:\xampp\htdocs\qiyun\Runtime\Cache\Admin\42d5029372485e5eba3cae0a9071476c.php 第 198 行.
INFO: Run Behavior\ParseTemplateBehavior [ RunTime:0.059710s ]
INFO: [ view_parse ] --END-- [ RunTime:0.059774s ]
INFO: [ view_filter ] --START--
INFO: Run Behavior\WriteHtmlCacheBehavior [ RunTime:0.000907s ]
INFO: [ view_filter ] --END-- [ RunTime:0.000956s ]
INFO: [ app_end ] --START--
INFO: Run Behavior\ShowPageTraceBehavior [ RunTime:0.002193s ]
INFO: [ app_end ] --END-- [ RunTime:0.002340s ]

[ 2017-06-01T14:24:55+08:00 ] 127.0.0.1 /qiyun/admin.php?s=/Lecture/index.html
INFO: [ app_init ] --START--
INFO: Run Behavior\BuildLiteBehavior [ RunTime:0.000013s ]
INFO: Run Common\Behavior\InitHookBehavior [ RunTime:0.002897s ]
INFO: [ app_init ] --END-- [ RunTime:0.003405s ]
INFO: [ app_begin ] --START--
INFO: Run Behavior\ReadHtmlCacheBehavior [ RunTime:0.000860s ]
INFO: [ app_begin ] --END-- [ RunTime:0.000927s ]
SQL: SHOW COLUMNS FROM `qy_menu` [ RunTime:0.0054s ]
SQL: SELECT `id`,`title`,`url` FROM `qy_menu` WHERE `pid` = 0 AND `hide` = 0 ORDER BY sort asc  [ RunTime:0.0007s ]
SQL: SELECT `pid` FROM `qy_menu` WHERE ( pid !=0 AND url like '%Lecture/index%' ) LIMIT 1   [ RunTime:0.0010s ]
NOTIC: [8] Undefined variable: map F:\xampp\htdocs\qiyun\Application\Admin\Controller\LectureController.class.php 第 39 行.
SQL: SHOW COLUMNS FROM `qy_lecture` [ RunTime:0.0037s ]
SQL: SELECT COUNT(*) AS tp_count FROM `qy_lecture` LIMIT 1   [ RunTime:0.0003s ]
SQL: SELECT `id`,`uid`,`username`,`type`,`title`,`content`,`money`,`icon`,`content_icon`,`is_tj`,`number`,`addtime`,`rewardnum` FROM `qy_lecture` ORDER BY id desc LIMIT 0,10   [ RunTime:0.0005s ]
SQL: SHOW COLUMNS FROM `qy_category` [ RunTime:0.0040s ]
SQL: SELECT `title` FROM `qy_category` WHERE `id` IN ('0002','0041')  [ RunTime:0.0003s ]
SQL: SELECT `title` FROM `qy_category` WHERE `id` IN ('0040','0041')  [ RunTime:0.0004s ]
SQL: SELECT `title` FROM `qy_category` WHERE `id` IN ('0002','0041')  [ RunTime:0.0006s ]
SQL: SELECT `title` FROM `qy_category` WHERE `id` IN ('0002','0041')  [ RunTime:0.0005s ]
SQL: SELECT `title` FROM `qy_category` WHERE `id` IN ('0002','0041')  [ RunTime:0.0005s ]
SQL: SELECT `title` FROM `qy_category` WHERE `id` IN ('0002','0039')  [ RunTime:0.0005s ]
SQL: SHOW COLUMNS FROM `qy_auth_group_access` [ RunTime:0.0037s ]
SQL: SELECT `extend_id` FROM qy_auth_group_access g INNER JOIN qy_auth_extend c on g.group_id=c.group_id  WHERE ( g.uid='1' and c.type='1' and !isnull(extend_id) )  [ RunTime:0.0003s ]
SQL: SHOW COLUMNS FROM `qy_category` [ RunTime:0.0039s ]
SQL: SELECT `id`,`title`,`pid`,`allow_publish` FROM `qy_category` WHERE `id` = 1 OR `pid` = 1 ORDER BY pid,sort  [ RunTime:0.0011s ]
INFO: [ view_parse ] --START--
INFO: [ template_filter ] --START--
INFO: Run Behavior\ContentReplaceBehavior [ RunTime:0.000252s ]
INFO: [ template_filter ] --END-- [ RunTime:0.000308s ]
NOTIC: [8] Undefined variable: show_draftbox F:\xampp\htdocs\qiyun\Runtime\Cache\Admin\42d5029372485e5eba3cae0a9071476c.php 第 67 行.
NOTIC: [8] Undefined variable: show_examine F:\xampp\htdocs\qiyun\Runtime\Cache\Admin\42d5029372485e5eba3cae0a9071476c.php 第 68 行.
NOTIC: [8] Undefined variable: show_recycle F:\xampp\htdocs\qiyun\Runtime\Cache\Admin\42d5029372485e5eba3cae0a9071476c.php 第 105 行.
NOTIC: [8] Undefined index: adtime F:\xampp\htdocs\qiyun\Runtime\Cache\Admin\42d5029372485e5eba3cae0a9071476c.php 第 192 行.
NOTIC: [8] Undefined index: cate_id F:\xampp\htdocs\qiyun\Runtime\Cache\Admin\42d5029372485e5eba3cae0a9071476c.php 第 198 行.
NOTIC: [8] Undefined index: adtime F:\xampp\htdocs\qiyun\Runtime\Cache\Admin\42d5029372485e5eba3cae0a9071476c.php 第 192 行.
NOTIC: [8] Undefined index: cate_id F:\xampp\htdocs\qiyun\Runtime\Cache\Admin\42d5029372485e5eba3cae0a9071476c.php 第 198 行.
NOTIC: [8] Undefined index: adtime F:\xampp\htdocs\qiyun\Runtime\Cache\Admin\42d5029372485e5eba3cae0a9071476c.php 第 192 行.
NOTIC: [8] Undefined index: cate_id F:\xampp\htdocs\qiyun\Runtime\Cache\Admin\42d5029372485e5eba3cae0a9071476c.php 第 198 行.
NOTIC: [8] Undefined index: adtime F:\xampp\htdocs\qiyun\Runtime\Cache\Admin\42d5029372485e5eba3cae0a9071476c.php 第 192 行.
NOTIC: [8] Undefined index: cate_id F:\xampp\htdocs\qiyun\Runtime\Cache\Admin\42d5029372485e5eba3cae0a9071476c.php 第 198 行.
NOTIC: [8] Undefined index: adtime F:\xampp\htdocs\qiyun\Runtime\Cache\Admin\42d5029372485e5eba3cae0a9071476c.php 第 192 行.
NOTIC: [8] Undefined index: cate_id F:\xampp\htdocs\qiyun\Runtime\Cache\Admin\42d5029372485e5eba3cae0a9071476c.php 第 198 行.
NOTIC: [8] Undefined index: adtime F:\xampp\htdocs\qiyun\Runtime\Cache\Admin\42d5029372485e5eba3cae0a9071476c.php 第 192 行.
NOTIC: [8] Undefined index: cate_id F:\xampp\htdocs\qiyun\Runtime\Cache\Admin\42d5029372485e5eba3cae0a9071476c.php 第 198 行.
INFO: Run Behavior\ParseTemplateBehavior [ RunTime:0.029192s ]
INFO: [ view_parse ] --END-- [ RunTime:0.029252s ]
INFO: [ view_filter ] --START--
INFO: Run Behavior\WriteHtmlCacheBehavior [ RunTime:0.000756s ]
INFO: [ view_filter ] --END-- [ RunTime:0.000805s ]
INFO: [ app_end ] --START--
INFO: Run Behavior\ShowPageTraceBehavior [ RunTime:0.000875s ]
INFO: [ app_end ] --END-- [ RunTime:0.000931s ]

[ 2017-06-01T14:24:56+08:00 ] 127.0.0.1 /qiyun/admin.php?s=/Lecture/info/id/50.html
INFO: [ app_init ] --START--
INFO: Run Behavior\BuildLiteBehavior [ RunTime:0.000019s ]
INFO: Run Common\Behavior\InitHookBehavior [ RunTime:0.003460s ]
INFO: [ app_init ] --END-- [ RunTime:0.004141s ]
INFO: [ app_begin ] --START--
INFO: Run Behavior\ReadHtmlCacheBehavior [ RunTime:0.001692s ]
INFO: [ app_begin ] --END-- [ RunTime:0.001817s ]
SQL: SHOW COLUMNS FROM `qy_menu` [ RunTime:0.0111s ]
SQL: SELECT `id`,`title`,`url` FROM `qy_menu` WHERE `pid` = 0 AND `hide` = 0 ORDER BY sort asc  [ RunTime:0.0008s ]
SQL: SELECT `pid` FROM `qy_menu` WHERE ( pid !=0 AND url like '%Lecture/info%' ) LIMIT 1   [ RunTime:0.0017s ]
SQL: SHOW COLUMNS FROM `qy_lecture` [ RunTime:0.0086s ]
SQL: SELECT * FROM `qy_lecture` WHERE ( id=50 ) LIMIT 1   [ RunTime:0.0006s ]
SQL: SHOW COLUMNS FROM `qy_category` [ RunTime:0.0074s ]
SQL: SELECT `title` FROM `qy_category` WHERE `id` IN ('0002','0041')  [ RunTime:0.0010s ]
SQL: SHOW COLUMNS FROM `qy_auth_group_access` [ RunTime:0.0069s ]
SQL: SELECT `extend_id` FROM qy_auth_group_access g INNER JOIN qy_auth_extend c on g.group_id=c.group_id  WHERE ( g.uid='1' and c.type='1' and !isnull(extend_id) )  [ RunTime:0.0005s ]
SQL: SHOW COLUMNS FROM `qy_category` [ RunTime:0.0096s ]
SQL: SELECT `id`,`title`,`pid`,`allow_publish` FROM `qy_category` WHERE `id` = 1 OR `pid` = 1 ORDER BY pid,sort  [ RunTime:0.0028s ]
INFO: [ view_parse ] --START--
INFO: [ template_filter ] --START--
INFO: Run Behavior\ContentReplaceBehavior [ RunTime:0.000612s ]
INFO: [ template_filter ] --END-- [ RunTime:0.000729s ]
NOTIC: [8] Undefined variable: show_draftbox F:\xampp\htdocs\qiyun\Runtime\Cache\Admin\0f931b637ec938870702db28eaf4fbc3.php 第 67 行.
NOTIC: [8] Undefined variable: show_examine F:\xampp\htdocs\qiyun\Runtime\Cache\Admin\0f931b637ec938870702db28eaf4fbc3.php 第 68 行.
NOTIC: [8] Undefined variable: show_recycle F:\xampp\htdocs\qiyun\Runtime\Cache\Admin\0f931b637ec938870702db28eaf4fbc3.php 第 105 行.
INFO: Run Behavior\ParseTemplateBehavior [ RunTime:0.045276s ]
INFO: [ view_parse ] --END-- [ RunTime:0.045366s ]
INFO: [ view_filter ] --START--
INFO: Run Behavior\WriteHtmlCacheBehavior [ RunTime:0.001200s ]
INFO: [ view_filter ] --END-- [ RunTime:0.001263s ]
INFO: [ app_end ] --START--
INFO: Run Behavior\ShowPageTraceBehavior [ RunTime:0.001378s ]
INFO: [ app_end ] --END-- [ RunTime:0.001470s ]

[ 2017-06-01T14:24:57+08:00 ] 127.0.0.1 /qiyun/admin.php?s=/Lecture/info/id/50.html
INFO: [ app_init ] --START--
INFO: Run Behavior\BuildLiteBehavior [ RunTime:0.000013s ]
INFO: Run Common\Behavior\InitHookBehavior [ RunTime:0.002455s ]
INFO: [ app_init ] --END-- [ RunTime:0.002955s ]
INFO: [ app_begin ] --START--
INFO: Run Behavior\ReadHtmlCacheBehavior [ RunTime:0.001121s ]
INFO: [ app_begin ] --END-- [ RunTime:0.001224s ]
SQL: SHOW COLUMNS FROM `qy_menu` [ RunTime:0.0916s ]
SQL: SELECT `id`,`title`,`url` FROM `qy_menu` WHERE `pid` = 0 AND `hide` = 0 ORDER BY sort asc  [ RunTime:0.0005s ]
SQL: SELECT `pid` FROM `qy_menu` WHERE ( pid !=0 AND url like '%Lecture/info%' ) LIMIT 1   [ RunTime:0.0009s ]
SQL: SHOW COLUMNS FROM `qy_lecture` [ RunTime:0.0285s ]
SQL: SELECT * FROM `qy_lecture` WHERE ( id=50 ) LIMIT 1   [ RunTime:0.0004s ]
SQL: SHOW COLUMNS FROM `qy_category` [ RunTime:0.0235s ]
SQL: SELECT `title` FROM `qy_category` WHERE `id` IN ('0002','0041')  [ RunTime:0.0004s ]
SQL: SHOW COLUMNS FROM `qy_auth_group_access` [ RunTime:0.0409s ]
SQL: SELECT `extend_id` FROM qy_auth_group_access g INNER JOIN qy_auth_extend c on g.group_id=c.group_id  WHERE ( g.uid='1' and c.type='1' and !isnull(extend_id) )  [ RunTime:0.0004s ]
SQL: SHOW COLUMNS FROM `qy_category` [ RunTime:0.0715s ]
SQL: SELECT `id`,`title`,`pid`,`allow_publish` FROM `qy_category` WHERE `id` = 1 OR `pid` = 1 ORDER BY pid,sort  [ RunTime:0.0012s ]
INFO: [ view_parse ] --START--
INFO: [ template_filter ] --START--
INFO: Run Behavior\ContentReplaceBehavior [ RunTime:0.000243s ]
INFO: [ template_filter ] --END-- [ RunTime:0.000295s ]
NOTIC: [8] Undefined variable: show_draftbox F:\xampp\htdocs\qiyun\Runtime\Cache\Admin\0f931b637ec938870702db28eaf4fbc3.php 第 67 行.
NOTIC: [8] Undefined variable: show_examine F:\xampp\htdocs\qiyun\Runtime\Cache\Admin\0f931b637ec938870702db28eaf4fbc3.php 第 68 行.
NOTIC: [8] Undefined variable: show_recycle F:\xampp\htdocs\qiyun\Runtime\Cache\Admin\0f931b637ec938870702db28eaf4fbc3.php 第 105 行.
INFO: Run Behavior\ParseTemplateBehavior [ RunTime:0.025249s ]
INFO: [ view_parse ] --END-- [ RunTime:0.025304s ]
INFO: [ view_filter ] --START--
INFO: Run Behavior\WriteHtmlCacheBehavior [ RunTime:0.000778s ]
INFO: [ view_filter ] --END-- [ RunTime:0.000823s ]
INFO: [ app_end ] --START--
INFO: Run Behavior\ShowPageTraceBehavior [ RunTime:0.001048s ]
INFO: [ app_end ] --END-- [ RunTime:0.001115s ]

[ 2017-06-01T14:25:11+08:00 ] 127.0.0.1 /qiyun/admin.php?s=/Lecture/index.html
INFO: [ app_init ] --START--
INFO: Run Behavior\BuildLiteBehavior [ RunTime:0.000064s ]
INFO: Run Common\Behavior\InitHookBehavior [ RunTime:0.004580s ]
INFO: [ app_init ] --END-- [ RunTime:0.005888s ]
INFO: [ app_begin ] --START--
INFO: Run Behavior\ReadHtmlCacheBehavior [ RunTime:0.000780s ]
INFO: [ app_begin ] --END-- [ RunTime:0.000834s ]
SQL: SHOW COLUMNS FROM `qy_menu` [ RunTime:0.0044s ]
SQL: SELECT `id`,`title`,`url` FROM `qy_menu` WHERE `pid` = 0 AND `hide` = 0 ORDER BY sort asc  [ RunTime:0.0005s ]
SQL: SELECT `pid` FROM `qy_menu` WHERE ( pid !=0 AND url like '%Lecture/index%' ) LIMIT 1   [ RunTime:0.0011s ]
NOTIC: [8] Undefined variable: map F:\xampp\htdocs\qiyun\Application\Admin\Controller\LectureController.class.php 第 39 行.
SQL: SHOW COLUMNS FROM `qy_lecture` [ RunTime:0.0061s ]
SQL: SELECT COUNT(*) AS tp_count FROM `qy_lecture` LIMIT 1   [ RunTime:0.0003s ]
SQL: SELECT `id`,`uid`,`username`,`type`,`title`,`content`,`money`,`icon`,`content_icon`,`is_tj`,`number`,`addtime`,`rewardnum` FROM `qy_lecture` ORDER BY id desc LIMIT 0,10   [ RunTime:0.0005s ]
SQL: SHOW COLUMNS FROM `qy_category` [ RunTime:0.0044s ]
SQL: SELECT `title` FROM `qy_category` WHERE `id` IN ('0002','0041')  [ RunTime:0.0006s ]
SQL: SELECT `title` FROM `qy_category` WHERE `id` IN ('0040','0041')  [ RunTime:0.0004s ]
SQL: SELECT `title` FROM `qy_category` WHERE `id` IN ('0002','0041')  [ RunTime:0.0003s ]
SQL: SELECT `title` FROM `qy_category` WHERE `id` IN ('0002','0041')  [ RunTime:0.0003s ]
SQL: SELECT `title` FROM `qy_category` WHERE `id` IN ('0002','0041')  [ RunTime:0.0003s ]
SQL: SELECT `title` FROM `qy_category` WHERE `id` IN ('0002','0039')  [ RunTime:0.0002s ]
SQL: SHOW COLUMNS FROM `qy_auth_group_access` [ RunTime:0.0049s ]
SQL: SELECT `extend_id` FROM qy_auth_group_access g INNER JOIN qy_auth_extend c on g.group_id=c.group_id  WHERE ( g.uid='1' and c.type='1' and !isnull(extend_id) )  [ RunTime:0.0004s ]
SQL: SHOW COLUMNS FROM `qy_category` [ RunTime:0.0041s ]
SQL: SELECT `id`,`title`,`pid`,`allow_publish` FROM `qy_category` WHERE `id` = 1 OR `pid` = 1 ORDER BY pid,sort  [ RunTime:0.0011s ]
INFO: [ view_parse ] --START--
INFO: [ template_filter ] --START--
INFO: Run Behavior\ContentReplaceBehavior [ RunTime:0.000252s ]
INFO: [ template_filter ] --END-- [ RunTime:0.000307s ]
NOTIC: [8] Undefined variable: show_draftbox F:\xampp\htdocs\qiyun\Runtime\Cache\Admin\42d5029372485e5eba3cae0a9071476c.php 第 67 行.
NOTIC: [8] Undefined variable: show_examine F:\xampp\htdocs\qiyun\Runtime\Cache\Admin\42d5029372485e5eba3cae0a9071476c.php 第 68 行.
NOTIC: [8] Undefined variable: show_recycle F:\xampp\htdocs\qiyun\Runtime\Cache\Admin\42d5029372485e5eba3cae0a9071476c.php 第 105 行.
NOTIC: [8] Undefined index: adtime F:\xampp\htdocs\qiyun\Runtime\Cache\Admin\42d5029372485e5eba3cae0a9071476c.php 第 192 行.
NOTIC: [8] Undefined index: cate_id F:\xampp\htdocs\qiyun\Runtime\Cache\Admin\42d5029372485e5eba3cae0a9071476c.php 第 198 行.
NOTIC: [8] Undefined index: adtime F:\xampp\htdocs\qiyun\Runtime\Cache\Admin\42d5029372485e5eba3cae0a9071476c.php 第 192 行.
NOTIC: [8] Undefined index: cate_id F:\xampp\htdocs\qiyun\Runtime\Cache\Admin\42d5029372485e5eba3cae0a9071476c.php 第 198 行.
NOTIC: [8] Undefined index: adtime F:\xampp\htdocs\qiyun\Runtime\Cache\Admin\42d5029372485e5eba3cae0a9071476c.php 第 192 行.
NOTIC: [8] Undefined index: cate_id F:\xampp\htdocs\qiyun\Runtime\Cache\Admin\42d5029372485e5eba3cae0a9071476c.php 第 198 行.
NOTIC: [8] Undefined index: adtime F:\xampp\htdocs\qiyun\Runtime\Cache\Admin\42d5029372485e5eba3cae0a9071476c.php 第 192 行.
NOTIC: [8] Undefined index: cate_id F:\xampp\htdocs\qiyun\Runtime\Cache\Admin\42d5029372485e5eba3cae0a9071476c.php 第 198 行.
NOTIC: [8] Undefined index: adtime F:\xampp\htdocs\qiyun\Runtime\Cache\Admin\42d5029372485e5eba3cae0a9071476c.php 第 192 行.
NOTIC: [8] Undefined index: cate_id F:\xampp\htdocs\qiyun\Runtime\Cache\Admin\42d5029372485e5eba3cae0a9071476c.php 第 198 行.
NOTIC: [8] Undefined index: adtime F:\xampp\htdocs\qiyun\Runtime\Cache\Admin\42d5029372485e5eba3cae0a9071476c.php 第 192 行.
NOTIC: [8] Undefined index: cate_id F:\xampp\htdocs\qiyun\Runtime\Cache\Admin\42d5029372485e5eba3cae0a9071476c.php 第 198 行.
INFO: Run Behavior\ParseTemplateBehavior [ RunTime:0.026722s ]
INFO: [ view_parse ] --END-- [ RunTime:0.026773s ]
INFO: [ view_filter ] --START--
INFO: Run Behavior\WriteHtmlCacheBehavior [ RunTime:0.000655s ]
INFO: [ view_filter ] --END-- [ RunTime:0.000690s ]
INFO: [ app_end ] --START--
INFO: Run Behavior\ShowPageTraceBehavior [ RunTime:0.000831s ]
INFO: [ app_end ] --END-- [ RunTime:0.000890s ]

[ 2017-06-01T14:25:12+08:00 ] 127.0.0.1 /qiyun/admin.php?s=/Lecture/index.html
INFO: [ app_init ] --START--
INFO: Run Behavior\BuildLiteBehavior [ RunTime:0.000011s ]
INFO: Run Common\Behavior\InitHookBehavior [ RunTime:0.002382s ]
INFO: [ app_init ] --END-- [ RunTime:0.002936s ]
INFO: [ app_begin ] --START--
INFO: Run Behavior\ReadHtmlCacheBehavior [ RunTime:0.000774s ]
INFO: [ app_begin ] --END-- [ RunTime:0.000840s ]
SQL: SHOW COLUMNS FROM `qy_menu` [ RunTime:0.0137s ]
SQL: SELECT `id`,`title`,`url` FROM `qy_menu` WHERE `pid` = 0 AND `hide` = 0 ORDER BY sort asc  [ RunTime:0.0005s ]
SQL: SELECT `pid` FROM `qy_menu` WHERE ( pid !=0 AND url like '%Lecture/index%' ) LIMIT 1   [ RunTime:0.0009s ]
NOTIC: [8] Undefined variable: map F:\xampp\htdocs\qiyun\Application\Admin\Controller\LectureController.class.php 第 39 行.
SQL: SHOW COLUMNS FROM `qy_lecture` [ RunTime:0.0051s ]
SQL: SELECT COUNT(*) AS tp_count FROM `qy_lecture` LIMIT 1   [ RunTime:0.0007s ]
SQL: SELECT `id`,`uid`,`username`,`type`,`title`,`content`,`money`,`icon`,`content_icon`,`is_tj`,`number`,`addtime`,`rewardnum` FROM `qy_lecture` ORDER BY id desc LIMIT 0,10   [ RunTime:0.0007s ]
SQL: SHOW COLUMNS FROM `qy_category` [ RunTime:0.0055s ]
SQL: SELECT `title` FROM `qy_category` WHERE `id` IN ('0002','0041')  [ RunTime:0.0005s ]
SQL: SELECT `title` FROM `qy_category` WHERE `id` IN ('0040','0041')  [ RunTime:0.0005s ]
SQL: SELECT `title` FROM `qy_category` WHERE `id` IN ('0002','0041')  [ RunTime:0.0004s ]
SQL: SELECT `title` FROM `qy_category` WHERE `id` IN ('0002','0041')  [ RunTime:0.0004s ]
SQL: SELECT `title` FROM `qy_category` WHERE `id` IN ('0002','0041')  [ RunTime:0.0004s ]
SQL: SELECT `title` FROM `qy_category` WHERE `id` IN ('0002','0039')  [ RunTime:0.0003s ]
SQL: SHOW COLUMNS FROM `qy_auth_group_access` [ RunTime:0.0048s ]
SQL: SELECT `extend_id` FROM qy_auth_group_access g INNER JOIN qy_auth_extend c on g.group_id=c.group_id  WHERE ( g.uid='1' and c.type='1' and !isnull(extend_id) )  [ RunTime:0.0004s ]
SQL: SHOW COLUMNS FROM `qy_category` [ RunTime:0.0041s ]
SQL: SELECT `id`,`title`,`pid`,`allow_publish` FROM `qy_category` WHERE `id` = 1 OR `pid` = 1 ORDER BY pid,sort  [ RunTime:0.0013s ]
INFO: [ view_parse ] --START--
INFO: [ template_filter ] --START--
INFO: Run Behavior\ContentReplaceBehavior [ RunTime:0.000223s ]
INFO: [ template_filter ] --END-- [ RunTime:0.000274s ]
NOTIC: [8] Undefined variable: show_draftbox F:\xampp\htdocs\qiyun\Runtime\Cache\Admin\42d5029372485e5eba3cae0a9071476c.php 第 67 行.
NOTIC: [8] Undefined variable: show_examine F:\xampp\htdocs\qiyun\Runtime\Cache\Admin\42d5029372485e5eba3cae0a9071476c.php 第 68 行.
NOTIC: [8] Undefined variable: show_recycle F:\xampp\htdocs\qiyun\Runtime\Cache\Admin\42d5029372485e5eba3cae0a9071476c.php 第 105 行.
NOTIC: [8] Undefined index: adtime F:\xampp\htdocs\qiyun\Runtime\Cache\Admin\42d5029372485e5eba3cae0a9071476c.php 第 192 行.
NOTIC: [8] Undefined index: cate_id F:\xampp\htdocs\qiyun\Runtime\Cache\Admin\42d5029372485e5eba3cae0a9071476c.php 第 198 行.
NOTIC: [8] Undefined index: adtime F:\xampp\htdocs\qiyun\Runtime\Cache\Admin\42d5029372485e5eba3cae0a9071476c.php 第 192 行.
NOTIC: [8] Undefined index: cate_id F:\xampp\htdocs\qiyun\Runtime\Cache\Admin\42d5029372485e5eba3cae0a9071476c.php 第 198 行.
NOTIC: [8] Undefined index: adtime F:\xampp\htdocs\qiyun\Runtime\Cache\Admin\42d5029372485e5eba3cae0a9071476c.php 第 192 行.
NOTIC: [8] Undefined index: cate_id F:\xampp\htdocs\qiyun\Runtime\Cache\Admin\42d5029372485e5eba3cae0a9071476c.php 第 198 行.
NOTIC: [8] Undefined index: adtime F:\xampp\htdocs\qiyun\Runtime\Cache\Admin\42d5029372485e5eba3cae0a9071476c.php 第 192 行.
NOTIC: [8] Undefined index: cate_id F:\xampp\htdocs\qiyun\Runtime\Cache\Admin\42d5029372485e5eba3cae0a9071476c.php 第 198 行.
NOTIC: [8] Undefined index: adtime F:\xampp\htdocs\qiyun\Runtime\Cache\Admin\42d5029372485e5eba3cae0a9071476c.php 第 192 行.
NOTIC: [8] Undefined index: cate_id F:\xampp\htdocs\qiyun\Runtime\Cache\Admin\42d5029372485e5eba3cae0a9071476c.php 第 198 行.
NOTIC: [8] Undefined index: adtime F:\xampp\htdocs\qiyun\Runtime\Cache\Admin\42d5029372485e5eba3cae0a9071476c.php 第 192 行.
NOTIC: [8] Undefined index: cate_id F:\xampp\htdocs\qiyun\Runtime\Cache\Admin\42d5029372485e5eba3cae0a9071476c.php 第 198 行.
INFO: Run Behavior\ParseTemplateBehavior [ RunTime:0.028533s ]
INFO: [ view_parse ] --END-- [ RunTime:0.028581s ]
INFO: [ view_filter ] --START--
INFO: Run Behavior\WriteHtmlCacheBehavior [ RunTime:0.000729s ]
INFO: [ view_filter ] --END-- [ RunTime:0.000768s ]
INFO: [ app_end ] --START--
INFO: Run Behavior\ShowPageTraceBehavior [ RunTime:0.000853s ]
INFO: [ app_end ] --END-- [ RunTime:0.000910s ]

[ 2017-06-01T14:25:43+08:00 ] 127.0.0.1 /qiyun/admin.php?s=/Lecture/info/id/49.html
INFO: [ app_init ] --START--
INFO: Run Behavior\BuildLiteBehavior [ RunTime:0.000013s ]
INFO: Run Common\Behavior\InitHookBehavior [ RunTime:0.002910s ]
INFO: [ app_init ] --END-- [ RunTime:0.003483s ]
INFO: [ app_begin ] --START--
INFO: Run Behavior\ReadHtmlCacheBehavior [ RunTime:0.000809s ]
INFO: [ app_begin ] --END-- [ RunTime:0.000857s ]
SQL: SHOW COLUMNS FROM `qy_menu` [ RunTime:0.0041s ]
SQL: SELECT `id`,`title`,`url` FROM `qy_menu` WHERE `pid` = 0 AND `hide` = 0 ORDER BY sort asc  [ RunTime:0.0005s ]
SQL: SELECT `pid` FROM `qy_menu` WHERE ( pid !=0 AND url like '%Lecture/info%' ) LIMIT 1   [ RunTime:0.0012s ]
SQL: SHOW COLUMNS FROM `qy_lecture` [ RunTime:0.0055s ]
SQL: SELECT * FROM `qy_lecture` WHERE ( id=49 ) LIMIT 1   [ RunTime:0.0005s ]
SQL: SHOW COLUMNS FROM `qy_category` [ RunTime:0.0042s ]
SQL: SELECT `title` FROM `qy_category` WHERE `id` IN ('0040','0041')  [ RunTime:0.0004s ]
SQL: SHOW COLUMNS FROM `qy_auth_group_access` [ RunTime:0.0040s ]
SQL: SELECT `extend_id` FROM qy_auth_group_access g INNER JOIN qy_auth_extend c on g.group_id=c.group_id  WHERE ( g.uid='1' and c.type='1' and !isnull(extend_id) )  [ RunTime:0.0004s ]
SQL: SHOW COLUMNS FROM `qy_category` [ RunTime:0.0049s ]
SQL: SELECT `id`,`title`,`pid`,`allow_publish` FROM `qy_category` WHERE `id` = 1 OR `pid` = 1 ORDER BY pid,sort  [ RunTime:0.0014s ]
INFO: [ view_parse ] --START--
INFO: [ template_filter ] --START--
INFO: Run Behavior\ContentReplaceBehavior [ RunTime:0.000206s ]
INFO: [ template_filter ] --END-- [ RunTime:0.000266s ]
NOTIC: [8] Undefined variable: show_draftbox F:\xampp\htdocs\qiyun\Runtime\Cache\Admin\0f931b637ec938870702db28eaf4fbc3.php 第 67 行.
NOTIC: [8] Undefined variable: show_examine F:\xampp\htdocs\qiyun\Runtime\Cache\Admin\0f931b637ec938870702db28eaf4fbc3.php 第 68 行.
NOTIC: [8] Undefined variable: show_recycle F:\xampp\htdocs\qiyun\Runtime\Cache\Admin\0f931b637ec938870702db28eaf4fbc3.php 第 105 行.
INFO: Run Behavior\ParseTemplateBehavior [ RunTime:0.027286s ]
INFO: [ view_parse ] --END-- [ RunTime:0.027336s ]
INFO: [ view_filter ] --START--
INFO: Run Behavior\WriteHtmlCacheBehavior [ RunTime:0.000712s ]
INFO: [ view_filter ] --END-- [ RunTime:0.000773s ]
INFO: [ app_end ] --START--
INFO: Run Behavior\ShowPageTraceBehavior [ RunTime:0.001394s ]
INFO: [ app_end ] --END-- [ RunTime:0.001542s ]

[ 2017-06-01T14:25:43+08:00 ] 127.0.0.1 /qiyun/admin.php?s=/Lecture/info/id/49.html
INFO: [ app_init ] --START--
INFO: Run Behavior\BuildLiteBehavior [ RunTime:0.000012s ]
INFO: Run Common\Behavior\InitHookBehavior [ RunTime:0.002516s ]
INFO: [ app_init ] --END-- [ RunTime:0.003069s ]
INFO: [ app_begin ] --START--
INFO: Run Behavior\ReadHtmlCacheBehavior [ RunTime:0.000786s ]
INFO: [ app_begin ] --END-- [ RunTime:0.000842s ]
SQL: SHOW COLUMNS FROM `qy_menu` [ RunTime:0.0042s ]
SQL: SELECT `id`,`title`,`url` FROM `qy_menu` WHERE `pid` = 0 AND `hide` = 0 ORDER BY sort asc  [ RunTime:0.0005s ]
SQL: SELECT `pid` FROM `qy_menu` WHERE ( pid !=0 AND url like '%Lecture/info%' ) LIMIT 1   [ RunTime:0.0013s ]
SQL: SHOW COLUMNS FROM `qy_lecture` [ RunTime:0.0053s ]
SQL: SELECT * FROM `qy_lecture` WHERE ( id=49 ) LIMIT 1   [ RunTime:0.0005s ]
SQL: SHOW COLUMNS FROM `qy_category` [ RunTime:0.0052s ]
SQL: SELECT `title` FROM `qy_category` WHERE `id` IN ('0040','0041')  [ RunTime:0.0004s ]
SQL: SHOW COLUMNS FROM `qy_auth_group_access` [ RunTime:0.0038s ]
SQL: SELECT `extend_id` FROM qy_auth_group_access g INNER JOIN qy_auth_extend c on g.group_id=c.group_id  WHERE ( g.uid='1' and c.type='1' and !isnull(extend_id) )  [ RunTime:0.0005s ]
SQL: SHOW COLUMNS FROM `qy_category` [ RunTime:0.0045s ]
SQL: SELECT `id`,`title`,`pid`,`allow_publish` FROM `qy_category` WHERE `id` = 1 OR `pid` = 1 ORDER BY pid,sort  [ RunTime:0.0017s ]
INFO: [ view_parse ] --START--
INFO: [ template_filter ] --START--
INFO: Run Behavior\ContentReplaceBehavior [ RunTime:0.000262s ]
INFO: [ template_filter ] --END-- [ RunTime:0.000322s ]
NOTIC: [8] Undefined variable: show_draftbox F:\xampp\htdocs\qiyun\Runtime\Cache\Admin\0f931b637ec938870702db28eaf4fbc3.php 第 67 行.
NOTIC: [8] Undefined variable: show_examine F:\xampp\htdocs\qiyun\Runtime\Cache\Admin\0f931b637ec938870702db28eaf4fbc3.php 第 68 行.
NOTIC: [8] Undefined variable: show_recycle F:\xampp\htdocs\qiyun\Runtime\Cache\Admin\0f931b637ec938870702db28eaf4fbc3.php 第 105 行.
INFO: Run Behavior\ParseTemplateBehavior [ RunTime:0.026703s ]
INFO: [ view_parse ] --END-- [ RunTime:0.026762s ]
INFO: [ view_filter ] --START--
INFO: Run Behavior\WriteHtmlCacheBehavior [ RunTime:0.000692s ]
INFO: [ view_filter ] --END-- [ RunTime:0.000731s ]
INFO: [ app_end ] --START--
INFO: Run Behavior\ShowPageTraceBehavior [ RunTime:0.001318s ]
INFO: [ app_end ] --END-- [ RunTime:0.001378s ]

