[ 2017-06-27T15:13:35+08:00 ] ::1 /qiyun/admin.php
INFO: [ app_init ] --START--
INFO: Run Behavior\BuildLiteBehavior [ RunTime:0.000011s ]
INFO: Run Common\Behavior\InitHookBehavior [ RunTime:0.002858s ]
INFO: [ app_init ] --END-- [ RunTime:0.003552s ]
INFO: [ app_begin ] --START--
INFO: Run Behavior\ReadHtmlCacheBehavior [ RunTime:0.000769s ]
INFO: [ app_begin ] --END-- [ RunTime:0.000827s ]

[ 2017-06-27T15:13:36+08:00 ] ::1 /qiyun/admin.php?s=/Public/login.html
INFO: [ app_init ] --START--
INFO: Run Behavior\BuildLiteBehavior [ RunTime:0.000013s ]
INFO: Run Common\Behavior\InitHookBehavior [ RunTime:0.002209s ]
INFO: [ app_init ] --END-- [ RunTime:0.002777s ]
INFO: [ app_begin ] --START--
INFO: Run Behavior\ReadHtmlCacheBehavior [ RunTime:0.000674s ]
INFO: [ app_begin ] --END-- [ RunTime:0.000724s ]
SQL: SHOW COLUMNS FROM `qy_config` [ RunTime:0.0034s ]
SQL: SELECT `type`,`name`,`value` FROM `qy_config` WHERE `status` = 1  [ RunTime:0.0006s ]
INFO: [ view_parse ] --START--
INFO: [ template_filter ] --START--
INFO: Run Behavior\ContentReplaceBehavior [ RunTime:0.000113s ]
INFO: [ template_filter ] --END-- [ RunTime:0.000178s ]
INFO: Run Behavior\ParseTemplateBehavior [ RunTime:0.008703s ]
INFO: [ view_parse ] --END-- [ RunTime:0.008771s ]
INFO: [ view_filter ] --START--
INFO: Run Behavior\WriteHtmlCacheBehavior [ RunTime:0.000509s ]
INFO: [ view_filter ] --END-- [ RunTime:0.000546s ]
INFO: [ app_end ] --START--
INFO: Run Behavior\ShowPageTraceBehavior [ RunTime:0.000668s ]
INFO: [ app_end ] --END-- [ RunTime:0.000709s ]

[ 2017-06-27T15:13:39+08:00 ] ::1 /qiyun/admin.php?s=/Public/login.html
INFO: [ app_init ] --START--
INFO: Run Behavior\BuildLiteBehavior [ RunTime:0.000015s ]
INFO: Run Common\Behavior\InitHookBehavior [ RunTime:0.002180s ]
INFO: [ app_init ] --END-- [ RunTime:0.003038s ]
INFO: [ app_begin ] --START--
INFO: Run Behavior\ReadHtmlCacheBehavior [ RunTime:0.000656s ]
INFO: [ app_begin ] --END-- [ RunTime:0.000706s ]
NOTIC: [8] Undefined index: lite F:\xampp\htdocs\qiyun\ThinkPHP\Library\Think\Db.class.php 第 37 行.

[ 2017-06-27T15:13:42+08:00 ] ::1 /qiyun/admin.php?s=/Public/login.html
INFO: [ app_init ] --START--
INFO: Run Behavior\BuildLiteBehavior [ RunTime:0.000013s ]
INFO: Run Common\Behavior\InitHookBehavior [ RunTime:0.002170s ]
INFO: [ app_init ] --END-- [ RunTime:0.002751s ]
INFO: [ app_begin ] --START--
INFO: Run Behavior\ReadHtmlCacheBehavior [ RunTime:0.000597s ]
INFO: [ app_begin ] --END-- [ RunTime:0.000644s ]
NOTIC: [8] Undefined index: lite F:\xampp\htdocs\qiyun\ThinkPHP\Library\Think\Db.class.php 第 37 行.
SQL: SHOW COLUMNS FROM `qy_member` [ RunTime:0.0073s ]
SQL: SELECT `uid`,`nickname`,`sex`,`birthday`,`qq`,`score`,`login`,`reg_ip`,`reg_time`,`last_login_ip`,`last_login_time`,`status` FROM `qy_member` WHERE `uid` = 1 LIMIT 1   [ RunTime:0.0004s ]
SQL: SHOW COLUMNS FROM `qy_action` [ RunTime:0.0046s ]
SQL: SELECT * FROM `qy_action` WHERE `name` = 'user_login' LIMIT 1   [ RunTime:0.0007s ]
SQL: SHOW COLUMNS FROM `qy_member` [ RunTime:0.0047s ]
SQL: SELECT `nickname` FROM `qy_member` WHERE `uid` = 1 LIMIT 1   [ RunTime:0.0003s ]
SQL: SHOW COLUMNS FROM `qy_action_log` [ RunTime:0.0482s ]
SQL: INSERT INTO `qy_action_log` (`action_id`,`user_id`,`action_ip`,`model`,`record_id`,`create_time`,`remark`) VALUES ('1','1','0','member','1','1498547622','admin在2017-06-27 15:13登录了后台') [ RunTime:0.0113s ]
SQL: SELECT * FROM `qy_action` WHERE `name` = 'user_login' LIMIT 1   [ RunTime:0.0004s ]
NOTIC: [8] Undefined offset: 1 F:\xampp\htdocs\qiyun\Application\Common\Common\function.php 第 688 行.
NOTIC: [2] array_key_exists() expects parameter 2 to be array, null given F:\xampp\htdocs\qiyun\Application\Common\Common\function.php 第 688 行.
SQL: SELECT COUNT(*) AS tp_count FROM `qy_action_log` WHERE `action_id` = 1 AND `user_id` = 1 AND `create_time` > 1498461222 LIMIT 1   [ RunTime:0.0006s ]
SQL: UPDATE `qy_member` SET `login`=`login`+1,`last_login_time`='1498547622',`last_login_ip`='0' WHERE `uid` = 1 [ RunTime:0.0004s ]

[ 2017-06-27T15:13:43+08:00 ] ::1 /qiyun/admin.php?s=/Index/index.html
INFO: [ app_init ] --START--
INFO: Run Behavior\BuildLiteBehavior [ RunTime:0.000012s ]
INFO: Run Common\Behavior\InitHookBehavior [ RunTime:0.002084s ]
INFO: [ app_init ] --END-- [ RunTime:0.002604s ]
INFO: [ app_begin ] --START--
INFO: Run Behavior\ReadHtmlCacheBehavior [ RunTime:0.000646s ]
INFO: [ app_begin ] --END-- [ RunTime:0.000720s ]
SQL: SHOW COLUMNS FROM `qy_menu` [ RunTime:0.0704s ]
SQL: SELECT `id`,`title`,`url` FROM `qy_menu` WHERE `pid` = 0 AND `hide` = 0 ORDER BY sort asc  [ RunTime:0.0005s ]
SQL: SELECT `pid` FROM `qy_menu` WHERE ( pid !=0 AND url like '%Index/index%' ) LIMIT 1   [ RunTime:0.0009s ]
INFO: [ view_parse ] --START--
INFO: [ template_filter ] --START--
INFO: Run Behavior\ContentReplaceBehavior [ RunTime:0.000112s ]
INFO: [ template_filter ] --END-- [ RunTime:0.000159s ]
INFO: [ AdminIndex ] --START--
SQL: SHOW COLUMNS FROM `qy_addons` [ RunTime:0.0037s ]
SQL: SELECT `config` FROM `qy_addons` WHERE `name` = 'SystemInfo' AND `status` = 1 LIMIT 1   [ RunTime:0.0004s ]
INFO: [ view_parse ] --START--
INFO: [ template_filter ] --START--
INFO: Run Behavior\ContentReplaceBehavior [ RunTime:0.000039s ]
INFO: [ template_filter ] --END-- [ RunTime:-0.134671s ]
SQL: select version() as v; [ RunTime:0.0003s ]
INFO: Run Behavior\ParseTemplateBehavior [ RunTime:0.003927s ]
INFO: [ view_parse ] --END-- [ RunTime:0.003975s ]
INFO: [ view_filter ] --START--
INFO: Run Behavior\WriteHtmlCacheBehavior [ RunTime:0.000502s ]
INFO: [ view_filter ] --END-- [ RunTime:0.000539s ]
INFO: Run Addons\SystemInfo\SystemInfoAddon [ RunTime:0.135274s ]
INFO: [ AdminIndex ] --END-- [ RunTime:0.135326s ]
INFO: Run Behavior\ParseTemplateBehavior [ RunTime:0.004582s ]
INFO: [ view_parse ] --END-- [ RunTime:0.003975s ]
INFO: [ view_filter ] --START--
INFO: Run Behavior\WriteHtmlCacheBehavior [ RunTime:0.000008s ]
INFO: [ view_filter ] --END-- [ RunTime:-0.000106s ]
INFO: [ app_end ] --START--
INFO: Run Behavior\ShowPageTraceBehavior [ RunTime:0.000800s ]
INFO: [ app_end ] --END-- [ RunTime:0.000866s ]

[ 2017-06-27T15:13:46+08:00 ] ::1 /qiyun/admin.php?s=/Config/group.html
INFO: [ app_init ] --START--
INFO: Run Behavior\BuildLiteBehavior [ RunTime:0.000025s ]
INFO: Run Common\Behavior\InitHookBehavior [ RunTime:0.002057s ]
INFO: [ app_init ] --END-- [ RunTime:0.002675s ]
INFO: [ app_begin ] --START--
INFO: Run Behavior\ReadHtmlCacheBehavior [ RunTime:0.000625s ]
INFO: [ app_begin ] --END-- [ RunTime:0.000686s ]
SQL: SHOW COLUMNS FROM `qy_menu` [ RunTime:0.0171s ]
SQL: SELECT `id`,`title`,`url` FROM `qy_menu` WHERE `pid` = 0 AND `hide` = 0 ORDER BY sort asc  [ RunTime:0.0007s ]
SQL: SELECT `pid` FROM `qy_menu` WHERE ( pid !=0 AND url like '%Config/group%' ) LIMIT 1   [ RunTime:0.0009s ]
SQL: SELECT * FROM `qy_menu` WHERE `id` = 68 LIMIT 1   [ RunTime:0.0005s ]
SQL: SELECT DISTINCT  `group` FROM `qy_menu` WHERE `group` <> '' AND `pid` = 68  [ RunTime:0.0006s ]
SQL: SELECT `id`,`url` FROM `qy_menu` WHERE `pid` = 68 AND `hide` = 0  [ RunTime:0.0006s ]
SQL: SELECT `id`,`pid`,`title`,`url`,`tip` FROM `qy_menu` WHERE `group` = '系统设置' AND `pid` = 68 AND `hide` = 0 ORDER BY sort asc  [ RunTime:0.0006s ]
SQL: SELECT `id`,`pid`,`title`,`url`,`tip` FROM `qy_menu` WHERE `group` = '数据备份' AND `pid` = 68 AND `hide` = 0 ORDER BY sort asc  [ RunTime:0.0005s ]
SQL: SHOW COLUMNS FROM `qy_config` [ RunTime:0.0041s ]
SQL: SELECT `id`,`name`,`title`,`extra`,`value`,`remark`,`type` FROM `qy_config` WHERE `status` = 1 AND `group` = 1 ORDER BY sort  [ RunTime:0.0007s ]
INFO: [ view_parse ] --START--
INFO: [ template_filter ] --START--
INFO: Run Behavior\ContentReplaceBehavior [ RunTime:0.000242s ]
INFO: [ template_filter ] --END-- [ RunTime:0.000307s ]
INFO: Run Behavior\ParseTemplateBehavior [ RunTime:0.031194s ]
INFO: [ view_parse ] --END-- [ RunTime:0.031246s ]
INFO: [ view_filter ] --START--
INFO: Run Behavior\WriteHtmlCacheBehavior [ RunTime:0.000484s ]
INFO: [ view_filter ] --END-- [ RunTime:0.000520s ]
INFO: [ app_end ] --START--
INFO: Run Behavior\ShowPageTraceBehavior [ RunTime:0.000795s ]
INFO: [ app_end ] --END-- [ RunTime:0.000863s ]

[ 2017-06-27T15:13:47+08:00 ] ::1 /qiyun/admin.php?s=/Category/index.html
INFO: [ app_init ] --START--
INFO: Run Behavior\BuildLiteBehavior [ RunTime:0.000014s ]
INFO: Run Common\Behavior\InitHookBehavior [ RunTime:0.002410s ]
INFO: [ app_init ] --END-- [ RunTime:0.002938s ]
INFO: [ app_begin ] --START--
INFO: Run Behavior\ReadHtmlCacheBehavior [ RunTime:0.000603s ]
INFO: [ app_begin ] --END-- [ RunTime:0.000656s ]
SQL: SHOW COLUMNS FROM `qy_menu` [ RunTime:0.0032s ]
SQL: SELECT `id`,`title`,`url` FROM `qy_menu` WHERE `pid` = 0 AND `hide` = 0 ORDER BY sort asc  [ RunTime:0.0005s ]
SQL: SELECT `pid` FROM `qy_menu` WHERE ( pid !=0 AND url like '%Category/index%' ) LIMIT 1   [ RunTime:0.0008s ]
SQL: SELECT * FROM `qy_menu` WHERE `id` = 68 LIMIT 1   [ RunTime:0.0003s ]
SQL: SELECT DISTINCT  `group` FROM `qy_menu` WHERE `group` <> '' AND `pid` = 68  [ RunTime:0.0005s ]
SQL: SELECT `id`,`url` FROM `qy_menu` WHERE `pid` = 68 AND `hide` = 0  [ RunTime:0.0004s ]
SQL: SELECT `id`,`pid`,`title`,`url`,`tip` FROM `qy_menu` WHERE `group` = '系统设置' AND `pid` = 68 AND `hide` = 0 ORDER BY sort asc  [ RunTime:0.0004s ]
SQL: SELECT `id`,`pid`,`title`,`url`,`tip` FROM `qy_menu` WHERE `group` = '数据备份' AND `pid` = 68 AND `hide` = 0 ORDER BY sort asc  [ RunTime:0.0004s ]
SQL: SHOW COLUMNS FROM `qy_category` [ RunTime:0.0040s ]
SQL: SELECT `id`,`name`,`title`,`sort`,`pid`,`allow_publish`,`status` FROM `qy_category` WHERE `status` > -1 ORDER BY sort  [ RunTime:0.0005s ]
INFO: [ view_parse ] --START--
INFO: [ template_filter ] --START--
INFO: Run Behavior\ContentReplaceBehavior [ RunTime:0.000168s ]
INFO: [ template_filter ] --END-- [ RunTime:0.000214s ]
INFO: [ view_parse ] --START--
INFO: [ template_filter ] --START--
INFO: Run Behavior\ContentReplaceBehavior [ RunTime:0.000038s ]
INFO: [ template_filter ] --END-- [ RunTime:-0.026518s ]
INFO: [ view_parse ] --START--
INFO: [ template_filter ] --START--
INFO: Run Behavior\ContentReplaceBehavior [ RunTime:0.000038s ]
INFO: [ template_filter ] --END-- [ RunTime:-0.030830s ]
INFO: Run Behavior\ParseTemplateBehavior [ RunTime:0.004888s ]
INFO: [ view_parse ] --END-- [ RunTime:0.004939s ]
INFO: [ view_filter ] --START--
INFO: Run Behavior\WriteHtmlCacheBehavior [ RunTime:0.000480s ]
INFO: [ view_filter ] --END-- [ RunTime:0.000518s ]
INFO: [ view_parse ] --START--
INFO: [ template_filter ] --START--
INFO: Run Behavior\ContentReplaceBehavior [ RunTime:0.000063s ]
INFO: [ template_filter ] --END-- [ RunTime:-0.036750s ]
INFO: Run Behavior\ParseTemplateBehavior [ RunTime:0.004265s ]
INFO: [ view_parse ] --END-- [ RunTime:-0.001037s ]
INFO: [ view_filter ] --START--
INFO: Run Behavior\WriteHtmlCacheBehavior [ RunTime:0.000009s ]
INFO: [ view_filter ] --END-- [ RunTime:-0.004828s ]
INFO: Run Behavior\ParseTemplateBehavior [ RunTime:0.004384s ]
INFO: [ view_parse ] --END-- [ RunTime:-0.001037s ]
INFO: [ view_filter ] --START--
INFO: Run Behavior\WriteHtmlCacheBehavior [ RunTime:0.000006s ]
INFO: [ view_filter ] --END-- [ RunTime:-0.004927s ]
INFO: Run Behavior\ParseTemplateBehavior [ RunTime:0.004498s ]
INFO: [ view_parse ] --END-- [ RunTime:-0.001037s ]
INFO: [ view_filter ] --START--
INFO: Run Behavior\WriteHtmlCacheBehavior [ RunTime:0.000006s ]
INFO: [ view_filter ] --END-- [ RunTime:-0.005043s ]
INFO: [ app_end ] --START--
INFO: Run Behavior\ShowPageTraceBehavior [ RunTime:0.000744s ]
INFO: [ app_end ] --END-- [ RunTime:0.000805s ]

[ 2017-06-27T15:13:52+08:00 ] ::1 /qiyun/admin.php?s=/Category/edit/id/39/pid/1.html
INFO: [ app_init ] --START--
INFO: Run Behavior\BuildLiteBehavior [ RunTime:0.000012s ]
INFO: Run Common\Behavior\InitHookBehavior [ RunTime:0.002124s ]
INFO: [ app_init ] --END-- [ RunTime:0.002650s ]
INFO: [ app_begin ] --START--
INFO: Run Behavior\ReadHtmlCacheBehavior [ RunTime:0.000710s ]
INFO: [ app_begin ] --END-- [ RunTime:0.000779s ]
SQL: SHOW COLUMNS FROM `qy_menu` [ RunTime:0.0032s ]
SQL: SELECT `id`,`title`,`url` FROM `qy_menu` WHERE `pid` = 0 AND `hide` = 0 ORDER BY sort asc  [ RunTime:0.0006s ]
SQL: SELECT `pid` FROM `qy_menu` WHERE ( pid !=0 AND url like '%Category/edit%' ) LIMIT 1   [ RunTime:0.0011s ]
SQL: SELECT * FROM `qy_menu` WHERE `id` = 80 LIMIT 1   [ RunTime:0.0005s ]
SQL: SELECT * FROM `qy_menu` WHERE `id` = 68 LIMIT 1   [ RunTime:0.0006s ]
SQL: SELECT DISTINCT  `group` FROM `qy_menu` WHERE `group` <> '' AND `pid` = 68  [ RunTime:0.0006s ]
SQL: SELECT `id`,`url` FROM `qy_menu` WHERE `pid` = 68 AND `hide` = 0  [ RunTime:0.0004s ]
SQL: SELECT `id`,`pid`,`title`,`url`,`tip` FROM `qy_menu` WHERE `group` = '系统设置' AND `pid` = 68 AND `hide` = 0 ORDER BY sort asc  [ RunTime:0.0005s ]
SQL: SELECT `id`,`pid`,`title`,`url`,`tip` FROM `qy_menu` WHERE `group` = '数据备份' AND `pid` = 68 AND `hide` = 0 ORDER BY sort asc  [ RunTime:0.0005s ]
SQL: SHOW COLUMNS FROM `qy_category` [ RunTime:0.0040s ]
SQL: SELECT `id`,`name`,`title`,`status` FROM `qy_category` WHERE `id` = 1 LIMIT 1   [ RunTime:0.0005s ]
SQL: SELECT `id`,`name`,`title`,`pid`,`sort`,`list_row`,`meta_title`,`keywords`,`description`,`template_index`,`template_lists`,`template_detail`,`template_edit`,`model`,`model_sub`,`type`,`link_id`,`allow_publish`,`display`,`reply`,`check`,`reply_model`,`extend`,`create_time`,`update_time`,`status`,`icon`,`groups` FROM `qy_category` WHERE `id` = 39 LIMIT 1   [ RunTime:0.0005s ]
INFO: [ view_parse ] --START--
INFO: [ template_filter ] --START--
INFO: Run Behavior\ContentReplaceBehavior [ RunTime:0.000264s ]
INFO: [ template_filter ] --END-- [ RunTime:0.000315s ]
SQL: SHOW COLUMNS FROM `qy_model` [ RunTime:0.0589s ]
SQL: SELECT `id`,`name`,`title`,`extend`,`relation`,`need_pk`,`field_sort`,`field_group`,`attribute_list`,`attribute_alias`,`template_list`,`template_add`,`template_edit`,`list_grid`,`list_row`,`search_key`,`search_list`,`create_time`,`update_time`,`status`,`engine_type` FROM `qy_model` WHERE `status` = 1 AND `extend` = 1  [ RunTime:0.0005s ]
INFO: Run Behavior\ParseTemplateBehavior [ RunTime:0.112367s ]
INFO: [ view_parse ] --END-- [ RunTime:0.112447s ]
INFO: [ view_filter ] --START--
INFO: Run Behavior\WriteHtmlCacheBehavior [ RunTime:0.000603s ]
INFO: [ view_filter ] --END-- [ RunTime:0.000650s ]
INFO: [ app_end ] --START--
INFO: Run Behavior\ShowPageTraceBehavior [ RunTime:0.000699s ]
INFO: [ app_end ] --END-- [ RunTime:0.000743s ]

[ 2017-06-27T15:14:58+08:00 ] ::1 /qiyun/admin.php?s=/File/uploadPicture/session_id/v0oa5dru07qpf40ajjs6b6n7q3.html
INFO: [ app_init ] --START--
INFO: Run Behavior\BuildLiteBehavior [ RunTime:0.000012s ]
INFO: Run Common\Behavior\InitHookBehavior [ RunTime:0.002302s ]
INFO: [ app_init ] --END-- [ RunTime:0.002873s ]
INFO: [ app_begin ] --START--
INFO: Run Behavior\ReadHtmlCacheBehavior [ RunTime:0.000787s ]
INFO: [ app_begin ] --END-- [ RunTime:0.000846s ]
SQL: SHOW COLUMNS FROM `qy_menu` [ RunTime:0.0033s ]
SQL: SELECT `id`,`title`,`url` FROM `qy_menu` WHERE `pid` = 0 AND `hide` = 0 ORDER BY sort asc  [ RunTime:0.0005s ]
SQL: SELECT `pid` FROM `qy_menu` WHERE ( pid !=0 AND url like '%File/uploadPicture%' ) LIMIT 1   [ RunTime:0.0010s ]
SQL: SHOW COLUMNS FROM `qy_picture` [ RunTime:0.0033s ]
SQL: SELECT `id`,`path`,`url`,`md5`,`sha1`,`status`,`create_time` FROM `qy_picture` WHERE `md5` = '741696257c55c7bff18ff2cb97be13e7' AND `sha1` = '4929a90098c0b96a69f41c60b8e6792a287ec456' LIMIT 1   [ RunTime:0.0005s ]
SQL: INSERT INTO `qy_picture` (`md5`,`sha1`,`path`,`status`,`create_time`) VALUES ('741696257c55c7bff18ff2cb97be13e7','4929a90098c0b96a69f41c60b8e6792a287ec456','/Uploads/Picture/2017-06-27/595205f22c025.png','1','1498547697') [ RunTime:0.0005s ]

[ 2017-06-27T15:15:00+08:00 ] ::1 /qiyun/admin.php?s=/Category/edit.html
INFO: [ app_init ] --START--
INFO: Run Behavior\BuildLiteBehavior [ RunTime:0.000014s ]
INFO: Run Common\Behavior\InitHookBehavior [ RunTime:0.002038s ]
INFO: [ app_init ] --END-- [ RunTime:0.002633s ]
INFO: [ app_begin ] --START--
INFO: Run Behavior\ReadHtmlCacheBehavior [ RunTime:0.000902s ]
INFO: [ app_begin ] --END-- [ RunTime:0.000971s ]
SQL: SHOW COLUMNS FROM `qy_menu` [ RunTime:0.0032s ]
SQL: SELECT `id`,`title`,`url` FROM `qy_menu` WHERE `pid` = 0 AND `hide` = 0 ORDER BY sort asc  [ RunTime:0.0006s ]
SQL: SELECT `pid` FROM `qy_menu` WHERE ( pid !=0 AND url like '%Category/edit%' ) LIMIT 1   [ RunTime:0.0011s ]
SQL: SELECT * FROM `qy_menu` WHERE `id` = 80 LIMIT 1   [ RunTime:0.0004s ]
SQL: SELECT * FROM `qy_menu` WHERE `id` = 68 LIMIT 1   [ RunTime:0.0003s ]
SQL: SELECT DISTINCT  `group` FROM `qy_menu` WHERE `group` <> '' AND `pid` = 68  [ RunTime:0.0004s ]
SQL: SELECT `id`,`url` FROM `qy_menu` WHERE `pid` = 68 AND `hide` = 0  [ RunTime:0.0004s ]
SQL: SELECT `id`,`pid`,`title`,`url`,`tip` FROM `qy_menu` WHERE `group` = '系统设置' AND `pid` = 68 AND `hide` = 0 ORDER BY sort asc  [ RunTime:0.0004s ]
SQL: SELECT `id`,`pid`,`title`,`url`,`tip` FROM `qy_menu` WHERE `group` = '数据备份' AND `pid` = 68 AND `hide` = 0 ORDER BY sort asc  [ RunTime:0.0005s ]
SQL: SHOW COLUMNS FROM `qy_category` [ RunTime:0.0037s ]
SQL: SELECT * FROM `qy_category` WHERE `name` = 'xs' AND `id` <> '39' LIMIT 1   [ RunTime:0.0008s ]
NOTIC: [2] Missing argument 1 for arr2str() F:\xampp\htdocs\qiyun\Application\Common\Common\function.php 第 69 行.
NOTIC: [8] Undefined variable: arr F:\xampp\htdocs\qiyun\Application\Common\Common\function.php 第 70 行.
NOTIC: [2] implode(): Invalid arguments passed F:\xampp\htdocs\qiyun\Application\Common\Common\function.php 第 70 行.
NOTIC: [2] Missing argument 1 for arr2str() F:\xampp\htdocs\qiyun\Application\Common\Common\function.php 第 69 行.
NOTIC: [8] Undefined variable: arr F:\xampp\htdocs\qiyun\Application\Common\Common\function.php 第 70 行.
NOTIC: [2] implode(): Invalid arguments passed F:\xampp\htdocs\qiyun\Application\Common\Common\function.php 第 70 行.
NOTIC: [2] Missing argument 1 for arr2str() F:\xampp\htdocs\qiyun\Application\Common\Common\function.php 第 69 行.
NOTIC: [8] Undefined variable: arr F:\xampp\htdocs\qiyun\Application\Common\Common\function.php 第 70 行.
NOTIC: [2] implode(): Invalid arguments passed F:\xampp\htdocs\qiyun\Application\Common\Common\function.php 第 70 行.
NOTIC: [2] json_encode() expects at least 1 parameter, 0 given F:\xampp\htdocs\qiyun\ThinkPHP\Library\Think\Model.class.php 第 1145 行.
SQL: UPDATE `qy_category` SET `title`='保险',`name`='xs',`groups`='',`allow_publish`='1',`check`='0',`type`='2',`icon`='16',`display`='1',`sort`='0',`list_row`='10',`meta_title`='',`keywords`='',`description`='',`template_index`='',`template_lists`='',`template_detail`='',`template_edit`='',`pid`='1',`update_time`='1498547700',`status`='1' WHERE `id` = 39 [ RunTime:0.0007s ]
NOTIC: [2] unlink(./Runtime/Temp/cbc58bd3cdec352c980d0ad729b5c219.php): No such file or directory F:\xampp\htdocs\qiyun\ThinkPHP\Library\Think\Cache\Driver\File.class.php 第 157 行.
SQL: SHOW COLUMNS FROM `qy_action` [ RunTime:0.0037s ]
SQL: SELECT * FROM `qy_action` WHERE `name` = 'update_category' LIMIT 1   [ RunTime:0.0004s ]
SQL: SHOW COLUMNS FROM `qy_action_log` [ RunTime:0.0032s ]
SQL: INSERT INTO `qy_action_log` (`action_id`,`user_id`,`action_ip`,`model`,`record_id`,`create_time`,`remark`) VALUES ('11','1','0','category','39','1498547700','操作url：/qiyun/admin.php?s=/Category/edit.html') [ RunTime:0.0004s ]

[ 2017-06-27T15:15:02+08:00 ] ::1 /qiyun/admin.php?s=/Category/index.html
INFO: [ app_init ] --START--
INFO: Run Behavior\BuildLiteBehavior [ RunTime:0.000018s ]
INFO: Run Common\Behavior\InitHookBehavior [ RunTime:0.002416s ]
INFO: [ app_init ] --END-- [ RunTime:0.003081s ]
INFO: [ app_begin ] --START--
INFO: Run Behavior\ReadHtmlCacheBehavior [ RunTime:0.001110s ]
INFO: [ app_begin ] --END-- [ RunTime:0.001208s ]
SQL: SHOW COLUMNS FROM `qy_menu` [ RunTime:0.0033s ]
SQL: SELECT `id`,`title`,`url` FROM `qy_menu` WHERE `pid` = 0 AND `hide` = 0 ORDER BY sort asc  [ RunTime:0.0015s ]
SQL: SELECT `pid` FROM `qy_menu` WHERE ( pid !=0 AND url like '%Category/index%' ) LIMIT 1   [ RunTime:0.0012s ]
SQL: SELECT * FROM `qy_menu` WHERE `id` = 68 LIMIT 1   [ RunTime:0.0005s ]
SQL: SELECT DISTINCT  `group` FROM `qy_menu` WHERE `group` <> '' AND `pid` = 68  [ RunTime:0.0006s ]
SQL: SELECT `id`,`url` FROM `qy_menu` WHERE `pid` = 68 AND `hide` = 0  [ RunTime:0.0005s ]
SQL: SELECT `id`,`pid`,`title`,`url`,`tip` FROM `qy_menu` WHERE `group` = '系统设置' AND `pid` = 68 AND `hide` = 0 ORDER BY sort asc  [ RunTime:0.0005s ]
SQL: SELECT `id`,`pid`,`title`,`url`,`tip` FROM `qy_menu` WHERE `group` = '数据备份' AND `pid` = 68 AND `hide` = 0 ORDER BY sort asc  [ RunTime:0.0005s ]
SQL: SHOW COLUMNS FROM `qy_category` [ RunTime:0.0038s ]
SQL: SELECT `id`,`name`,`title`,`sort`,`pid`,`allow_publish`,`status` FROM `qy_category` WHERE `status` > -1 ORDER BY sort  [ RunTime:0.0004s ]
INFO: [ view_parse ] --START--
INFO: [ template_filter ] --START--
INFO: Run Behavior\ContentReplaceBehavior [ RunTime:0.000164s ]
INFO: [ template_filter ] --END-- [ RunTime:0.000211s ]
INFO: [ view_parse ] --START--
INFO: [ template_filter ] --START--
INFO: Run Behavior\ContentReplaceBehavior [ RunTime:0.000037s ]
INFO: [ template_filter ] --END-- [ RunTime:-0.005266s ]
INFO: [ view_parse ] --START--
INFO: [ template_filter ] --START--
INFO: Run Behavior\ContentReplaceBehavior [ RunTime:0.000075s ]
INFO: [ template_filter ] --END-- [ RunTime:-0.010606s ]
INFO: Run Behavior\ParseTemplateBehavior [ RunTime:0.007001s ]
INFO: [ view_parse ] --END-- [ RunTime:0.007056s ]
INFO: [ view_filter ] --START--
INFO: Run Behavior\WriteHtmlCacheBehavior [ RunTime:0.000481s ]
INFO: [ view_filter ] --END-- [ RunTime:0.000533s ]
INFO: [ view_parse ] --START--
INFO: [ template_filter ] --START--
INFO: Run Behavior\ContentReplaceBehavior [ RunTime:0.000075s ]
INFO: [ template_filter ] --END-- [ RunTime:-0.017333s ]
INFO: Run Behavior\ParseTemplateBehavior [ RunTime:0.003912s ]
INFO: [ view_parse ] --END-- [ RunTime:-0.001060s ]
INFO: [ view_filter ] --START--
INFO: Run Behavior\WriteHtmlCacheBehavior [ RunTime:0.000010s ]
INFO: [ view_filter ] --END-- [ RunTime:-0.004508s ]
INFO: Run Behavior\ParseTemplateBehavior [ RunTime:0.004063s ]
INFO: [ view_parse ] --END-- [ RunTime:-0.001060s ]
INFO: [ view_filter ] --START--
INFO: Run Behavior\WriteHtmlCacheBehavior [ RunTime:0.000006s ]
INFO: [ view_filter ] --END-- [ RunTime:-0.004623s ]
INFO: Run Behavior\ParseTemplateBehavior [ RunTime:0.004173s ]
INFO: [ view_parse ] --END-- [ RunTime:-0.001060s ]
INFO: [ view_filter ] --START--
INFO: Run Behavior\WriteHtmlCacheBehavior [ RunTime:0.000006s ]
INFO: [ view_filter ] --END-- [ RunTime:-0.004736s ]
INFO: [ app_end ] --START--
INFO: Run Behavior\ShowPageTraceBehavior [ RunTime:0.000650s ]
INFO: [ app_end ] --END-- [ RunTime:0.000705s ]

[ 2017-06-27T15:15:05+08:00 ] ::1 /qiyun/admin.php?s=/Category/edit/id/40/pid/1.html
INFO: [ app_init ] --START--
INFO: Run Behavior\BuildLiteBehavior [ RunTime:0.000014s ]
INFO: Run Common\Behavior\InitHookBehavior [ RunTime:0.002219s ]
INFO: [ app_init ] --END-- [ RunTime:0.002817s ]
INFO: [ app_begin ] --START--
INFO: Run Behavior\ReadHtmlCacheBehavior [ RunTime:0.001028s ]
INFO: [ app_begin ] --END-- [ RunTime:0.001110s ]
SQL: SHOW COLUMNS FROM `qy_menu` [ RunTime:0.0040s ]
SQL: SELECT `id`,`title`,`url` FROM `qy_menu` WHERE `pid` = 0 AND `hide` = 0 ORDER BY sort asc  [ RunTime:0.0005s ]
SQL: SELECT `pid` FROM `qy_menu` WHERE ( pid !=0 AND url like '%Category/edit%' ) LIMIT 1   [ RunTime:0.0009s ]
SQL: SELECT * FROM `qy_menu` WHERE `id` = 80 LIMIT 1   [ RunTime:0.0003s ]
SQL: SELECT * FROM `qy_menu` WHERE `id` = 68 LIMIT 1   [ RunTime:0.0004s ]
SQL: SELECT DISTINCT  `group` FROM `qy_menu` WHERE `group` <> '' AND `pid` = 68  [ RunTime:0.0004s ]
SQL: SELECT `id`,`url` FROM `qy_menu` WHERE `pid` = 68 AND `hide` = 0  [ RunTime:0.0004s ]
SQL: SELECT `id`,`pid`,`title`,`url`,`tip` FROM `qy_menu` WHERE `group` = '系统设置' AND `pid` = 68 AND `hide` = 0 ORDER BY sort asc  [ RunTime:0.0005s ]
SQL: SELECT `id`,`pid`,`title`,`url`,`tip` FROM `qy_menu` WHERE `group` = '数据备份' AND `pid` = 68 AND `hide` = 0 ORDER BY sort asc  [ RunTime:0.0005s ]
SQL: SHOW COLUMNS FROM `qy_category` [ RunTime:0.0038s ]
SQL: SELECT `id`,`name`,`title`,`status` FROM `qy_category` WHERE `id` = 1 LIMIT 1   [ RunTime:0.0004s ]
SQL: SELECT `id`,`name`,`title`,`pid`,`sort`,`list_row`,`meta_title`,`keywords`,`description`,`template_index`,`template_lists`,`template_detail`,`template_edit`,`model`,`model_sub`,`type`,`link_id`,`allow_publish`,`display`,`reply`,`check`,`reply_model`,`extend`,`create_time`,`update_time`,`status`,`icon`,`groups` FROM `qy_category` WHERE `id` = 40 LIMIT 1   [ RunTime:0.0005s ]
INFO: [ view_parse ] --START--
INFO: [ template_filter ] --START--
INFO: Run Behavior\ContentReplaceBehavior [ RunTime:0.000268s ]
INFO: [ template_filter ] --END-- [ RunTime:0.000316s ]
INFO: Run Behavior\ParseTemplateBehavior [ RunTime:0.020122s ]
INFO: [ view_parse ] --END-- [ RunTime:0.020196s ]
INFO: [ view_filter ] --START--
INFO: Run Behavior\WriteHtmlCacheBehavior [ RunTime:0.000627s ]
INFO: [ view_filter ] --END-- [ RunTime:0.000669s ]
INFO: [ app_end ] --START--
INFO: Run Behavior\ShowPageTraceBehavior [ RunTime:0.000710s ]
INFO: [ app_end ] --END-- [ RunTime:0.000762s ]

[ 2017-06-27T15:15:12+08:00 ] ::1 /qiyun/admin.php?s=/File/uploadPicture/session_id/v0oa5dru07qpf40ajjs6b6n7q3.html
INFO: [ app_init ] --START--
INFO: Run Behavior\BuildLiteBehavior [ RunTime:0.000014s ]
INFO: Run Common\Behavior\InitHookBehavior [ RunTime:0.002458s ]
INFO: [ app_init ] --END-- [ RunTime:0.002998s ]
INFO: [ app_begin ] --START--
INFO: Run Behavior\ReadHtmlCacheBehavior [ RunTime:0.000722s ]
INFO: [ app_begin ] --END-- [ RunTime:0.000794s ]
SQL: SHOW COLUMNS FROM `qy_menu` [ RunTime:0.0177s ]
SQL: SELECT `id`,`title`,`url` FROM `qy_menu` WHERE `pid` = 0 AND `hide` = 0 ORDER BY sort asc  [ RunTime:0.0006s ]
SQL: SELECT `pid` FROM `qy_menu` WHERE ( pid !=0 AND url like '%File/uploadPicture%' ) LIMIT 1   [ RunTime:0.0011s ]
SQL: SHOW COLUMNS FROM `qy_picture` [ RunTime:0.0030s ]
SQL: SELECT `id`,`path`,`url`,`md5`,`sha1`,`status`,`create_time` FROM `qy_picture` WHERE `md5` = '0583b9dcdf02fe04668373596ab7964f' AND `sha1` = '96c621a0eaca9cc804eb3fa52400b4f815e4a509' LIMIT 1   [ RunTime:0.0004s ]
SQL: INSERT INTO `qy_picture` (`md5`,`sha1`,`path`,`status`,`create_time`) VALUES ('0583b9dcdf02fe04668373596ab7964f','96c621a0eaca9cc804eb3fa52400b4f815e4a509','/Uploads/Picture/2017-06-27/59520600ac90e.png','1','1498547712') [ RunTime:0.0004s ]

[ 2017-06-27T15:15:14+08:00 ] ::1 /qiyun/admin.php?s=/Category/edit.html
INFO: [ app_init ] --START--
INFO: Run Behavior\BuildLiteBehavior [ RunTime:0.000013s ]
INFO: Run Common\Behavior\InitHookBehavior [ RunTime:0.002193s ]
INFO: [ app_init ] --END-- [ RunTime:0.002795s ]
INFO: [ app_begin ] --START--
INFO: Run Behavior\ReadHtmlCacheBehavior [ RunTime:0.000632s ]
INFO: [ app_begin ] --END-- [ RunTime:0.000689s ]
SQL: SHOW COLUMNS FROM `qy_menu` [ RunTime:0.0037s ]
SQL: SELECT `id`,`title`,`url` FROM `qy_menu` WHERE `pid` = 0 AND `hide` = 0 ORDER BY sort asc  [ RunTime:0.0005s ]
SQL: SELECT `pid` FROM `qy_menu` WHERE ( pid !=0 AND url like '%Category/edit%' ) LIMIT 1   [ RunTime:0.0009s ]
SQL: SELECT * FROM `qy_menu` WHERE `id` = 80 LIMIT 1   [ RunTime:0.0004s ]
SQL: SELECT * FROM `qy_menu` WHERE `id` = 68 LIMIT 1   [ RunTime:0.0003s ]
SQL: SELECT DISTINCT  `group` FROM `qy_menu` WHERE `group` <> '' AND `pid` = 68  [ RunTime:0.0004s ]
SQL: SELECT `id`,`url` FROM `qy_menu` WHERE `pid` = 68 AND `hide` = 0  [ RunTime:0.0004s ]
SQL: SELECT `id`,`pid`,`title`,`url`,`tip` FROM `qy_menu` WHERE `group` = '系统设置' AND `pid` = 68 AND `hide` = 0 ORDER BY sort asc  [ RunTime:0.0004s ]
SQL: SELECT `id`,`pid`,`title`,`url`,`tip` FROM `qy_menu` WHERE `group` = '数据备份' AND `pid` = 68 AND `hide` = 0 ORDER BY sort asc  [ RunTime:0.0005s ]
SQL: SHOW COLUMNS FROM `qy_category` [ RunTime:0.0036s ]
SQL: SELECT * FROM `qy_category` WHERE `name` = 'gq' AND `id` <> '40' LIMIT 1   [ RunTime:0.0005s ]
NOTIC: [2] Missing argument 1 for arr2str() F:\xampp\htdocs\qiyun\Application\Common\Common\function.php 第 69 行.
NOTIC: [8] Undefined variable: arr F:\xampp\htdocs\qiyun\Application\Common\Common\function.php 第 70 行.
NOTIC: [2] implode(): Invalid arguments passed F:\xampp\htdocs\qiyun\Application\Common\Common\function.php 第 70 行.
NOTIC: [2] Missing argument 1 for arr2str() F:\xampp\htdocs\qiyun\Application\Common\Common\function.php 第 69 行.
NOTIC: [8] Undefined variable: arr F:\xampp\htdocs\qiyun\Application\Common\Common\function.php 第 70 行.
NOTIC: [2] implode(): Invalid arguments passed F:\xampp\htdocs\qiyun\Application\Common\Common\function.php 第 70 行.
NOTIC: [2] Missing argument 1 for arr2str() F:\xampp\htdocs\qiyun\Application\Common\Common\function.php 第 69 行.
NOTIC: [8] Undefined variable: arr F:\xampp\htdocs\qiyun\Application\Common\Common\function.php 第 70 行.
NOTIC: [2] implode(): Invalid arguments passed F:\xampp\htdocs\qiyun\Application\Common\Common\function.php 第 70 行.
NOTIC: [2] json_encode() expects at least 1 parameter, 0 given F:\xampp\htdocs\qiyun\ThinkPHP\Library\Think\Model.class.php 第 1145 行.
SQL: UPDATE `qy_category` SET `title`='法律',`name`='gq',`groups`='',`allow_publish`='1',`check`='0',`type`='2',`icon`='17',`display`='1',`sort`='0',`list_row`='10',`meta_title`='',`keywords`='',`description`='',`template_index`='',`template_lists`='',`template_detail`='',`template_edit`='',`pid`='1',`update_time`='1498547714',`status`='1' WHERE `id` = 40 [ RunTime:0.0004s ]
NOTIC: [2] unlink(./Runtime/Temp/cbc58bd3cdec352c980d0ad729b5c219.php): No such file or directory F:\xampp\htdocs\qiyun\ThinkPHP\Library\Think\Cache\Driver\File.class.php 第 157 行.
SQL: SHOW COLUMNS FROM `qy_action` [ RunTime:0.0032s ]
SQL: SELECT * FROM `qy_action` WHERE `name` = 'update_category' LIMIT 1   [ RunTime:0.0004s ]
SQL: SHOW COLUMNS FROM `qy_action_log` [ RunTime:0.0033s ]
SQL: INSERT INTO `qy_action_log` (`action_id`,`user_id`,`action_ip`,`model`,`record_id`,`create_time`,`remark`) VALUES ('11','1','0','category','40','1498547714','操作url：/qiyun/admin.php?s=/Category/edit.html') [ RunTime:0.0004s ]

[ 2017-06-27T15:15:16+08:00 ] ::1 /qiyun/admin.php?s=/Category/index.html
INFO: [ app_init ] --START--
INFO: Run Behavior\BuildLiteBehavior [ RunTime:0.000017s ]
INFO: Run Common\Behavior\InitHookBehavior [ RunTime:0.002880s ]
INFO: [ app_init ] --END-- [ RunTime:0.003576s ]
INFO: [ app_begin ] --START--
INFO: Run Behavior\ReadHtmlCacheBehavior [ RunTime:0.001160s ]
INFO: [ app_begin ] --END-- [ RunTime:0.001257s ]
SQL: SHOW COLUMNS FROM `qy_menu` [ RunTime:0.0033s ]
SQL: SELECT `id`,`title`,`url` FROM `qy_menu` WHERE `pid` = 0 AND `hide` = 0 ORDER BY sort asc  [ RunTime:0.0005s ]
SQL: SELECT `pid` FROM `qy_menu` WHERE ( pid !=0 AND url like '%Category/index%' ) LIMIT 1   [ RunTime:0.0015s ]
SQL: SELECT * FROM `qy_menu` WHERE `id` = 68 LIMIT 1   [ RunTime:0.0014s ]
SQL: SELECT DISTINCT  `group` FROM `qy_menu` WHERE `group` <> '' AND `pid` = 68  [ RunTime:0.0005s ]
SQL: SELECT `id`,`url` FROM `qy_menu` WHERE `pid` = 68 AND `hide` = 0  [ RunTime:0.0005s ]
SQL: SELECT `id`,`pid`,`title`,`url`,`tip` FROM `qy_menu` WHERE `group` = '系统设置' AND `pid` = 68 AND `hide` = 0 ORDER BY sort asc  [ RunTime:0.0005s ]
SQL: SELECT `id`,`pid`,`title`,`url`,`tip` FROM `qy_menu` WHERE `group` = '数据备份' AND `pid` = 68 AND `hide` = 0 ORDER BY sort asc  [ RunTime:0.0005s ]
SQL: SHOW COLUMNS FROM `qy_category` [ RunTime:0.0040s ]
SQL: SELECT `id`,`name`,`title`,`sort`,`pid`,`allow_publish`,`status` FROM `qy_category` WHERE `status` > -1 ORDER BY sort  [ RunTime:0.0005s ]
INFO: [ view_parse ] --START--
INFO: [ template_filter ] --START--
INFO: Run Behavior\ContentReplaceBehavior [ RunTime:0.000157s ]
INFO: [ template_filter ] --END-- [ RunTime:0.000215s ]
INFO: [ view_parse ] --START--
INFO: [ template_filter ] --START--
INFO: Run Behavior\ContentReplaceBehavior [ RunTime:0.000038s ]
INFO: [ template_filter ] --END-- [ RunTime:-0.005910s ]
INFO: [ view_parse ] --START--
INFO: [ template_filter ] --START--
INFO: Run Behavior\ContentReplaceBehavior [ RunTime:0.000067s ]
INFO: [ template_filter ] --END-- [ RunTime:-0.010468s ]
INFO: Run Behavior\ParseTemplateBehavior [ RunTime:0.006398s ]
INFO: [ view_parse ] --END-- [ RunTime:0.006460s ]
INFO: [ view_filter ] --START--
INFO: Run Behavior\WriteHtmlCacheBehavior [ RunTime:0.000428s ]
INFO: [ view_filter ] --END-- [ RunTime:0.000475s ]
INFO: [ view_parse ] --START--
INFO: [ template_filter ] --START--
INFO: Run Behavior\ContentReplaceBehavior [ RunTime:0.000040s ]
INFO: [ template_filter ] --END-- [ RunTime:-0.018234s ]
INFO: Run Behavior\ParseTemplateBehavior [ RunTime:0.004512s ]
INFO: [ view_parse ] --END-- [ RunTime:-0.001192s ]
INFO: [ view_filter ] --START--
INFO: Run Behavior\WriteHtmlCacheBehavior [ RunTime:0.000009s ]
INFO: [ view_filter ] --END-- [ RunTime:-0.005283s ]
INFO: Run Behavior\ParseTemplateBehavior [ RunTime:0.004630s ]
INFO: [ view_parse ] --END-- [ RunTime:-0.001192s ]
INFO: [ view_filter ] --START--
INFO: Run Behavior\WriteHtmlCacheBehavior [ RunTime:0.000017s ]
INFO: [ view_filter ] --END-- [ RunTime:-0.005397s ]
INFO: Run Behavior\ParseTemplateBehavior [ RunTime:0.004771s ]
INFO: [ view_parse ] --END-- [ RunTime:-0.001192s ]
INFO: [ view_filter ] --START--
INFO: Run Behavior\WriteHtmlCacheBehavior [ RunTime:0.000006s ]
INFO: [ view_filter ] --END-- [ RunTime:-0.005523s ]
INFO: [ app_end ] --START--
INFO: Run Behavior\ShowPageTraceBehavior [ RunTime:0.000691s ]
INFO: [ app_end ] --END-- [ RunTime:0.000755s ]

[ 2017-06-27T15:15:18+08:00 ] ::1 /qiyun/admin.php?s=/Category/edit/id/41/pid/1.html
INFO: [ app_init ] --START--
INFO: Run Behavior\BuildLiteBehavior [ RunTime:0.000012s ]
INFO: Run Common\Behavior\InitHookBehavior [ RunTime:0.002189s ]
INFO: [ app_init ] --END-- [ RunTime:0.002780s ]
INFO: [ app_begin ] --START--
INFO: Run Behavior\ReadHtmlCacheBehavior [ RunTime:0.000631s ]
INFO: [ app_begin ] --END-- [ RunTime:0.000681s ]
SQL: SHOW COLUMNS FROM `qy_menu` [ RunTime:0.0034s ]
SQL: SELECT `id`,`title`,`url` FROM `qy_menu` WHERE `pid` = 0 AND `hide` = 0 ORDER BY sort asc  [ RunTime:0.0005s ]
SQL: SELECT `pid` FROM `qy_menu` WHERE ( pid !=0 AND url like '%Category/edit%' ) LIMIT 1   [ RunTime:0.0008s ]
SQL: SELECT * FROM `qy_menu` WHERE `id` = 80 LIMIT 1   [ RunTime:0.0004s ]
SQL: SELECT * FROM `qy_menu` WHERE `id` = 68 LIMIT 1   [ RunTime:0.0003s ]
SQL: SELECT DISTINCT  `group` FROM `qy_menu` WHERE `group` <> '' AND `pid` = 68  [ RunTime:0.0005s ]
SQL: SELECT `id`,`url` FROM `qy_menu` WHERE `pid` = 68 AND `hide` = 0  [ RunTime:0.0006s ]
SQL: SELECT `id`,`pid`,`title`,`url`,`tip` FROM `qy_menu` WHERE `group` = '系统设置' AND `pid` = 68 AND `hide` = 0 ORDER BY sort asc  [ RunTime:0.0004s ]
SQL: SELECT `id`,`pid`,`title`,`url`,`tip` FROM `qy_menu` WHERE `group` = '数据备份' AND `pid` = 68 AND `hide` = 0 ORDER BY sort asc  [ RunTime:0.0004s ]
SQL: SHOW COLUMNS FROM `qy_category` [ RunTime:0.0036s ]
SQL: SELECT `id`,`name`,`title`,`status` FROM `qy_category` WHERE `id` = 1 LIMIT 1   [ RunTime:0.0004s ]
SQL: SELECT `id`,`name`,`title`,`pid`,`sort`,`list_row`,`meta_title`,`keywords`,`description`,`template_index`,`template_lists`,`template_detail`,`template_edit`,`model`,`model_sub`,`type`,`link_id`,`allow_publish`,`display`,`reply`,`check`,`reply_model`,`extend`,`create_time`,`update_time`,`status`,`icon`,`groups` FROM `qy_category` WHERE `id` = 41 LIMIT 1   [ RunTime:0.0005s ]
INFO: [ view_parse ] --START--
INFO: [ template_filter ] --START--
INFO: Run Behavior\ContentReplaceBehavior [ RunTime:0.000243s ]
INFO: [ template_filter ] --END-- [ RunTime:0.000303s ]
INFO: Run Behavior\ParseTemplateBehavior [ RunTime:0.018891s ]
INFO: [ view_parse ] --END-- [ RunTime:0.018945s ]
INFO: [ view_filter ] --START--
INFO: Run Behavior\WriteHtmlCacheBehavior [ RunTime:0.000420s ]
INFO: [ view_filter ] --END-- [ RunTime:0.000458s ]
INFO: [ app_end ] --START--
INFO: Run Behavior\ShowPageTraceBehavior [ RunTime:0.000801s ]
INFO: [ app_end ] --END-- [ RunTime:0.000873s ]

[ 2017-06-27T15:15:26+08:00 ] ::1 /qiyun/admin.php?s=/File/uploadPicture/session_id/v0oa5dru07qpf40ajjs6b6n7q3.html
INFO: [ app_init ] --START--
INFO: Run Behavior\BuildLiteBehavior [ RunTime:0.000014s ]
INFO: Run Common\Behavior\InitHookBehavior [ RunTime:0.002440s ]
INFO: [ app_init ] --END-- [ RunTime:0.002995s ]
INFO: [ app_begin ] --START--
INFO: Run Behavior\ReadHtmlCacheBehavior [ RunTime:0.000767s ]
INFO: [ app_begin ] --END-- [ RunTime:0.000843s ]
SQL: SHOW COLUMNS FROM `qy_menu` [ RunTime:0.0034s ]
SQL: SELECT `id`,`title`,`url` FROM `qy_menu` WHERE `pid` = 0 AND `hide` = 0 ORDER BY sort asc  [ RunTime:0.0004s ]
SQL: SELECT `pid` FROM `qy_menu` WHERE ( pid !=0 AND url like '%File/uploadPicture%' ) LIMIT 1   [ RunTime:0.0009s ]
SQL: SHOW COLUMNS FROM `qy_picture` [ RunTime:0.0031s ]
SQL: SELECT `id`,`path`,`url`,`md5`,`sha1`,`status`,`create_time` FROM `qy_picture` WHERE `md5` = '87e9aad720630b97b15261c3c0189318' AND `sha1` = '837b7da9756924c066f5f1886cab37db18f90b6b' LIMIT 1   [ RunTime:0.0004s ]
SQL: INSERT INTO `qy_picture` (`md5`,`sha1`,`path`,`status`,`create_time`) VALUES ('87e9aad720630b97b15261c3c0189318','837b7da9756924c066f5f1886cab37db18f90b6b','/Uploads/Picture/2017-06-27/5952060e77f58.png','1','1498547726') [ RunTime:0.0003s ]

[ 2017-06-27T15:15:27+08:00 ] ::1 /qiyun/admin.php?s=/Category/edit.html
INFO: [ app_init ] --START--
INFO: Run Behavior\BuildLiteBehavior [ RunTime:0.000013s ]
INFO: Run Common\Behavior\InitHookBehavior [ RunTime:0.002239s ]
INFO: [ app_init ] --END-- [ RunTime:0.002775s ]
INFO: [ app_begin ] --START--
INFO: Run Behavior\ReadHtmlCacheBehavior [ RunTime:0.000697s ]
INFO: [ app_begin ] --END-- [ RunTime:0.000748s ]
SQL: SHOW COLUMNS FROM `qy_menu` [ RunTime:0.0034s ]
SQL: SELECT `id`,`title`,`url` FROM `qy_menu` WHERE `pid` = 0 AND `hide` = 0 ORDER BY sort asc  [ RunTime:0.0005s ]
SQL: SELECT `pid` FROM `qy_menu` WHERE ( pid !=0 AND url like '%Category/edit%' ) LIMIT 1   [ RunTime:0.0011s ]
SQL: SELECT * FROM `qy_menu` WHERE `id` = 80 LIMIT 1   [ RunTime:0.0004s ]
SQL: SELECT * FROM `qy_menu` WHERE `id` = 68 LIMIT 1   [ RunTime:0.0003s ]
SQL: SELECT DISTINCT  `group` FROM `qy_menu` WHERE `group` <> '' AND `pid` = 68  [ RunTime:0.0004s ]
SQL: SELECT `id`,`url` FROM `qy_menu` WHERE `pid` = 68 AND `hide` = 0  [ RunTime:0.0010s ]
SQL: SELECT `id`,`pid`,`title`,`url`,`tip` FROM `qy_menu` WHERE `group` = '系统设置' AND `pid` = 68 AND `hide` = 0 ORDER BY sort asc  [ RunTime:0.0009s ]
SQL: SELECT `id`,`pid`,`title`,`url`,`tip` FROM `qy_menu` WHERE `group` = '数据备份' AND `pid` = 68 AND `hide` = 0 ORDER BY sort asc  [ RunTime:0.0006s ]
SQL: SHOW COLUMNS FROM `qy_category` [ RunTime:0.0040s ]
SQL: SELECT * FROM `qy_category` WHERE `name` = 'rz' AND `id` <> '41' LIMIT 1   [ RunTime:0.0005s ]
NOTIC: [2] Missing argument 1 for arr2str() F:\xampp\htdocs\qiyun\Application\Common\Common\function.php 第 69 行.
NOTIC: [8] Undefined variable: arr F:\xampp\htdocs\qiyun\Application\Common\Common\function.php 第 70 行.
NOTIC: [2] implode(): Invalid arguments passed F:\xampp\htdocs\qiyun\Application\Common\Common\function.php 第 70 行.
NOTIC: [2] Missing argument 1 for arr2str() F:\xampp\htdocs\qiyun\Application\Common\Common\function.php 第 69 行.
NOTIC: [8] Undefined variable: arr F:\xampp\htdocs\qiyun\Application\Common\Common\function.php 第 70 行.
NOTIC: [2] implode(): Invalid arguments passed F:\xampp\htdocs\qiyun\Application\Common\Common\function.php 第 70 行.
NOTIC: [2] Missing argument 1 for arr2str() F:\xampp\htdocs\qiyun\Application\Common\Common\function.php 第 69 行.
NOTIC: [8] Undefined variable: arr F:\xampp\htdocs\qiyun\Application\Common\Common\function.php 第 70 行.
NOTIC: [2] implode(): Invalid arguments passed F:\xampp\htdocs\qiyun\Application\Common\Common\function.php 第 70 行.
NOTIC: [2] json_encode() expects at least 1 parameter, 0 given F:\xampp\htdocs\qiyun\ThinkPHP\Library\Think\Model.class.php 第 1145 行.
SQL: UPDATE `qy_category` SET `title`='健康',`name`='rz',`groups`='',`allow_publish`='1',`check`='0',`type`='2',`icon`='18',`display`='1',`sort`='0',`list_row`='10',`meta_title`='',`keywords`='',`description`='',`template_index`='',`template_lists`='',`template_detail`='',`template_edit`='',`pid`='1',`update_time`='1498547727',`status`='1' WHERE `id` = 41 [ RunTime:0.0004s ]
NOTIC: [2] unlink(./Runtime/Temp/cbc58bd3cdec352c980d0ad729b5c219.php): No such file or directory F:\xampp\htdocs\qiyun\ThinkPHP\Library\Think\Cache\Driver\File.class.php 第 157 行.
SQL: SHOW COLUMNS FROM `qy_action` [ RunTime:0.0037s ]
SQL: SELECT * FROM `qy_action` WHERE `name` = 'update_category' LIMIT 1   [ RunTime:0.0004s ]
SQL: SHOW COLUMNS FROM `qy_action_log` [ RunTime:0.0052s ]
SQL: INSERT INTO `qy_action_log` (`action_id`,`user_id`,`action_ip`,`model`,`record_id`,`create_time`,`remark`) VALUES ('11','1','0','category','41','1498547727','操作url：/qiyun/admin.php?s=/Category/edit.html') [ RunTime:0.0005s ]

[ 2017-06-27T15:15:29+08:00 ] ::1 /qiyun/admin.php?s=/Category/index.html
INFO: [ app_init ] --START--
INFO: Run Behavior\BuildLiteBehavior [ RunTime:0.000013s ]
INFO: Run Common\Behavior\InitHookBehavior [ RunTime:0.002278s ]
INFO: [ app_init ] --END-- [ RunTime:0.002829s ]
INFO: [ app_begin ] --START--
INFO: Run Behavior\ReadHtmlCacheBehavior [ RunTime:0.000627s ]
INFO: [ app_begin ] --END-- [ RunTime:0.000677s ]
SQL: SHOW COLUMNS FROM `qy_menu` [ RunTime:0.0032s ]
SQL: SELECT `id`,`title`,`url` FROM `qy_menu` WHERE `pid` = 0 AND `hide` = 0 ORDER BY sort asc  [ RunTime:0.0005s ]
SQL: SELECT `pid` FROM `qy_menu` WHERE ( pid !=0 AND url like '%Category/index%' ) LIMIT 1   [ RunTime:0.0007s ]
SQL: SELECT * FROM `qy_menu` WHERE `id` = 68 LIMIT 1   [ RunTime:0.0004s ]
SQL: SELECT DISTINCT  `group` FROM `qy_menu` WHERE `group` <> '' AND `pid` = 68  [ RunTime:0.0008s ]
SQL: SELECT `id`,`url` FROM `qy_menu` WHERE `pid` = 68 AND `hide` = 0  [ RunTime:0.0006s ]
SQL: SELECT `id`,`pid`,`title`,`url`,`tip` FROM `qy_menu` WHERE `group` = '系统设置' AND `pid` = 68 AND `hide` = 0 ORDER BY sort asc  [ RunTime:0.0005s ]
SQL: SELECT `id`,`pid`,`title`,`url`,`tip` FROM `qy_menu` WHERE `group` = '数据备份' AND `pid` = 68 AND `hide` = 0 ORDER BY sort asc  [ RunTime:0.0005s ]
SQL: SHOW COLUMNS FROM `qy_category` [ RunTime:0.0036s ]
SQL: SELECT `id`,`name`,`title`,`sort`,`pid`,`allow_publish`,`status` FROM `qy_category` WHERE `status` > -1 ORDER BY sort  [ RunTime:0.0006s ]
INFO: [ view_parse ] --START--
INFO: [ template_filter ] --START--
INFO: Run Behavior\ContentReplaceBehavior [ RunTime:0.000139s ]
INFO: [ template_filter ] --END-- [ RunTime:0.000189s ]
INFO: [ view_parse ] --START--
INFO: [ template_filter ] --START--
INFO: Run Behavior\ContentReplaceBehavior [ RunTime:0.000045s ]
INFO: [ template_filter ] --END-- [ RunTime:-0.005390s ]
INFO: [ view_parse ] --START--
INFO: [ template_filter ] --START--
INFO: Run Behavior\ContentReplaceBehavior [ RunTime:0.000037s ]
INFO: [ template_filter ] --END-- [ RunTime:-0.009579s ]
INFO: Run Behavior\ParseTemplateBehavior [ RunTime:0.004593s ]
INFO: [ view_parse ] --END-- [ RunTime:0.004643s ]
INFO: [ view_filter ] --START--
INFO: Run Behavior\WriteHtmlCacheBehavior [ RunTime:0.000392s ]
INFO: [ view_filter ] --END-- [ RunTime:0.000430s ]
INFO: [ view_parse ] --START--
INFO: [ template_filter ] --START--
INFO: Run Behavior\ContentReplaceBehavior [ RunTime:0.000053s ]
INFO: [ template_filter ] --END-- [ RunTime:-0.015700s ]
INFO: Run Behavior\ParseTemplateBehavior [ RunTime:0.004213s ]
INFO: [ view_parse ] --END-- [ RunTime:-0.001327s ]
INFO: [ view_filter ] --START--
INFO: Run Behavior\WriteHtmlCacheBehavior [ RunTime:0.000008s ]
INFO: [ view_filter ] --END-- [ RunTime:-0.005156s ]
INFO: Run Behavior\ParseTemplateBehavior [ RunTime:0.004324s ]
INFO: [ view_parse ] --END-- [ RunTime:-0.001327s ]
INFO: [ view_filter ] --START--
INFO: Run Behavior\WriteHtmlCacheBehavior [ RunTime:0.000006s ]
INFO: [ view_filter ] --END-- [ RunTime:-0.005251s ]
INFO: Run Behavior\ParseTemplateBehavior [ RunTime:0.004512s ]
INFO: [ view_parse ] --END-- [ RunTime:-0.001327s ]
INFO: [ view_filter ] --START--
INFO: Run Behavior\WriteHtmlCacheBehavior [ RunTime:0.000008s ]
INFO: [ view_filter ] --END-- [ RunTime:-0.005491s ]
INFO: [ app_end ] --START--
INFO: Run Behavior\ShowPageTraceBehavior [ RunTime:0.000713s ]
INFO: [ app_end ] --END-- [ RunTime:0.000781s ]

[ 2017-06-27T15:15:33+08:00 ] ::1 /qiyun/admin.php?s=/Category/edit/id/45/pid/1.html
INFO: [ app_init ] --START--
INFO: Run Behavior\BuildLiteBehavior [ RunTime:0.000012s ]
INFO: Run Common\Behavior\InitHookBehavior [ RunTime:0.002200s ]
INFO: [ app_init ] --END-- [ RunTime:0.002753s ]
INFO: [ app_begin ] --START--
INFO: Run Behavior\ReadHtmlCacheBehavior [ RunTime:0.000624s ]
INFO: [ app_begin ] --END-- [ RunTime:0.000672s ]
SQL: SHOW COLUMNS FROM `qy_menu` [ RunTime:0.0034s ]
SQL: SELECT `id`,`title`,`url` FROM `qy_menu` WHERE `pid` = 0 AND `hide` = 0 ORDER BY sort asc  [ RunTime:0.0005s ]
SQL: SELECT `pid` FROM `qy_menu` WHERE ( pid !=0 AND url like '%Category/edit%' ) LIMIT 1   [ RunTime:0.0008s ]
SQL: SELECT * FROM `qy_menu` WHERE `id` = 80 LIMIT 1   [ RunTime:0.0003s ]
SQL: SELECT * FROM `qy_menu` WHERE `id` = 68 LIMIT 1   [ RunTime:0.0003s ]
SQL: SELECT DISTINCT  `group` FROM `qy_menu` WHERE `group` <> '' AND `pid` = 68  [ RunTime:0.0004s ]
SQL: SELECT `id`,`url` FROM `qy_menu` WHERE `pid` = 68 AND `hide` = 0  [ RunTime:0.0003s ]
SQL: SELECT `id`,`pid`,`title`,`url`,`tip` FROM `qy_menu` WHERE `group` = '系统设置' AND `pid` = 68 AND `hide` = 0 ORDER BY sort asc  [ RunTime:0.0004s ]
SQL: SELECT `id`,`pid`,`title`,`url`,`tip` FROM `qy_menu` WHERE `group` = '数据备份' AND `pid` = 68 AND `hide` = 0 ORDER BY sort asc  [ RunTime:0.0004s ]
SQL: SHOW COLUMNS FROM `qy_category` [ RunTime:0.0036s ]
SQL: SELECT `id`,`name`,`title`,`status` FROM `qy_category` WHERE `id` = 1 LIMIT 1   [ RunTime:0.0004s ]
SQL: SELECT `id`,`name`,`title`,`pid`,`sort`,`list_row`,`meta_title`,`keywords`,`description`,`template_index`,`template_lists`,`template_detail`,`template_edit`,`model`,`model_sub`,`type`,`link_id`,`allow_publish`,`display`,`reply`,`check`,`reply_model`,`extend`,`create_time`,`update_time`,`status`,`icon`,`groups` FROM `qy_category` WHERE `id` = 45 LIMIT 1   [ RunTime:0.0004s ]
INFO: [ view_parse ] --START--
INFO: [ template_filter ] --START--
INFO: Run Behavior\ContentReplaceBehavior [ RunTime:0.000242s ]
INFO: [ template_filter ] --END-- [ RunTime:0.000329s ]
INFO: Run Behavior\ParseTemplateBehavior [ RunTime:0.018776s ]
INFO: [ view_parse ] --END-- [ RunTime:0.018825s ]
INFO: [ view_filter ] --START--
INFO: Run Behavior\WriteHtmlCacheBehavior [ RunTime:0.000393s ]
INFO: [ view_filter ] --END-- [ RunTime:0.000428s ]
INFO: [ app_end ] --START--
INFO: Run Behavior\ShowPageTraceBehavior [ RunTime:0.000754s ]
INFO: [ app_end ] --END-- [ RunTime:0.000822s ]

[ 2017-06-27T15:15:39+08:00 ] ::1 /qiyun/admin.php?s=/File/uploadPicture/session_id/v0oa5dru07qpf40ajjs6b6n7q3.html
INFO: [ app_init ] --START--
INFO: Run Behavior\BuildLiteBehavior [ RunTime:0.000012s ]
INFO: Run Common\Behavior\InitHookBehavior [ RunTime:0.002555s ]
INFO: [ app_init ] --END-- [ RunTime:0.003066s ]
INFO: [ app_begin ] --START--
INFO: Run Behavior\ReadHtmlCacheBehavior [ RunTime:0.000606s ]
INFO: [ app_begin ] --END-- [ RunTime:0.000656s ]
SQL: SHOW COLUMNS FROM `qy_menu` [ RunTime:0.0032s ]
SQL: SELECT `id`,`title`,`url` FROM `qy_menu` WHERE `pid` = 0 AND `hide` = 0 ORDER BY sort asc  [ RunTime:0.0005s ]
SQL: SELECT `pid` FROM `qy_menu` WHERE ( pid !=0 AND url like '%File/uploadPicture%' ) LIMIT 1   [ RunTime:0.0020s ]
SQL: SHOW COLUMNS FROM `qy_picture` [ RunTime:0.0033s ]
SQL: SELECT `id`,`path`,`url`,`md5`,`sha1`,`status`,`create_time` FROM `qy_picture` WHERE `md5` = '08c6a388b162a81822d7fcaec16dc253' AND `sha1` = 'c3e9420be0a688ac5a4c35a195002be9ca9df511' LIMIT 1   [ RunTime:0.0004s ]
SQL: INSERT INTO `qy_picture` (`md5`,`sha1`,`path`,`status`,`create_time`) VALUES ('08c6a388b162a81822d7fcaec16dc253','c3e9420be0a688ac5a4c35a195002be9ca9df511','/Uploads/Picture/2017-06-27/5952061b22e3c.png','1','1498547739') [ RunTime:0.0003s ]

[ 2017-06-27T15:15:44+08:00 ] ::1 /qiyun/admin.php?s=/Category/edit.html
INFO: [ app_init ] --START--
INFO: Run Behavior\BuildLiteBehavior [ RunTime:0.000013s ]
INFO: Run Common\Behavior\InitHookBehavior [ RunTime:0.002171s ]
INFO: [ app_init ] --END-- [ RunTime:0.002733s ]
INFO: [ app_begin ] --START--
INFO: Run Behavior\ReadHtmlCacheBehavior [ RunTime:0.000560s ]
INFO: [ app_begin ] --END-- [ RunTime:0.000608s ]
SQL: SHOW COLUMNS FROM `qy_menu` [ RunTime:0.0032s ]
SQL: SELECT `id`,`title`,`url` FROM `qy_menu` WHERE `pid` = 0 AND `hide` = 0 ORDER BY sort asc  [ RunTime:0.0005s ]
SQL: SELECT `pid` FROM `qy_menu` WHERE ( pid !=0 AND url like '%Category/edit%' ) LIMIT 1   [ RunTime:0.0009s ]
SQL: SELECT * FROM `qy_menu` WHERE `id` = 80 LIMIT 1   [ RunTime:0.0004s ]
SQL: SELECT * FROM `qy_menu` WHERE `id` = 68 LIMIT 1   [ RunTime:0.0003s ]
SQL: SELECT DISTINCT  `group` FROM `qy_menu` WHERE `group` <> '' AND `pid` = 68  [ RunTime:0.0004s ]
SQL: SELECT `id`,`url` FROM `qy_menu` WHERE `pid` = 68 AND `hide` = 0  [ RunTime:0.0004s ]
SQL: SELECT `id`,`pid`,`title`,`url`,`tip` FROM `qy_menu` WHERE `group` = '系统设置' AND `pid` = 68 AND `hide` = 0 ORDER BY sort asc  [ RunTime:0.0005s ]
SQL: SELECT `id`,`pid`,`title`,`url`,`tip` FROM `qy_menu` WHERE `group` = '数据备份' AND `pid` = 68 AND `hide` = 0 ORDER BY sort asc  [ RunTime:0.0004s ]
SQL: SHOW COLUMNS FROM `qy_category` [ RunTime:0.0037s ]
SQL: SELECT * FROM `qy_category` WHERE `name` = 'jr' AND `id` <> '45' LIMIT 1   [ RunTime:0.0005s ]
NOTIC: [2] Missing argument 1 for arr2str() F:\xampp\htdocs\qiyun\Application\Common\Common\function.php 第 69 行.
NOTIC: [8] Undefined variable: arr F:\xampp\htdocs\qiyun\Application\Common\Common\function.php 第 70 行.
NOTIC: [2] implode(): Invalid arguments passed F:\xampp\htdocs\qiyun\Application\Common\Common\function.php 第 70 行.
NOTIC: [2] Missing argument 1 for arr2str() F:\xampp\htdocs\qiyun\Application\Common\Common\function.php 第 69 行.
NOTIC: [8] Undefined variable: arr F:\xampp\htdocs\qiyun\Application\Common\Common\function.php 第 70 行.
NOTIC: [2] implode(): Invalid arguments passed F:\xampp\htdocs\qiyun\Application\Common\Common\function.php 第 70 行.
NOTIC: [2] Missing argument 1 for arr2str() F:\xampp\htdocs\qiyun\Application\Common\Common\function.php 第 69 行.
NOTIC: [8] Undefined variable: arr F:\xampp\htdocs\qiyun\Application\Common\Common\function.php 第 70 行.
NOTIC: [2] implode(): Invalid arguments passed F:\xampp\htdocs\qiyun\Application\Common\Common\function.php 第 70 行.
NOTIC: [2] json_encode() expects at least 1 parameter, 0 given F:\xampp\htdocs\qiyun\ThinkPHP\Library\Think\Model.class.php 第 1145 行.
SQL: UPDATE `qy_category` SET `title`='金融',`name`='jr',`groups`='金融',`allow_publish`='1',`check`='0',`type`='2',`icon`='19',`display`='1',`sort`='0',`list_row`='10',`meta_title`='',`keywords`='',`description`='',`template_index`='',`template_lists`='',`template_detail`='',`template_edit`='',`pid`='1',`update_time`='1498547744',`status`='1' WHERE `id` = 45 [ RunTime:0.0004s ]
NOTIC: [2] unlink(./Runtime/Temp/cbc58bd3cdec352c980d0ad729b5c219.php): No such file or directory F:\xampp\htdocs\qiyun\ThinkPHP\Library\Think\Cache\Driver\File.class.php 第 157 行.
SQL: SHOW COLUMNS FROM `qy_action` [ RunTime:0.0036s ]
SQL: SELECT * FROM `qy_action` WHERE `name` = 'update_category' LIMIT 1   [ RunTime:0.0005s ]
SQL: SHOW COLUMNS FROM `qy_action_log` [ RunTime:0.0035s ]
SQL: INSERT INTO `qy_action_log` (`action_id`,`user_id`,`action_ip`,`model`,`record_id`,`create_time`,`remark`) VALUES ('11','1','0','category','45','1498547744','操作url：/qiyun/admin.php?s=/Category/edit.html') [ RunTime:0.0003s ]

[ 2017-06-27T15:15:45+08:00 ] ::1 /qiyun/admin.php?s=/Category/index.html
INFO: [ app_init ] --START--
INFO: Run Behavior\BuildLiteBehavior [ RunTime:0.000016s ]
INFO: Run Common\Behavior\InitHookBehavior [ RunTime:0.002670s ]
INFO: [ app_init ] --END-- [ RunTime:0.003461s ]
INFO: [ app_begin ] --START--
INFO: Run Behavior\ReadHtmlCacheBehavior [ RunTime:0.000657s ]
INFO: [ app_begin ] --END-- [ RunTime:0.000703s ]
SQL: SHOW COLUMNS FROM `qy_menu` [ RunTime:0.0032s ]
SQL: SELECT `id`,`title`,`url` FROM `qy_menu` WHERE `pid` = 0 AND `hide` = 0 ORDER BY sort asc  [ RunTime:0.0005s ]
SQL: SELECT `pid` FROM `qy_menu` WHERE ( pid !=0 AND url like '%Category/index%' ) LIMIT 1   [ RunTime:0.0007s ]
SQL: SELECT * FROM `qy_menu` WHERE `id` = 68 LIMIT 1   [ RunTime:0.0004s ]
SQL: SELECT DISTINCT  `group` FROM `qy_menu` WHERE `group` <> '' AND `pid` = 68  [ RunTime:0.0004s ]
SQL: SELECT `id`,`url` FROM `qy_menu` WHERE `pid` = 68 AND `hide` = 0  [ RunTime:0.0004s ]
SQL: SELECT `id`,`pid`,`title`,`url`,`tip` FROM `qy_menu` WHERE `group` = '系统设置' AND `pid` = 68 AND `hide` = 0 ORDER BY sort asc  [ RunTime:0.0004s ]
SQL: SELECT `id`,`pid`,`title`,`url`,`tip` FROM `qy_menu` WHERE `group` = '数据备份' AND `pid` = 68 AND `hide` = 0 ORDER BY sort asc  [ RunTime:0.0004s ]
SQL: SHOW COLUMNS FROM `qy_category` [ RunTime:0.0035s ]
SQL: SELECT `id`,`name`,`title`,`sort`,`pid`,`allow_publish`,`status` FROM `qy_category` WHERE `status` > -1 ORDER BY sort  [ RunTime:0.0005s ]
INFO: [ view_parse ] --START--
INFO: [ template_filter ] --START--
INFO: Run Behavior\ContentReplaceBehavior [ RunTime:0.000136s ]
INFO: [ template_filter ] --END-- [ RunTime:0.000185s ]
INFO: [ view_parse ] --START--
INFO: [ template_filter ] --START--
INFO: Run Behavior\ContentReplaceBehavior [ RunTime:0.000044s ]
INFO: [ template_filter ] --END-- [ RunTime:-0.005285s ]
INFO: [ view_parse ] --START--
INFO: [ template_filter ] --START--
INFO: Run Behavior\ContentReplaceBehavior [ RunTime:0.000041s ]
INFO: [ template_filter ] --END-- [ RunTime:-0.010111s ]
INFO: Run Behavior\ParseTemplateBehavior [ RunTime:0.005649s ]
INFO: [ view_parse ] --END-- [ RunTime:0.005713s ]
INFO: [ view_filter ] --START--
INFO: Run Behavior\WriteHtmlCacheBehavior [ RunTime:0.000431s ]
INFO: [ view_filter ] --END-- [ RunTime:0.000473s ]
INFO: [ view_parse ] --START--
INFO: [ template_filter ] --START--
INFO: Run Behavior\ContentReplaceBehavior [ RunTime:0.000044s ]
INFO: [ template_filter ] --END-- [ RunTime:-0.016380s ]
INFO: Run Behavior\ParseTemplateBehavior [ RunTime:0.004282s ]
INFO: [ view_parse ] --END-- [ RunTime:-0.001011s ]
INFO: [ view_filter ] --START--
INFO: Run Behavior\WriteHtmlCacheBehavior [ RunTime:0.000008s ]
INFO: [ view_filter ] --END-- [ RunTime:-0.004906s ]
INFO: Run Behavior\ParseTemplateBehavior [ RunTime:0.004469s ]
INFO: [ view_parse ] --END-- [ RunTime:-0.001011s ]
INFO: [ view_filter ] --START--
INFO: Run Behavior\WriteHtmlCacheBehavior [ RunTime:0.000006s ]
INFO: [ view_filter ] --END-- [ RunTime:-0.005030s ]
INFO: Run Behavior\ParseTemplateBehavior [ RunTime:0.004587s ]
INFO: [ view_parse ] --END-- [ RunTime:-0.001011s ]
INFO: [ view_filter ] --START--
INFO: Run Behavior\WriteHtmlCacheBehavior [ RunTime:0.000007s ]
INFO: [ view_filter ] --END-- [ RunTime:-0.005149s ]
INFO: [ app_end ] --START--
INFO: Run Behavior\ShowPageTraceBehavior [ RunTime:0.000652s ]
INFO: [ app_end ] --END-- [ RunTime:0.000713s ]

[ 2017-06-27T15:15:47+08:00 ] ::1 /qiyun/admin.php?s=/Category/edit/id/2/pid/1.html
INFO: [ app_init ] --START--
INFO: Run Behavior\BuildLiteBehavior [ RunTime:0.000012s ]
INFO: Run Common\Behavior\InitHookBehavior [ RunTime:0.002139s ]
INFO: [ app_init ] --END-- [ RunTime:0.002698s ]
INFO: [ app_begin ] --START--
INFO: Run Behavior\ReadHtmlCacheBehavior [ RunTime:0.000666s ]
INFO: [ app_begin ] --END-- [ RunTime:0.000720s ]
SQL: SHOW COLUMNS FROM `qy_menu` [ RunTime:0.0036s ]
SQL: SELECT `id`,`title`,`url` FROM `qy_menu` WHERE `pid` = 0 AND `hide` = 0 ORDER BY sort asc  [ RunTime:0.0006s ]
SQL: SELECT `pid` FROM `qy_menu` WHERE ( pid !=0 AND url like '%Category/edit%' ) LIMIT 1   [ RunTime:0.0008s ]
SQL: SELECT * FROM `qy_menu` WHERE `id` = 80 LIMIT 1   [ RunTime:0.0004s ]
SQL: SELECT * FROM `qy_menu` WHERE `id` = 68 LIMIT 1   [ RunTime:0.0004s ]
SQL: SELECT DISTINCT  `group` FROM `qy_menu` WHERE `group` <> '' AND `pid` = 68  [ RunTime:0.0005s ]
SQL: SELECT `id`,`url` FROM `qy_menu` WHERE `pid` = 68 AND `hide` = 0  [ RunTime:0.0007s ]
SQL: SELECT `id`,`pid`,`title`,`url`,`tip` FROM `qy_menu` WHERE `group` = '系统设置' AND `pid` = 68 AND `hide` = 0 ORDER BY sort asc  [ RunTime:0.0008s ]
SQL: SELECT `id`,`pid`,`title`,`url`,`tip` FROM `qy_menu` WHERE `group` = '数据备份' AND `pid` = 68 AND `hide` = 0 ORDER BY sort asc  [ RunTime:0.0005s ]
SQL: SHOW COLUMNS FROM `qy_category` [ RunTime:0.0044s ]
SQL: SELECT `id`,`name`,`title`,`status` FROM `qy_category` WHERE `id` = 1 LIMIT 1   [ RunTime:0.0004s ]
SQL: SELECT `id`,`name`,`title`,`pid`,`sort`,`list_row`,`meta_title`,`keywords`,`description`,`template_index`,`template_lists`,`template_detail`,`template_edit`,`model`,`model_sub`,`type`,`link_id`,`allow_publish`,`display`,`reply`,`check`,`reply_model`,`extend`,`create_time`,`update_time`,`status`,`icon`,`groups` FROM `qy_category` WHERE `id` = 2 LIMIT 1   [ RunTime:0.0006s ]
INFO: [ view_parse ] --START--
INFO: [ template_filter ] --START--
INFO: Run Behavior\ContentReplaceBehavior [ RunTime:0.000282s ]
INFO: [ template_filter ] --END-- [ RunTime:0.000330s ]
INFO: Run Behavior\ParseTemplateBehavior [ RunTime:0.019076s ]
INFO: [ view_parse ] --END-- [ RunTime:0.019137s ]
INFO: [ view_filter ] --START--
INFO: Run Behavior\WriteHtmlCacheBehavior [ RunTime:0.000449s ]
INFO: [ view_filter ] --END-- [ RunTime:0.000485s ]
INFO: [ app_end ] --START--
INFO: Run Behavior\ShowPageTraceBehavior [ RunTime:0.000795s ]
INFO: [ app_end ] --END-- [ RunTime:0.000862s ]

[ 2017-06-27T15:15:54+08:00 ] ::1 /qiyun/admin.php?s=/File/uploadPicture/session_id/v0oa5dru07qpf40ajjs6b6n7q3.html
INFO: [ app_init ] --START--
INFO: Run Behavior\BuildLiteBehavior [ RunTime:0.000014s ]
INFO: Run Common\Behavior\InitHookBehavior [ RunTime:0.003849s ]
INFO: [ app_init ] --END-- [ RunTime:0.004484s ]
INFO: [ app_begin ] --START--
INFO: Run Behavior\ReadHtmlCacheBehavior [ RunTime:0.000678s ]
INFO: [ app_begin ] --END-- [ RunTime:0.000729s ]
SQL: SHOW COLUMNS FROM `qy_menu` [ RunTime:0.0039s ]
SQL: SELECT `id`,`title`,`url` FROM `qy_menu` WHERE `pid` = 0 AND `hide` = 0 ORDER BY sort asc  [ RunTime:0.0005s ]
SQL: SELECT `pid` FROM `qy_menu` WHERE ( pid !=0 AND url like '%File/uploadPicture%' ) LIMIT 1   [ RunTime:0.0009s ]
SQL: SHOW COLUMNS FROM `qy_picture` [ RunTime:0.0039s ]
SQL: SELECT `id`,`path`,`url`,`md5`,`sha1`,`status`,`create_time` FROM `qy_picture` WHERE `md5` = '7f82c1c697e4f888e3fa3aca5d7d037e' AND `sha1` = '465d0d3719d4aa858182140183f9d5dfcec87a10' LIMIT 1   [ RunTime:0.0005s ]
SQL: INSERT INTO `qy_picture` (`md5`,`sha1`,`path`,`status`,`create_time`) VALUES ('7f82c1c697e4f888e3fa3aca5d7d037e','465d0d3719d4aa858182140183f9d5dfcec87a10','/Uploads/Picture/2017-06-27/5952062ac717e.png','1','1498547754') [ RunTime:0.0004s ]

[ 2017-06-27T15:15:56+08:00 ] ::1 /qiyun/admin.php?s=/Category/edit.html
INFO: [ app_init ] --START--
INFO: Run Behavior\BuildLiteBehavior [ RunTime:0.000013s ]
INFO: Run Common\Behavior\InitHookBehavior [ RunTime:0.002139s ]
INFO: [ app_init ] --END-- [ RunTime:0.002652s ]
INFO: [ app_begin ] --START--
INFO: Run Behavior\ReadHtmlCacheBehavior [ RunTime:0.000934s ]
INFO: [ app_begin ] --END-- [ RunTime:0.001009s ]
SQL: SHOW COLUMNS FROM `qy_menu` [ RunTime:0.0037s ]
SQL: SELECT `id`,`title`,`url` FROM `qy_menu` WHERE `pid` = 0 AND `hide` = 0 ORDER BY sort asc  [ RunTime:0.0005s ]
SQL: SELECT `pid` FROM `qy_menu` WHERE ( pid !=0 AND url like '%Category/edit%' ) LIMIT 1   [ RunTime:0.0009s ]
SQL: SELECT * FROM `qy_menu` WHERE `id` = 80 LIMIT 1   [ RunTime:0.0003s ]
SQL: SELECT * FROM `qy_menu` WHERE `id` = 68 LIMIT 1   [ RunTime:0.0003s ]
SQL: SELECT DISTINCT  `group` FROM `qy_menu` WHERE `group` <> '' AND `pid` = 68  [ RunTime:0.0005s ]
SQL: SELECT `id`,`url` FROM `qy_menu` WHERE `pid` = 68 AND `hide` = 0  [ RunTime:0.0004s ]
SQL: SELECT `id`,`pid`,`title`,`url`,`tip` FROM `qy_menu` WHERE `group` = '系统设置' AND `pid` = 68 AND `hide` = 0 ORDER BY sort asc  [ RunTime:0.0004s ]
SQL: SELECT `id`,`pid`,`title`,`url`,`tip` FROM `qy_menu` WHERE `group` = '数据备份' AND `pid` = 68 AND `hide` = 0 ORDER BY sort asc  [ RunTime:0.0006s ]
SQL: SHOW COLUMNS FROM `qy_category` [ RunTime:0.0038s ]
SQL: SELECT * FROM `qy_category` WHERE `name` = 'default_blog' AND `id` <> '2' LIMIT 1   [ RunTime:0.0005s ]
NOTIC: [2] Missing argument 1 for arr2str() F:\xampp\htdocs\qiyun\Application\Common\Common\function.php 第 69 行.
NOTIC: [8] Undefined variable: arr F:\xampp\htdocs\qiyun\Application\Common\Common\function.php 第 70 行.
NOTIC: [2] implode(): Invalid arguments passed F:\xampp\htdocs\qiyun\Application\Common\Common\function.php 第 70 行.
NOTIC: [2] json_encode() expects at least 1 parameter, 0 given F:\xampp\htdocs\qiyun\ThinkPHP\Library\Think\Model.class.php 第 1145 行.
SQL: UPDATE `qy_category` SET `title`='工商税务',`name`='default_blog',`groups`='',`allow_publish`='1',`check`='1',`type`='2,1,3',`model`='2,3',`model_sub`='2',`icon`='20',`display`='1',`sort`='1',`list_row`='10',`meta_title`='',`keywords`='',`description`='',`template_index`='',`template_lists`='',`template_detail`='',`template_edit`='',`pid`='1',`update_time`='1498547756',`status`='1' WHERE `id` = 2 [ RunTime:0.0004s ]
NOTIC: [2] unlink(./Runtime/Temp/cbc58bd3cdec352c980d0ad729b5c219.php): No such file or directory F:\xampp\htdocs\qiyun\ThinkPHP\Library\Think\Cache\Driver\File.class.php 第 157 行.
SQL: SHOW COLUMNS FROM `qy_action` [ RunTime:0.0038s ]
SQL: SELECT * FROM `qy_action` WHERE `name` = 'update_category' LIMIT 1   [ RunTime:0.0004s ]
SQL: SHOW COLUMNS FROM `qy_action_log` [ RunTime:0.0035s ]
SQL: INSERT INTO `qy_action_log` (`action_id`,`user_id`,`action_ip`,`model`,`record_id`,`create_time`,`remark`) VALUES ('11','1','0','category','2','1498547756','操作url：/qiyun/admin.php?s=/Category/edit.html') [ RunTime:0.0004s ]

[ 2017-06-27T15:15:58+08:00 ] ::1 /qiyun/admin.php?s=/Category/index.html
INFO: [ app_init ] --START--
INFO: Run Behavior\BuildLiteBehavior [ RunTime:0.000013s ]
INFO: Run Common\Behavior\InitHookBehavior [ RunTime:0.002231s ]
INFO: [ app_init ] --END-- [ RunTime:0.002855s ]
INFO: [ app_begin ] --START--
INFO: Run Behavior\ReadHtmlCacheBehavior [ RunTime:0.000766s ]
INFO: [ app_begin ] --END-- [ RunTime:0.000821s ]
SQL: SHOW COLUMNS FROM `qy_menu` [ RunTime:0.0035s ]
SQL: SELECT `id`,`title`,`url` FROM `qy_menu` WHERE `pid` = 0 AND `hide` = 0 ORDER BY sort asc  [ RunTime:0.0005s ]
SQL: SELECT `pid` FROM `qy_menu` WHERE ( pid !=0 AND url like '%Category/index%' ) LIMIT 1   [ RunTime:0.0008s ]
SQL: SELECT * FROM `qy_menu` WHERE `id` = 68 LIMIT 1   [ RunTime:0.0004s ]
SQL: SELECT DISTINCT  `group` FROM `qy_menu` WHERE `group` <> '' AND `pid` = 68  [ RunTime:0.0005s ]
SQL: SELECT `id`,`url` FROM `qy_menu` WHERE `pid` = 68 AND `hide` = 0  [ RunTime:0.0004s ]
SQL: SELECT `id`,`pid`,`title`,`url`,`tip` FROM `qy_menu` WHERE `group` = '系统设置' AND `pid` = 68 AND `hide` = 0 ORDER BY sort asc  [ RunTime:0.0006s ]
SQL: SELECT `id`,`pid`,`title`,`url`,`tip` FROM `qy_menu` WHERE `group` = '数据备份' AND `pid` = 68 AND `hide` = 0 ORDER BY sort asc  [ RunTime:0.0007s ]
SQL: SHOW COLUMNS FROM `qy_category` [ RunTime:0.0039s ]
SQL: SELECT `id`,`name`,`title`,`sort`,`pid`,`allow_publish`,`status` FROM `qy_category` WHERE `status` > -1 ORDER BY sort  [ RunTime:0.0005s ]
INFO: [ view_parse ] --START--
INFO: [ template_filter ] --START--
INFO: Run Behavior\ContentReplaceBehavior [ RunTime:0.000225s ]
INFO: [ template_filter ] --END-- [ RunTime:0.000299s ]
INFO: [ view_parse ] --START--
INFO: [ template_filter ] --START--
INFO: Run Behavior\ContentReplaceBehavior [ RunTime:0.000043s ]
INFO: [ template_filter ] --END-- [ RunTime:-0.006901s ]
INFO: [ view_parse ] --START--
INFO: [ template_filter ] --START--
INFO: Run Behavior\ContentReplaceBehavior [ RunTime:0.000040s ]
INFO: [ template_filter ] --END-- [ RunTime:-0.011367s ]
INFO: Run Behavior\ParseTemplateBehavior [ RunTime:0.004936s ]
INFO: [ view_parse ] --END-- [ RunTime:0.004995s ]
INFO: [ view_filter ] --START--
INFO: Run Behavior\WriteHtmlCacheBehavior [ RunTime:0.000464s ]
INFO: [ view_filter ] --END-- [ RunTime:0.000502s ]
INFO: [ view_parse ] --START--
INFO: [ template_filter ] --START--
INFO: Run Behavior\ContentReplaceBehavior [ RunTime:0.000041s ]
INFO: [ template_filter ] --END-- [ RunTime:-0.018114s ]
INFO: Run Behavior\ParseTemplateBehavior [ RunTime:0.004817s ]
INFO: [ view_parse ] --END-- [ RunTime:-0.001213s ]
INFO: [ view_filter ] --START--
INFO: Run Behavior\WriteHtmlCacheBehavior [ RunTime:0.000009s ]
INFO: [ view_filter ] --END-- [ RunTime:-0.005579s ]
INFO: Run Behavior\ParseTemplateBehavior [ RunTime:0.004933s ]
INFO: [ view_parse ] --END-- [ RunTime:-0.001213s ]
INFO: [ view_filter ] --START--
INFO: Run Behavior\WriteHtmlCacheBehavior [ RunTime:0.000006s ]
INFO: [ view_filter ] --END-- [ RunTime:-0.005675s ]
INFO: Run Behavior\ParseTemplateBehavior [ RunTime:0.005046s ]
INFO: [ view_parse ] --END-- [ RunTime:-0.001213s ]
INFO: [ view_filter ] --START--
INFO: Run Behavior\WriteHtmlCacheBehavior [ RunTime:0.000006s ]
INFO: [ view_filter ] --END-- [ RunTime:-0.005790s ]
INFO: [ app_end ] --START--
INFO: Run Behavior\ShowPageTraceBehavior [ RunTime:0.000697s ]
INFO: [ app_end ] --END-- [ RunTime:0.000760s ]

[ 2017-06-27T15:19:29+08:00 ] ::1 /qiyun/admin.php?s=/Category/edit/id/1/pid/0.html
INFO: [ app_init ] --START--
INFO: Run Behavior\BuildLiteBehavior [ RunTime:0.000012s ]
INFO: Run Common\Behavior\InitHookBehavior [ RunTime:0.002725s ]
INFO: [ app_init ] --END-- [ RunTime:0.003304s ]
INFO: [ app_begin ] --START--
INFO: Run Behavior\ReadHtmlCacheBehavior [ RunTime:0.000955s ]
INFO: [ app_begin ] --END-- [ RunTime:0.001036s ]
SQL: SHOW COLUMNS FROM `qy_menu` [ RunTime:0.0042s ]
SQL: SELECT `id`,`title`,`url` FROM `qy_menu` WHERE `pid` = 0 AND `hide` = 0 ORDER BY sort asc  [ RunTime:0.0005s ]
SQL: SELECT `pid` FROM `qy_menu` WHERE ( pid !=0 AND url like '%Category/edit%' ) LIMIT 1   [ RunTime:0.0010s ]
SQL: SELECT * FROM `qy_menu` WHERE `id` = 80 LIMIT 1   [ RunTime:0.0005s ]
SQL: SELECT * FROM `qy_menu` WHERE `id` = 68 LIMIT 1   [ RunTime:0.0004s ]
SQL: SELECT DISTINCT  `group` FROM `qy_menu` WHERE `group` <> '' AND `pid` = 68  [ RunTime:0.0006s ]
SQL: SELECT `id`,`url` FROM `qy_menu` WHERE `pid` = 68 AND `hide` = 0  [ RunTime:0.0004s ]
SQL: SELECT `id`,`pid`,`title`,`url`,`tip` FROM `qy_menu` WHERE `group` = '系统设置' AND `pid` = 68 AND `hide` = 0 ORDER BY sort asc  [ RunTime:0.0005s ]
SQL: SELECT `id`,`pid`,`title`,`url`,`tip` FROM `qy_menu` WHERE `group` = '数据备份' AND `pid` = 68 AND `hide` = 0 ORDER BY sort asc  [ RunTime:0.0005s ]
SQL: SHOW COLUMNS FROM `qy_category` [ RunTime:0.0038s ]
SQL: SELECT `id`,`name`,`title`,`pid`,`sort`,`list_row`,`meta_title`,`keywords`,`description`,`template_index`,`template_lists`,`template_detail`,`template_edit`,`model`,`model_sub`,`type`,`link_id`,`allow_publish`,`display`,`reply`,`check`,`reply_model`,`extend`,`create_time`,`update_time`,`status`,`icon`,`groups` FROM `qy_category` WHERE `id` = 1 LIMIT 1   [ RunTime:0.0006s ]
INFO: [ view_parse ] --START--
INFO: [ template_filter ] --START--
INFO: Run Behavior\ContentReplaceBehavior [ RunTime:0.000258s ]
INFO: [ template_filter ] --END-- [ RunTime:0.000320s ]
INFO: Run Behavior\ParseTemplateBehavior [ RunTime:0.019794s ]
INFO: [ view_parse ] --END-- [ RunTime:0.019861s ]
INFO: [ view_filter ] --START--
INFO: Run Behavior\WriteHtmlCacheBehavior [ RunTime:0.000568s ]
INFO: [ view_filter ] --END-- [ RunTime:0.000606s ]
INFO: [ app_end ] --START--
INFO: Run Behavior\ShowPageTraceBehavior [ RunTime:0.000735s ]
INFO: [ app_end ] --END-- [ RunTime:0.000800s ]

[ 2017-06-27T15:46:59+08:00 ] ::1 /qiyun/admin.php?s=/Config/group.html
INFO: [ app_init ] --START--
INFO: Run Behavior\BuildLiteBehavior [ RunTime:0.000020s ]
INFO: Run Common\Behavior\InitHookBehavior [ RunTime:0.002810s ]
INFO: [ app_init ] --END-- [ RunTime:0.003590s ]
INFO: [ app_begin ] --START--
INFO: Run Behavior\ReadHtmlCacheBehavior [ RunTime:0.000816s ]
INFO: [ app_begin ] --END-- [ RunTime:0.000879s ]
SQL: SHOW COLUMNS FROM `qy_menu` [ RunTime:0.0034s ]
SQL: SELECT `id`,`title`,`url` FROM `qy_menu` WHERE `pid` = 0 AND `hide` = 0 ORDER BY sort asc  [ RunTime:0.0005s ]
SQL: SELECT `pid` FROM `qy_menu` WHERE ( pid !=0 AND url like '%Config/group%' ) LIMIT 1   [ RunTime:0.0008s ]
SQL: SELECT * FROM `qy_menu` WHERE `id` = 68 LIMIT 1   [ RunTime:0.0006s ]
SQL: SELECT DISTINCT  `group` FROM `qy_menu` WHERE `group` <> '' AND `pid` = 68  [ RunTime:0.0010s ]
SQL: SELECT `id`,`url` FROM `qy_menu` WHERE `pid` = 68 AND `hide` = 0  [ RunTime:0.0006s ]
SQL: SELECT `id`,`pid`,`title`,`url`,`tip` FROM `qy_menu` WHERE `group` = '系统设置' AND `pid` = 68 AND `hide` = 0 ORDER BY sort asc  [ RunTime:0.0009s ]
SQL: SELECT `id`,`pid`,`title`,`url`,`tip` FROM `qy_menu` WHERE `group` = '数据备份' AND `pid` = 68 AND `hide` = 0 ORDER BY sort asc  [ RunTime:0.0011s ]
SQL: SHOW COLUMNS FROM `qy_config` [ RunTime:0.0038s ]
SQL: SELECT `id`,`name`,`title`,`extra`,`value`,`remark`,`type` FROM `qy_config` WHERE `status` = 1 AND `group` = 1 ORDER BY sort  [ RunTime:0.0006s ]
INFO: [ view_parse ] --START--
INFO: [ template_filter ] --START--
INFO: Run Behavior\ContentReplaceBehavior [ RunTime:0.000225s ]
INFO: [ template_filter ] --END-- [ RunTime:0.000293s ]
INFO: Run Behavior\ParseTemplateBehavior [ RunTime:0.017606s ]
INFO: [ view_parse ] --END-- [ RunTime:0.017664s ]
INFO: [ view_filter ] --START--
INFO: Run Behavior\WriteHtmlCacheBehavior [ RunTime:0.000708s ]
INFO: [ view_filter ] --END-- [ RunTime:0.000799s ]
INFO: [ app_end ] --START--
INFO: Run Behavior\ShowPageTraceBehavior [ RunTime:0.000966s ]
INFO: [ app_end ] --END-- [ RunTime:0.001037s ]

[ 2017-06-27T15:47:00+08:00 ] ::1 /qiyun/admin.php?s=/Category/index.html
INFO: [ app_init ] --START--
INFO: Run Behavior\BuildLiteBehavior [ RunTime:0.000019s ]
INFO: Run Common\Behavior\InitHookBehavior [ RunTime:0.002521s ]
INFO: [ app_init ] --END-- [ RunTime:0.003600s ]
INFO: [ app_begin ] --START--
INFO: Run Behavior\ReadHtmlCacheBehavior [ RunTime:0.000722s ]
INFO: [ app_begin ] --END-- [ RunTime:0.000824s ]
SQL: SHOW COLUMNS FROM `qy_menu` [ RunTime:0.0032s ]
SQL: SELECT `id`,`title`,`url` FROM `qy_menu` WHERE `pid` = 0 AND `hide` = 0 ORDER BY sort asc  [ RunTime:0.0005s ]
SQL: SELECT `pid` FROM `qy_menu` WHERE ( pid !=0 AND url like '%Category/index%' ) LIMIT 1   [ RunTime:0.0008s ]
SQL: SELECT * FROM `qy_menu` WHERE `id` = 68 LIMIT 1   [ RunTime:0.0004s ]
SQL: SELECT DISTINCT  `group` FROM `qy_menu` WHERE `group` <> '' AND `pid` = 68  [ RunTime:0.0006s ]
SQL: SELECT `id`,`url` FROM `qy_menu` WHERE `pid` = 68 AND `hide` = 0  [ RunTime:0.0004s ]
SQL: SELECT `id`,`pid`,`title`,`url`,`tip` FROM `qy_menu` WHERE `group` = '系统设置' AND `pid` = 68 AND `hide` = 0 ORDER BY sort asc  [ RunTime:0.0005s ]
SQL: SELECT `id`,`pid`,`title`,`url`,`tip` FROM `qy_menu` WHERE `group` = '数据备份' AND `pid` = 68 AND `hide` = 0 ORDER BY sort asc  [ RunTime:0.0005s ]
SQL: SHOW COLUMNS FROM `qy_category` [ RunTime:0.0036s ]
SQL: SELECT `id`,`name`,`title`,`sort`,`pid`,`allow_publish`,`status` FROM `qy_category` WHERE `status` > -1 ORDER BY sort  [ RunTime:0.0005s ]
INFO: [ view_parse ] --START--
INFO: [ template_filter ] --START--
INFO: Run Behavior\ContentReplaceBehavior [ RunTime:0.000139s ]
INFO: [ template_filter ] --END-- [ RunTime:0.000191s ]
INFO: [ view_parse ] --START--
INFO: [ template_filter ] --START--
INFO: Run Behavior\ContentReplaceBehavior [ RunTime:0.000039s ]
INFO: [ template_filter ] --END-- [ RunTime:-0.005341s ]
INFO: [ view_parse ] --START--
INFO: [ template_filter ] --START--
INFO: Run Behavior\ContentReplaceBehavior [ RunTime:0.000040s ]
INFO: [ template_filter ] --END-- [ RunTime:-0.010100s ]
INFO: Run Behavior\ParseTemplateBehavior [ RunTime:0.004990s ]
INFO: [ view_parse ] --END-- [ RunTime:0.005050s ]
INFO: [ view_filter ] --START--
INFO: Run Behavior\WriteHtmlCacheBehavior [ RunTime:0.000549s ]
INFO: [ view_filter ] --END-- [ RunTime:0.000602s ]
INFO: [ view_parse ] --START--
INFO: [ template_filter ] --START--
INFO: Run Behavior\ContentReplaceBehavior [ RunTime:0.000040s ]
INFO: [ template_filter ] --END-- [ RunTime:-0.016273s ]
INFO: Run Behavior\ParseTemplateBehavior [ RunTime:0.004205s ]
INFO: [ view_parse ] --END-- [ RunTime:-0.001195s ]
INFO: [ view_filter ] --START--
INFO: Run Behavior\WriteHtmlCacheBehavior [ RunTime:0.000009s ]
INFO: [ view_filter ] --END-- [ RunTime:-0.004841s ]
INFO: Run Behavior\ParseTemplateBehavior [ RunTime:0.004319s ]
INFO: [ view_parse ] --END-- [ RunTime:-0.001195s ]
INFO: [ view_filter ] --START--
INFO: Run Behavior\WriteHtmlCacheBehavior [ RunTime:0.000006s ]
INFO: [ view_filter ] --END-- [ RunTime:-0.004941s ]
INFO: Run Behavior\ParseTemplateBehavior [ RunTime:0.004481s ]
INFO: [ view_parse ] --END-- [ RunTime:-0.001195s ]
INFO: [ view_filter ] --START--
INFO: Run Behavior\WriteHtmlCacheBehavior [ RunTime:0.000007s ]
INFO: [ view_filter ] --END-- [ RunTime:-0.005106s ]
INFO: [ app_end ] --START--
INFO: Run Behavior\ShowPageTraceBehavior [ RunTime:0.000750s ]
INFO: [ app_end ] --END-- [ RunTime:0.000799s ]

[ 2017-06-27T15:47:04+08:00 ] ::1 /qiyun/admin.php?s=/Category/edit.html
INFO: [ app_init ] --START--
INFO: Run Behavior\BuildLiteBehavior [ RunTime:0.000012s ]
INFO: Run Common\Behavior\InitHookBehavior [ RunTime:0.002140s ]
INFO: [ app_init ] --END-- [ RunTime:0.002692s ]
INFO: [ app_begin ] --START--
INFO: Run Behavior\ReadHtmlCacheBehavior [ RunTime:0.000633s ]
INFO: [ app_begin ] --END-- [ RunTime:0.000697s ]
SQL: SHOW COLUMNS FROM `qy_menu` [ RunTime:0.0040s ]
SQL: SELECT `id`,`title`,`url` FROM `qy_menu` WHERE `pid` = 0 AND `hide` = 0 ORDER BY sort asc  [ RunTime:0.0006s ]
SQL: SELECT `pid` FROM `qy_menu` WHERE ( pid !=0 AND url like '%Category/edit%' ) LIMIT 1   [ RunTime:0.0012s ]
SQL: SELECT * FROM `qy_menu` WHERE `id` = 80 LIMIT 1   [ RunTime:0.0005s ]
SQL: SELECT * FROM `qy_menu` WHERE `id` = 68 LIMIT 1   [ RunTime:0.0004s ]
SQL: SELECT DISTINCT  `group` FROM `qy_menu` WHERE `group` <> '' AND `pid` = 68  [ RunTime:0.0005s ]
SQL: SELECT `id`,`url` FROM `qy_menu` WHERE `pid` = 68 AND `hide` = 0  [ RunTime:0.0005s ]
SQL: SELECT `id`,`pid`,`title`,`url`,`tip` FROM `qy_menu` WHERE `group` = '系统设置' AND `pid` = 68 AND `hide` = 0 ORDER BY sort asc  [ RunTime:0.0006s ]
SQL: SELECT `id`,`pid`,`title`,`url`,`tip` FROM `qy_menu` WHERE `group` = '数据备份' AND `pid` = 68 AND `hide` = 0 ORDER BY sort asc  [ RunTime:0.0005s ]
SQL: SHOW COLUMNS FROM `qy_category` [ RunTime:0.0038s ]
NOTIC: [8] Undefined index: name F:\xampp\htdocs\qiyun\ThinkPHP\Library\Think\Model.class.php 第 1204 行.
NOTIC: [8] Undefined index: meta_title F:\xampp\htdocs\qiyun\ThinkPHP\Library\Think\Model.class.php 第 1204 行.
NOTIC: [8] Undefined index: keywords F:\xampp\htdocs\qiyun\ThinkPHP\Library\Think\Model.class.php 第 1204 行.
NOTIC: [8] Undefined index: meta_title F:\xampp\htdocs\qiyun\ThinkPHP\Library\Think\Model.class.php 第 1204 行.
NOTIC: [2] Missing argument 1 for arr2str() F:\xampp\htdocs\qiyun\Application\Common\Common\function.php 第 69 行.
NOTIC: [8] Undefined variable: arr F:\xampp\htdocs\qiyun\Application\Common\Common\function.php 第 70 行.
NOTIC: [2] implode(): Invalid arguments passed F:\xampp\htdocs\qiyun\Application\Common\Common\function.php 第 70 行.
NOTIC: [2] Missing argument 1 for arr2str() F:\xampp\htdocs\qiyun\Application\Common\Common\function.php 第 69 行.
NOTIC: [8] Undefined variable: arr F:\xampp\htdocs\qiyun\Application\Common\Common\function.php 第 70 行.
NOTIC: [2] implode(): Invalid arguments passed F:\xampp\htdocs\qiyun\Application\Common\Common\function.php 第 70 行.
NOTIC: [2] Missing argument 1 for arr2str() F:\xampp\htdocs\qiyun\Application\Common\Common\function.php 第 69 行.
NOTIC: [8] Undefined variable: arr F:\xampp\htdocs\qiyun\Application\Common\Common\function.php 第 70 行.
NOTIC: [2] implode(): Invalid arguments passed F:\xampp\htdocs\qiyun\Application\Common\Common\function.php 第 70 行.
NOTIC: [2] Missing argument 1 for arr2str() F:\xampp\htdocs\qiyun\Application\Common\Common\function.php 第 69 行.
NOTIC: [8] Undefined variable: arr F:\xampp\htdocs\qiyun\Application\Common\Common\function.php 第 70 行.
NOTIC: [2] implode(): Invalid arguments passed F:\xampp\htdocs\qiyun\Application\Common\Common\function.php 第 70 行.
NOTIC: [2] json_encode() expects at least 1 parameter, 0 given F:\xampp\htdocs\qiyun\ThinkPHP\Library\Think\Model.class.php 第 1145 行.
SQL: UPDATE `qy_category` SET `sort`='1',`title`='工商',`update_time`='1498549624',`status`='1' WHERE `id` = 2 [ RunTime:0.0005s ]
NOTIC: [2] unlink(./Runtime/Temp/cbc58bd3cdec352c980d0ad729b5c219.php): No such file or directory F:\xampp\htdocs\qiyun\ThinkPHP\Library\Think\Cache\Driver\File.class.php 第 157 行.
SQL: SHOW COLUMNS FROM `qy_action` [ RunTime:0.0038s ]
SQL: SELECT * FROM `qy_action` WHERE `name` = 'update_category' LIMIT 1   [ RunTime:0.0005s ]
SQL: SHOW COLUMNS FROM `qy_action_log` [ RunTime:0.0045s ]
SQL: INSERT INTO `qy_action_log` (`action_id`,`user_id`,`action_ip`,`model`,`record_id`,`create_time`,`remark`) VALUES ('11','1','0','category','2','1498549624','操作url：/qiyun/admin.php?s=/Category/edit.html') [ RunTime:0.0005s ]

