[ 2017-06-19T21:59:18+08:00 ] ::1 /qiyun/admin.php
INFO: [ app_init ] --START--
INFO: Run Behavior\BuildLiteBehavior [ RunTime:0.000013s ]
INFO: Run Common\Behavior\InitHookBehavior [ RunTime:0.002107s ]
INFO: [ app_init ] --END-- [ RunTime:0.002675s ]
INFO: [ app_begin ] --START--
INFO: Run Behavior\ReadHtmlCacheBehavior [ RunTime:0.000772s ]
INFO: [ app_begin ] --END-- [ RunTime:0.000837s ]

[ 2017-06-19T21:59:18+08:00 ] ::1 /qiyun/admin.php?s=/Public/login.html
INFO: [ app_init ] --START--
INFO: Run Behavior\BuildLiteBehavior [ RunTime:0.000013s ]
INFO: Run Common\Behavior\InitHookBehavior [ RunTime:0.002206s ]
INFO: [ app_init ] --END-- [ RunTime:0.002890s ]
INFO: [ app_begin ] --START--
INFO: Run Behavior\ReadHtmlCacheBehavior [ RunTime:0.000653s ]
INFO: [ app_begin ] --END-- [ RunTime:0.000704s ]
SQL: SHOW COLUMNS FROM `qy_config` [ RunTime:0.0045s ]
SQL: SELECT `type`,`name`,`value` FROM `qy_config` WHERE `status` = 1  [ RunTime:0.0008s ]
INFO: [ view_parse ] --START--
INFO: [ template_filter ] --START--
INFO: Run Behavior\ContentReplaceBehavior [ RunTime:0.000096s ]
INFO: [ template_filter ] --END-- [ RunTime:0.000153s ]
INFO: Run Behavior\ParseTemplateBehavior [ RunTime:0.180703s ]
INFO: [ view_parse ] --END-- [ RunTime:0.180808s ]
INFO: [ view_filter ] --START--
INFO: Run Behavior\WriteHtmlCacheBehavior [ RunTime:0.000568s ]
INFO: [ view_filter ] --END-- [ RunTime:0.000618s ]
INFO: [ app_end ] --START--
INFO: Run Behavior\ShowPageTraceBehavior [ RunTime:0.000797s ]
INFO: [ app_end ] --END-- [ RunTime:0.000837s ]

[ 2017-06-19T21:59:21+08:00 ] ::1 /qiyun/admin.php?s=/Public/login.html
INFO: [ app_init ] --START--
INFO: Run Behavior\BuildLiteBehavior [ RunTime:0.000012s ]
INFO: Run Common\Behavior\InitHookBehavior [ RunTime:0.002014s ]
INFO: [ app_init ] --END-- [ RunTime:0.002557s ]
INFO: [ app_begin ] --START--
INFO: Run Behavior\ReadHtmlCacheBehavior [ RunTime:0.000636s ]
INFO: [ app_begin ] --END-- [ RunTime:0.000681s ]
NOTIC: [8] Undefined index: lite F:\xampp\htdocs\qiyun\ThinkPHP\Library\Think\Db.class.php 第 37 行.

[ 2017-06-19T21:59:26+08:00 ] ::1 /qiyun/admin.php?s=/Public/login.html
INFO: [ app_init ] --START--
INFO: Run Behavior\BuildLiteBehavior [ RunTime:0.000013s ]
INFO: Run Common\Behavior\InitHookBehavior [ RunTime:0.001933s ]
INFO: [ app_init ] --END-- [ RunTime:0.002415s ]
INFO: [ app_begin ] --START--
INFO: Run Behavior\ReadHtmlCacheBehavior [ RunTime:0.000606s ]
INFO: [ app_begin ] --END-- [ RunTime:0.000669s ]
NOTIC: [8] Undefined index: lite F:\xampp\htdocs\qiyun\ThinkPHP\Library\Think\Db.class.php 第 37 行.
SQL: SHOW COLUMNS FROM `qy_member` [ RunTime:0.1147s ]
SQL: SELECT `uid`,`nickname`,`sex`,`birthday`,`qq`,`score`,`login`,`reg_ip`,`reg_time`,`last_login_ip`,`last_login_time`,`status` FROM `qy_member` WHERE `uid` = 1 LIMIT 1   [ RunTime:0.0005s ]
SQL: SHOW COLUMNS FROM `qy_action` [ RunTime:0.0669s ]
SQL: SELECT * FROM `qy_action` WHERE `name` = 'user_login' LIMIT 1   [ RunTime:0.0312s ]
SQL: SHOW COLUMNS FROM `qy_member` [ RunTime:0.0040s ]
SQL: SELECT `nickname` FROM `qy_member` WHERE `uid` = 1 LIMIT 1   [ RunTime:0.0003s ]
SQL: SHOW COLUMNS FROM `qy_action_log` [ RunTime:0.0632s ]
SQL: INSERT INTO `qy_action_log` (`action_id`,`user_id`,`action_ip`,`model`,`record_id`,`create_time`,`remark`) VALUES ('1','1','0','member','1','1497880765','admin在2017-06-19 21:59登录了后台') [ RunTime:0.0206s ]
SQL: SELECT * FROM `qy_action` WHERE `name` = 'user_login' LIMIT 1   [ RunTime:0.0005s ]
NOTIC: [8] Undefined offset: 1 F:\xampp\htdocs\qiyun\Application\Common\Common\function.php 第 688 行.
NOTIC: [2] array_key_exists() expects parameter 2 to be array, null given F:\xampp\htdocs\qiyun\Application\Common\Common\function.php 第 688 行.
SQL: SELECT COUNT(*) AS tp_count FROM `qy_action_log` WHERE `action_id` = 1 AND `user_id` = 1 AND `create_time` > 1497794365 LIMIT 1   [ RunTime:0.0487s ]
SQL: UPDATE `qy_member` SET `score`=score+10 WHERE ( uid=1 AND status>-1 ) [ RunTime:0.0005s ]
SQL: UPDATE `qy_member` SET `login`=`login`+1,`last_login_time`='1497880765',`last_login_ip`='0' WHERE `uid` = 1 [ RunTime:0.0003s ]

[ 2017-06-19T21:59:27+08:00 ] ::1 /qiyun/admin.php?s=/Index/index.html
INFO: [ app_init ] --START--
INFO: Run Behavior\BuildLiteBehavior [ RunTime:0.000019s ]
INFO: Run Common\Behavior\InitHookBehavior [ RunTime:0.002210s ]
INFO: [ app_init ] --END-- [ RunTime:0.002817s ]
INFO: [ app_begin ] --START--
INFO: Run Behavior\ReadHtmlCacheBehavior [ RunTime:0.000626s ]
INFO: [ app_begin ] --END-- [ RunTime:0.000679s ]
SQL: SHOW COLUMNS FROM `qy_menu` [ RunTime:0.0869s ]
SQL: SELECT `id`,`title`,`url` FROM `qy_menu` WHERE `pid` = 0 AND `hide` = 0 ORDER BY sort asc  [ RunTime:0.1045s ]
SQL: SELECT `pid` FROM `qy_menu` WHERE ( pid !=0 AND url like '%Index/index%' ) LIMIT 1   [ RunTime:0.0011s ]
INFO: [ view_parse ] --START--
INFO: [ template_filter ] --START--
INFO: Run Behavior\ContentReplaceBehavior [ RunTime:0.000138s ]
INFO: [ template_filter ] --END-- [ RunTime:0.000205s ]
INFO: [ AdminIndex ] --START--
SQL: SHOW COLUMNS FROM `qy_addons` [ RunTime:0.3122s ]
SQL: SELECT `config` FROM `qy_addons` WHERE `name` = 'SystemInfo' AND `status` = 1 LIMIT 1   [ RunTime:0.0302s ]
INFO: [ view_parse ] --START--
INFO: [ template_filter ] --START--
INFO: Run Behavior\ContentReplaceBehavior [ RunTime:0.000040s ]
INFO: [ template_filter ] --END-- [ RunTime:-0.627931s ]
SQL: select version() as v; [ RunTime:0.0003s ]
INFO: Run Behavior\ParseTemplateBehavior [ RunTime:0.088551s ]
INFO: [ view_parse ] --END-- [ RunTime:0.088625s ]
INFO: [ view_filter ] --START--
INFO: Run Behavior\WriteHtmlCacheBehavior [ RunTime:0.000704s ]
INFO: [ view_filter ] --END-- [ RunTime:0.000741s ]
INFO: Run Addons\SystemInfo\SystemInfoAddon [ RunTime:0.631098s ]
INFO: [ AdminIndex ] --END-- [ RunTime:0.631135s ]
INFO: Run Behavior\ParseTemplateBehavior [ RunTime:0.089438s ]
INFO: [ view_parse ] --END-- [ RunTime:0.088625s ]
INFO: [ view_filter ] --START--
INFO: Run Behavior\WriteHtmlCacheBehavior [ RunTime:0.000007s ]
INFO: [ view_filter ] --END-- [ RunTime:-0.000108s ]
INFO: [ app_end ] --START--
INFO: Run Behavior\ShowPageTraceBehavior [ RunTime:0.000965s ]
INFO: [ app_end ] --END-- [ RunTime:0.001032s ]

[ 2017-06-19T21:59:31+08:00 ] ::1 /qiyun/admin.php?s=/Shop/index.html
INFO: [ app_init ] --START--
INFO: Run Behavior\BuildLiteBehavior [ RunTime:0.000012s ]
INFO: Run Common\Behavior\InitHookBehavior [ RunTime:0.002172s ]
INFO: [ app_init ] --END-- [ RunTime:0.002746s ]
INFO: [ app_begin ] --START--
INFO: Run Behavior\ReadHtmlCacheBehavior [ RunTime:0.000613s ]
INFO: [ app_begin ] --END-- [ RunTime:0.000660s ]
SQL: SHOW COLUMNS FROM `qy_menu` [ RunTime:0.0041s ]
SQL: SELECT `id`,`title`,`url` FROM `qy_menu` WHERE `pid` = 0 AND `hide` = 0 ORDER BY sort asc  [ RunTime:0.0005s ]
SQL: SELECT `pid` FROM `qy_menu` WHERE ( pid !=0 AND url like '%Shop/index%' ) LIMIT 1   [ RunTime:0.0009s ]
SQL: SELECT * FROM `qy_menu` WHERE `id` = 129 LIMIT 1   [ RunTime:0.0004s ]
SQL: SELECT DISTINCT  `group` FROM `qy_menu` WHERE `group` <> '' AND `pid` = 129  [ RunTime:0.0004s ]
SQL: SELECT `id`,`url` FROM `qy_menu` WHERE `pid` = 129 AND `hide` = 0  [ RunTime:0.0004s ]
SQL: SELECT `id`,`pid`,`title`,`url`,`tip` FROM `qy_menu` WHERE `group` = '商品管理' AND `pid` = 129 AND `hide` = 0 ORDER BY sort asc  [ RunTime:0.0004s ]
NOTIC: [8] Undefined variable: map F:\xampp\htdocs\qiyun\Application\Admin\Controller\ShopController.class.php 第 29 行.
SQL: SHOW COLUMNS FROM `qy_shop` [ RunTime:0.0536s ]
SQL: SELECT COUNT(*) AS tp_count FROM `qy_shop` WHERE `status` >= 0 LIMIT 1   [ RunTime:0.0004s ]
SQL: SELECT `id`,`title`,`cover_id`,`money`,`number`,`content`,`addtime`,`status`,`paynum`,`is_tj` FROM `qy_shop` WHERE `status` >= 0 ORDER BY id desc LIMIT 0,10   [ RunTime:0.0005s ]
INFO: [ view_parse ] --START--
INFO: [ template_filter ] --START--
INFO: Run Behavior\ContentReplaceBehavior [ RunTime:0.000159s ]
INFO: [ template_filter ] --END-- [ RunTime:0.000209s ]
INFO: Run Behavior\ParseTemplateBehavior [ RunTime:0.037389s ]
INFO: [ view_parse ] --END-- [ RunTime:0.037455s ]
INFO: [ view_filter ] --START--
INFO: Run Behavior\WriteHtmlCacheBehavior [ RunTime:0.000563s ]
INFO: [ view_filter ] --END-- [ RunTime:0.000600s ]
INFO: [ app_end ] --START--
INFO: Run Behavior\ShowPageTraceBehavior [ RunTime:0.000965s ]
INFO: [ app_end ] --END-- [ RunTime:0.001026s ]

[ 2017-06-19T21:59:32+08:00 ] ::1 /qiyun/admin.php?s=/Shop/add.html
INFO: [ app_init ] --START--
INFO: Run Behavior\BuildLiteBehavior [ RunTime:0.000012s ]
INFO: Run Common\Behavior\InitHookBehavior [ RunTime:0.002112s ]
INFO: [ app_init ] --END-- [ RunTime:0.002623s ]
INFO: [ app_begin ] --START--
INFO: Run Behavior\ReadHtmlCacheBehavior [ RunTime:0.000615s ]
INFO: [ app_begin ] --END-- [ RunTime:0.000666s ]
SQL: SHOW COLUMNS FROM `qy_menu` [ RunTime:0.0040s ]
SQL: SELECT `id`,`title`,`url` FROM `qy_menu` WHERE `pid` = 0 AND `hide` = 0 ORDER BY sort asc  [ RunTime:0.0005s ]
SQL: SELECT `pid` FROM `qy_menu` WHERE ( pid !=0 AND url like '%Shop/add%' ) LIMIT 1   [ RunTime:0.0009s ]
SQL: SELECT * FROM `qy_menu` WHERE `id` = 130 LIMIT 1   [ RunTime:0.0003s ]
SQL: SELECT * FROM `qy_menu` WHERE `id` = 129 LIMIT 1   [ RunTime:0.0003s ]
SQL: SELECT DISTINCT  `group` FROM `qy_menu` WHERE `group` <> '' AND `pid` = 129  [ RunTime:0.0004s ]
SQL: SELECT `id`,`url` FROM `qy_menu` WHERE `pid` = 129 AND `hide` = 0  [ RunTime:0.0003s ]
SQL: SELECT `id`,`pid`,`title`,`url`,`tip` FROM `qy_menu` WHERE `group` = '商品管理' AND `pid` = 129 AND `hide` = 0 ORDER BY sort asc  [ RunTime:0.0004s ]
SQL: SHOW COLUMNS FROM `qy_shop` [ RunTime:0.0043s ]
INFO: [ view_parse ] --START--
NOTIC: [8] Undefined index: value F:\xampp\htdocs\qiyun\ThinkPHP\Library\Think\Template\TagLib\Cx.class.php 第 251 行.
INFO: [ template_filter ] --START--
INFO: Run Behavior\ContentReplaceBehavior [ RunTime:0.000181s ]
INFO: [ template_filter ] --END-- [ RunTime:0.000222s ]
NOTIC: [8] Undefined variable: info F:\xampp\htdocs\qiyun\Runtime\Cache\Admin\797635e2a5e8a2d406c1cbad4d786ef8.php 第 96 行.
NOTIC: [8] Undefined variable: field F:\xampp\htdocs\qiyun\Runtime\Cache\Admin\797635e2a5e8a2d406c1cbad4d786ef8.php 第 102 行.
NOTIC: [8] Undefined variable: field F:\xampp\htdocs\qiyun\Runtime\Cache\Admin\797635e2a5e8a2d406c1cbad4d786ef8.php 第 103 行.
NOTIC: [8] Undefined variable: info F:\xampp\htdocs\qiyun\Runtime\Cache\Admin\797635e2a5e8a2d406c1cbad4d786ef8.php 第 105 行.
NOTIC: [8] Undefined variable: info F:\xampp\htdocs\qiyun\Runtime\Cache\Admin\797635e2a5e8a2d406c1cbad4d786ef8.php 第 105 行.
NOTIC: [8] Undefined variable: field F:\xampp\htdocs\qiyun\Runtime\Cache\Admin\797635e2a5e8a2d406c1cbad4d786ef8.php 第 111 行.
NOTIC: [8] Undefined variable: field F:\xampp\htdocs\qiyun\Runtime\Cache\Admin\797635e2a5e8a2d406c1cbad4d786ef8.php 第 120 行.
NOTIC: [8] Undefined variable: field F:\xampp\htdocs\qiyun\Runtime\Cache\Admin\797635e2a5e8a2d406c1cbad4d786ef8.php 第 125 行.
NOTIC: [8] Undefined variable: field F:\xampp\htdocs\qiyun\Runtime\Cache\Admin\797635e2a5e8a2d406c1cbad4d786ef8.php 第 129 行.
NOTIC: [8] Undefined variable: field F:\xampp\htdocs\qiyun\Runtime\Cache\Admin\797635e2a5e8a2d406c1cbad4d786ef8.php 第 131 行.
NOTIC: [8] Undefined variable: info F:\xampp\htdocs\qiyun\Runtime\Cache\Admin\797635e2a5e8a2d406c1cbad4d786ef8.php 第 147 行.
NOTIC: [8] Undefined variable: info F:\xampp\htdocs\qiyun\Runtime\Cache\Admin\797635e2a5e8a2d406c1cbad4d786ef8.php 第 153 行.
NOTIC: [8] Undefined variable: info F:\xampp\htdocs\qiyun\Runtime\Cache\Admin\797635e2a5e8a2d406c1cbad4d786ef8.php 第 159 行.
NOTIC: [8] Undefined variable: addons_data F:\xampp\htdocs\qiyun\Runtime\Cache\Admin\797635e2a5e8a2d406c1cbad4d786ef8.php 第 164 行.
NOTIC: [8] Undefined variable: info F:\xampp\htdocs\qiyun\Runtime\Cache\Admin\797635e2a5e8a2d406c1cbad4d786ef8.php 第 199 行.
NOTIC: [8] Undefined variable: info F:\xampp\htdocs\qiyun\Runtime\Cache\Admin\797635e2a5e8a2d406c1cbad4d786ef8.php 第 200 行.
NOTIC: [8] Undefined variable: info F:\xampp\htdocs\qiyun\Runtime\Cache\Admin\797635e2a5e8a2d406c1cbad4d786ef8.php 第 204 行.
INFO: Run Behavior\ParseTemplateBehavior [ RunTime:0.048917s ]
INFO: [ view_parse ] --END-- [ RunTime:0.048965s ]
INFO: [ view_filter ] --START--
INFO: Run Behavior\WriteHtmlCacheBehavior [ RunTime:0.000680s ]
INFO: [ view_filter ] --END-- [ RunTime:0.000717s ]
INFO: [ app_end ] --START--
INFO: Run Behavior\ShowPageTraceBehavior [ RunTime:0.001003s ]
INFO: [ app_end ] --END-- [ RunTime:0.001065s ]

[ 2017-06-19T21:59:47+08:00 ] ::1 /qiyun/admin.php?s=/Shop/wareinfo.html
INFO: [ app_init ] --START--
INFO: Run Behavior\BuildLiteBehavior [ RunTime:0.000023s ]
INFO: Run Common\Behavior\InitHookBehavior [ RunTime:0.002658s ]
INFO: [ app_init ] --END-- [ RunTime:0.003367s ]
INFO: [ app_begin ] --START--
INFO: Run Behavior\ReadHtmlCacheBehavior [ RunTime:0.000568s ]
INFO: [ app_begin ] --END-- [ RunTime:0.000617s ]
SQL: SHOW COLUMNS FROM `qy_menu` [ RunTime:0.0039s ]
SQL: SELECT `id`,`title`,`url` FROM `qy_menu` WHERE `pid` = 0 AND `hide` = 0 ORDER BY sort asc  [ RunTime:0.0006s ]
SQL: SELECT `pid` FROM `qy_menu` WHERE ( pid !=0 AND url like '%Shop/wareinfo%' ) LIMIT 1   [ RunTime:0.0012s ]
SQL: SELECT * FROM `qy_menu` WHERE `id` = 129 LIMIT 1   [ RunTime:0.0003s ]
SQL: SELECT DISTINCT  `group` FROM `qy_menu` WHERE `group` <> '' AND `pid` = 129  [ RunTime:0.0004s ]
SQL: SELECT `id`,`url` FROM `qy_menu` WHERE `pid` = 129 AND `hide` = 0  [ RunTime:0.0003s ]
SQL: SELECT `id`,`pid`,`title`,`url`,`tip` FROM `qy_menu` WHERE `group` = '商品管理' AND `pid` = 129 AND `hide` = 0 ORDER BY sort asc  [ RunTime:0.0004s ]
SQL: SHOW COLUMNS FROM `qy_member_type` [ RunTime:0.4563s ]
SQL: SELECT `id`,`title`,`money`,`type`,`description`,`create_time`,`update_time`,`status` FROM `qy_member_type`  [ RunTime:0.0008s ]
DEBUG: Array
(
    [0] => Array
        (
            [id] => 1
            [title] => 初级会员
            [money] => 99
            [type] => 0
            [description] => 问答畅听，名片发布、资讯查看、活动邀请、成为会员条件，99元/年
            [create_time] => 1496902807
            [update_time] => 1496902807
            [status] => 1
        )

    [1] => Array
        (
            [id] => 2
            [title] => 高级会员
            [money] => 299
            [type] => 0
            [description] => 问答畅听，名片发布、资讯查看、活动邀请、微讲座免费畅听成为会员条件，299元/年
            [create_time] => 1496902838
            [update_time] => 
            [status] => 1
        )

    [2] => Array
        (
            [id] => 3
            [title] => 专业会员
            [money] => 0
            [type] => 1
            [description] => 根据某一领域提供自己在这一领域的专业知识证明，提交申请，后台审核认证。认证为某一领域专家后可以回答问题和讲座。认证专家不需要支付费用
            [create_time] => 1496902858
            [update_time] => 
            [status] => 1
        )

)

INFO: [ view_parse ] --START--
INFO: [ template_filter ] --START--
INFO: Run Behavior\ContentReplaceBehavior [ RunTime:0.000158s ]
INFO: [ template_filter ] --END-- [ RunTime:0.000203s ]
NOTIC: [8] Undefined variable: meta_title F:\xampp\htdocs\qiyun\Runtime\Cache\Admin\3dc349c80608ca9e29722817538be3da.php 第 5 行.
NOTIC: [8] Undefined variable: meta_title F:\xampp\htdocs\qiyun\Runtime\Cache\Admin\3dc349c80608ca9e29722817538be3da.php 第 90 行.
NOTIC: [8] Undefined variable: _page F:\xampp\htdocs\qiyun\Runtime\Cache\Admin\3dc349c80608ca9e29722817538be3da.php 第 149 行.
INFO: Run Behavior\ParseTemplateBehavior [ RunTime:0.034979s ]
INFO: [ view_parse ] --END-- [ RunTime:0.035024s ]
INFO: [ view_filter ] --START--
INFO: Run Behavior\WriteHtmlCacheBehavior [ RunTime:0.000536s ]
INFO: [ view_filter ] --END-- [ RunTime:0.000571s ]
INFO: [ app_end ] --START--
INFO: Run Behavior\ShowPageTraceBehavior [ RunTime:0.000892s ]
INFO: [ app_end ] --END-- [ RunTime:0.000944s ]

[ 2017-06-19T22:00:00+08:00 ] ::1 /qiyun/admin.php?s=/Shop/index.html
INFO: [ app_init ] --START--
INFO: Run Behavior\BuildLiteBehavior [ RunTime:0.000012s ]
INFO: Run Common\Behavior\InitHookBehavior [ RunTime:0.002112s ]
INFO: [ app_init ] --END-- [ RunTime:0.002641s ]
INFO: [ app_begin ] --START--
INFO: Run Behavior\ReadHtmlCacheBehavior [ RunTime:0.000567s ]
INFO: [ app_begin ] --END-- [ RunTime:0.000615s ]
SQL: SHOW COLUMNS FROM `qy_menu` [ RunTime:0.0323s ]
SQL: SELECT `id`,`title`,`url` FROM `qy_menu` WHERE `pid` = 0 AND `hide` = 0 ORDER BY sort asc  [ RunTime:0.0005s ]
SQL: SELECT `pid` FROM `qy_menu` WHERE ( pid !=0 AND url like '%Shop/index%' ) LIMIT 1   [ RunTime:0.0009s ]
SQL: SELECT * FROM `qy_menu` WHERE `id` = 129 LIMIT 1   [ RunTime:0.0004s ]
SQL: SELECT DISTINCT  `group` FROM `qy_menu` WHERE `group` <> '' AND `pid` = 129  [ RunTime:0.0004s ]
SQL: SELECT `id`,`url` FROM `qy_menu` WHERE `pid` = 129 AND `hide` = 0  [ RunTime:0.0003s ]
SQL: SELECT `id`,`pid`,`title`,`url`,`tip` FROM `qy_menu` WHERE `group` = '商品管理' AND `pid` = 129 AND `hide` = 0 ORDER BY sort asc  [ RunTime:0.0004s ]
NOTIC: [8] Undefined variable: map F:\xampp\htdocs\qiyun\Application\Admin\Controller\ShopController.class.php 第 29 行.
SQL: SHOW COLUMNS FROM `qy_shop` [ RunTime:0.0043s ]
SQL: SELECT COUNT(*) AS tp_count FROM `qy_shop` WHERE `status` >= 0 LIMIT 1   [ RunTime:0.0004s ]
SQL: SELECT `id`,`title`,`cover_id`,`money`,`number`,`content`,`addtime`,`status`,`paynum`,`is_tj` FROM `qy_shop` WHERE `status` >= 0 ORDER BY id desc LIMIT 0,10   [ RunTime:0.0004s ]
INFO: [ view_parse ] --START--
INFO: [ template_filter ] --START--
INFO: Run Behavior\ContentReplaceBehavior [ RunTime:0.000160s ]
INFO: [ template_filter ] --END-- [ RunTime:0.000218s ]
INFO: Run Behavior\ParseTemplateBehavior [ RunTime:0.014456s ]
INFO: [ view_parse ] --END-- [ RunTime:0.014516s ]
INFO: [ view_filter ] --START--
INFO: Run Behavior\WriteHtmlCacheBehavior [ RunTime:0.000576s ]
INFO: [ view_filter ] --END-- [ RunTime:0.000615s ]
INFO: [ app_end ] --START--
INFO: Run Behavior\ShowPageTraceBehavior [ RunTime:0.001364s ]
INFO: [ app_end ] --END-- [ RunTime:0.001444s ]

[ 2017-06-19T22:00:01+08:00 ] ::1 /qiyun/admin.php?s=/Shop/add.html
INFO: [ app_init ] --START--
INFO: Run Behavior\BuildLiteBehavior [ RunTime:0.000013s ]
INFO: Run Common\Behavior\InitHookBehavior [ RunTime:0.002379s ]
INFO: [ app_init ] --END-- [ RunTime:0.002969s ]
INFO: [ app_begin ] --START--
INFO: Run Behavior\ReadHtmlCacheBehavior [ RunTime:0.000716s ]
INFO: [ app_begin ] --END-- [ RunTime:0.000796s ]
SQL: SHOW COLUMNS FROM `qy_menu` [ RunTime:0.0062s ]
SQL: SELECT `id`,`title`,`url` FROM `qy_menu` WHERE `pid` = 0 AND `hide` = 0 ORDER BY sort asc  [ RunTime:0.0005s ]
SQL: SELECT `pid` FROM `qy_menu` WHERE ( pid !=0 AND url like '%Shop/add%' ) LIMIT 1   [ RunTime:0.0010s ]
SQL: SELECT * FROM `qy_menu` WHERE `id` = 130 LIMIT 1   [ RunTime:0.0003s ]
SQL: SELECT * FROM `qy_menu` WHERE `id` = 129 LIMIT 1   [ RunTime:0.0003s ]
SQL: SELECT DISTINCT  `group` FROM `qy_menu` WHERE `group` <> '' AND `pid` = 129  [ RunTime:0.0004s ]
SQL: SELECT `id`,`url` FROM `qy_menu` WHERE `pid` = 129 AND `hide` = 0  [ RunTime:0.0003s ]
SQL: SELECT `id`,`pid`,`title`,`url`,`tip` FROM `qy_menu` WHERE `group` = '商品管理' AND `pid` = 129 AND `hide` = 0 ORDER BY sort asc  [ RunTime:0.0004s ]
SQL: SHOW COLUMNS FROM `qy_shop` [ RunTime:0.0040s ]
INFO: [ view_parse ] --START--
NOTIC: [8] Undefined index: value F:\xampp\htdocs\qiyun\ThinkPHP\Library\Think\Template\TagLib\Cx.class.php 第 251 行.
INFO: [ template_filter ] --START--
INFO: Run Behavior\ContentReplaceBehavior [ RunTime:0.000182s ]
INFO: [ template_filter ] --END-- [ RunTime:0.000223s ]
NOTIC: [8] Undefined variable: info F:\xampp\htdocs\qiyun\Runtime\Cache\Admin\797635e2a5e8a2d406c1cbad4d786ef8.php 第 96 行.
NOTIC: [8] Undefined variable: field F:\xampp\htdocs\qiyun\Runtime\Cache\Admin\797635e2a5e8a2d406c1cbad4d786ef8.php 第 102 行.
NOTIC: [8] Undefined variable: field F:\xampp\htdocs\qiyun\Runtime\Cache\Admin\797635e2a5e8a2d406c1cbad4d786ef8.php 第 103 行.
NOTIC: [8] Undefined variable: info F:\xampp\htdocs\qiyun\Runtime\Cache\Admin\797635e2a5e8a2d406c1cbad4d786ef8.php 第 105 行.
NOTIC: [8] Undefined variable: info F:\xampp\htdocs\qiyun\Runtime\Cache\Admin\797635e2a5e8a2d406c1cbad4d786ef8.php 第 105 行.
NOTIC: [8] Undefined variable: field F:\xampp\htdocs\qiyun\Runtime\Cache\Admin\797635e2a5e8a2d406c1cbad4d786ef8.php 第 111 行.
NOTIC: [8] Undefined variable: field F:\xampp\htdocs\qiyun\Runtime\Cache\Admin\797635e2a5e8a2d406c1cbad4d786ef8.php 第 120 行.
NOTIC: [8] Undefined variable: field F:\xampp\htdocs\qiyun\Runtime\Cache\Admin\797635e2a5e8a2d406c1cbad4d786ef8.php 第 125 行.
NOTIC: [8] Undefined variable: field F:\xampp\htdocs\qiyun\Runtime\Cache\Admin\797635e2a5e8a2d406c1cbad4d786ef8.php 第 129 行.
NOTIC: [8] Undefined variable: field F:\xampp\htdocs\qiyun\Runtime\Cache\Admin\797635e2a5e8a2d406c1cbad4d786ef8.php 第 131 行.
NOTIC: [8] Undefined variable: info F:\xampp\htdocs\qiyun\Runtime\Cache\Admin\797635e2a5e8a2d406c1cbad4d786ef8.php 第 147 行.
NOTIC: [8] Undefined variable: info F:\xampp\htdocs\qiyun\Runtime\Cache\Admin\797635e2a5e8a2d406c1cbad4d786ef8.php 第 153 行.
NOTIC: [8] Undefined variable: info F:\xampp\htdocs\qiyun\Runtime\Cache\Admin\797635e2a5e8a2d406c1cbad4d786ef8.php 第 159 行.
NOTIC: [8] Undefined variable: addons_data F:\xampp\htdocs\qiyun\Runtime\Cache\Admin\797635e2a5e8a2d406c1cbad4d786ef8.php 第 164 行.
NOTIC: [8] Undefined variable: info F:\xampp\htdocs\qiyun\Runtime\Cache\Admin\797635e2a5e8a2d406c1cbad4d786ef8.php 第 199 行.
NOTIC: [8] Undefined variable: info F:\xampp\htdocs\qiyun\Runtime\Cache\Admin\797635e2a5e8a2d406c1cbad4d786ef8.php 第 200 行.
NOTIC: [8] Undefined variable: info F:\xampp\htdocs\qiyun\Runtime\Cache\Admin\797635e2a5e8a2d406c1cbad4d786ef8.php 第 204 行.
INFO: Run Behavior\ParseTemplateBehavior [ RunTime:0.014303s ]
INFO: [ view_parse ] --END-- [ RunTime:0.014348s ]
INFO: [ view_filter ] --START--
INFO: Run Behavior\WriteHtmlCacheBehavior [ RunTime:0.000627s ]
INFO: [ view_filter ] --END-- [ RunTime:0.000663s ]
INFO: [ app_end ] --START--
INFO: Run Behavior\ShowPageTraceBehavior [ RunTime:0.000912s ]
INFO: [ app_end ] --END-- [ RunTime:0.000974s ]

[ 2017-06-19T22:01:57+08:00 ] ::1 /qiyun/admin.php?s=/Shop/wareinfo.html
INFO: [ app_init ] --START--
INFO: Run Behavior\BuildLiteBehavior [ RunTime:0.000014s ]
INFO: Run Common\Behavior\InitHookBehavior [ RunTime:0.004063s ]
INFO: [ app_init ] --END-- [ RunTime:0.004680s ]
INFO: [ app_begin ] --START--
INFO: Run Behavior\ReadHtmlCacheBehavior [ RunTime:0.000690s ]
INFO: [ app_begin ] --END-- [ RunTime:0.000745s ]
SQL: SHOW COLUMNS FROM `qy_menu` [ RunTime:0.0046s ]
SQL: SELECT `id`,`title`,`url` FROM `qy_menu` WHERE `pid` = 0 AND `hide` = 0 ORDER BY sort asc  [ RunTime:0.0005s ]
SQL: SELECT `pid` FROM `qy_menu` WHERE ( pid !=0 AND url like '%Shop/wareinfo%' ) LIMIT 1   [ RunTime:0.0010s ]
SQL: SELECT * FROM `qy_menu` WHERE `id` = 129 LIMIT 1   [ RunTime:0.0003s ]
SQL: SELECT DISTINCT  `group` FROM `qy_menu` WHERE `group` <> '' AND `pid` = 129  [ RunTime:0.0004s ]
SQL: SELECT `id`,`url` FROM `qy_menu` WHERE `pid` = 129 AND `hide` = 0  [ RunTime:0.0003s ]
SQL: SELECT `id`,`pid`,`title`,`url`,`tip` FROM `qy_menu` WHERE `group` = '商品管理' AND `pid` = 129 AND `hide` = 0 ORDER BY sort asc  [ RunTime:0.0004s ]
SQL: SHOW COLUMNS FROM `qy_member_type` [ RunTime:0.0045s ]
SQL: SELECT `id`,`title`,`money`,`type`,`description`,`create_time`,`update_time`,`status` FROM `qy_member_type`  [ RunTime:0.0004s ]
DEBUG: Array
(
    [0] => Array
        (
            [id] => 1
            [title] => 初级会员
            [money] => 99
            [type] => 0
            [description] => 问答畅听，名片发布、资讯查看、活动邀请、成为会员条件，99元/年
            [create_time] => 1496902807
            [update_time] => 1496902807
            [status] => 1
        )

    [1] => Array
        (
            [id] => 2
            [title] => 高级会员
            [money] => 299
            [type] => 0
            [description] => 问答畅听，名片发布、资讯查看、活动邀请、微讲座免费畅听成为会员条件，299元/年
            [create_time] => 1496902838
            [update_time] => 
            [status] => 1
        )

    [2] => Array
        (
            [id] => 3
            [title] => 专业会员
            [money] => 0
            [type] => 1
            [description] => 根据某一领域提供自己在这一领域的专业知识证明，提交申请，后台审核认证。认证为某一领域专家后可以回答问题和讲座。认证专家不需要支付费用
            [create_time] => 1496902858
            [update_time] => 
            [status] => 1
        )

)

INFO: [ view_parse ] --START--
INFO: [ template_filter ] --START--
INFO: Run Behavior\ContentReplaceBehavior [ RunTime:0.000160s ]
INFO: [ template_filter ] --END-- [ RunTime:0.000206s ]
NOTIC: [8] Undefined variable: meta_title F:\xampp\htdocs\qiyun\Runtime\Cache\Admin\3dc349c80608ca9e29722817538be3da.php 第 5 行.
NOTIC: [8] Undefined variable: meta_title F:\xampp\htdocs\qiyun\Runtime\Cache\Admin\3dc349c80608ca9e29722817538be3da.php 第 90 行.
NOTIC: [8] Undefined variable: _page F:\xampp\htdocs\qiyun\Runtime\Cache\Admin\3dc349c80608ca9e29722817538be3da.php 第 149 行.
INFO: Run Behavior\ParseTemplateBehavior [ RunTime:0.017275s ]
INFO: [ view_parse ] --END-- [ RunTime:0.017324s ]
INFO: [ view_filter ] --START--
INFO: Run Behavior\WriteHtmlCacheBehavior [ RunTime:0.000594s ]
INFO: [ view_filter ] --END-- [ RunTime:0.000644s ]
INFO: [ app_end ] --START--
INFO: Run Behavior\ShowPageTraceBehavior [ RunTime:0.001395s ]
INFO: [ app_end ] --END-- [ RunTime:0.001464s ]

[ 2017-06-19T22:01:58+08:00 ] ::1 /qiyun/admin.php?s=/Shop/index.html
INFO: [ app_init ] --START--
INFO: Run Behavior\BuildLiteBehavior [ RunTime:0.000020s ]
INFO: Run Common\Behavior\InitHookBehavior [ RunTime:0.002306s ]
INFO: [ app_init ] --END-- [ RunTime:0.002948s ]
INFO: [ app_begin ] --START--
INFO: Run Behavior\ReadHtmlCacheBehavior [ RunTime:0.000640s ]
INFO: [ app_begin ] --END-- [ RunTime:0.000687s ]
SQL: SHOW COLUMNS FROM `qy_menu` [ RunTime:0.0046s ]
SQL: SELECT `id`,`title`,`url` FROM `qy_menu` WHERE `pid` = 0 AND `hide` = 0 ORDER BY sort asc  [ RunTime:0.0005s ]
SQL: SELECT `pid` FROM `qy_menu` WHERE ( pid !=0 AND url like '%Shop/index%' ) LIMIT 1   [ RunTime:0.0009s ]
SQL: SELECT * FROM `qy_menu` WHERE `id` = 129 LIMIT 1   [ RunTime:0.0003s ]
SQL: SELECT DISTINCT  `group` FROM `qy_menu` WHERE `group` <> '' AND `pid` = 129  [ RunTime:0.0004s ]
SQL: SELECT `id`,`url` FROM `qy_menu` WHERE `pid` = 129 AND `hide` = 0  [ RunTime:0.0003s ]
SQL: SELECT `id`,`pid`,`title`,`url`,`tip` FROM `qy_menu` WHERE `group` = '商品管理' AND `pid` = 129 AND `hide` = 0 ORDER BY sort asc  [ RunTime:0.0004s ]
NOTIC: [8] Undefined variable: map F:\xampp\htdocs\qiyun\Application\Admin\Controller\ShopController.class.php 第 29 行.
SQL: SHOW COLUMNS FROM `qy_shop` [ RunTime:0.0042s ]
SQL: SELECT COUNT(*) AS tp_count FROM `qy_shop` WHERE `status` >= 0 LIMIT 1   [ RunTime:0.0004s ]
SQL: SELECT `id`,`title`,`cover_id`,`money`,`number`,`content`,`addtime`,`status`,`paynum`,`is_tj` FROM `qy_shop` WHERE `status` >= 0 ORDER BY id desc LIMIT 0,10   [ RunTime:0.0005s ]
INFO: [ view_parse ] --START--
INFO: [ template_filter ] --START--
INFO: Run Behavior\ContentReplaceBehavior [ RunTime:0.000215s ]
INFO: [ template_filter ] --END-- [ RunTime:0.000267s ]
INFO: Run Behavior\ParseTemplateBehavior [ RunTime:0.014998s ]
INFO: [ view_parse ] --END-- [ RunTime:0.015048s ]
INFO: [ view_filter ] --START--
INFO: Run Behavior\WriteHtmlCacheBehavior [ RunTime:0.000541s ]
INFO: [ view_filter ] --END-- [ RunTime:0.000576s ]
INFO: [ app_end ] --START--
INFO: Run Behavior\ShowPageTraceBehavior [ RunTime:0.000886s ]
INFO: [ app_end ] --END-- [ RunTime:0.000952s ]

[ 2017-06-19T22:02:52+08:00 ] ::1 /qiyun/admin.php?s=/Shop/add/id/8.html
INFO: [ app_init ] --START--
INFO: Run Behavior\BuildLiteBehavior [ RunTime:0.000011s ]
INFO: Run Common\Behavior\InitHookBehavior [ RunTime:0.002195s ]
INFO: [ app_init ] --END-- [ RunTime:0.002809s ]
INFO: [ app_begin ] --START--
INFO: Run Behavior\ReadHtmlCacheBehavior [ RunTime:0.000644s ]
INFO: [ app_begin ] --END-- [ RunTime:0.000700s ]
SQL: SHOW COLUMNS FROM `qy_menu` [ RunTime:0.0051s ]
SQL: SELECT `id`,`title`,`url` FROM `qy_menu` WHERE `pid` = 0 AND `hide` = 0 ORDER BY sort asc  [ RunTime:0.0005s ]
SQL: SELECT `pid` FROM `qy_menu` WHERE ( pid !=0 AND url like '%Shop/add%' ) LIMIT 1   [ RunTime:0.0009s ]
SQL: SELECT * FROM `qy_menu` WHERE `id` = 130 LIMIT 1   [ RunTime:0.0003s ]
SQL: SELECT * FROM `qy_menu` WHERE `id` = 129 LIMIT 1   [ RunTime:0.0003s ]
SQL: SELECT DISTINCT  `group` FROM `qy_menu` WHERE `group` <> '' AND `pid` = 129  [ RunTime:0.0004s ]
SQL: SELECT `id`,`url` FROM `qy_menu` WHERE `pid` = 129 AND `hide` = 0  [ RunTime:0.0003s ]
SQL: SELECT `id`,`pid`,`title`,`url`,`tip` FROM `qy_menu` WHERE `group` = '商品管理' AND `pid` = 129 AND `hide` = 0 ORDER BY sort asc  [ RunTime:0.0004s ]
SQL: SHOW COLUMNS FROM `qy_shop` [ RunTime:0.0041s ]
SQL: SELECT * FROM `qy_shop` WHERE ( id=8 ) LIMIT 1   [ RunTime:0.0004s ]
INFO: [ view_parse ] --START--
NOTIC: [8] Undefined index: value F:\xampp\htdocs\qiyun\ThinkPHP\Library\Think\Template\TagLib\Cx.class.php 第 251 行.
INFO: [ template_filter ] --START--
INFO: Run Behavior\ContentReplaceBehavior [ RunTime:0.000187s ]
INFO: [ template_filter ] --END-- [ RunTime:0.000234s ]
NOTIC: [8] Undefined variable: field F:\xampp\htdocs\qiyun\Runtime\Cache\Admin\797635e2a5e8a2d406c1cbad4d786ef8.php 第 102 行.
NOTIC: [8] Undefined variable: field F:\xampp\htdocs\qiyun\Runtime\Cache\Admin\797635e2a5e8a2d406c1cbad4d786ef8.php 第 103 行.
NOTIC: [8] Undefined variable: field F:\xampp\htdocs\qiyun\Runtime\Cache\Admin\797635e2a5e8a2d406c1cbad4d786ef8.php 第 111 行.
NOTIC: [8] Undefined variable: field F:\xampp\htdocs\qiyun\Runtime\Cache\Admin\797635e2a5e8a2d406c1cbad4d786ef8.php 第 120 行.
NOTIC: [8] Undefined variable: field F:\xampp\htdocs\qiyun\Runtime\Cache\Admin\797635e2a5e8a2d406c1cbad4d786ef8.php 第 125 行.
NOTIC: [8] Undefined variable: field F:\xampp\htdocs\qiyun\Runtime\Cache\Admin\797635e2a5e8a2d406c1cbad4d786ef8.php 第 129 行.
NOTIC: [8] Undefined variable: field F:\xampp\htdocs\qiyun\Runtime\Cache\Admin\797635e2a5e8a2d406c1cbad4d786ef8.php 第 131 行.
NOTIC: [8] Undefined variable: addons_data F:\xampp\htdocs\qiyun\Runtime\Cache\Admin\797635e2a5e8a2d406c1cbad4d786ef8.php 第 164 行.
INFO: Run Behavior\ParseTemplateBehavior [ RunTime:0.014143s ]
INFO: [ view_parse ] --END-- [ RunTime:0.014184s ]
INFO: [ view_filter ] --START--
INFO: Run Behavior\WriteHtmlCacheBehavior [ RunTime:0.000541s ]
INFO: [ view_filter ] --END-- [ RunTime:0.000577s ]
INFO: [ app_end ] --START--
INFO: Run Behavior\ShowPageTraceBehavior [ RunTime:0.001154s ]
INFO: [ app_end ] --END-- [ RunTime:0.001230s ]

[ 2017-06-19T22:03:39+08:00 ] ::1 /qiyun/admin.php?s=/Config/group.html
INFO: [ app_init ] --START--
INFO: Run Behavior\BuildLiteBehavior [ RunTime:0.000012s ]
INFO: Run Common\Behavior\InitHookBehavior [ RunTime:0.002075s ]
INFO: [ app_init ] --END-- [ RunTime:0.002586s ]
INFO: [ app_begin ] --START--
INFO: Run Behavior\ReadHtmlCacheBehavior [ RunTime:0.000689s ]
INFO: [ app_begin ] --END-- [ RunTime:0.000746s ]
SQL: SHOW COLUMNS FROM `qy_menu` [ RunTime:0.0043s ]
SQL: SELECT `id`,`title`,`url` FROM `qy_menu` WHERE `pid` = 0 AND `hide` = 0 ORDER BY sort asc  [ RunTime:0.0006s ]
SQL: SELECT `pid` FROM `qy_menu` WHERE ( pid !=0 AND url like '%Config/group%' ) LIMIT 1   [ RunTime:0.0208s ]
SQL: SELECT * FROM `qy_menu` WHERE `id` = 68 LIMIT 1   [ RunTime:0.0004s ]
SQL: SELECT DISTINCT  `group` FROM `qy_menu` WHERE `group` <> '' AND `pid` = 68  [ RunTime:0.0005s ]
SQL: SELECT `id`,`url` FROM `qy_menu` WHERE `pid` = 68 AND `hide` = 0  [ RunTime:0.0004s ]
SQL: SELECT `id`,`pid`,`title`,`url`,`tip` FROM `qy_menu` WHERE `group` = '系统设置' AND `pid` = 68 AND `hide` = 0 ORDER BY sort asc  [ RunTime:0.0005s ]
SQL: SELECT `id`,`pid`,`title`,`url`,`tip` FROM `qy_menu` WHERE `group` = '数据备份' AND `pid` = 68 AND `hide` = 0 ORDER BY sort asc  [ RunTime:0.0004s ]
SQL: SHOW COLUMNS FROM `qy_config` [ RunTime:0.0051s ]
SQL: SELECT `id`,`name`,`title`,`extra`,`value`,`remark`,`type` FROM `qy_config` WHERE `status` = 1 AND `group` = 1 ORDER BY sort  [ RunTime:0.0011s ]
INFO: [ view_parse ] --START--
INFO: [ template_filter ] --START--
INFO: Run Behavior\ContentReplaceBehavior [ RunTime:0.000156s ]
INFO: [ template_filter ] --END-- [ RunTime:0.000203s ]
INFO: Run Behavior\ParseTemplateBehavior [ RunTime:0.035647s ]
INFO: [ view_parse ] --END-- [ RunTime:0.035705s ]
INFO: [ view_filter ] --START--
INFO: Run Behavior\WriteHtmlCacheBehavior [ RunTime:0.000628s ]
INFO: [ view_filter ] --END-- [ RunTime:0.000679s ]
INFO: [ app_end ] --START--
INFO: Run Behavior\ShowPageTraceBehavior [ RunTime:0.000879s ]
INFO: [ app_end ] --END-- [ RunTime:0.000933s ]

[ 2017-06-19T22:03:41+08:00 ] ::1 /qiyun/admin.php?s=/Config/group/id/4.html
INFO: [ app_init ] --START--
INFO: Run Behavior\BuildLiteBehavior [ RunTime:0.000012s ]
INFO: Run Common\Behavior\InitHookBehavior [ RunTime:0.002153s ]
INFO: [ app_init ] --END-- [ RunTime:0.002723s ]
INFO: [ app_begin ] --START--
INFO: Run Behavior\ReadHtmlCacheBehavior [ RunTime:0.000648s ]
INFO: [ app_begin ] --END-- [ RunTime:0.000696s ]
SQL: SHOW COLUMNS FROM `qy_menu` [ RunTime:0.0043s ]
SQL: SELECT `id`,`title`,`url` FROM `qy_menu` WHERE `pid` = 0 AND `hide` = 0 ORDER BY sort asc  [ RunTime:0.0005s ]
SQL: SELECT `pid` FROM `qy_menu` WHERE ( pid !=0 AND url like '%Config/group%' ) LIMIT 1   [ RunTime:0.0008s ]
SQL: SELECT * FROM `qy_menu` WHERE `id` = 68 LIMIT 1   [ RunTime:0.0003s ]
SQL: SELECT DISTINCT  `group` FROM `qy_menu` WHERE `group` <> '' AND `pid` = 68  [ RunTime:0.0005s ]
SQL: SELECT `id`,`url` FROM `qy_menu` WHERE `pid` = 68 AND `hide` = 0  [ RunTime:0.0004s ]
SQL: SELECT `id`,`pid`,`title`,`url`,`tip` FROM `qy_menu` WHERE `group` = '系统设置' AND `pid` = 68 AND `hide` = 0 ORDER BY sort asc  [ RunTime:0.0004s ]
SQL: SELECT `id`,`pid`,`title`,`url`,`tip` FROM `qy_menu` WHERE `group` = '数据备份' AND `pid` = 68 AND `hide` = 0 ORDER BY sort asc  [ RunTime:0.0004s ]
SQL: SHOW COLUMNS FROM `qy_config` [ RunTime:0.0091s ]
SQL: SELECT `id`,`name`,`title`,`extra`,`value`,`remark`,`type` FROM `qy_config` WHERE `status` = 1 AND `group` = 4 ORDER BY sort  [ RunTime:0.0006s ]
INFO: [ view_parse ] --START--
INFO: [ template_filter ] --START--
INFO: Run Behavior\ContentReplaceBehavior [ RunTime:0.000174s ]
INFO: [ template_filter ] --END-- [ RunTime:0.000229s ]
INFO: Run Behavior\ParseTemplateBehavior [ RunTime:0.015842s ]
INFO: [ view_parse ] --END-- [ RunTime:0.015894s ]
INFO: [ view_filter ] --START--
INFO: Run Behavior\WriteHtmlCacheBehavior [ RunTime:0.000560s ]
INFO: [ view_filter ] --END-- [ RunTime:0.000596s ]
INFO: [ app_end ] --START--
INFO: Run Behavior\ShowPageTraceBehavior [ RunTime:0.000912s ]
INFO: [ app_end ] --END-- [ RunTime:0.000966s ]

[ 2017-06-19T22:07:55+08:00 ] ::1 /qiyun/admin.php?s=/Config/group.html
INFO: [ app_init ] --START--
INFO: Run Behavior\BuildLiteBehavior [ RunTime:0.000012s ]
INFO: Run Common\Behavior\InitHookBehavior [ RunTime:0.002644s ]
INFO: [ app_init ] --END-- [ RunTime:0.003224s ]
INFO: [ app_begin ] --START--
INFO: Run Behavior\ReadHtmlCacheBehavior [ RunTime:0.000680s ]
INFO: [ app_begin ] --END-- [ RunTime:0.000742s ]
SQL: SHOW COLUMNS FROM `qy_menu` [ RunTime:0.0040s ]
SQL: SELECT `id`,`title`,`url` FROM `qy_menu` WHERE `pid` = 0 AND `hide` = 0 ORDER BY sort asc  [ RunTime:0.0005s ]
SQL: SELECT `pid` FROM `qy_menu` WHERE ( pid !=0 AND url like '%Config/group%' ) LIMIT 1   [ RunTime:0.0007s ]
SQL: SELECT * FROM `qy_menu` WHERE `id` = 68 LIMIT 1   [ RunTime:0.0003s ]
SQL: SELECT DISTINCT  `group` FROM `qy_menu` WHERE `group` <> '' AND `pid` = 68  [ RunTime:0.0005s ]
SQL: SELECT `id`,`url` FROM `qy_menu` WHERE `pid` = 68 AND `hide` = 0  [ RunTime:0.0007s ]
SQL: SELECT `id`,`pid`,`title`,`url`,`tip` FROM `qy_menu` WHERE `group` = '系统设置' AND `pid` = 68 AND `hide` = 0 ORDER BY sort asc  [ RunTime:0.0005s ]
SQL: SELECT `id`,`pid`,`title`,`url`,`tip` FROM `qy_menu` WHERE `group` = '数据备份' AND `pid` = 68 AND `hide` = 0 ORDER BY sort asc  [ RunTime:0.0004s ]
SQL: SHOW COLUMNS FROM `qy_config` [ RunTime:0.0045s ]
SQL: SELECT `id`,`name`,`title`,`extra`,`value`,`remark`,`type` FROM `qy_config` WHERE `status` = 1 AND `group` = 1 ORDER BY sort  [ RunTime:0.0006s ]
INFO: [ view_parse ] --START--
INFO: [ template_filter ] --START--
INFO: Run Behavior\ContentReplaceBehavior [ RunTime:0.000183s ]
INFO: [ template_filter ] --END-- [ RunTime:0.000235s ]
INFO: Run Behavior\ParseTemplateBehavior [ RunTime:0.018049s ]
INFO: [ view_parse ] --END-- [ RunTime:0.018102s ]
INFO: [ view_filter ] --START--
INFO: Run Behavior\WriteHtmlCacheBehavior [ RunTime:0.000543s ]
INFO: [ view_filter ] --END-- [ RunTime:0.000578s ]
INFO: [ app_end ] --START--
INFO: Run Behavior\ShowPageTraceBehavior [ RunTime:0.000926s ]
INFO: [ app_end ] --END-- [ RunTime:0.000998s ]

[ 2017-06-19T22:07:56+08:00 ] ::1 /qiyun/admin.php?s=/Shop/index.html
INFO: [ app_init ] --START--
INFO: Run Behavior\BuildLiteBehavior [ RunTime:0.000012s ]
INFO: Run Common\Behavior\InitHookBehavior [ RunTime:0.002163s ]
INFO: [ app_init ] --END-- [ RunTime:0.002733s ]
INFO: [ app_begin ] --START--
INFO: Run Behavior\ReadHtmlCacheBehavior [ RunTime:0.000628s ]
INFO: [ app_begin ] --END-- [ RunTime:0.000688s ]
SQL: SHOW COLUMNS FROM `qy_menu` [ RunTime:0.0042s ]
SQL: SELECT `id`,`title`,`url` FROM `qy_menu` WHERE `pid` = 0 AND `hide` = 0 ORDER BY sort asc  [ RunTime:0.0005s ]
SQL: SELECT `pid` FROM `qy_menu` WHERE ( pid !=0 AND url like '%Shop/index%' ) LIMIT 1   [ RunTime:0.0009s ]
SQL: SELECT * FROM `qy_menu` WHERE `id` = 129 LIMIT 1   [ RunTime:0.0003s ]
SQL: SELECT DISTINCT  `group` FROM `qy_menu` WHERE `group` <> '' AND `pid` = 129  [ RunTime:0.0004s ]
SQL: SELECT `id`,`url` FROM `qy_menu` WHERE `pid` = 129 AND `hide` = 0  [ RunTime:0.0003s ]
SQL: SELECT `id`,`pid`,`title`,`url`,`tip` FROM `qy_menu` WHERE `group` = '商品管理' AND `pid` = 129 AND `hide` = 0 ORDER BY sort asc  [ RunTime:0.0005s ]
NOTIC: [8] Undefined variable: map F:\xampp\htdocs\qiyun\Application\Admin\Controller\ShopController.class.php 第 29 行.
SQL: SHOW COLUMNS FROM `qy_shop` [ RunTime:0.0049s ]
SQL: SELECT COUNT(*) AS tp_count FROM `qy_shop` WHERE `status` >= 0 LIMIT 1   [ RunTime:0.0004s ]
SQL: SELECT `id`,`title`,`cover_id`,`money`,`number`,`content`,`addtime`,`status`,`paynum`,`is_tj` FROM `qy_shop` WHERE `status` >= 0 ORDER BY id desc LIMIT 0,10   [ RunTime:0.0675s ]
INFO: [ view_parse ] --START--
INFO: [ template_filter ] --START--
INFO: Run Behavior\ContentReplaceBehavior [ RunTime:0.000162s ]
INFO: [ template_filter ] --END-- [ RunTime:0.000210s ]
INFO: Run Behavior\ParseTemplateBehavior [ RunTime:0.015025s ]
INFO: [ view_parse ] --END-- [ RunTime:0.015092s ]
INFO: [ view_filter ] --START--
INFO: Run Behavior\WriteHtmlCacheBehavior [ RunTime:0.000534s ]
INFO: [ view_filter ] --END-- [ RunTime:0.000569s ]
INFO: [ app_end ] --START--
INFO: Run Behavior\ShowPageTraceBehavior [ RunTime:0.001015s ]
INFO: [ app_end ] --END-- [ RunTime:0.001076s ]

[ 2017-06-19T22:07:57+08:00 ] ::1 /qiyun/admin.php?s=/Shop/add.html
INFO: [ app_init ] --START--
INFO: Run Behavior\BuildLiteBehavior [ RunTime:0.000011s ]
INFO: Run Common\Behavior\InitHookBehavior [ RunTime:0.002055s ]
INFO: [ app_init ] --END-- [ RunTime:0.002582s ]
INFO: [ app_begin ] --START--
INFO: Run Behavior\ReadHtmlCacheBehavior [ RunTime:0.000819s ]
INFO: [ app_begin ] --END-- [ RunTime:0.000881s ]
SQL: SHOW COLUMNS FROM `qy_menu` [ RunTime:0.0041s ]
SQL: SELECT `id`,`title`,`url` FROM `qy_menu` WHERE `pid` = 0 AND `hide` = 0 ORDER BY sort asc  [ RunTime:0.0005s ]
SQL: SELECT `pid` FROM `qy_menu` WHERE ( pid !=0 AND url like '%Shop/add%' ) LIMIT 1   [ RunTime:0.0012s ]
SQL: SELECT * FROM `qy_menu` WHERE `id` = 130 LIMIT 1   [ RunTime:0.0004s ]
SQL: SELECT * FROM `qy_menu` WHERE `id` = 129 LIMIT 1   [ RunTime:0.0003s ]
SQL: SELECT DISTINCT  `group` FROM `qy_menu` WHERE `group` <> '' AND `pid` = 129  [ RunTime:0.0004s ]
SQL: SELECT `id`,`url` FROM `qy_menu` WHERE `pid` = 129 AND `hide` = 0  [ RunTime:0.0004s ]
SQL: SELECT `id`,`pid`,`title`,`url`,`tip` FROM `qy_menu` WHERE `group` = '商品管理' AND `pid` = 129 AND `hide` = 0 ORDER BY sort asc  [ RunTime:0.0004s ]
SQL: SHOW COLUMNS FROM `qy_shop` [ RunTime:0.0041s ]
INFO: [ view_parse ] --START--
NOTIC: [8] Undefined index: value F:\xampp\htdocs\qiyun\ThinkPHP\Library\Think\Template\TagLib\Cx.class.php 第 251 行.
INFO: [ template_filter ] --START--
INFO: Run Behavior\ContentReplaceBehavior [ RunTime:0.000213s ]
INFO: [ template_filter ] --END-- [ RunTime:0.000259s ]
NOTIC: [8] Undefined variable: info F:\xampp\htdocs\qiyun\Runtime\Cache\Admin\797635e2a5e8a2d406c1cbad4d786ef8.php 第 96 行.
NOTIC: [8] Undefined variable: field F:\xampp\htdocs\qiyun\Runtime\Cache\Admin\797635e2a5e8a2d406c1cbad4d786ef8.php 第 102 行.
NOTIC: [8] Undefined variable: field F:\xampp\htdocs\qiyun\Runtime\Cache\Admin\797635e2a5e8a2d406c1cbad4d786ef8.php 第 103 行.
NOTIC: [8] Undefined variable: info F:\xampp\htdocs\qiyun\Runtime\Cache\Admin\797635e2a5e8a2d406c1cbad4d786ef8.php 第 105 行.
NOTIC: [8] Undefined variable: info F:\xampp\htdocs\qiyun\Runtime\Cache\Admin\797635e2a5e8a2d406c1cbad4d786ef8.php 第 105 行.
NOTIC: [8] Undefined variable: field F:\xampp\htdocs\qiyun\Runtime\Cache\Admin\797635e2a5e8a2d406c1cbad4d786ef8.php 第 111 行.
NOTIC: [8] Undefined variable: field F:\xampp\htdocs\qiyun\Runtime\Cache\Admin\797635e2a5e8a2d406c1cbad4d786ef8.php 第 120 行.
NOTIC: [8] Undefined variable: field F:\xampp\htdocs\qiyun\Runtime\Cache\Admin\797635e2a5e8a2d406c1cbad4d786ef8.php 第 125 行.
NOTIC: [8] Undefined variable: field F:\xampp\htdocs\qiyun\Runtime\Cache\Admin\797635e2a5e8a2d406c1cbad4d786ef8.php 第 129 行.
NOTIC: [8] Undefined variable: field F:\xampp\htdocs\qiyun\Runtime\Cache\Admin\797635e2a5e8a2d406c1cbad4d786ef8.php 第 131 行.
NOTIC: [8] Undefined variable: info F:\xampp\htdocs\qiyun\Runtime\Cache\Admin\797635e2a5e8a2d406c1cbad4d786ef8.php 第 147 行.
NOTIC: [8] Undefined variable: info F:\xampp\htdocs\qiyun\Runtime\Cache\Admin\797635e2a5e8a2d406c1cbad4d786ef8.php 第 153 行.
NOTIC: [8] Undefined variable: info F:\xampp\htdocs\qiyun\Runtime\Cache\Admin\797635e2a5e8a2d406c1cbad4d786ef8.php 第 168 行.
NOTIC: [8] Undefined variable: addons_data F:\xampp\htdocs\qiyun\Runtime\Cache\Admin\797635e2a5e8a2d406c1cbad4d786ef8.php 第 173 行.
NOTIC: [8] Undefined variable: info F:\xampp\htdocs\qiyun\Runtime\Cache\Admin\797635e2a5e8a2d406c1cbad4d786ef8.php 第 208 行.
NOTIC: [8] Undefined variable: info F:\xampp\htdocs\qiyun\Runtime\Cache\Admin\797635e2a5e8a2d406c1cbad4d786ef8.php 第 209 行.
NOTIC: [8] Undefined variable: info F:\xampp\htdocs\qiyun\Runtime\Cache\Admin\797635e2a5e8a2d406c1cbad4d786ef8.php 第 213 行.
INFO: Run Behavior\ParseTemplateBehavior [ RunTime:0.013390s ]
INFO: [ view_parse ] --END-- [ RunTime:0.013437s ]
INFO: [ view_filter ] --START--
INFO: Run Behavior\WriteHtmlCacheBehavior [ RunTime:0.000573s ]
INFO: [ view_filter ] --END-- [ RunTime:0.000608s ]
INFO: [ app_end ] --START--
INFO: Run Behavior\ShowPageTraceBehavior [ RunTime:0.000942s ]
INFO: [ app_end ] --END-- [ RunTime:0.001000s ]

[ 2017-06-19T22:10:43+08:00 ] ::1 /qiyun/admin.php?s=/Shop/add.html
INFO: [ app_init ] --START--
INFO: Run Behavior\BuildLiteBehavior [ RunTime:0.000012s ]
INFO: Run Common\Behavior\InitHookBehavior [ RunTime:0.002702s ]
INFO: [ app_init ] --END-- [ RunTime:0.003285s ]
INFO: [ app_begin ] --START--
INFO: Run Behavior\ReadHtmlCacheBehavior [ RunTime:0.000642s ]
INFO: [ app_begin ] --END-- [ RunTime:0.000698s ]
SQL: SHOW COLUMNS FROM `qy_menu` [ RunTime:0.0105s ]
SQL: SELECT `id`,`title`,`url` FROM `qy_menu` WHERE `pid` = 0 AND `hide` = 0 ORDER BY sort asc  [ RunTime:0.0005s ]
SQL: SELECT `pid` FROM `qy_menu` WHERE ( pid !=0 AND url like '%Shop/add%' ) LIMIT 1   [ RunTime:0.0009s ]
SQL: SELECT * FROM `qy_menu` WHERE `id` = 130 LIMIT 1   [ RunTime:0.0003s ]
SQL: SELECT * FROM `qy_menu` WHERE `id` = 129 LIMIT 1   [ RunTime:0.0003s ]
SQL: SELECT DISTINCT  `group` FROM `qy_menu` WHERE `group` <> '' AND `pid` = 129  [ RunTime:0.0004s ]
SQL: SELECT `id`,`url` FROM `qy_menu` WHERE `pid` = 129 AND `hide` = 0  [ RunTime:0.0003s ]
SQL: SELECT `id`,`pid`,`title`,`url`,`tip` FROM `qy_menu` WHERE `group` = '商品管理' AND `pid` = 129 AND `hide` = 0 ORDER BY sort asc  [ RunTime:0.0004s ]
SQL: SHOW COLUMNS FROM `qy_shop` [ RunTime:0.0046s ]
SQL: SHOW COLUMNS FROM `qy_member_type` [ RunTime:0.0043s ]
SQL: SELECT * FROM `qy_member_type` WHERE ( status=1 )  [ RunTime:0.0005s ]
INFO: [ view_parse ] --START--
NOTIC: [8] Undefined index: value F:\xampp\htdocs\qiyun\ThinkPHP\Library\Think\Template\TagLib\Cx.class.php 第 251 行.
INFO: [ template_filter ] --START--
INFO: Run Behavior\ContentReplaceBehavior [ RunTime:0.000187s ]
INFO: [ template_filter ] --END-- [ RunTime:0.000232s ]
NOTIC: [8] Undefined variable: info F:\xampp\htdocs\qiyun\Runtime\Cache\Admin\797635e2a5e8a2d406c1cbad4d786ef8.php 第 96 行.
NOTIC: [8] Undefined variable: field F:\xampp\htdocs\qiyun\Runtime\Cache\Admin\797635e2a5e8a2d406c1cbad4d786ef8.php 第 102 行.
NOTIC: [8] Undefined variable: field F:\xampp\htdocs\qiyun\Runtime\Cache\Admin\797635e2a5e8a2d406c1cbad4d786ef8.php 第 103 行.
NOTIC: [8] Undefined variable: info F:\xampp\htdocs\qiyun\Runtime\Cache\Admin\797635e2a5e8a2d406c1cbad4d786ef8.php 第 105 行.
NOTIC: [8] Undefined variable: info F:\xampp\htdocs\qiyun\Runtime\Cache\Admin\797635e2a5e8a2d406c1cbad4d786ef8.php 第 105 行.
NOTIC: [8] Undefined variable: field F:\xampp\htdocs\qiyun\Runtime\Cache\Admin\797635e2a5e8a2d406c1cbad4d786ef8.php 第 111 行.
NOTIC: [8] Undefined variable: field F:\xampp\htdocs\qiyun\Runtime\Cache\Admin\797635e2a5e8a2d406c1cbad4d786ef8.php 第 120 行.
NOTIC: [8] Undefined variable: field F:\xampp\htdocs\qiyun\Runtime\Cache\Admin\797635e2a5e8a2d406c1cbad4d786ef8.php 第 125 行.
NOTIC: [8] Undefined variable: field F:\xampp\htdocs\qiyun\Runtime\Cache\Admin\797635e2a5e8a2d406c1cbad4d786ef8.php 第 129 行.
NOTIC: [8] Undefined variable: field F:\xampp\htdocs\qiyun\Runtime\Cache\Admin\797635e2a5e8a2d406c1cbad4d786ef8.php 第 131 行.
NOTIC: [8] Undefined variable: info F:\xampp\htdocs\qiyun\Runtime\Cache\Admin\797635e2a5e8a2d406c1cbad4d786ef8.php 第 147 行.
NOTIC: [8] Undefined variable: info F:\xampp\htdocs\qiyun\Runtime\Cache\Admin\797635e2a5e8a2d406c1cbad4d786ef8.php 第 153 行.
NOTIC: [8] Undefined variable: info F:\xampp\htdocs\qiyun\Runtime\Cache\Admin\797635e2a5e8a2d406c1cbad4d786ef8.php 第 168 行.
NOTIC: [8] Undefined variable: addons_data F:\xampp\htdocs\qiyun\Runtime\Cache\Admin\797635e2a5e8a2d406c1cbad4d786ef8.php 第 173 行.
NOTIC: [8] Undefined variable: info F:\xampp\htdocs\qiyun\Runtime\Cache\Admin\797635e2a5e8a2d406c1cbad4d786ef8.php 第 208 行.
NOTIC: [8] Undefined variable: info F:\xampp\htdocs\qiyun\Runtime\Cache\Admin\797635e2a5e8a2d406c1cbad4d786ef8.php 第 209 行.
NOTIC: [8] Undefined variable: info F:\xampp\htdocs\qiyun\Runtime\Cache\Admin\797635e2a5e8a2d406c1cbad4d786ef8.php 第 213 行.
INFO: Run Behavior\ParseTemplateBehavior [ RunTime:0.013991s ]
INFO: [ view_parse ] --END-- [ RunTime:0.014039s ]
INFO: [ view_filter ] --START--
INFO: Run Behavior\WriteHtmlCacheBehavior [ RunTime:0.000607s ]
INFO: [ view_filter ] --END-- [ RunTime:0.000643s ]
INFO: [ app_end ] --START--
INFO: Run Behavior\ShowPageTraceBehavior [ RunTime:0.001037s ]
INFO: [ app_end ] --END-- [ RunTime:0.001112s ]

[ 2017-06-19T22:11:28+08:00 ] ::1 /qiyun/admin.php?s=/Shop/wareinfo.html
INFO: [ app_init ] --START--
INFO: Run Behavior\BuildLiteBehavior [ RunTime:0.000012s ]
INFO: Run Common\Behavior\InitHookBehavior [ RunTime:0.002703s ]
INFO: [ app_init ] --END-- [ RunTime:0.003271s ]
INFO: [ app_begin ] --START--
INFO: Run Behavior\ReadHtmlCacheBehavior [ RunTime:0.000724s ]
INFO: [ app_begin ] --END-- [ RunTime:0.000785s ]
SQL: SHOW COLUMNS FROM `qy_menu` [ RunTime:0.0045s ]
SQL: SELECT `id`,`title`,`url` FROM `qy_menu` WHERE `pid` = 0 AND `hide` = 0 ORDER BY sort asc  [ RunTime:0.0007s ]
SQL: SELECT `pid` FROM `qy_menu` WHERE ( pid !=0 AND url like '%Shop/wareinfo%' ) LIMIT 1   [ RunTime:0.0009s ]
SQL: SELECT * FROM `qy_menu` WHERE `id` = 129 LIMIT 1   [ RunTime:0.0003s ]
SQL: SELECT DISTINCT  `group` FROM `qy_menu` WHERE `group` <> '' AND `pid` = 129  [ RunTime:0.0004s ]
SQL: SELECT `id`,`url` FROM `qy_menu` WHERE `pid` = 129 AND `hide` = 0  [ RunTime:0.0003s ]
SQL: SELECT `id`,`pid`,`title`,`url`,`tip` FROM `qy_menu` WHERE `group` = '商品管理' AND `pid` = 129 AND `hide` = 0 ORDER BY sort asc  [ RunTime:0.0004s ]
SQL: SHOW COLUMNS FROM `qy_member_type` [ RunTime:0.0045s ]
SQL: SELECT `id`,`title`,`money`,`type`,`description`,`create_time`,`update_time`,`status` FROM `qy_member_type`  [ RunTime:0.0004s ]
DEBUG: Array
(
    [0] => Array
        (
            [id] => 1
            [title] => 初级会员
            [money] => 99
            [type] => 0
            [description] => 问答畅听，名片发布、资讯查看、活动邀请、成为会员条件，99元/年
            [create_time] => 1496902807
            [update_time] => 1496902807
            [status] => 1
        )

    [1] => Array
        (
            [id] => 2
            [title] => 高级会员
            [money] => 299
            [type] => 0
            [description] => 问答畅听，名片发布、资讯查看、活动邀请、微讲座免费畅听成为会员条件，299元/年
            [create_time] => 1496902838
            [update_time] => 
            [status] => 1
        )

    [2] => Array
        (
            [id] => 3
            [title] => 专业会员
            [money] => 0
            [type] => 1
            [description] => 根据某一领域提供自己在这一领域的专业知识证明，提交申请，后台审核认证。认证为某一领域专家后可以回答问题和讲座。认证专家不需要支付费用
            [create_time] => 1496902858
            [update_time] => 
            [status] => 1
        )

)

INFO: [ view_parse ] --START--
INFO: [ template_filter ] --START--
INFO: Run Behavior\ContentReplaceBehavior [ RunTime:0.000199s ]
INFO: [ template_filter ] --END-- [ RunTime:0.000247s ]
NOTIC: [8] Undefined variable: meta_title F:\xampp\htdocs\qiyun\Runtime\Cache\Admin\3dc349c80608ca9e29722817538be3da.php 第 5 行.
NOTIC: [8] Undefined variable: meta_title F:\xampp\htdocs\qiyun\Runtime\Cache\Admin\3dc349c80608ca9e29722817538be3da.php 第 90 行.
NOTIC: [8] Undefined variable: _page F:\xampp\htdocs\qiyun\Runtime\Cache\Admin\3dc349c80608ca9e29722817538be3da.php 第 149 行.
INFO: Run Behavior\ParseTemplateBehavior [ RunTime:0.015051s ]
INFO: [ view_parse ] --END-- [ RunTime:0.015095s ]
INFO: [ view_filter ] --START--
INFO: Run Behavior\WriteHtmlCacheBehavior [ RunTime:0.000608s ]
INFO: [ view_filter ] --END-- [ RunTime:0.000645s ]
INFO: [ app_end ] --START--
INFO: Run Behavior\ShowPageTraceBehavior [ RunTime:0.001140s ]
INFO: [ app_end ] --END-- [ RunTime:0.001209s ]

[ 2017-06-19T22:11:30+08:00 ] ::1 /qiyun/admin.php?s=/Shop/index.html
INFO: [ app_init ] --START--
INFO: Run Behavior\BuildLiteBehavior [ RunTime:0.000011s ]
INFO: Run Common\Behavior\InitHookBehavior [ RunTime:0.002148s ]
INFO: [ app_init ] --END-- [ RunTime:0.002679s ]
INFO: [ app_begin ] --START--
INFO: Run Behavior\ReadHtmlCacheBehavior [ RunTime:0.000589s ]
INFO: [ app_begin ] --END-- [ RunTime:0.000642s ]
SQL: SHOW COLUMNS FROM `qy_menu` [ RunTime:0.0125s ]
SQL: SELECT `id`,`title`,`url` FROM `qy_menu` WHERE `pid` = 0 AND `hide` = 0 ORDER BY sort asc  [ RunTime:0.0005s ]
SQL: SELECT `pid` FROM `qy_menu` WHERE ( pid !=0 AND url like '%Shop/index%' ) LIMIT 1   [ RunTime:0.0009s ]
SQL: SELECT * FROM `qy_menu` WHERE `id` = 129 LIMIT 1   [ RunTime:0.0003s ]
SQL: SELECT DISTINCT  `group` FROM `qy_menu` WHERE `group` <> '' AND `pid` = 129  [ RunTime:0.0004s ]
SQL: SELECT `id`,`url` FROM `qy_menu` WHERE `pid` = 129 AND `hide` = 0  [ RunTime:0.0004s ]
SQL: SELECT `id`,`pid`,`title`,`url`,`tip` FROM `qy_menu` WHERE `group` = '商品管理' AND `pid` = 129 AND `hide` = 0 ORDER BY sort asc  [ RunTime:0.0004s ]
NOTIC: [8] Undefined variable: map F:\xampp\htdocs\qiyun\Application\Admin\Controller\ShopController.class.php 第 29 行.
SQL: SHOW COLUMNS FROM `qy_shop` [ RunTime:0.0040s ]
SQL: SELECT COUNT(*) AS tp_count FROM `qy_shop` WHERE `status` >= 0 LIMIT 1   [ RunTime:0.0004s ]
SQL: SELECT `id`,`title`,`cover_id`,`money`,`number`,`content`,`addtime`,`status`,`paynum`,`is_tj` FROM `qy_shop` WHERE `status` >= 0 ORDER BY id desc LIMIT 0,10   [ RunTime:0.0006s ]
INFO: [ view_parse ] --START--
INFO: [ template_filter ] --START--
INFO: Run Behavior\ContentReplaceBehavior [ RunTime:0.000154s ]
INFO: [ template_filter ] --END-- [ RunTime:0.000201s ]
INFO: Run Behavior\ParseTemplateBehavior [ RunTime:0.014209s ]
INFO: [ view_parse ] --END-- [ RunTime:0.014257s ]
INFO: [ view_filter ] --START--
INFO: Run Behavior\WriteHtmlCacheBehavior [ RunTime:0.000630s ]
INFO: [ view_filter ] --END-- [ RunTime:0.000671s ]
INFO: [ app_end ] --START--
INFO: Run Behavior\ShowPageTraceBehavior [ RunTime:0.000969s ]
INFO: [ app_end ] --END-- [ RunTime:0.001042s ]

[ 2017-06-19T22:11:46+08:00 ] ::1 /qiyun/admin.php?s=/Shop/add.html
INFO: [ app_init ] --START--
INFO: Run Behavior\BuildLiteBehavior [ RunTime:0.000011s ]
INFO: Run Common\Behavior\InitHookBehavior [ RunTime:0.002055s ]
INFO: [ app_init ] --END-- [ RunTime:0.002601s ]
INFO: [ app_begin ] --START--
INFO: Run Behavior\ReadHtmlCacheBehavior [ RunTime:0.000644s ]
INFO: [ app_begin ] --END-- [ RunTime:0.000695s ]
SQL: SHOW COLUMNS FROM `qy_menu` [ RunTime:0.0043s ]
SQL: SELECT `id`,`title`,`url` FROM `qy_menu` WHERE `pid` = 0 AND `hide` = 0 ORDER BY sort asc  [ RunTime:0.0006s ]
SQL: SELECT `pid` FROM `qy_menu` WHERE ( pid !=0 AND url like '%Shop/add%' ) LIMIT 1   [ RunTime:0.0009s ]
SQL: SELECT * FROM `qy_menu` WHERE `id` = 130 LIMIT 1   [ RunTime:0.0004s ]
SQL: SELECT * FROM `qy_menu` WHERE `id` = 129 LIMIT 1   [ RunTime:0.0004s ]
SQL: SELECT DISTINCT  `group` FROM `qy_menu` WHERE `group` <> '' AND `pid` = 129  [ RunTime:0.0004s ]
SQL: SELECT `id`,`url` FROM `qy_menu` WHERE `pid` = 129 AND `hide` = 0  [ RunTime:0.0003s ]
SQL: SELECT `id`,`pid`,`title`,`url`,`tip` FROM `qy_menu` WHERE `group` = '商品管理' AND `pid` = 129 AND `hide` = 0 ORDER BY sort asc  [ RunTime:0.0005s ]
SQL: SHOW COLUMNS FROM `qy_shop` [ RunTime:0.0052s ]
SQL: SHOW COLUMNS FROM `qy_member_type` [ RunTime:0.0042s ]
SQL: SELECT `id`,`title` FROM `qy_member_type` WHERE ( status=1 )  [ RunTime:0.0004s ]
INFO: [ view_parse ] --START--
NOTIC: [8] Undefined index: value F:\xampp\htdocs\qiyun\ThinkPHP\Library\Think\Template\TagLib\Cx.class.php 第 251 行.
INFO: [ template_filter ] --START--
INFO: Run Behavior\ContentReplaceBehavior [ RunTime:0.000213s ]
INFO: [ template_filter ] --END-- [ RunTime:0.000257s ]
NOTIC: [8] Undefined variable: info F:\xampp\htdocs\qiyun\Runtime\Cache\Admin\797635e2a5e8a2d406c1cbad4d786ef8.php 第 96 行.
NOTIC: [8] Undefined variable: field F:\xampp\htdocs\qiyun\Runtime\Cache\Admin\797635e2a5e8a2d406c1cbad4d786ef8.php 第 102 行.
NOTIC: [8] Undefined variable: field F:\xampp\htdocs\qiyun\Runtime\Cache\Admin\797635e2a5e8a2d406c1cbad4d786ef8.php 第 103 行.
NOTIC: [8] Undefined variable: info F:\xampp\htdocs\qiyun\Runtime\Cache\Admin\797635e2a5e8a2d406c1cbad4d786ef8.php 第 105 行.
NOTIC: [8] Undefined variable: info F:\xampp\htdocs\qiyun\Runtime\Cache\Admin\797635e2a5e8a2d406c1cbad4d786ef8.php 第 105 行.
NOTIC: [8] Undefined variable: field F:\xampp\htdocs\qiyun\Runtime\Cache\Admin\797635e2a5e8a2d406c1cbad4d786ef8.php 第 111 行.
NOTIC: [8] Undefined variable: field F:\xampp\htdocs\qiyun\Runtime\Cache\Admin\797635e2a5e8a2d406c1cbad4d786ef8.php 第 120 行.
NOTIC: [8] Undefined variable: field F:\xampp\htdocs\qiyun\Runtime\Cache\Admin\797635e2a5e8a2d406c1cbad4d786ef8.php 第 125 行.
NOTIC: [8] Undefined variable: field F:\xampp\htdocs\qiyun\Runtime\Cache\Admin\797635e2a5e8a2d406c1cbad4d786ef8.php 第 129 行.
NOTIC: [8] Undefined variable: field F:\xampp\htdocs\qiyun\Runtime\Cache\Admin\797635e2a5e8a2d406c1cbad4d786ef8.php 第 131 行.
NOTIC: [8] Undefined variable: info F:\xampp\htdocs\qiyun\Runtime\Cache\Admin\797635e2a5e8a2d406c1cbad4d786ef8.php 第 147 行.
NOTIC: [8] Undefined variable: info F:\xampp\htdocs\qiyun\Runtime\Cache\Admin\797635e2a5e8a2d406c1cbad4d786ef8.php 第 153 行.
NOTIC: [8] Undefined variable: info F:\xampp\htdocs\qiyun\Runtime\Cache\Admin\797635e2a5e8a2d406c1cbad4d786ef8.php 第 168 行.
NOTIC: [8] Undefined variable: addons_data F:\xampp\htdocs\qiyun\Runtime\Cache\Admin\797635e2a5e8a2d406c1cbad4d786ef8.php 第 173 行.
NOTIC: [8] Undefined variable: info F:\xampp\htdocs\qiyun\Runtime\Cache\Admin\797635e2a5e8a2d406c1cbad4d786ef8.php 第 208 行.
NOTIC: [8] Undefined variable: info F:\xampp\htdocs\qiyun\Runtime\Cache\Admin\797635e2a5e8a2d406c1cbad4d786ef8.php 第 209 行.
NOTIC: [8] Undefined variable: info F:\xampp\htdocs\qiyun\Runtime\Cache\Admin\797635e2a5e8a2d406c1cbad4d786ef8.php 第 213 行.
INFO: Run Behavior\ParseTemplateBehavior [ RunTime:0.014400s ]
INFO: [ view_parse ] --END-- [ RunTime:0.014447s ]
INFO: [ view_filter ] --START--
INFO: Run Behavior\WriteHtmlCacheBehavior [ RunTime:0.000614s ]
INFO: [ view_filter ] --END-- [ RunTime:0.000652s ]
INFO: [ app_end ] --START--
INFO: Run Behavior\ShowPageTraceBehavior [ RunTime:0.000975s ]
INFO: [ app_end ] --END-- [ RunTime:0.001034s ]

[ 2017-06-19T22:13:09+08:00 ] ::1 /qiyun/admin.php?s=/Shop/add.html
INFO: [ app_init ] --START--
INFO: Run Behavior\BuildLiteBehavior [ RunTime:0.000013s ]
INFO: Run Common\Behavior\InitHookBehavior [ RunTime:0.002072s ]
INFO: [ app_init ] --END-- [ RunTime:0.002590s ]
INFO: [ app_begin ] --START--
INFO: Run Behavior\ReadHtmlCacheBehavior [ RunTime:0.000634s ]
INFO: [ app_begin ] --END-- [ RunTime:0.000687s ]
SQL: SHOW COLUMNS FROM `qy_menu` [ RunTime:0.0047s ]
SQL: SELECT `id`,`title`,`url` FROM `qy_menu` WHERE `pid` = 0 AND `hide` = 0 ORDER BY sort asc  [ RunTime:0.0005s ]
SQL: SELECT `pid` FROM `qy_menu` WHERE ( pid !=0 AND url like '%Shop/add%' ) LIMIT 1   [ RunTime:0.0010s ]
SQL: SELECT * FROM `qy_menu` WHERE `id` = 130 LIMIT 1   [ RunTime:0.0003s ]
SQL: SELECT * FROM `qy_menu` WHERE `id` = 129 LIMIT 1   [ RunTime:0.0003s ]
SQL: SELECT DISTINCT  `group` FROM `qy_menu` WHERE `group` <> '' AND `pid` = 129  [ RunTime:0.0003s ]
SQL: SELECT `id`,`url` FROM `qy_menu` WHERE `pid` = 129 AND `hide` = 0  [ RunTime:0.0003s ]
SQL: SELECT `id`,`pid`,`title`,`url`,`tip` FROM `qy_menu` WHERE `group` = '商品管理' AND `pid` = 129 AND `hide` = 0 ORDER BY sort asc  [ RunTime:0.0004s ]
SQL: SHOW COLUMNS FROM `qy_shop` [ RunTime:0.0039s ]
SQL: SHOW COLUMNS FROM `qy_member_type` [ RunTime:0.0037s ]
SQL: SELECT `id`,`title` FROM `qy_member_type` WHERE ( status=1 )  [ RunTime:0.0003s ]
INFO: [ view_parse ] --START--
NOTIC: [8] Undefined index: value F:\xampp\htdocs\qiyun\ThinkPHP\Library\Think\Template\TagLib\Cx.class.php 第 251 行.
INFO: [ template_filter ] --START--
INFO: Run Behavior\ContentReplaceBehavior [ RunTime:0.000233s ]
INFO: [ template_filter ] --END-- [ RunTime:0.000279s ]
NOTIC: [8] Undefined variable: info F:\xampp\htdocs\qiyun\Runtime\Cache\Admin\797635e2a5e8a2d406c1cbad4d786ef8.php 第 96 行.
NOTIC: [8] Undefined variable: field F:\xampp\htdocs\qiyun\Runtime\Cache\Admin\797635e2a5e8a2d406c1cbad4d786ef8.php 第 102 行.
NOTIC: [8] Undefined variable: field F:\xampp\htdocs\qiyun\Runtime\Cache\Admin\797635e2a5e8a2d406c1cbad4d786ef8.php 第 103 行.
NOTIC: [8] Undefined variable: info F:\xampp\htdocs\qiyun\Runtime\Cache\Admin\797635e2a5e8a2d406c1cbad4d786ef8.php 第 105 行.
NOTIC: [8] Undefined variable: info F:\xampp\htdocs\qiyun\Runtime\Cache\Admin\797635e2a5e8a2d406c1cbad4d786ef8.php 第 105 行.
NOTIC: [8] Undefined variable: field F:\xampp\htdocs\qiyun\Runtime\Cache\Admin\797635e2a5e8a2d406c1cbad4d786ef8.php 第 111 行.
NOTIC: [8] Undefined variable: field F:\xampp\htdocs\qiyun\Runtime\Cache\Admin\797635e2a5e8a2d406c1cbad4d786ef8.php 第 120 行.
NOTIC: [8] Undefined variable: field F:\xampp\htdocs\qiyun\Runtime\Cache\Admin\797635e2a5e8a2d406c1cbad4d786ef8.php 第 125 行.
NOTIC: [8] Undefined variable: field F:\xampp\htdocs\qiyun\Runtime\Cache\Admin\797635e2a5e8a2d406c1cbad4d786ef8.php 第 129 行.
NOTIC: [8] Undefined variable: field F:\xampp\htdocs\qiyun\Runtime\Cache\Admin\797635e2a5e8a2d406c1cbad4d786ef8.php 第 131 行.
NOTIC: [8] Undefined variable: info F:\xampp\htdocs\qiyun\Runtime\Cache\Admin\797635e2a5e8a2d406c1cbad4d786ef8.php 第 147 行.
NOTIC: [8] Undefined variable: info F:\xampp\htdocs\qiyun\Runtime\Cache\Admin\797635e2a5e8a2d406c1cbad4d786ef8.php 第 153 行.
NOTIC: [8] Undefined variable: info F:\xampp\htdocs\qiyun\Runtime\Cache\Admin\797635e2a5e8a2d406c1cbad4d786ef8.php 第 169 行.
NOTIC: [8] Undefined variable: addons_data F:\xampp\htdocs\qiyun\Runtime\Cache\Admin\797635e2a5e8a2d406c1cbad4d786ef8.php 第 174 行.
NOTIC: [8] Undefined variable: info F:\xampp\htdocs\qiyun\Runtime\Cache\Admin\797635e2a5e8a2d406c1cbad4d786ef8.php 第 209 行.
NOTIC: [8] Undefined variable: info F:\xampp\htdocs\qiyun\Runtime\Cache\Admin\797635e2a5e8a2d406c1cbad4d786ef8.php 第 210 行.
NOTIC: [8] Undefined variable: info F:\xampp\htdocs\qiyun\Runtime\Cache\Admin\797635e2a5e8a2d406c1cbad4d786ef8.php 第 214 行.
INFO: Run Behavior\ParseTemplateBehavior [ RunTime:0.015412s ]
INFO: [ view_parse ] --END-- [ RunTime:0.015459s ]
INFO: [ view_filter ] --START--
INFO: Run Behavior\WriteHtmlCacheBehavior [ RunTime:0.000508s ]
INFO: [ view_filter ] --END-- [ RunTime:0.000546s ]
INFO: [ app_end ] --START--
INFO: Run Behavior\ShowPageTraceBehavior [ RunTime:0.000958s ]
INFO: [ app_end ] --END-- [ RunTime:0.001026s ]

[ 2017-06-19T22:14:00+08:00 ] ::1 /qiyun/admin.php?s=/Shop/add.html
INFO: [ app_init ] --START--
INFO: Run Behavior\BuildLiteBehavior [ RunTime:0.000015s ]
INFO: Run Common\Behavior\InitHookBehavior [ RunTime:0.002616s ]
INFO: [ app_init ] --END-- [ RunTime:0.003626s ]
INFO: [ app_begin ] --START--
INFO: Run Behavior\ReadHtmlCacheBehavior [ RunTime:0.000823s ]
INFO: [ app_begin ] --END-- [ RunTime:0.000878s ]
SQL: SHOW COLUMNS FROM `qy_menu` [ RunTime:0.0046s ]
SQL: SELECT `id`,`title`,`url` FROM `qy_menu` WHERE `pid` = 0 AND `hide` = 0 ORDER BY sort asc  [ RunTime:0.0006s ]
SQL: SELECT `pid` FROM `qy_menu` WHERE ( pid !=0 AND url like '%Shop/add%' ) LIMIT 1   [ RunTime:0.0009s ]
SQL: SELECT * FROM `qy_menu` WHERE `id` = 130 LIMIT 1   [ RunTime:0.0003s ]
SQL: SELECT * FROM `qy_menu` WHERE `id` = 129 LIMIT 1   [ RunTime:0.0003s ]
SQL: SELECT DISTINCT  `group` FROM `qy_menu` WHERE `group` <> '' AND `pid` = 129  [ RunTime:0.0004s ]
SQL: SELECT `id`,`url` FROM `qy_menu` WHERE `pid` = 129 AND `hide` = 0  [ RunTime:0.0003s ]
SQL: SELECT `id`,`pid`,`title`,`url`,`tip` FROM `qy_menu` WHERE `group` = '商品管理' AND `pid` = 129 AND `hide` = 0 ORDER BY sort asc  [ RunTime:0.0005s ]
SQL: SHOW COLUMNS FROM `qy_shop` [ RunTime:0.0053s ]
SQL: SHOW COLUMNS FROM `qy_member_type` [ RunTime:0.0040s ]
SQL: SELECT `id`,`title` FROM `qy_member_type` WHERE ( status=1 )  [ RunTime:0.0004s ]
INFO: [ view_parse ] --START--
NOTIC: [8] Undefined index: value F:\xampp\htdocs\qiyun\ThinkPHP\Library\Think\Template\TagLib\Cx.class.php 第 251 行.
INFO: [ template_filter ] --START--
INFO: Run Behavior\ContentReplaceBehavior [ RunTime:0.000209s ]
INFO: [ template_filter ] --END-- [ RunTime:0.000252s ]
NOTIC: [8] Undefined variable: info F:\xampp\htdocs\qiyun\Runtime\Cache\Admin\797635e2a5e8a2d406c1cbad4d786ef8.php 第 96 行.
NOTIC: [8] Undefined variable: field F:\xampp\htdocs\qiyun\Runtime\Cache\Admin\797635e2a5e8a2d406c1cbad4d786ef8.php 第 102 行.
NOTIC: [8] Undefined variable: field F:\xampp\htdocs\qiyun\Runtime\Cache\Admin\797635e2a5e8a2d406c1cbad4d786ef8.php 第 103 行.
NOTIC: [8] Undefined variable: info F:\xampp\htdocs\qiyun\Runtime\Cache\Admin\797635e2a5e8a2d406c1cbad4d786ef8.php 第 105 行.
NOTIC: [8] Undefined variable: info F:\xampp\htdocs\qiyun\Runtime\Cache\Admin\797635e2a5e8a2d406c1cbad4d786ef8.php 第 105 行.
NOTIC: [8] Undefined variable: field F:\xampp\htdocs\qiyun\Runtime\Cache\Admin\797635e2a5e8a2d406c1cbad4d786ef8.php 第 111 行.
NOTIC: [8] Undefined variable: field F:\xampp\htdocs\qiyun\Runtime\Cache\Admin\797635e2a5e8a2d406c1cbad4d786ef8.php 第 120 行.
NOTIC: [8] Undefined variable: field F:\xampp\htdocs\qiyun\Runtime\Cache\Admin\797635e2a5e8a2d406c1cbad4d786ef8.php 第 125 行.
NOTIC: [8] Undefined variable: field F:\xampp\htdocs\qiyun\Runtime\Cache\Admin\797635e2a5e8a2d406c1cbad4d786ef8.php 第 129 行.
NOTIC: [8] Undefined variable: field F:\xampp\htdocs\qiyun\Runtime\Cache\Admin\797635e2a5e8a2d406c1cbad4d786ef8.php 第 131 行.
NOTIC: [8] Undefined variable: info F:\xampp\htdocs\qiyun\Runtime\Cache\Admin\797635e2a5e8a2d406c1cbad4d786ef8.php 第 147 行.
NOTIC: [8] Undefined variable: info F:\xampp\htdocs\qiyun\Runtime\Cache\Admin\797635e2a5e8a2d406c1cbad4d786ef8.php 第 153 行.
NOTIC: [8] Undefined variable: info F:\xampp\htdocs\qiyun\Runtime\Cache\Admin\797635e2a5e8a2d406c1cbad4d786ef8.php 第 169 行.
NOTIC: [8] Undefined variable: addons_data F:\xampp\htdocs\qiyun\Runtime\Cache\Admin\797635e2a5e8a2d406c1cbad4d786ef8.php 第 174 行.
NOTIC: [8] Undefined variable: info F:\xampp\htdocs\qiyun\Runtime\Cache\Admin\797635e2a5e8a2d406c1cbad4d786ef8.php 第 209 行.
NOTIC: [8] Undefined variable: info F:\xampp\htdocs\qiyun\Runtime\Cache\Admin\797635e2a5e8a2d406c1cbad4d786ef8.php 第 210 行.
NOTIC: [8] Undefined variable: info F:\xampp\htdocs\qiyun\Runtime\Cache\Admin\797635e2a5e8a2d406c1cbad4d786ef8.php 第 214 行.
INFO: Run Behavior\ParseTemplateBehavior [ RunTime:0.015934s ]
INFO: [ view_parse ] --END-- [ RunTime:0.015984s ]
INFO: [ view_filter ] --START--
INFO: Run Behavior\WriteHtmlCacheBehavior [ RunTime:0.000558s ]
INFO: [ view_filter ] --END-- [ RunTime:0.000593s ]
INFO: [ app_end ] --START--
INFO: Run Behavior\ShowPageTraceBehavior [ RunTime:0.000917s ]
INFO: [ app_end ] --END-- [ RunTime:0.000988s ]

[ 2017-06-19T22:14:18+08:00 ] ::1 /qiyun/admin.php?s=/Shop/add.html
INFO: [ app_init ] --START--
INFO: Run Behavior\BuildLiteBehavior [ RunTime:0.000012s ]
INFO: Run Common\Behavior\InitHookBehavior [ RunTime:0.002681s ]
INFO: [ app_init ] --END-- [ RunTime:0.003253s ]
INFO: [ app_begin ] --START--
INFO: Run Behavior\ReadHtmlCacheBehavior [ RunTime:0.000886s ]
INFO: [ app_begin ] --END-- [ RunTime:0.000944s ]
SQL: SHOW COLUMNS FROM `qy_menu` [ RunTime:0.0046s ]
SQL: SELECT `id`,`title`,`url` FROM `qy_menu` WHERE `pid` = 0 AND `hide` = 0 ORDER BY sort asc  [ RunTime:0.0007s ]
SQL: SELECT `pid` FROM `qy_menu` WHERE ( pid !=0 AND url like '%Shop/add%' ) LIMIT 1   [ RunTime:0.0012s ]
SQL: SELECT * FROM `qy_menu` WHERE `id` = 130 LIMIT 1   [ RunTime:0.0004s ]
SQL: SELECT * FROM `qy_menu` WHERE `id` = 129 LIMIT 1   [ RunTime:0.0003s ]
SQL: SELECT DISTINCT  `group` FROM `qy_menu` WHERE `group` <> '' AND `pid` = 129  [ RunTime:0.0004s ]
SQL: SELECT `id`,`url` FROM `qy_menu` WHERE `pid` = 129 AND `hide` = 0  [ RunTime:0.0003s ]
SQL: SELECT `id`,`pid`,`title`,`url`,`tip` FROM `qy_menu` WHERE `group` = '商品管理' AND `pid` = 129 AND `hide` = 0 ORDER BY sort asc  [ RunTime:0.0004s ]
SQL: SHOW COLUMNS FROM `qy_shop` [ RunTime:0.0042s ]
SQL: SHOW COLUMNS FROM `qy_member_type` [ RunTime:0.0040s ]
SQL: SELECT `id`,`title` FROM `qy_member_type` WHERE ( status=1 )  [ RunTime:0.0004s ]
INFO: [ view_parse ] --START--
NOTIC: [8] Undefined index: value F:\xampp\htdocs\qiyun\ThinkPHP\Library\Think\Template\TagLib\Cx.class.php 第 251 行.
INFO: [ template_filter ] --START--
INFO: Run Behavior\ContentReplaceBehavior [ RunTime:0.000221s ]
INFO: [ template_filter ] --END-- [ RunTime:0.000270s ]
NOTIC: [8] Undefined variable: info F:\xampp\htdocs\qiyun\Runtime\Cache\Admin\797635e2a5e8a2d406c1cbad4d786ef8.php 第 96 行.
NOTIC: [8] Undefined variable: field F:\xampp\htdocs\qiyun\Runtime\Cache\Admin\797635e2a5e8a2d406c1cbad4d786ef8.php 第 102 行.
NOTIC: [8] Undefined variable: field F:\xampp\htdocs\qiyun\Runtime\Cache\Admin\797635e2a5e8a2d406c1cbad4d786ef8.php 第 103 行.
NOTIC: [8] Undefined variable: info F:\xampp\htdocs\qiyun\Runtime\Cache\Admin\797635e2a5e8a2d406c1cbad4d786ef8.php 第 105 行.
NOTIC: [8] Undefined variable: info F:\xampp\htdocs\qiyun\Runtime\Cache\Admin\797635e2a5e8a2d406c1cbad4d786ef8.php 第 105 行.
NOTIC: [8] Undefined variable: field F:\xampp\htdocs\qiyun\Runtime\Cache\Admin\797635e2a5e8a2d406c1cbad4d786ef8.php 第 111 行.
NOTIC: [8] Undefined variable: field F:\xampp\htdocs\qiyun\Runtime\Cache\Admin\797635e2a5e8a2d406c1cbad4d786ef8.php 第 120 行.
NOTIC: [8] Undefined variable: field F:\xampp\htdocs\qiyun\Runtime\Cache\Admin\797635e2a5e8a2d406c1cbad4d786ef8.php 第 125 行.
NOTIC: [8] Undefined variable: field F:\xampp\htdocs\qiyun\Runtime\Cache\Admin\797635e2a5e8a2d406c1cbad4d786ef8.php 第 129 行.
NOTIC: [8] Undefined variable: field F:\xampp\htdocs\qiyun\Runtime\Cache\Admin\797635e2a5e8a2d406c1cbad4d786ef8.php 第 131 行.
NOTIC: [8] Undefined variable: info F:\xampp\htdocs\qiyun\Runtime\Cache\Admin\797635e2a5e8a2d406c1cbad4d786ef8.php 第 147 行.
NOTIC: [8] Undefined variable: info F:\xampp\htdocs\qiyun\Runtime\Cache\Admin\797635e2a5e8a2d406c1cbad4d786ef8.php 第 153 行.
NOTIC: [8] Undefined variable: info F:\xampp\htdocs\qiyun\Runtime\Cache\Admin\797635e2a5e8a2d406c1cbad4d786ef8.php 第 169 行.
NOTIC: [8] Undefined variable: addons_data F:\xampp\htdocs\qiyun\Runtime\Cache\Admin\797635e2a5e8a2d406c1cbad4d786ef8.php 第 174 行.
NOTIC: [8] Undefined variable: info F:\xampp\htdocs\qiyun\Runtime\Cache\Admin\797635e2a5e8a2d406c1cbad4d786ef8.php 第 209 行.
NOTIC: [8] Undefined variable: info F:\xampp\htdocs\qiyun\Runtime\Cache\Admin\797635e2a5e8a2d406c1cbad4d786ef8.php 第 210 行.
NOTIC: [8] Undefined variable: info F:\xampp\htdocs\qiyun\Runtime\Cache\Admin\797635e2a5e8a2d406c1cbad4d786ef8.php 第 214 行.
INFO: Run Behavior\ParseTemplateBehavior [ RunTime:0.046900s ]
INFO: [ view_parse ] --END-- [ RunTime:0.046947s ]
INFO: [ view_filter ] --START--
INFO: Run Behavior\WriteHtmlCacheBehavior [ RunTime:0.000561s ]
INFO: [ view_filter ] --END-- [ RunTime:0.000595s ]
INFO: [ app_end ] --START--
INFO: Run Behavior\ShowPageTraceBehavior [ RunTime:0.000944s ]
INFO: [ app_end ] --END-- [ RunTime:0.001011s ]

[ 2017-06-19T22:14:24+08:00 ] ::1 /qiyun/admin.php?s=/Shop/add.html
INFO: [ app_init ] --START--
INFO: Run Behavior\BuildLiteBehavior [ RunTime:0.000013s ]
INFO: Run Common\Behavior\InitHookBehavior [ RunTime:0.002086s ]
INFO: [ app_init ] --END-- [ RunTime:0.002644s ]
INFO: [ app_begin ] --START--
INFO: Run Behavior\ReadHtmlCacheBehavior [ RunTime:0.000622s ]
INFO: [ app_begin ] --END-- [ RunTime:0.000670s ]
SQL: SHOW COLUMNS FROM `qy_menu` [ RunTime:0.0042s ]
SQL: SELECT `id`,`title`,`url` FROM `qy_menu` WHERE `pid` = 0 AND `hide` = 0 ORDER BY sort asc  [ RunTime:0.0006s ]
SQL: SELECT `pid` FROM `qy_menu` WHERE ( pid !=0 AND url like '%Shop/add%' ) LIMIT 1   [ RunTime:0.0009s ]
SQL: SELECT * FROM `qy_menu` WHERE `id` = 130 LIMIT 1   [ RunTime:0.0003s ]
SQL: SELECT * FROM `qy_menu` WHERE `id` = 129 LIMIT 1   [ RunTime:0.0003s ]
SQL: SELECT DISTINCT  `group` FROM `qy_menu` WHERE `group` <> '' AND `pid` = 129  [ RunTime:0.0004s ]
SQL: SELECT `id`,`url` FROM `qy_menu` WHERE `pid` = 129 AND `hide` = 0  [ RunTime:0.0004s ]
SQL: SELECT `id`,`pid`,`title`,`url`,`tip` FROM `qy_menu` WHERE `group` = '商品管理' AND `pid` = 129 AND `hide` = 0 ORDER BY sort asc  [ RunTime:0.0004s ]
SQL: SHOW COLUMNS FROM `qy_shop` [ RunTime:0.0045s ]
SQL: SHOW COLUMNS FROM `qy_member_type` [ RunTime:0.0041s ]
SQL: SELECT `id`,`title` FROM `qy_member_type` WHERE ( status=1 )  [ RunTime:0.0005s ]
INFO: [ view_parse ] --START--
NOTIC: [8] Undefined index: value F:\xampp\htdocs\qiyun\ThinkPHP\Library\Think\Template\TagLib\Cx.class.php 第 251 行.
INFO: [ template_filter ] --START--
INFO: Run Behavior\ContentReplaceBehavior [ RunTime:0.000254s ]
INFO: [ template_filter ] --END-- [ RunTime:0.000310s ]
NOTIC: [8] Undefined variable: info F:\xampp\htdocs\qiyun\Runtime\Cache\Admin\797635e2a5e8a2d406c1cbad4d786ef8.php 第 96 行.
NOTIC: [8] Undefined variable: field F:\xampp\htdocs\qiyun\Runtime\Cache\Admin\797635e2a5e8a2d406c1cbad4d786ef8.php 第 102 行.
NOTIC: [8] Undefined variable: field F:\xampp\htdocs\qiyun\Runtime\Cache\Admin\797635e2a5e8a2d406c1cbad4d786ef8.php 第 103 行.
NOTIC: [8] Undefined variable: info F:\xampp\htdocs\qiyun\Runtime\Cache\Admin\797635e2a5e8a2d406c1cbad4d786ef8.php 第 105 行.
NOTIC: [8] Undefined variable: info F:\xampp\htdocs\qiyun\Runtime\Cache\Admin\797635e2a5e8a2d406c1cbad4d786ef8.php 第 105 行.
NOTIC: [8] Undefined variable: field F:\xampp\htdocs\qiyun\Runtime\Cache\Admin\797635e2a5e8a2d406c1cbad4d786ef8.php 第 111 行.
NOTIC: [8] Undefined variable: field F:\xampp\htdocs\qiyun\Runtime\Cache\Admin\797635e2a5e8a2d406c1cbad4d786ef8.php 第 120 行.
NOTIC: [8] Undefined variable: field F:\xampp\htdocs\qiyun\Runtime\Cache\Admin\797635e2a5e8a2d406c1cbad4d786ef8.php 第 125 行.
NOTIC: [8] Undefined variable: field F:\xampp\htdocs\qiyun\Runtime\Cache\Admin\797635e2a5e8a2d406c1cbad4d786ef8.php 第 129 行.
NOTIC: [8] Undefined variable: field F:\xampp\htdocs\qiyun\Runtime\Cache\Admin\797635e2a5e8a2d406c1cbad4d786ef8.php 第 131 行.
NOTIC: [8] Undefined variable: info F:\xampp\htdocs\qiyun\Runtime\Cache\Admin\797635e2a5e8a2d406c1cbad4d786ef8.php 第 147 行.
NOTIC: [8] Undefined variable: info F:\xampp\htdocs\qiyun\Runtime\Cache\Admin\797635e2a5e8a2d406c1cbad4d786ef8.php 第 153 行.
NOTIC: [8] Undefined variable: info F:\xampp\htdocs\qiyun\Runtime\Cache\Admin\797635e2a5e8a2d406c1cbad4d786ef8.php 第 169 行.
NOTIC: [8] Undefined variable: addons_data F:\xampp\htdocs\qiyun\Runtime\Cache\Admin\797635e2a5e8a2d406c1cbad4d786ef8.php 第 174 行.
NOTIC: [8] Undefined variable: info F:\xampp\htdocs\qiyun\Runtime\Cache\Admin\797635e2a5e8a2d406c1cbad4d786ef8.php 第 209 行.
NOTIC: [8] Undefined variable: info F:\xampp\htdocs\qiyun\Runtime\Cache\Admin\797635e2a5e8a2d406c1cbad4d786ef8.php 第 210 行.
NOTIC: [8] Undefined variable: info F:\xampp\htdocs\qiyun\Runtime\Cache\Admin\797635e2a5e8a2d406c1cbad4d786ef8.php 第 214 行.
INFO: Run Behavior\ParseTemplateBehavior [ RunTime:0.015232s ]
INFO: [ view_parse ] --END-- [ RunTime:0.015303s ]
INFO: [ view_filter ] --START--
INFO: Run Behavior\WriteHtmlCacheBehavior [ RunTime:0.000551s ]
INFO: [ view_filter ] --END-- [ RunTime:0.000587s ]
INFO: [ app_end ] --START--
INFO: Run Behavior\ShowPageTraceBehavior [ RunTime:0.000863s ]
INFO: [ app_end ] --END-- [ RunTime:0.000918s ]

[ 2017-06-19T22:18:20+08:00 ] ::1 /qiyun/admin.php?s=/File/uploadPicture/session_id/4a228qe2emp0k03o5j8p9ji1c0.html
INFO: [ app_init ] --START--
INFO: Run Behavior\BuildLiteBehavior [ RunTime:0.000011s ]
INFO: Run Common\Behavior\InitHookBehavior [ RunTime:0.002068s ]
INFO: [ app_init ] --END-- [ RunTime:0.002583s ]
INFO: [ app_begin ] --START--
INFO: Run Behavior\ReadHtmlCacheBehavior [ RunTime:0.000650s ]
INFO: [ app_begin ] --END-- [ RunTime:0.000717s ]
SQL: SHOW COLUMNS FROM `qy_menu` [ RunTime:0.0041s ]
SQL: SELECT `id`,`title`,`url` FROM `qy_menu` WHERE `pid` = 0 AND `hide` = 0 ORDER BY sort asc  [ RunTime:0.0005s ]
SQL: SELECT `pid` FROM `qy_menu` WHERE ( pid !=0 AND url like '%File/uploadPicture%' ) LIMIT 1   [ RunTime:0.0009s ]
SQL: SHOW COLUMNS FROM `qy_picture` [ RunTime:0.0045s ]
SQL: SELECT `id`,`path`,`url`,`md5`,`sha1`,`status`,`create_time` FROM `qy_picture` WHERE `md5` = '5481a5d0ddef483fc5a4f51df1e55da7' AND `sha1` = '18e045e951271a232297860326b4da926c044e57' LIMIT 1   [ RunTime:0.0005s ]

[ 2017-06-19T22:18:38+08:00 ] ::1 /qiyun/admin.php?s=/Shop/add.html
INFO: [ app_init ] --START--
INFO: Run Behavior\BuildLiteBehavior [ RunTime:0.000013s ]
INFO: Run Common\Behavior\InitHookBehavior [ RunTime:0.004481s ]
INFO: [ app_init ] --END-- [ RunTime:0.005264s ]
INFO: [ app_begin ] --START--
INFO: Run Behavior\ReadHtmlCacheBehavior [ RunTime:0.001320s ]
INFO: [ app_begin ] --END-- [ RunTime:0.001370s ]
SQL: SHOW COLUMNS FROM `qy_menu` [ RunTime:0.0056s ]
SQL: SELECT `id`,`title`,`url` FROM `qy_menu` WHERE `pid` = 0 AND `hide` = 0 ORDER BY sort asc  [ RunTime:0.0005s ]
SQL: SELECT `pid` FROM `qy_menu` WHERE ( pid !=0 AND url like '%Shop/add%' ) LIMIT 1   [ RunTime:0.0009s ]
SQL: SELECT * FROM `qy_menu` WHERE `id` = 130 LIMIT 1   [ RunTime:0.0003s ]
SQL: SELECT * FROM `qy_menu` WHERE `id` = 129 LIMIT 1   [ RunTime:0.0003s ]
SQL: SELECT DISTINCT  `group` FROM `qy_menu` WHERE `group` <> '' AND `pid` = 129  [ RunTime:0.0004s ]
SQL: SELECT `id`,`url` FROM `qy_menu` WHERE `pid` = 129 AND `hide` = 0  [ RunTime:0.0003s ]
SQL: SELECT `id`,`pid`,`title`,`url`,`tip` FROM `qy_menu` WHERE `group` = '商品管理' AND `pid` = 129 AND `hide` = 0 ORDER BY sort asc  [ RunTime:0.0004s ]
SQL: SHOW COLUMNS FROM `qy_shop` [ RunTime:0.0039s ]
SQL: INSERT INTO `qy_shop` (`title`,`cover_id`,`money`,`number`,`level`,`content`,`is_tj`,`id`,`addtime`) VALUES ('测试商品','11','150','3','1','初级会员包','0','0','1497881918') [ RunTime:0.0702s ]

[ 2017-06-19T22:18:40+08:00 ] ::1 /qiyun/admin.php?s=/shop/index.html
INFO: [ app_init ] --START--
INFO: Run Behavior\BuildLiteBehavior [ RunTime:0.000013s ]
INFO: Run Common\Behavior\InitHookBehavior [ RunTime:0.004638s ]
INFO: [ app_init ] --END-- [ RunTime:0.005367s ]
INFO: [ app_begin ] --START--
INFO: Run Behavior\ReadHtmlCacheBehavior [ RunTime:0.001313s ]
INFO: [ app_begin ] --END-- [ RunTime:0.001364s ]
SQL: SHOW COLUMNS FROM `qy_menu` [ RunTime:0.0040s ]
SQL: SELECT `id`,`title`,`url` FROM `qy_menu` WHERE `pid` = 0 AND `hide` = 0 ORDER BY sort asc  [ RunTime:0.0005s ]
SQL: SELECT `pid` FROM `qy_menu` WHERE ( pid !=0 AND url like '%Shop/index%' ) LIMIT 1   [ RunTime:0.0009s ]
SQL: SELECT * FROM `qy_menu` WHERE `id` = 129 LIMIT 1   [ RunTime:0.0004s ]
SQL: SELECT DISTINCT  `group` FROM `qy_menu` WHERE `group` <> '' AND `pid` = 129  [ RunTime:0.0011s ]
SQL: SELECT `id`,`url` FROM `qy_menu` WHERE `pid` = 129 AND `hide` = 0  [ RunTime:0.0004s ]
SQL: SELECT `id`,`pid`,`title`,`url`,`tip` FROM `qy_menu` WHERE `group` = '商品管理' AND `pid` = 129 AND `hide` = 0 ORDER BY sort asc  [ RunTime:0.0004s ]
NOTIC: [8] Undefined variable: map F:\xampp\htdocs\qiyun\Application\Admin\Controller\ShopController.class.php 第 29 行.
SQL: SHOW COLUMNS FROM `qy_shop` [ RunTime:0.0041s ]
SQL: SELECT COUNT(*) AS tp_count FROM `qy_shop` WHERE `status` >= 0 LIMIT 1   [ RunTime:0.0004s ]
SQL: SELECT `id`,`title`,`cover_id`,`money`,`number`,`level`,`content`,`addtime`,`status`,`paynum`,`is_tj` FROM `qy_shop` WHERE `status` >= 0 ORDER BY id desc LIMIT 0,10   [ RunTime:0.0005s ]
INFO: [ view_parse ] --START--
INFO: [ template_filter ] --START--
INFO: Run Behavior\ContentReplaceBehavior [ RunTime:0.000160s ]
INFO: [ template_filter ] --END-- [ RunTime:0.000207s ]
INFO: Run Behavior\ParseTemplateBehavior [ RunTime:0.017452s ]
INFO: [ view_parse ] --END-- [ RunTime:0.017501s ]
INFO: [ view_filter ] --START--
INFO: Run Behavior\WriteHtmlCacheBehavior [ RunTime:0.000997s ]
INFO: [ view_filter ] --END-- [ RunTime:0.001033s ]
INFO: [ app_end ] --START--
INFO: Run Behavior\ShowPageTraceBehavior [ RunTime:0.001638s ]
INFO: [ app_end ] --END-- [ RunTime:0.001698s ]

[ 2017-06-19T22:18:43+08:00 ] ::1 /qiyun/admin.php?s=/Shop/add/id/9.html
INFO: [ app_init ] --START--
INFO: Run Behavior\BuildLiteBehavior [ RunTime:0.000013s ]
INFO: Run Common\Behavior\InitHookBehavior [ RunTime:0.004721s ]
INFO: [ app_init ] --END-- [ RunTime:0.005432s ]
INFO: [ app_begin ] --START--
INFO: Run Behavior\ReadHtmlCacheBehavior [ RunTime:0.001258s ]
INFO: [ app_begin ] --END-- [ RunTime:0.001352s ]
SQL: SHOW COLUMNS FROM `qy_menu` [ RunTime:0.0041s ]
SQL: SELECT `id`,`title`,`url` FROM `qy_menu` WHERE `pid` = 0 AND `hide` = 0 ORDER BY sort asc  [ RunTime:0.0005s ]
SQL: SELECT `pid` FROM `qy_menu` WHERE ( pid !=0 AND url like '%Shop/add%' ) LIMIT 1   [ RunTime:0.0011s ]
SQL: SELECT * FROM `qy_menu` WHERE `id` = 130 LIMIT 1   [ RunTime:0.0004s ]
SQL: SELECT * FROM `qy_menu` WHERE `id` = 129 LIMIT 1   [ RunTime:0.0003s ]
SQL: SELECT DISTINCT  `group` FROM `qy_menu` WHERE `group` <> '' AND `pid` = 129  [ RunTime:0.0005s ]
SQL: SELECT `id`,`url` FROM `qy_menu` WHERE `pid` = 129 AND `hide` = 0  [ RunTime:0.0003s ]
SQL: SELECT `id`,`pid`,`title`,`url`,`tip` FROM `qy_menu` WHERE `group` = '商品管理' AND `pid` = 129 AND `hide` = 0 ORDER BY sort asc  [ RunTime:0.0004s ]
SQL: SHOW COLUMNS FROM `qy_shop` [ RunTime:0.0050s ]
SQL: SELECT * FROM `qy_shop` WHERE ( id=9 ) LIMIT 1   [ RunTime:0.0004s ]
SQL: SHOW COLUMNS FROM `qy_member_type` [ RunTime:0.0040s ]
SQL: SELECT `id`,`title` FROM `qy_member_type` WHERE ( status=1 )  [ RunTime:0.0004s ]
INFO: [ view_parse ] --START--
NOTIC: [8] Undefined index: value F:\xampp\htdocs\qiyun\ThinkPHP\Library\Think\Template\TagLib\Cx.class.php 第 251 行.
INFO: [ template_filter ] --START--
INFO: Run Behavior\ContentReplaceBehavior [ RunTime:0.000221s ]
INFO: [ template_filter ] --END-- [ RunTime:0.000265s ]
NOTIC: [8] Undefined variable: field F:\xampp\htdocs\qiyun\Runtime\Cache\Admin\797635e2a5e8a2d406c1cbad4d786ef8.php 第 102 行.
NOTIC: [8] Undefined variable: field F:\xampp\htdocs\qiyun\Runtime\Cache\Admin\797635e2a5e8a2d406c1cbad4d786ef8.php 第 103 行.
NOTIC: [8] Undefined variable: field F:\xampp\htdocs\qiyun\Runtime\Cache\Admin\797635e2a5e8a2d406c1cbad4d786ef8.php 第 111 行.
NOTIC: [8] Undefined variable: field F:\xampp\htdocs\qiyun\Runtime\Cache\Admin\797635e2a5e8a2d406c1cbad4d786ef8.php 第 120 行.
NOTIC: [8] Undefined variable: field F:\xampp\htdocs\qiyun\Runtime\Cache\Admin\797635e2a5e8a2d406c1cbad4d786ef8.php 第 125 行.
NOTIC: [8] Undefined variable: field F:\xampp\htdocs\qiyun\Runtime\Cache\Admin\797635e2a5e8a2d406c1cbad4d786ef8.php 第 129 行.
NOTIC: [8] Undefined variable: field F:\xampp\htdocs\qiyun\Runtime\Cache\Admin\797635e2a5e8a2d406c1cbad4d786ef8.php 第 131 行.
NOTIC: [8] Undefined variable: addons_data F:\xampp\htdocs\qiyun\Runtime\Cache\Admin\797635e2a5e8a2d406c1cbad4d786ef8.php 第 174 行.
INFO: Run Behavior\ParseTemplateBehavior [ RunTime:0.017907s ]
INFO: [ view_parse ] --END-- [ RunTime:0.017966s ]
INFO: [ view_filter ] --START--
INFO: Run Behavior\WriteHtmlCacheBehavior [ RunTime:0.001011s ]
INFO: [ view_filter ] --END-- [ RunTime:0.001053s ]
INFO: [ app_end ] --START--
INFO: Run Behavior\ShowPageTraceBehavior [ RunTime:0.001259s ]
INFO: [ app_end ] --END-- [ RunTime:0.001314s ]

[ 2017-06-19T22:18:59+08:00 ] ::1 /qiyun/admin.php?s=/Shop/index.html
INFO: [ app_init ] --START--
INFO: Run Behavior\BuildLiteBehavior [ RunTime:0.000014s ]
INFO: Run Common\Behavior\InitHookBehavior [ RunTime:0.003185s ]
INFO: [ app_init ] --END-- [ RunTime:0.003877s ]
INFO: [ app_begin ] --START--
INFO: Run Behavior\ReadHtmlCacheBehavior [ RunTime:0.000800s ]
INFO: [ app_begin ] --END-- [ RunTime:0.000847s ]
SQL: SHOW COLUMNS FROM `qy_menu` [ RunTime:0.0038s ]
SQL: SELECT `id`,`title`,`url` FROM `qy_menu` WHERE `pid` = 0 AND `hide` = 0 ORDER BY sort asc  [ RunTime:0.0005s ]
SQL: SELECT `pid` FROM `qy_menu` WHERE ( pid !=0 AND url like '%Shop/index%' ) LIMIT 1   [ RunTime:0.0009s ]
SQL: SELECT * FROM `qy_menu` WHERE `id` = 129 LIMIT 1   [ RunTime:0.0003s ]
SQL: SELECT DISTINCT  `group` FROM `qy_menu` WHERE `group` <> '' AND `pid` = 129  [ RunTime:0.0003s ]
SQL: SELECT `id`,`url` FROM `qy_menu` WHERE `pid` = 129 AND `hide` = 0  [ RunTime:0.0003s ]
SQL: SELECT `id`,`pid`,`title`,`url`,`tip` FROM `qy_menu` WHERE `group` = '商品管理' AND `pid` = 129 AND `hide` = 0 ORDER BY sort asc  [ RunTime:0.0004s ]
NOTIC: [8] Undefined variable: map F:\xampp\htdocs\qiyun\Application\Admin\Controller\ShopController.class.php 第 29 行.
SQL: SHOW COLUMNS FROM `qy_shop` [ RunTime:0.0042s ]
SQL: SELECT COUNT(*) AS tp_count FROM `qy_shop` WHERE `status` >= 0 LIMIT 1   [ RunTime:0.0004s ]
SQL: SELECT `id`,`title`,`cover_id`,`money`,`number`,`level`,`content`,`addtime`,`status`,`paynum`,`is_tj` FROM `qy_shop` WHERE `status` >= 0 ORDER BY id desc LIMIT 0,10   [ RunTime:0.0005s ]
INFO: [ view_parse ] --START--
INFO: [ template_filter ] --START--
INFO: Run Behavior\ContentReplaceBehavior [ RunTime:0.000185s ]
INFO: [ template_filter ] --END-- [ RunTime:0.000236s ]
INFO: Run Behavior\ParseTemplateBehavior [ RunTime:0.015464s ]
INFO: [ view_parse ] --END-- [ RunTime:0.015513s ]
INFO: [ view_filter ] --START--
INFO: Run Behavior\WriteHtmlCacheBehavior [ RunTime:0.000653s ]
INFO: [ view_filter ] --END-- [ RunTime:0.000691s ]
INFO: [ app_end ] --START--
INFO: Run Behavior\ShowPageTraceBehavior [ RunTime:0.001020s ]
INFO: [ app_end ] --END-- [ RunTime:0.001078s ]

[ 2017-06-19T22:19:03+08:00 ] ::1 /qiyun/admin.php?s=/Shop/changeStatus/method/deleteUser/id/9.html
INFO: [ app_init ] --START--
INFO: Run Behavior\BuildLiteBehavior [ RunTime:0.000011s ]
INFO: Run Common\Behavior\InitHookBehavior [ RunTime:0.003501s ]
INFO: [ app_init ] --END-- [ RunTime:0.004082s ]
INFO: [ app_begin ] --START--
INFO: Run Behavior\ReadHtmlCacheBehavior [ RunTime:0.000819s ]
INFO: [ app_begin ] --END-- [ RunTime:0.000871s ]
SQL: SHOW COLUMNS FROM `qy_menu` [ RunTime:0.0047s ]
SQL: SELECT `id`,`title`,`url` FROM `qy_menu` WHERE `pid` = 0 AND `hide` = 0 ORDER BY sort asc  [ RunTime:0.0005s ]
SQL: SELECT `pid` FROM `qy_menu` WHERE ( pid !=0 AND url like '%Shop/changeStatus%' ) LIMIT 1   [ RunTime:0.0009s ]
SQL: SHOW COLUMNS FROM `qy_shop` [ RunTime:0.0055s ]
SQL: DELETE FROM `qy_shop` WHERE `id` IN ('9') [ RunTime:0.0708s ]

[ 2017-06-19T22:19:04+08:00 ] ::1 /qiyun/admin.php?s=/Shop/index.html
INFO: [ app_init ] --START--
INFO: Run Behavior\BuildLiteBehavior [ RunTime:0.000012s ]
INFO: Run Common\Behavior\InitHookBehavior [ RunTime:0.003080s ]
INFO: [ app_init ] --END-- [ RunTime:0.003664s ]
INFO: [ app_begin ] --START--
INFO: Run Behavior\ReadHtmlCacheBehavior [ RunTime:0.000812s ]
INFO: [ app_begin ] --END-- [ RunTime:0.000871s ]
SQL: SHOW COLUMNS FROM `qy_menu` [ RunTime:0.0041s ]
SQL: SELECT `id`,`title`,`url` FROM `qy_menu` WHERE `pid` = 0 AND `hide` = 0 ORDER BY sort asc  [ RunTime:0.0005s ]
SQL: SELECT `pid` FROM `qy_menu` WHERE ( pid !=0 AND url like '%Shop/index%' ) LIMIT 1   [ RunTime:0.0010s ]
SQL: SELECT * FROM `qy_menu` WHERE `id` = 129 LIMIT 1   [ RunTime:0.0005s ]
SQL: SELECT DISTINCT  `group` FROM `qy_menu` WHERE `group` <> '' AND `pid` = 129  [ RunTime:0.0004s ]
SQL: SELECT `id`,`url` FROM `qy_menu` WHERE `pid` = 129 AND `hide` = 0  [ RunTime:0.0003s ]
SQL: SELECT `id`,`pid`,`title`,`url`,`tip` FROM `qy_menu` WHERE `group` = '商品管理' AND `pid` = 129 AND `hide` = 0 ORDER BY sort asc  [ RunTime:0.0004s ]
NOTIC: [8] Undefined variable: map F:\xampp\htdocs\qiyun\Application\Admin\Controller\ShopController.class.php 第 29 行.
SQL: SHOW COLUMNS FROM `qy_shop` [ RunTime:0.0048s ]
SQL: SELECT COUNT(*) AS tp_count FROM `qy_shop` WHERE `status` >= 0 LIMIT 1   [ RunTime:0.0004s ]
SQL: SELECT `id`,`title`,`cover_id`,`money`,`number`,`level`,`content`,`addtime`,`status`,`paynum`,`is_tj` FROM `qy_shop` WHERE `status` >= 0 ORDER BY id desc LIMIT 0,10   [ RunTime:0.0005s ]
INFO: [ view_parse ] --START--
INFO: [ template_filter ] --START--
INFO: Run Behavior\ContentReplaceBehavior [ RunTime:0.000181s ]
INFO: [ template_filter ] --END-- [ RunTime:0.000227s ]
INFO: Run Behavior\ParseTemplateBehavior [ RunTime:0.015978s ]
INFO: [ view_parse ] --END-- [ RunTime:0.016028s ]
INFO: [ view_filter ] --START--
INFO: Run Behavior\WriteHtmlCacheBehavior [ RunTime:0.000748s ]
INFO: [ view_filter ] --END-- [ RunTime:0.000785s ]
INFO: [ app_end ] --START--
INFO: Run Behavior\ShowPageTraceBehavior [ RunTime:0.001080s ]
INFO: [ app_end ] --END-- [ RunTime:0.001142s ]

